11/25/15   17:28:38 ANS1108E Invalid option (-PICK) for the QUERY command
11/25/15   17:29:19 ANS1138E The 'QUERY' command must be followed by a subcommand
11/25/15   17:29:28 ANS1108E Invalid option (-PICK) for the QUERY command
11/25/15   17:29:31 ANS1079E No file specification entered
11/25/15   17:32:02 ANS1108E Invalid option (-PICK) for the QUERY command
11/25/15   17:32:21 ANS1038S Invalid option specified.
11/25/15   17:32:21 ANS1820E Command line options must be preceded by a '-'
11/25/15   17:32:35 ANS1038S Invalid option specified.
11/25/15   17:32:35 ANS1820E Command line options must be preceded by a '-'
11/25/15   17:32:37 ANS1038S Invalid option specified.
11/25/15   17:32:37 ANS1820E Command line options must be preceded by a '-'
11/25/15   17:32:48 ANS1038S Invalid option specified.
11/25/15   17:32:48 ANS1820E Command line options must be preceded by a '-'
11/25/15   17:33:09 ANS1302E No objects on server match query

11/25/15   17:33:13 ANS2039E Invalid destination file specification 'pick' entered
11/25/15   17:33:21 ANS1302E No objects on server match query

11/25/15   17:33:29 ANS1302E No objects on server match query

11/25/15   17:33:44 ANS2039E Invalid destination file specification 'pick' entered
11/25/15   17:33:53 ANS1302E No objects on server match query

11/25/15   17:34:00 ANS1302E No objects on server match query

11/25/15   17:34:00 ANS1141W Unknown command - quir
11/25/15   17:34:27 ANS1302E No objects on server match query

11/25/15   17:35:14 ANS1074W The operation was stopped by the user.

11/25/15   17:35:40 ANS1302E No objects on server match query

11/25/15   17:37:23 ANS1302E No objects on server match query

11/25/15   17:37:53 ANS2820E An interrupt has occurred. The current operation will end and the
client will shut down.
11/25/15   17:39:24 ANS1074W The operation was stopped by the user.

