
PROCESS[11403646] Starting TSM Instrumentation Report: Wed Mar  2 10:53:40 2022

========================>PROCESS[11403646] NEW COMMENCE REPORT<========================

-----------------------------------------------------------------------------------
PROCESS[11403646] TSM Client final instrumentation statistics: Wed Mar  2 10:53:40 2022

Instrumentation class: Client detail
Completion status: Success

-----------------------------------------------------------------------------------

-----------------------------------------------------------------------------------

Detailed Instrumentation statistics for

Thread: 1  Elapsed time =     0.380 sec

Section                  Actual(sec)	Average(msec)	Frequency used
-----------------------------------------------------------------------------------
TCP Read                   0.163	      2.1	       78
Other                      0.217	      0.0	        0

-----------------------------------------------------------------------------------
No instrumented class associated with thread 258
Current command:
q arch /depuraciones_mensuales/sf000/ttes0460_202112.dmp.gz -subdir=yes 

IBM Tivoli Storage Manager
Command Line Backup-Archive Client Interface
  Client Version 7, Release 1, Level 6.0 
  Client date/time: 03/02/22   10:53:40

Options settings:
                BACKUPREGISTRY: YES
               CHANGINGRETRIES: 4
           COLLOCATEBYFILESPEC: NO
                    COMMMETHOD: TCP/IP
                COMPRESSALWAYS: YES
                   COMPRESSION: NO
                DEDUPCACHEPATH: /usr/tivoli/tsm/client/ba/bin64
                DEDUPCACHESIZE: 256
                 DEDUPLICATION: NO
                  DISKBUFFSIZE: 256
              ENABLEDEDUPCACHE: YES
                 ENABLELANFREE: NO
                ENCRYPTIONTYPE: AES128
                FOLLOWSYMBOLIC: CLC
                  IMAGEGAPSIZE: 32
             LANFREECOMMMETHOD: SHARED MEMORY
                MAKESPARSEFILE: YES
                 MAXCMDRETRIES: 2
         MEMORYEFFICIENTBACKUP: YES
                      NODENAME: ADM01
                PASSWORDACCESS: TRUE
        PRESERVELASTACCESSDATE: NO
          PROCESSORUTILIZATION: 0
                       REPLACE: TRUE
           RESOURCEUTILIZATION: 2
                  SKIPMIGRATED: NO
             SKIPNTPERMISSIONS: NO
             SKIPNTSECURITYCRC: NO
             SNAPSHOTCACHESIZE: 100
                        SUBDIR: TRUE
                 SUBFILEBACKUP: NO
              SUBFILECACHESIZE: 10 MB
                    TAPEPROMPT: NO
                   TCPBUFFSIZE: 32 KB
                    TCPNODELAY: YES
               TCPSENDBUFFSIZE: 0 KB
                 TCPWINDOWSIZE: 63 KB
                  TXNBYTELIMIT: 25600K
                       VERBOSE: VERBOSE

-------------------------

Session established with server TSM01: AIX
  Server Version 7, Release 1, Level 7.200
  Server date/time: 03/02/22   10:53:40  Last access: 03/02/22   10:51:32


PROCESS[11403646] Ended TSM Instrumentation Report: Wed Mar  2 10:53:40 2022

-----------------------------------------------------------------------------------

PROCESS[14876912] Starting TSM Instrumentation Report: Wed Mar  2 10:57:38 2022

========================>PROCESS[14876912] NEW COMMENCE REPORT<========================

-----------------------------------------------------------------------------------
PROCESS[14876912] TSM Client final instrumentation statistics: Wed Mar  2 10:57:38 2022

Instrumentation class: Client detail
Completion status: Success

-----------------------------------------------------------------------------------

-----------------------------------------------------------------------------------

Detailed Instrumentation statistics for

Thread: 1  Elapsed time =     0.468 sec

Section                  Actual(sec)	Average(msec)	Frequency used
-----------------------------------------------------------------------------------
TCP Read                   0.243	      3.0	       80
Other                      0.225	      0.0	        0

-----------------------------------------------------------------------------------
No instrumented class associated with thread 258
Current command:
q arch /depuraciones_mensuales/sf000/ttes0460_202112* -subdir=yes 

IBM Tivoli Storage Manager
Command Line Backup-Archive Client Interface
  Client Version 7, Release 1, Level 6.0 
  Client date/time: 03/02/22   10:57:38

Options settings:
                BACKUPREGISTRY: YES
               CHANGINGRETRIES: 4
           COLLOCATEBYFILESPEC: NO
                    COMMMETHOD: TCP/IP
                COMPRESSALWAYS: YES
                   COMPRESSION: NO
                DEDUPCACHEPATH: /usr/tivoli/tsm/client/ba/bin64
                DEDUPCACHESIZE: 256
                 DEDUPLICATION: NO
                  DISKBUFFSIZE: 256
              ENABLEDEDUPCACHE: YES
                 ENABLELANFREE: NO
                ENCRYPTIONTYPE: AES128
                FOLLOWSYMBOLIC: CLC
                  IMAGEGAPSIZE: 32
             LANFREECOMMMETHOD: SHARED MEMORY
                MAKESPARSEFILE: YES
                 MAXCMDRETRIES: 2
         MEMORYEFFICIENTBACKUP: YES
                      NODENAME: ADM01
                PASSWORDACCESS: TRUE
        PRESERVELASTACCESSDATE: NO
          PROCESSORUTILIZATION: 0
                       REPLACE: TRUE
           RESOURCEUTILIZATION: 2
                  SKIPMIGRATED: NO
             SKIPNTPERMISSIONS: NO
             SKIPNTSECURITYCRC: NO
             SNAPSHOTCACHESIZE: 100
                        SUBDIR: TRUE
                 SUBFILEBACKUP: NO
              SUBFILECACHESIZE: 10 MB
                    TAPEPROMPT: NO
                   TCPBUFFSIZE: 32 KB
                    TCPNODELAY: YES
               TCPSENDBUFFSIZE: 0 KB
                 TCPWINDOWSIZE: 63 KB
                  TXNBYTELIMIT: 25600K
                       VERBOSE: VERBOSE

-------------------------

Session established with server TSM01: AIX
  Server Version 7, Release 1, Level 7.200
  Server date/time: 03/02/22   10:57:38  Last access: 03/02/22   10:53:40


PROCESS[14876912] Ended TSM Instrumentation Report: Wed Mar  2 10:57:38 2022

-----------------------------------------------------------------------------------
