2022-10-01 00:00:02 ------------------------------------------------------------------------
2022-10-01 00:00:02 ---------------------INICIANDO MASTER POPPER EMBLUE---------------------
2022-10-01 00:00:02 ------------------------------------------------------------------------
2022-10-01 00:00:02 Conexion Establecida a POP3 Server!
2022-10-01 00:00:02 PROCESO POPPER EMBLUE CONCLUIDO!
2022-10-01 00:00:02 
2022-10-01 00:15:01 ------------------------------------------------------------------------
2022-10-01 00:15:01 ---------------------INICIANDO MASTER POPPER EMBLUE---------------------
2022-10-01 00:15:01 ------------------------------------------------------------------------
2022-10-01 00:15:01 Conexion Establecida a POP3 Server!
2022-10-01 00:15:01 PROCESO POPPER EMBLUE CONCLUIDO!
2022-10-01 00:15:01 
2022-10-01 00:30:02 ------------------------------------------------------------------------
2022-10-01 00:30:02 ---------------------INICIANDO MASTER POPPER EMBLUE---------------------
2022-10-01 00:30:02 ------------------------------------------------------------------------
2022-10-01 00:30:02 Conexion Establecida a POP3 Server!
2022-10-01 00:30:02 PROCESO POPPER EMBLUE CONCLUIDO!
2022-10-01 00:30:02 
2022-10-01 00:45:01 ------------------------------------------------------------------------
2022-10-01 00:45:01 ---------------------INICIANDO MASTER POPPER EMBLUE---------------------
2022-10-01 00:45:01 ------------------------------------------------------------------------
2022-10-01 00:45:01 Conexion Establecida a POP3 Server!
2022-10-01 00:45:01 PROCESO POPPER EMBLUE CONCLUIDO!
2022-10-01 00:45:01 
2022-10-01 01:00:01 ------------------------------------------------------------------------
2022-10-01 01:00:01 ---------------------INICIANDO MASTER POPPER EMBLUE---------------------
2022-10-01 01:00:01 ------------------------------------------------------------------------
2022-10-01 01:00:01 Conexion Establecida a POP3 Server!
2022-10-01 01:00:01 PROCESO POPPER EMBLUE CONCLUIDO!
2022-10-01 01:00:01 
2022-10-01 01:15:02 ------------------------------------------------------------------------
2022-10-01 01:15:02 ---------------------INICIANDO MASTER POPPER EMBLUE---------------------
2022-10-01 01:15:02 ------------------------------------------------------------------------
2022-10-01 01:15:02 Conexion Establecida a POP3 Server!
2022-10-01 01:15:02 PROCESO POPPER EMBLUE CONCLUIDO!
2022-10-01 01:15:02 
2022-10-01 01:30:01 ------------------------------------------------------------------------
2022-10-01 01:30:01 ---------------------INICIANDO MASTER POPPER EMBLUE---------------------
2022-10-01 01:30:01 ------------------------------------------------------------------------
2022-10-01 01:30:01 Conexion Establecida a POP3 Server!
2022-10-01 01:30:01 PROCESO POPPER EMBLUE CONCLUIDO!
2022-10-01 01:30:01 
2022-10-01 01:45:01 ------------------------------------------------------------------------
2022-10-01 01:45:01 ---------------------INICIANDO MASTER POPPER EMBLUE---------------------
2022-10-01 01:45:01 ------------------------------------------------------------------------
2022-10-01 01:45:01 Conexion Establecida a POP3 Server!
2022-10-01 01:45:02 PROCESO POPPER EMBLUE CONCLUIDO!
2022-10-01 01:45:02 
2022-10-01 02:00:02 ------------------------------------------------------------------------
2022-10-01 02:00:02 ---------------------INICIANDO MASTER POPPER EMBLUE---------------------
2022-10-01 02:00:02 ------------------------------------------------------------------------
2022-10-01 02:00:02 Conexion Establecida a POP3 Server!
2022-10-01 02:00:02 PROCESO POPPER EMBLUE CONCLUIDO!
2022-10-01 02:00:02 
2022-10-01 02:15:01 ------------------------------------------------------------------------
2022-10-01 02:15:01 ---------------------INICIANDO MASTER POPPER EMBLUE---------------------
2022-10-01 02:15:01 ------------------------------------------------------------------------
2022-10-01 02:15:02 Conexion Establecida a POP3 Server!
2022-10-01 02:15:02 PROCESO POPPER EMBLUE CONCLUIDO!
2022-10-01 02:15:02 
2022-10-01 02:30:01 ------------------------------------------------------------------------
2022-10-01 02:30:01 ---------------------INICIANDO MASTER POPPER EMBLUE---------------------
2022-10-01 02:30:01 ------------------------------------------------------------------------
2022-10-01 02:30:01 Conexion Establecida a POP3 Server!
2022-10-01 02:30:01 PROCESO POPPER EMBLUE CONCLUIDO!
2022-10-01 02:30:01 
2022-10-01 02:45:01 ------------------------------------------------------------------------
2022-10-01 02:45:01 ---------------------INICIANDO MASTER POPPER EMBLUE---------------------
2022-10-01 02:45:01 ------------------------------------------------------------------------
2022-10-01 02:45:01 Conexion Establecida a POP3 Server!
2022-10-01 02:45:01 PROCESO POPPER EMBLUE CONCLUIDO!
2022-10-01 02:45:01 
2022-10-01 03:00:01 ------------------------------------------------------------------------
2022-10-01 03:00:01 ---------------------INICIANDO MASTER POPPER EMBLUE---------------------
2022-10-01 03:00:01 ------------------------------------------------------------------------
2022-10-01 03:00:01 Conexion Establecida a POP3 Server!
2022-10-01 03:00:01 PROCESO POPPER EMBLUE CONCLUIDO!
2022-10-01 03:00:01 
2022-10-01 03:15:01 ------------------------------------------------------------------------
2022-10-01 03:15:01 ---------------------INICIANDO MASTER POPPER EMBLUE---------------------
2022-10-01 03:15:01 ------------------------------------------------------------------------
2022-10-01 03:15:01 Conexion Establecida a POP3 Server!
2022-10-01 03:15:01 PROCESO POPPER EMBLUE CONCLUIDO!
2022-10-01 03:15:01 
2022-10-01 03:30:01 ------------------------------------------------------------------------
2022-10-01 03:30:01 ---------------------INICIANDO MASTER POPPER EMBLUE---------------------
2022-10-01 03:30:01 ------------------------------------------------------------------------
2022-10-01 03:30:01 Conexion Establecida a POP3 Server!
2022-10-01 03:30:01 PROCESO POPPER EMBLUE CONCLUIDO!
2022-10-01 03:30:01 
2022-10-01 03:45:01 ------------------------------------------------------------------------
2022-10-01 03:45:01 ---------------------INICIANDO MASTER POPPER EMBLUE---------------------
2022-10-01 03:45:01 ------------------------------------------------------------------------
2022-10-01 03:45:01 Conexion Establecida a POP3 Server!
2022-10-01 03:45:01 PROCESO POPPER EMBLUE CONCLUIDO!
2022-10-01 03:45:01 
2022-10-01 04:00:01 ------------------------------------------------------------------------
2022-10-01 04:00:01 ---------------------INICIANDO MASTER POPPER EMBLUE---------------------
2022-10-01 04:00:01 ------------------------------------------------------------------------
2022-10-01 04:00:01 Conexion Establecida a POP3 Server!
2022-10-01 04:00:01 PROCESO POPPER EMBLUE CONCLUIDO!
2022-10-01 04:00:01 
2022-10-01 04:15:02 ------------------------------------------------------------------------
2022-10-01 04:15:02 ---------------------INICIANDO MASTER POPPER EMBLUE---------------------
2022-10-01 04:15:02 ------------------------------------------------------------------------
2022-10-01 04:15:02 Conexion Establecida a POP3 Server!
2022-10-01 04:15:02 PROCESO POPPER EMBLUE CONCLUIDO!
2022-10-01 04:15:02 
2022-10-01 04:30:02 ------------------------------------------------------------------------
2022-10-01 04:30:02 ---------------------INICIANDO MASTER POPPER EMBLUE---------------------
2022-10-01 04:30:02 ------------------------------------------------------------------------
2022-10-01 04:30:02 Conexion Establecida a POP3 Server!
2022-10-01 04:30:02 PROCESO POPPER EMBLUE CONCLUIDO!
2022-10-01 04:30:02 
2022-10-01 04:45:02 ------------------------------------------------------------------------
2022-10-01 04:45:02 ---------------------INICIANDO MASTER POPPER EMBLUE---------------------
2022-10-01 04:45:02 ------------------------------------------------------------------------
2022-10-01 04:45:02 Conexion Establecida a POP3 Server!
2022-10-01 04:45:02 PROCESO POPPER EMBLUE CONCLUIDO!
2022-10-01 04:45:02 
2022-10-01 05:00:01 ------------------------------------------------------------------------
2022-10-01 05:00:01 ---------------------INICIANDO MASTER POPPER EMBLUE---------------------
2022-10-01 05:00:01 ------------------------------------------------------------------------
2022-10-01 05:00:01 Conexion Establecida a POP3 Server!
2022-10-01 05:00:01 PROCESO POPPER EMBLUE CONCLUIDO!
2022-10-01 05:00:01 
2022-10-01 05:15:01 ------------------------------------------------------------------------
2022-10-01 05:15:01 ---------------------INICIANDO MASTER POPPER EMBLUE---------------------
2022-10-01 05:15:01 ------------------------------------------------------------------------
2022-10-01 05:15:02 Conexion Establecida a POP3 Server!
2022-10-01 05:15:02 PROCESO POPPER EMBLUE CONCLUIDO!
2022-10-01 05:15:02 
2022-10-01 05:30:01 ------------------------------------------------------------------------
2022-10-01 05:30:01 ---------------------INICIANDO MASTER POPPER EMBLUE---------------------
2022-10-01 05:30:01 ------------------------------------------------------------------------
2022-10-01 05:30:01 Conexion Establecida a POP3 Server!
2022-10-01 05:30:01 PROCESO POPPER EMBLUE CONCLUIDO!
2022-10-01 05:30:01 
2022-10-01 05:45:01 ------------------------------------------------------------------------
2022-10-01 05:45:01 ---------------------INICIANDO MASTER POPPER EMBLUE---------------------
2022-10-01 05:45:01 ------------------------------------------------------------------------
2022-10-01 05:45:01 Conexion Establecida a POP3 Server!
2022-10-01 05:45:01 PROCESO POPPER EMBLUE CONCLUIDO!
2022-10-01 05:45:01 
2022-10-01 06:00:02 ------------------------------------------------------------------------
2022-10-01 06:00:02 ---------------------INICIANDO MASTER POPPER EMBLUE---------------------
2022-10-01 06:00:02 ------------------------------------------------------------------------
2022-10-01 06:00:02 Conexion Establecida a POP3 Server!
2022-10-01 06:00:02 PROCESO POPPER EMBLUE CONCLUIDO!
2022-10-01 06:00:02 
2022-10-01 06:15:01 ------------------------------------------------------------------------
2022-10-01 06:15:01 ---------------------INICIANDO MASTER POPPER EMBLUE---------------------
2022-10-01 06:15:01 ------------------------------------------------------------------------
2022-10-01 06:15:01 Conexion Establecida a POP3 Server!
2022-10-01 06:15:01 PROCESO POPPER EMBLUE CONCLUIDO!
2022-10-01 06:15:01 
2022-10-01 06:30:02 ------------------------------------------------------------------------
2022-10-01 06:30:02 ---------------------INICIANDO MASTER POPPER EMBLUE---------------------
2022-10-01 06:30:02 ------------------------------------------------------------------------
2022-10-01 06:30:02 Conexion Establecida a POP3 Server!
2022-10-01 06:30:02 PROCESO POPPER EMBLUE CONCLUIDO!
2022-10-01 06:30:02 
2022-10-01 06:45:01 ------------------------------------------------------------------------
2022-10-01 06:45:01 ---------------------INICIANDO MASTER POPPER EMBLUE---------------------
2022-10-01 06:45:01 ------------------------------------------------------------------------
2022-10-01 06:45:01 Conexion Establecida a POP3 Server!
2022-10-01 06:45:01 PROCESO POPPER EMBLUE CONCLUIDO!
2022-10-01 06:45:01 
2022-10-01 07:00:02 ------------------------------------------------------------------------
2022-10-01 07:00:02 ---------------------INICIANDO MASTER POPPER EMBLUE---------------------
2022-10-01 07:00:02 ------------------------------------------------------------------------
2022-10-01 07:00:02 Conexion Establecida a POP3 Server!
2022-10-01 07:00:02 PROCESO POPPER EMBLUE CONCLUIDO!
2022-10-01 07:00:02 
2022-10-01 07:15:02 ------------------------------------------------------------------------
2022-10-01 07:15:02 ---------------------INICIANDO MASTER POPPER EMBLUE---------------------
2022-10-01 07:15:02 ------------------------------------------------------------------------
2022-10-01 07:15:02 Conexion Establecida a POP3 Server!
2022-10-01 07:15:02 PROCESO POPPER EMBLUE CONCLUIDO!
2022-10-01 07:15:02 
2022-10-01 07:30:01 ------------------------------------------------------------------------
2022-10-01 07:30:01 ---------------------INICIANDO MASTER POPPER EMBLUE---------------------
2022-10-01 07:30:01 ------------------------------------------------------------------------
2022-10-01 07:30:02 Conexion Establecida a POP3 Server!
2022-10-01 07:30:02 PROCESO POPPER EMBLUE CONCLUIDO!
2022-10-01 07:30:02 
2022-10-01 07:45:02 ------------------------------------------------------------------------
2022-10-01 07:45:02 ---------------------INICIANDO MASTER POPPER EMBLUE---------------------
2022-10-01 07:45:02 ------------------------------------------------------------------------
2022-10-01 07:45:02 Conexion Establecida a POP3 Server!
2022-10-01 07:45:02 PROCESO POPPER EMBLUE CONCLUIDO!
2022-10-01 07:45:02 
2022-10-01 08:00:01 ------------------------------------------------------------------------
2022-10-01 08:00:01 ---------------------INICIANDO MASTER POPPER EMBLUE---------------------
2022-10-01 08:00:01 ------------------------------------------------------------------------
2022-10-01 08:00:01 Conexion Establecida a POP3 Server!
2022-10-01 08:00:01 PROCESO POPPER EMBLUE CONCLUIDO!
2022-10-01 08:00:01 
2022-10-01 08:15:01 ------------------------------------------------------------------------
2022-10-01 08:15:01 ---------------------INICIANDO MASTER POPPER EMBLUE---------------------
2022-10-01 08:15:01 ------------------------------------------------------------------------
2022-10-01 08:15:01 Conexion Establecida a POP3 Server!
2022-10-01 08:15:01 PROCESO POPPER EMBLUE CONCLUIDO!
2022-10-01 08:15:01 
2022-10-01 08:30:01 ------------------------------------------------------------------------
2022-10-01 08:30:01 ---------------------INICIANDO MASTER POPPER EMBLUE---------------------
2022-10-01 08:30:01 ------------------------------------------------------------------------
2022-10-01 08:30:01 Conexion Establecida a POP3 Server!
2022-10-01 08:30:01 PROCESO POPPER EMBLUE CONCLUIDO!
2022-10-01 08:30:01 
2022-10-01 08:45:02 ------------------------------------------------------------------------
2022-10-01 08:45:02 ---------------------INICIANDO MASTER POPPER EMBLUE---------------------
2022-10-01 08:45:02 ------------------------------------------------------------------------
2022-10-01 08:45:02 Conexion Establecida a POP3 Server!
2022-10-01 08:45:02 PROCESO POPPER EMBLUE CONCLUIDO!
2022-10-01 08:45:02 
2022-10-01 09:00:01 ------------------------------------------------------------------------
2022-10-01 09:00:01 ---------------------INICIANDO MASTER POPPER EMBLUE---------------------
2022-10-01 09:00:01 ------------------------------------------------------------------------
2022-10-01 09:00:02 Conexion Establecida a POP3 Server!
2022-10-01 09:00:02 PROCESO POPPER EMBLUE CONCLUIDO!
2022-10-01 09:00:02 
2022-10-01 09:15:01 ------------------------------------------------------------------------
2022-10-01 09:15:01 ---------------------INICIANDO MASTER POPPER EMBLUE---------------------
2022-10-01 09:15:01 ------------------------------------------------------------------------
2022-10-01 09:15:01 Conexion Establecida a POP3 Server!
2022-10-01 09:15:01 PROCESO POPPER EMBLUE CONCLUIDO!
2022-10-01 09:15:01 
2022-10-01 09:30:02 ------------------------------------------------------------------------
2022-10-01 09:30:02 ---------------------INICIANDO MASTER POPPER EMBLUE---------------------
2022-10-01 09:30:02 ------------------------------------------------------------------------
2022-10-01 09:30:02 Conexion Establecida a POP3 Server!
2022-10-01 09:30:02 PROCESO POPPER EMBLUE CONCLUIDO!
2022-10-01 09:30:02 
2022-10-01 09:45:01 ------------------------------------------------------------------------
2022-10-01 09:45:01 ---------------------INICIANDO MASTER POPPER EMBLUE---------------------
2022-10-01 09:45:01 ------------------------------------------------------------------------
2022-10-01 09:45:02 Conexion Establecida a POP3 Server!
2022-10-01 09:45:02 PROCESO POPPER EMBLUE CONCLUIDO!
2022-10-01 09:45:02 
2022-10-01 10:00:01 ------------------------------------------------------------------------
2022-10-01 10:00:01 ---------------------INICIANDO MASTER POPPER EMBLUE---------------------
2022-10-01 10:00:01 ------------------------------------------------------------------------
2022-10-01 10:00:01 Conexion Establecida a POP3 Server!
2022-10-01 10:00:01 PROCESO POPPER EMBLUE CONCLUIDO!
2022-10-01 10:00:01 
2022-10-01 10:15:01 ------------------------------------------------------------------------
2022-10-01 10:15:01 ---------------------INICIANDO MASTER POPPER EMBLUE---------------------
2022-10-01 10:15:01 ------------------------------------------------------------------------
2022-10-01 10:15:01 Conexion Establecida a POP3 Server!
2022-10-01 10:15:01 PROCESO POPPER EMBLUE CONCLUIDO!
2022-10-01 10:15:01 
2022-10-01 10:30:02 ------------------------------------------------------------------------
2022-10-01 10:30:02 ---------------------INICIANDO MASTER POPPER EMBLUE---------------------
2022-10-01 10:30:02 ------------------------------------------------------------------------
2022-10-01 10:30:02 Conexion Establecida a POP3 Server!
2022-10-01 10:30:02 PROCESO POPPER EMBLUE CONCLUIDO!
2022-10-01 10:30:02 
2022-10-01 10:45:01 ------------------------------------------------------------------------
2022-10-01 10:45:01 ---------------------INICIANDO MASTER POPPER EMBLUE---------------------
2022-10-01 10:45:01 ------------------------------------------------------------------------
2022-10-01 10:45:01 Conexion Establecida a POP3 Server!
2022-10-01 10:45:01 PROCESO POPPER EMBLUE CONCLUIDO!
2022-10-01 10:45:01 
2022-10-01 11:00:01 ------------------------------------------------------------------------
2022-10-01 11:00:01 ---------------------INICIANDO MASTER POPPER EMBLUE---------------------
2022-10-01 11:00:01 ------------------------------------------------------------------------
2022-10-01 11:00:01 Conexion Establecida a POP3 Server!
2022-10-01 11:00:01 PROCESO POPPER EMBLUE CONCLUIDO!
2022-10-01 11:00:01 
2022-10-01 11:15:02 ------------------------------------------------------------------------
2022-10-01 11:15:02 ---------------------INICIANDO MASTER POPPER EMBLUE---------------------
2022-10-01 11:15:02 ------------------------------------------------------------------------
2022-10-01 11:15:02 Conexion Establecida a POP3 Server!
2022-10-01 11:15:02 PROCESO POPPER EMBLUE CONCLUIDO!
2022-10-01 11:15:02 
2022-10-01 11:30:01 ------------------------------------------------------------------------
2022-10-01 11:30:01 ---------------------INICIANDO MASTER POPPER EMBLUE---------------------
2022-10-01 11:30:01 ------------------------------------------------------------------------
2022-10-01 11:30:01 Conexion Establecida a POP3 Server!
2022-10-01 11:30:01 PROCESO POPPER EMBLUE CONCLUIDO!
2022-10-01 11:30:01 
2022-10-01 11:45:01 ------------------------------------------------------------------------
2022-10-01 11:45:01 ---------------------INICIANDO MASTER POPPER EMBLUE---------------------
2022-10-01 11:45:01 ------------------------------------------------------------------------
2022-10-01 11:45:01 Conexion Establecida a POP3 Server!
2022-10-01 11:45:01 PROCESO POPPER EMBLUE CONCLUIDO!
2022-10-01 11:45:01 
2022-10-01 12:00:01 ------------------------------------------------------------------------
2022-10-01 12:00:01 ---------------------INICIANDO MASTER POPPER EMBLUE---------------------
2022-10-01 12:00:01 ------------------------------------------------------------------------
2022-10-01 12:00:01 Conexion Establecida a POP3 Server!
2022-10-01 12:00:01 PROCESO POPPER EMBLUE CONCLUIDO!
2022-10-01 12:00:01 
2022-10-01 12:15:01 ------------------------------------------------------------------------
2022-10-01 12:15:01 ---------------------INICIANDO MASTER POPPER EMBLUE---------------------
2022-10-01 12:15:01 ------------------------------------------------------------------------
2022-10-01 12:15:01 Conexion Establecida a POP3 Server!
2022-10-01 12:15:01 PROCESO POPPER EMBLUE CONCLUIDO!
2022-10-01 12:15:01 
2022-10-01 12:30:02 ------------------------------------------------------------------------
2022-10-01 12:30:02 ---------------------INICIANDO MASTER POPPER EMBLUE---------------------
2022-10-01 12:30:02 ------------------------------------------------------------------------
2022-10-01 12:30:02 Conexion Establecida a POP3 Server!
2022-10-01 12:30:02 PROCESO POPPER EMBLUE CONCLUIDO!
2022-10-01 12:30:02 
2022-10-01 12:45:01 ------------------------------------------------------------------------
2022-10-01 12:45:01 ---------------------INICIANDO MASTER POPPER EMBLUE---------------------
2022-10-01 12:45:01 ------------------------------------------------------------------------
2022-10-01 12:45:01 Conexion Establecida a POP3 Server!
2022-10-01 12:45:01 PROCESO POPPER EMBLUE CONCLUIDO!
2022-10-01 12:45:01 
2022-10-01 13:00:02 ------------------------------------------------------------------------
2022-10-01 13:00:02 ---------------------INICIANDO MASTER POPPER EMBLUE---------------------
2022-10-01 13:00:02 ------------------------------------------------------------------------
2022-10-01 13:00:02 Conexion Establecida a POP3 Server!
2022-10-01 13:00:02 PROCESO POPPER EMBLUE CONCLUIDO!
2022-10-01 13:00:02 
2022-10-01 13:15:01 ------------------------------------------------------------------------
2022-10-01 13:15:01 ---------------------INICIANDO MASTER POPPER EMBLUE---------------------
2022-10-01 13:15:01 ------------------------------------------------------------------------
2022-10-01 13:15:01 Conexion Establecida a POP3 Server!
2022-10-01 13:15:01 PROCESO POPPER EMBLUE CONCLUIDO!
2022-10-01 13:15:01 
2022-10-01 13:30:01 ------------------------------------------------------------------------
2022-10-01 13:30:01 ---------------------INICIANDO MASTER POPPER EMBLUE---------------------
2022-10-01 13:30:01 ------------------------------------------------------------------------
2022-10-01 13:30:01 Conexion Establecida a POP3 Server!
2022-10-01 13:30:01 PROCESO POPPER EMBLUE CONCLUIDO!
2022-10-01 13:30:01 
2022-10-01 13:45:01 ------------------------------------------------------------------------
2022-10-01 13:45:01 ---------------------INICIANDO MASTER POPPER EMBLUE---------------------
2022-10-01 13:45:01 ------------------------------------------------------------------------
2022-10-01 13:45:01 Conexion Establecida a POP3 Server!
2022-10-01 13:45:01 PROCESO POPPER EMBLUE CONCLUIDO!
2022-10-01 13:45:01 
2022-10-01 14:00:01 ------------------------------------------------------------------------
2022-10-01 14:00:01 ---------------------INICIANDO MASTER POPPER EMBLUE---------------------
2022-10-01 14:00:01 ------------------------------------------------------------------------
2022-10-01 14:00:01 Conexion Establecida a POP3 Server!
2022-10-01 14:00:01 PROCESO POPPER EMBLUE CONCLUIDO!
2022-10-01 14:00:01 
2022-10-01 14:15:02 ------------------------------------------------------------------------
2022-10-01 14:15:02 ---------------------INICIANDO MASTER POPPER EMBLUE---------------------
2022-10-01 14:15:02 ------------------------------------------------------------------------
2022-10-01 14:15:02 Conexion Establecida a POP3 Server!
2022-10-01 14:15:02 PROCESO POPPER EMBLUE CONCLUIDO!
2022-10-01 14:15:02 
2022-10-01 14:30:01 ------------------------------------------------------------------------
2022-10-01 14:30:01 ---------------------INICIANDO MASTER POPPER EMBLUE---------------------
2022-10-01 14:30:01 ------------------------------------------------------------------------
2022-10-01 14:30:02 Conexion Establecida a POP3 Server!
2022-10-01 14:30:02 PROCESO POPPER EMBLUE CONCLUIDO!
2022-10-01 14:30:02 
2022-10-01 14:45:01 ------------------------------------------------------------------------
2022-10-01 14:45:01 ---------------------INICIANDO MASTER POPPER EMBLUE---------------------
2022-10-01 14:45:01 ------------------------------------------------------------------------
2022-10-01 14:45:01 Conexion Establecida a POP3 Server!
2022-10-01 14:45:01 PROCESO POPPER EMBLUE CONCLUIDO!
2022-10-01 14:45:01 
2022-10-01 15:00:01 ------------------------------------------------------------------------
2022-10-01 15:00:01 ---------------------INICIANDO MASTER POPPER EMBLUE---------------------
2022-10-01 15:00:01 ------------------------------------------------------------------------
2022-10-01 15:00:02 Conexion Establecida a POP3 Server!
2022-10-01 15:00:02 PROCESO POPPER EMBLUE CONCLUIDO!
2022-10-01 15:00:02 
2022-10-01 15:15:01 ------------------------------------------------------------------------
2022-10-01 15:15:01 ---------------------INICIANDO MASTER POPPER EMBLUE---------------------
2022-10-01 15:15:01 ------------------------------------------------------------------------
2022-10-01 15:15:01 Conexion Establecida a POP3 Server!
2022-10-01 15:15:01 PROCESO POPPER EMBLUE CONCLUIDO!
2022-10-01 15:15:01 
2022-10-01 15:30:02 ------------------------------------------------------------------------
2022-10-01 15:30:02 ---------------------INICIANDO MASTER POPPER EMBLUE---------------------
2022-10-01 15:30:02 ------------------------------------------------------------------------
2022-10-01 15:30:02 Conexion Establecida a POP3 Server!
2022-10-01 15:30:02 PROCESO POPPER EMBLUE CONCLUIDO!
2022-10-01 15:30:02 
2022-10-01 15:45:01 ------------------------------------------------------------------------
2022-10-01 15:45:01 ---------------------INICIANDO MASTER POPPER EMBLUE---------------------
2022-10-01 15:45:01 ------------------------------------------------------------------------
2022-10-01 15:45:01 Conexion Establecida a POP3 Server!
2022-10-01 15:45:01 PROCESO POPPER EMBLUE CONCLUIDO!
2022-10-01 15:45:01 
2022-10-01 16:00:01 ------------------------------------------------------------------------
2022-10-01 16:00:01 ---------------------INICIANDO MASTER POPPER EMBLUE---------------------
2022-10-01 16:00:01 ------------------------------------------------------------------------
2022-10-01 16:00:01 Conexion Establecida a POP3 Server!
2022-10-01 16:00:01 PROCESO POPPER EMBLUE CONCLUIDO!
2022-10-01 16:00:01 
2022-10-01 16:15:02 ------------------------------------------------------------------------
2022-10-01 16:15:02 ---------------------INICIANDO MASTER POPPER EMBLUE---------------------
2022-10-01 16:15:02 ------------------------------------------------------------------------
2022-10-01 16:15:02 Conexion Establecida a POP3 Server!
2022-10-01 16:15:02 PROCESO POPPER EMBLUE CONCLUIDO!
2022-10-01 16:15:02 
2022-10-01 16:30:01 ------------------------------------------------------------------------
2022-10-01 16:30:01 ---------------------INICIANDO MASTER POPPER EMBLUE---------------------
2022-10-01 16:30:01 ------------------------------------------------------------------------
2022-10-01 16:30:01 Conexion Establecida a POP3 Server!
2022-10-01 16:30:01 PROCESO POPPER EMBLUE CONCLUIDO!
2022-10-01 16:30:01 
2022-10-01 16:45:01 ------------------------------------------------------------------------
2022-10-01 16:45:01 ---------------------INICIANDO MASTER POPPER EMBLUE---------------------
2022-10-01 16:45:01 ------------------------------------------------------------------------
2022-10-01 16:45:01 Conexion Establecida a POP3 Server!
2022-10-01 16:45:01 PROCESO POPPER EMBLUE CONCLUIDO!
2022-10-01 16:45:01 
2022-10-01 17:00:02 ------------------------------------------------------------------------
2022-10-01 17:00:02 ---------------------INICIANDO MASTER POPPER EMBLUE---------------------
2022-10-01 17:00:02 ------------------------------------------------------------------------
2022-10-01 17:00:02 Conexion Establecida a POP3 Server!
2022-10-01 17:00:02 PROCESO POPPER EMBLUE CONCLUIDO!
2022-10-01 17:00:02 
2022-10-01 17:15:01 ------------------------------------------------------------------------
2022-10-01 17:15:01 ---------------------INICIANDO MASTER POPPER EMBLUE---------------------
2022-10-01 17:15:01 ------------------------------------------------------------------------
2022-10-01 17:15:01 Conexion Establecida a POP3 Server!
2022-10-01 17:15:01 PROCESO POPPER EMBLUE CONCLUIDO!
2022-10-01 17:15:01 
2022-10-01 17:30:01 ------------------------------------------------------------------------
2022-10-01 17:30:01 ---------------------INICIANDO MASTER POPPER EMBLUE---------------------
2022-10-01 17:30:01 ------------------------------------------------------------------------
2022-10-01 17:30:02 Conexion Establecida a POP3 Server!
2022-10-01 17:30:02 PROCESO POPPER EMBLUE CONCLUIDO!
2022-10-01 17:30:02 
2022-10-01 17:45:01 ------------------------------------------------------------------------
2022-10-01 17:45:01 ---------------------INICIANDO MASTER POPPER EMBLUE---------------------
2022-10-01 17:45:01 ------------------------------------------------------------------------
2022-10-01 17:45:01 Conexion Establecida a POP3 Server!
2022-10-01 17:45:01 PROCESO POPPER EMBLUE CONCLUIDO!
2022-10-01 17:45:01 
2022-10-01 18:00:01 ------------------------------------------------------------------------
2022-10-01 18:00:01 ---------------------INICIANDO MASTER POPPER EMBLUE---------------------
2022-10-01 18:00:01 ------------------------------------------------------------------------
2022-10-01 18:00:01 Conexion Establecida a POP3 Server!
2022-10-01 18:00:01 PROCESO POPPER EMBLUE CONCLUIDO!
2022-10-01 18:00:01 
2022-10-01 18:15:02 ------------------------------------------------------------------------
2022-10-01 18:15:02 ---------------------INICIANDO MASTER POPPER EMBLUE---------------------
2022-10-01 18:15:02 ------------------------------------------------------------------------
2022-10-01 18:15:02 Conexion Establecida a POP3 Server!
2022-10-01 18:15:02 PROCESO POPPER EMBLUE CONCLUIDO!
2022-10-01 18:15:02 
2022-10-01 18:30:01 ------------------------------------------------------------------------
2022-10-01 18:30:01 ---------------------INICIANDO MASTER POPPER EMBLUE---------------------
2022-10-01 18:30:01 ------------------------------------------------------------------------
2022-10-01 18:30:01 Conexion Establecida a POP3 Server!
2022-10-01 18:30:01 PROCESO POPPER EMBLUE CONCLUIDO!
2022-10-01 18:30:01 
2022-10-01 18:45:01 ------------------------------------------------------------------------
2022-10-01 18:45:01 ---------------------INICIANDO MASTER POPPER EMBLUE---------------------
2022-10-01 18:45:01 ------------------------------------------------------------------------
2022-10-01 18:45:01 Conexion Establecida a POP3 Server!
2022-10-01 18:45:01 PROCESO POPPER EMBLUE CONCLUIDO!
2022-10-01 18:45:01 
2022-10-01 19:00:01 ------------------------------------------------------------------------
2022-10-01 19:00:01 ---------------------INICIANDO MASTER POPPER EMBLUE---------------------
2022-10-01 19:00:01 ------------------------------------------------------------------------
2022-10-01 19:00:01 Conexion Establecida a POP3 Server!
2022-10-01 19:00:01 PROCESO POPPER EMBLUE CONCLUIDO!
2022-10-01 19:00:01 
2022-10-01 19:15:02 ------------------------------------------------------------------------
2022-10-01 19:15:02 ---------------------INICIANDO MASTER POPPER EMBLUE---------------------
2022-10-01 19:15:02 ------------------------------------------------------------------------
2022-10-01 19:15:02 Conexion Establecida a POP3 Server!
2022-10-01 19:15:02 PROCESO POPPER EMBLUE CONCLUIDO!
2022-10-01 19:15:02 
2022-10-01 19:30:01 ------------------------------------------------------------------------
2022-10-01 19:30:01 ---------------------INICIANDO MASTER POPPER EMBLUE---------------------
2022-10-01 19:30:01 ------------------------------------------------------------------------
2022-10-01 19:30:01 Conexion Establecida a POP3 Server!
2022-10-01 19:30:01 PROCESO POPPER EMBLUE CONCLUIDO!
2022-10-01 19:30:01 
2022-10-01 19:45:01 ------------------------------------------------------------------------
2022-10-01 19:45:01 ---------------------INICIANDO MASTER POPPER EMBLUE---------------------
2022-10-01 19:45:01 ------------------------------------------------------------------------
2022-10-01 19:45:01 Conexion Establecida a POP3 Server!
2022-10-01 19:45:01 PROCESO POPPER EMBLUE CONCLUIDO!
2022-10-01 19:45:01 
2022-10-01 20:00:01 ------------------------------------------------------------------------
2022-10-01 20:00:01 ---------------------INICIANDO MASTER POPPER EMBLUE---------------------
2022-10-01 20:00:01 ------------------------------------------------------------------------
2022-10-01 20:00:01 Conexion Establecida a POP3 Server!
2022-10-01 20:00:01 PROCESO POPPER EMBLUE CONCLUIDO!
2022-10-01 20:00:01 
2022-10-01 20:15:02 ------------------------------------------------------------------------
2022-10-01 20:15:02 ---------------------INICIANDO MASTER POPPER EMBLUE---------------------
2022-10-01 20:15:02 ------------------------------------------------------------------------
2022-10-01 20:15:02 Conexion Establecida a POP3 Server!
2022-10-01 20:15:02 PROCESO POPPER EMBLUE CONCLUIDO!
2022-10-01 20:15:02 
2022-10-01 20:30:01 ------------------------------------------------------------------------
2022-10-01 20:30:01 ---------------------INICIANDO MASTER POPPER EMBLUE---------------------
2022-10-01 20:30:01 ------------------------------------------------------------------------
2022-10-01 20:30:01 Conexion Establecida a POP3 Server!
2022-10-01 20:30:01 PROCESO POPPER EMBLUE CONCLUIDO!
2022-10-01 20:30:01 
2022-10-01 20:45:01 ------------------------------------------------------------------------
2022-10-01 20:45:01 ---------------------INICIANDO MASTER POPPER EMBLUE---------------------
2022-10-01 20:45:01 ------------------------------------------------------------------------
2022-10-01 20:45:01 Conexion Establecida a POP3 Server!
2022-10-01 20:45:01 PROCESO POPPER EMBLUE CONCLUIDO!
2022-10-01 20:45:01 
2022-10-01 21:00:01 ------------------------------------------------------------------------
2022-10-01 21:00:01 ---------------------INICIANDO MASTER POPPER EMBLUE---------------------
2022-10-01 21:00:01 ------------------------------------------------------------------------
2022-10-01 21:00:01 Conexion Establecida a POP3 Server!
2022-10-01 21:00:01 PROCESO POPPER EMBLUE CONCLUIDO!
2022-10-01 21:00:01 
2022-10-01 21:15:02 ------------------------------------------------------------------------
2022-10-01 21:15:02 ---------------------INICIANDO MASTER POPPER EMBLUE---------------------
2022-10-01 21:15:02 ------------------------------------------------------------------------
2022-10-01 21:15:02 Conexion Establecida a POP3 Server!
2022-10-01 21:15:02 PROCESO POPPER EMBLUE CONCLUIDO!
2022-10-01 21:15:02 
2022-10-01 21:30:01 ------------------------------------------------------------------------
2022-10-01 21:30:01 ---------------------INICIANDO MASTER POPPER EMBLUE---------------------
2022-10-01 21:30:01 ------------------------------------------------------------------------
2022-10-01 21:30:01 Conexion Establecida a POP3 Server!
2022-10-01 21:30:01 PROCESO POPPER EMBLUE CONCLUIDO!
2022-10-01 21:30:01 
2022-10-01 21:45:01 ------------------------------------------------------------------------
2022-10-01 21:45:01 ---------------------INICIANDO MASTER POPPER EMBLUE---------------------
2022-10-01 21:45:01 ------------------------------------------------------------------------
2022-10-01 21:45:01 Conexion Establecida a POP3 Server!
2022-10-01 21:45:01 PROCESO POPPER EMBLUE CONCLUIDO!
2022-10-01 21:45:01 
2022-10-01 22:00:01 ------------------------------------------------------------------------
2022-10-01 22:00:01 ---------------------INICIANDO MASTER POPPER EMBLUE---------------------
2022-10-01 22:00:01 ------------------------------------------------------------------------
2022-10-01 22:00:01 Conexion Establecida a POP3 Server!
2022-10-01 22:00:01 PROCESO POPPER EMBLUE CONCLUIDO!
2022-10-01 22:00:01 
2022-10-01 22:15:02 ------------------------------------------------------------------------
2022-10-01 22:15:02 ---------------------INICIANDO MASTER POPPER EMBLUE---------------------
2022-10-01 22:15:02 ------------------------------------------------------------------------
2022-10-01 22:15:02 Conexion Establecida a POP3 Server!
2022-10-01 22:15:02 PROCESO POPPER EMBLUE CONCLUIDO!
2022-10-01 22:15:02 
2022-10-01 22:30:01 ------------------------------------------------------------------------
2022-10-01 22:30:01 ---------------------INICIANDO MASTER POPPER EMBLUE---------------------
2022-10-01 22:30:01 ------------------------------------------------------------------------
2022-10-01 22:30:01 Conexion Establecida a POP3 Server!
2022-10-01 22:30:01 PROCESO POPPER EMBLUE CONCLUIDO!
2022-10-01 22:30:01 
2022-10-01 22:45:01 ------------------------------------------------------------------------
2022-10-01 22:45:01 ---------------------INICIANDO MASTER POPPER EMBLUE---------------------
2022-10-01 22:45:01 ------------------------------------------------------------------------
2022-10-01 22:45:01 Conexion Establecida a POP3 Server!
2022-10-01 22:45:01 PROCESO POPPER EMBLUE CONCLUIDO!
2022-10-01 22:45:01 
2022-10-01 23:00:02 ------------------------------------------------------------------------
2022-10-01 23:00:02 ---------------------INICIANDO MASTER POPPER EMBLUE---------------------
2022-10-01 23:00:02 ------------------------------------------------------------------------
2022-10-01 23:00:02 Conexion Establecida a POP3 Server!
2022-10-01 23:00:02 PROCESO POPPER EMBLUE CONCLUIDO!
2022-10-01 23:00:02 
2022-10-01 23:15:01 ------------------------------------------------------------------------
2022-10-01 23:15:01 ---------------------INICIANDO MASTER POPPER EMBLUE---------------------
2022-10-01 23:15:01 ------------------------------------------------------------------------
2022-10-01 23:15:01 Conexion Establecida a POP3 Server!
2022-10-01 23:15:01 PROCESO POPPER EMBLUE CONCLUIDO!
2022-10-01 23:15:01 
2022-10-01 23:30:01 ------------------------------------------------------------------------
2022-10-01 23:30:01 ---------------------INICIANDO MASTER POPPER EMBLUE---------------------
2022-10-01 23:30:01 ------------------------------------------------------------------------
2022-10-01 23:30:01 Conexion Establecida a POP3 Server!
2022-10-01 23:30:01 PROCESO POPPER EMBLUE CONCLUIDO!
2022-10-01 23:30:01 
2022-10-01 23:45:01 ------------------------------------------------------------------------
2022-10-01 23:45:01 ---------------------INICIANDO MASTER POPPER EMBLUE---------------------
2022-10-01 23:45:01 ------------------------------------------------------------------------
2022-10-01 23:45:01 Conexion Establecida a POP3 Server!
2022-10-01 23:45:01 PROCESO POPPER EMBLUE CONCLUIDO!
2022-10-01 23:45:01 
