2022-10-09 00:00:02 ------------------------------------------------------------------------
2022-10-09 00:00:02 ---------------------INICIANDO MASTER POPPER EMBLUE---------------------
2022-10-09 00:00:02 ------------------------------------------------------------------------
2022-10-09 00:00:02 Conexion Establecida a POP3 Server!
2022-10-09 00:00:02 PROCESO POPPER EMBLUE CONCLUIDO!
2022-10-09 00:00:02 
2022-10-09 00:15:01 ------------------------------------------------------------------------
2022-10-09 00:15:01 ---------------------INICIANDO MASTER POPPER EMBLUE---------------------
2022-10-09 00:15:01 ------------------------------------------------------------------------
2022-10-09 00:15:01 Conexion Establecida a POP3 Server!
2022-10-09 00:15:01 PROCESO POPPER EMBLUE CONCLUIDO!
2022-10-09 00:15:01 
2022-10-09 00:30:01 ------------------------------------------------------------------------
2022-10-09 00:30:01 ---------------------INICIANDO MASTER POPPER EMBLUE---------------------
2022-10-09 00:30:01 ------------------------------------------------------------------------
2022-10-09 00:30:01 Conexion Establecida a POP3 Server!
2022-10-09 00:30:01 PROCESO POPPER EMBLUE CONCLUIDO!
2022-10-09 00:30:01 
2022-10-09 00:45:01 ------------------------------------------------------------------------
2022-10-09 00:45:01 ---------------------INICIANDO MASTER POPPER EMBLUE---------------------
2022-10-09 00:45:01 ------------------------------------------------------------------------
2022-10-09 00:45:01 Conexion Establecida a POP3 Server!
2022-10-09 00:45:01 PROCESO POPPER EMBLUE CONCLUIDO!
2022-10-09 00:45:01 
2022-10-09 01:00:02 ------------------------------------------------------------------------
2022-10-09 01:00:02 ---------------------INICIANDO MASTER POPPER EMBLUE---------------------
2022-10-09 01:00:02 ------------------------------------------------------------------------
2022-10-09 01:00:02 Conexion Establecida a POP3 Server!
2022-10-09 01:00:02 PROCESO POPPER EMBLUE CONCLUIDO!
2022-10-09 01:00:02 
2022-10-09 01:15:01 ------------------------------------------------------------------------
2022-10-09 01:15:01 ---------------------INICIANDO MASTER POPPER EMBLUE---------------------
2022-10-09 01:15:01 ------------------------------------------------------------------------
2022-10-09 01:15:02 Conexion Establecida a POP3 Server!
2022-10-09 01:15:02 PROCESO POPPER EMBLUE CONCLUIDO!
2022-10-09 01:15:02 
2022-10-09 01:30:01 ------------------------------------------------------------------------
2022-10-09 01:30:01 ---------------------INICIANDO MASTER POPPER EMBLUE---------------------
2022-10-09 01:30:01 ------------------------------------------------------------------------
2022-10-09 01:30:01 Conexion Establecida a POP3 Server!
2022-10-09 01:30:01 PROCESO POPPER EMBLUE CONCLUIDO!
2022-10-09 01:30:01 
2022-10-09 01:45:01 ------------------------------------------------------------------------
2022-10-09 01:45:01 ---------------------INICIANDO MASTER POPPER EMBLUE---------------------
2022-10-09 01:45:01 ------------------------------------------------------------------------
2022-10-09 01:45:01 Conexion Establecida a POP3 Server!
2022-10-09 01:45:01 PROCESO POPPER EMBLUE CONCLUIDO!
2022-10-09 01:45:01 
2022-10-09 02:00:02 ------------------------------------------------------------------------
2022-10-09 02:00:02 ---------------------INICIANDO MASTER POPPER EMBLUE---------------------
2022-10-09 02:00:02 ------------------------------------------------------------------------
2022-10-09 02:00:02 Conexion Establecida a POP3 Server!
2022-10-09 02:00:02 PROCESO POPPER EMBLUE CONCLUIDO!
2022-10-09 02:00:02 
2022-10-09 02:15:01 ------------------------------------------------------------------------
2022-10-09 02:15:01 ---------------------INICIANDO MASTER POPPER EMBLUE---------------------
2022-10-09 02:15:01 ------------------------------------------------------------------------
2022-10-09 02:15:01 Conexion Establecida a POP3 Server!
2022-10-09 02:15:01 PROCESO POPPER EMBLUE CONCLUIDO!
2022-10-09 02:15:01 
2022-10-09 02:30:01 ------------------------------------------------------------------------
2022-10-09 02:30:01 ---------------------INICIANDO MASTER POPPER EMBLUE---------------------
2022-10-09 02:30:01 ------------------------------------------------------------------------
2022-10-09 02:30:01 Conexion Establecida a POP3 Server!
2022-10-09 02:30:01 PROCESO POPPER EMBLUE CONCLUIDO!
2022-10-09 02:30:01 
2022-10-09 02:45:01 ------------------------------------------------------------------------
2022-10-09 02:45:01 ---------------------INICIANDO MASTER POPPER EMBLUE---------------------
2022-10-09 02:45:01 ------------------------------------------------------------------------
2022-10-09 02:45:01 Conexion Establecida a POP3 Server!
2022-10-09 02:45:01 PROCESO POPPER EMBLUE CONCLUIDO!
2022-10-09 02:45:01 
2022-10-09 03:00:01 ------------------------------------------------------------------------
2022-10-09 03:00:01 ---------------------INICIANDO MASTER POPPER EMBLUE---------------------
2022-10-09 03:00:01 ------------------------------------------------------------------------
2022-10-09 03:00:01 Conexion Establecida a POP3 Server!
2022-10-09 03:00:01 PROCESO POPPER EMBLUE CONCLUIDO!
2022-10-09 03:00:01 
2022-10-09 03:15:01 ------------------------------------------------------------------------
2022-10-09 03:15:01 ---------------------INICIANDO MASTER POPPER EMBLUE---------------------
2022-10-09 03:15:01 ------------------------------------------------------------------------
2022-10-09 03:15:02 Conexion Establecida a POP3 Server!
2022-10-09 03:15:02 PROCESO POPPER EMBLUE CONCLUIDO!
2022-10-09 03:15:02 
2022-10-09 03:30:01 ------------------------------------------------------------------------
2022-10-09 03:30:01 ---------------------INICIANDO MASTER POPPER EMBLUE---------------------
2022-10-09 03:30:01 ------------------------------------------------------------------------
2022-10-09 03:30:01 Conexion Establecida a POP3 Server!
2022-10-09 03:30:01 PROCESO POPPER EMBLUE CONCLUIDO!
2022-10-09 03:30:01 
2022-10-09 03:45:01 ------------------------------------------------------------------------
2022-10-09 03:45:01 ---------------------INICIANDO MASTER POPPER EMBLUE---------------------
2022-10-09 03:45:01 ------------------------------------------------------------------------
2022-10-09 03:45:02 Conexion Establecida a POP3 Server!
2022-10-09 03:45:02 PROCESO POPPER EMBLUE CONCLUIDO!
2022-10-09 03:45:02 
2022-10-09 04:00:01 ------------------------------------------------------------------------
2022-10-09 04:00:01 ---------------------INICIANDO MASTER POPPER EMBLUE---------------------
2022-10-09 04:00:01 ------------------------------------------------------------------------
2022-10-09 04:00:01 Conexion Establecida a POP3 Server!
2022-10-09 04:00:01 PROCESO POPPER EMBLUE CONCLUIDO!
2022-10-09 04:00:01 
2022-10-09 04:15:01 ------------------------------------------------------------------------
2022-10-09 04:15:01 ---------------------INICIANDO MASTER POPPER EMBLUE---------------------
2022-10-09 04:15:01 ------------------------------------------------------------------------
2022-10-09 04:15:01 Conexion Establecida a POP3 Server!
2022-10-09 04:15:01 PROCESO POPPER EMBLUE CONCLUIDO!
2022-10-09 04:15:01 
2022-10-09 04:30:02 ------------------------------------------------------------------------
2022-10-09 04:30:02 ---------------------INICIANDO MASTER POPPER EMBLUE---------------------
2022-10-09 04:30:02 ------------------------------------------------------------------------
2022-10-09 04:30:02 Conexion Establecida a POP3 Server!
2022-10-09 04:30:02 PROCESO POPPER EMBLUE CONCLUIDO!
2022-10-09 04:30:02 
2022-10-09 04:45:01 ------------------------------------------------------------------------
2022-10-09 04:45:01 ---------------------INICIANDO MASTER POPPER EMBLUE---------------------
2022-10-09 04:45:01 ------------------------------------------------------------------------
2022-10-09 04:45:01 Conexion Establecida a POP3 Server!
2022-10-09 04:45:01 PROCESO POPPER EMBLUE CONCLUIDO!
2022-10-09 04:45:01 
2022-10-09 05:00:01 ------------------------------------------------------------------------
2022-10-09 05:00:01 ---------------------INICIANDO MASTER POPPER EMBLUE---------------------
2022-10-09 05:00:01 ------------------------------------------------------------------------
2022-10-09 05:00:01 Conexion Establecida a POP3 Server!
2022-10-09 05:00:01 PROCESO POPPER EMBLUE CONCLUIDO!
2022-10-09 05:00:01 
2022-10-09 05:15:01 ------------------------------------------------------------------------
2022-10-09 05:15:01 ---------------------INICIANDO MASTER POPPER EMBLUE---------------------
2022-10-09 05:15:01 ------------------------------------------------------------------------
2022-10-09 05:15:01 Conexion Establecida a POP3 Server!
2022-10-09 05:15:01 PROCESO POPPER EMBLUE CONCLUIDO!
2022-10-09 05:15:01 
2022-10-09 05:30:02 ------------------------------------------------------------------------
2022-10-09 05:30:02 ---------------------INICIANDO MASTER POPPER EMBLUE---------------------
2022-10-09 05:30:02 ------------------------------------------------------------------------
2022-10-09 05:30:02 Conexion Establecida a POP3 Server!
2022-10-09 05:30:02 PROCESO POPPER EMBLUE CONCLUIDO!
2022-10-09 05:30:02 
2022-10-09 05:45:01 ------------------------------------------------------------------------
2022-10-09 05:45:01 ---------------------INICIANDO MASTER POPPER EMBLUE---------------------
2022-10-09 05:45:01 ------------------------------------------------------------------------
2022-10-09 05:45:01 Conexion Establecida a POP3 Server!
2022-10-09 05:45:01 PROCESO POPPER EMBLUE CONCLUIDO!
2022-10-09 05:45:01 
2022-10-09 06:00:01 ------------------------------------------------------------------------
2022-10-09 06:00:01 ---------------------INICIANDO MASTER POPPER EMBLUE---------------------
2022-10-09 06:00:01 ------------------------------------------------------------------------
2022-10-09 06:00:01 Conexion Establecida a POP3 Server!
2022-10-09 06:00:01 PROCESO POPPER EMBLUE CONCLUIDO!
2022-10-09 06:00:01 
2022-10-09 06:15:01 ------------------------------------------------------------------------
2022-10-09 06:15:01 ---------------------INICIANDO MASTER POPPER EMBLUE---------------------
2022-10-09 06:15:01 ------------------------------------------------------------------------
2022-10-09 06:15:01 Conexion Establecida a POP3 Server!
2022-10-09 06:15:01 PROCESO POPPER EMBLUE CONCLUIDO!
2022-10-09 06:15:01 
2022-10-09 06:30:02 ------------------------------------------------------------------------
2022-10-09 06:30:02 ---------------------INICIANDO MASTER POPPER EMBLUE---------------------
2022-10-09 06:30:02 ------------------------------------------------------------------------
2022-10-09 06:30:02 Conexion Establecida a POP3 Server!
2022-10-09 06:30:02 PROCESO POPPER EMBLUE CONCLUIDO!
2022-10-09 06:30:02 
2022-10-09 06:45:01 ------------------------------------------------------------------------
2022-10-09 06:45:01 ---------------------INICIANDO MASTER POPPER EMBLUE---------------------
2022-10-09 06:45:01 ------------------------------------------------------------------------
2022-10-09 06:45:01 Conexion Establecida a POP3 Server!
2022-10-09 06:45:01 PROCESO POPPER EMBLUE CONCLUIDO!
2022-10-09 06:45:01 
2022-10-09 07:00:01 ------------------------------------------------------------------------
2022-10-09 07:00:01 ---------------------INICIANDO MASTER POPPER EMBLUE---------------------
2022-10-09 07:00:01 ------------------------------------------------------------------------
2022-10-09 07:00:01 Conexion Establecida a POP3 Server!
2022-10-09 07:00:01 PROCESO POPPER EMBLUE CONCLUIDO!
2022-10-09 07:00:01 
2022-10-09 07:15:02 ------------------------------------------------------------------------
2022-10-09 07:15:02 ---------------------INICIANDO MASTER POPPER EMBLUE---------------------
2022-10-09 07:15:02 ------------------------------------------------------------------------
2022-10-09 07:15:02 Conexion Establecida a POP3 Server!
2022-10-09 07:15:02 PROCESO POPPER EMBLUE CONCLUIDO!
2022-10-09 07:15:02 
2022-10-09 07:30:01 ------------------------------------------------------------------------
2022-10-09 07:30:01 ---------------------INICIANDO MASTER POPPER EMBLUE---------------------
2022-10-09 07:30:01 ------------------------------------------------------------------------
2022-10-09 07:30:01 Conexion Establecida a POP3 Server!
2022-10-09 07:30:01 PROCESO POPPER EMBLUE CONCLUIDO!
2022-10-09 07:30:01 
2022-10-09 07:45:02 ------------------------------------------------------------------------
2022-10-09 07:45:02 ---------------------INICIANDO MASTER POPPER EMBLUE---------------------
2022-10-09 07:45:02 ------------------------------------------------------------------------
2022-10-09 07:45:02 Conexion Establecida a POP3 Server!
2022-10-09 07:45:02 PROCESO POPPER EMBLUE CONCLUIDO!
2022-10-09 07:45:02 
2022-10-09 08:00:01 ------------------------------------------------------------------------
2022-10-09 08:00:01 ---------------------INICIANDO MASTER POPPER EMBLUE---------------------
2022-10-09 08:00:01 ------------------------------------------------------------------------
2022-10-09 08:00:01 Conexion Establecida a POP3 Server!
2022-10-09 08:00:01 PROCESO POPPER EMBLUE CONCLUIDO!
2022-10-09 08:00:01 
2022-10-09 08:15:02 ------------------------------------------------------------------------
2022-10-09 08:15:02 ---------------------INICIANDO MASTER POPPER EMBLUE---------------------
2022-10-09 08:15:02 ------------------------------------------------------------------------
2022-10-09 08:15:02 Conexion Establecida a POP3 Server!
2022-10-09 08:15:02 PROCESO POPPER EMBLUE CONCLUIDO!
2022-10-09 08:15:02 
2022-10-09 08:30:01 ------------------------------------------------------------------------
2022-10-09 08:30:01 ---------------------INICIANDO MASTER POPPER EMBLUE---------------------
2022-10-09 08:30:01 ------------------------------------------------------------------------
2022-10-09 08:30:01 Conexion Establecida a POP3 Server!
2022-10-09 08:30:01 PROCESO POPPER EMBLUE CONCLUIDO!
2022-10-09 08:30:01 
2022-10-09 08:45:01 ------------------------------------------------------------------------
2022-10-09 08:45:01 ---------------------INICIANDO MASTER POPPER EMBLUE---------------------
2022-10-09 08:45:01 ------------------------------------------------------------------------
2022-10-09 08:45:01 Conexion Establecida a POP3 Server!
2022-10-09 08:45:01 PROCESO POPPER EMBLUE CONCLUIDO!
2022-10-09 08:45:01 
2022-10-09 09:00:02 ------------------------------------------------------------------------
2022-10-09 09:00:02 ---------------------INICIANDO MASTER POPPER EMBLUE---------------------
2022-10-09 09:00:02 ------------------------------------------------------------------------
2022-10-09 09:00:02 Conexion Establecida a POP3 Server!
2022-10-09 09:00:02 PROCESO POPPER EMBLUE CONCLUIDO!
2022-10-09 09:00:02 
2022-10-09 09:15:01 ------------------------------------------------------------------------
2022-10-09 09:15:01 ---------------------INICIANDO MASTER POPPER EMBLUE---------------------
2022-10-09 09:15:01 ------------------------------------------------------------------------
2022-10-09 09:15:01 Conexion Establecida a POP3 Server!
2022-10-09 09:15:01 PROCESO POPPER EMBLUE CONCLUIDO!
2022-10-09 09:15:01 
2022-10-09 09:30:01 ------------------------------------------------------------------------
2022-10-09 09:30:01 ---------------------INICIANDO MASTER POPPER EMBLUE---------------------
2022-10-09 09:30:01 ------------------------------------------------------------------------
2022-10-09 09:30:01 Conexion Establecida a POP3 Server!
2022-10-09 09:30:01 PROCESO POPPER EMBLUE CONCLUIDO!
2022-10-09 09:30:01 
2022-10-09 09:45:01 ------------------------------------------------------------------------
2022-10-09 09:45:01 ---------------------INICIANDO MASTER POPPER EMBLUE---------------------
2022-10-09 09:45:01 ------------------------------------------------------------------------
2022-10-09 09:45:02 Conexion Establecida a POP3 Server!
2022-10-09 09:45:02 PROCESO POPPER EMBLUE CONCLUIDO!
2022-10-09 09:45:02 
2022-10-09 10:00:01 ------------------------------------------------------------------------
2022-10-09 10:00:01 ---------------------INICIANDO MASTER POPPER EMBLUE---------------------
2022-10-09 10:00:01 ------------------------------------------------------------------------
2022-10-09 10:00:01 Conexion Establecida a POP3 Server!
2022-10-09 10:00:01 PROCESO POPPER EMBLUE CONCLUIDO!
2022-10-09 10:00:01 
2022-10-09 10:15:01 ------------------------------------------------------------------------
2022-10-09 10:15:01 ---------------------INICIANDO MASTER POPPER EMBLUE---------------------
2022-10-09 10:15:01 ------------------------------------------------------------------------
2022-10-09 10:15:01 Conexion Establecida a POP3 Server!
2022-10-09 10:15:01 PROCESO POPPER EMBLUE CONCLUIDO!
2022-10-09 10:15:01 
2022-10-09 10:30:02 ------------------------------------------------------------------------
2022-10-09 10:30:02 ---------------------INICIANDO MASTER POPPER EMBLUE---------------------
2022-10-09 10:30:02 ------------------------------------------------------------------------
2022-10-09 10:30:02 Conexion Establecida a POP3 Server!
2022-10-09 10:30:02 PROCESO POPPER EMBLUE CONCLUIDO!
2022-10-09 10:30:02 
2022-10-09 10:45:01 ------------------------------------------------------------------------
2022-10-09 10:45:01 ---------------------INICIANDO MASTER POPPER EMBLUE---------------------
2022-10-09 10:45:01 ------------------------------------------------------------------------
2022-10-09 10:45:01 Conexion Establecida a POP3 Server!
2022-10-09 10:45:01 PROCESO POPPER EMBLUE CONCLUIDO!
2022-10-09 10:45:01 
2022-10-09 11:00:01 ------------------------------------------------------------------------
2022-10-09 11:00:01 ---------------------INICIANDO MASTER POPPER EMBLUE---------------------
2022-10-09 11:00:01 ------------------------------------------------------------------------
2022-10-09 11:00:01 Conexion Establecida a POP3 Server!
2022-10-09 11:00:01 PROCESO POPPER EMBLUE CONCLUIDO!
2022-10-09 11:00:01 
2022-10-09 11:15:02 ------------------------------------------------------------------------
2022-10-09 11:15:02 ---------------------INICIANDO MASTER POPPER EMBLUE---------------------
2022-10-09 11:15:02 ------------------------------------------------------------------------
2022-10-09 11:15:02 Conexion Establecida a POP3 Server!
2022-10-09 11:15:02 PROCESO POPPER EMBLUE CONCLUIDO!
2022-10-09 11:15:02 
2022-10-09 11:30:01 ------------------------------------------------------------------------
2022-10-09 11:30:01 ---------------------INICIANDO MASTER POPPER EMBLUE---------------------
2022-10-09 11:30:01 ------------------------------------------------------------------------
2022-10-09 11:30:01 Conexion Establecida a POP3 Server!
2022-10-09 11:30:01 PROCESO POPPER EMBLUE CONCLUIDO!
2022-10-09 11:30:01 
2022-10-09 11:45:02 ------------------------------------------------------------------------
2022-10-09 11:45:02 ---------------------INICIANDO MASTER POPPER EMBLUE---------------------
2022-10-09 11:45:02 ------------------------------------------------------------------------
2022-10-09 11:45:02 Conexion Establecida a POP3 Server!
2022-10-09 11:45:02 PROCESO POPPER EMBLUE CONCLUIDO!
2022-10-09 11:45:02 
2022-10-09 12:00:01 ------------------------------------------------------------------------
2022-10-09 12:00:01 ---------------------INICIANDO MASTER POPPER EMBLUE---------------------
2022-10-09 12:00:01 ------------------------------------------------------------------------
2022-10-09 12:00:01 Conexion Establecida a POP3 Server!
2022-10-09 12:00:01 PROCESO POPPER EMBLUE CONCLUIDO!
2022-10-09 12:00:01 
2022-10-09 12:15:02 ------------------------------------------------------------------------
2022-10-09 12:15:02 ---------------------INICIANDO MASTER POPPER EMBLUE---------------------
2022-10-09 12:15:02 ------------------------------------------------------------------------
2022-10-09 12:15:02 Conexion Establecida a POP3 Server!
2022-10-09 12:15:02 PROCESO POPPER EMBLUE CONCLUIDO!
2022-10-09 12:15:02 
2022-10-09 12:30:01 ------------------------------------------------------------------------
2022-10-09 12:30:01 ---------------------INICIANDO MASTER POPPER EMBLUE---------------------
2022-10-09 12:30:01 ------------------------------------------------------------------------
2022-10-09 12:30:01 Conexion Establecida a POP3 Server!
2022-10-09 12:30:01 PROCESO POPPER EMBLUE CONCLUIDO!
2022-10-09 12:30:01 
2022-10-09 12:45:01 ------------------------------------------------------------------------
2022-10-09 12:45:01 ---------------------INICIANDO MASTER POPPER EMBLUE---------------------
2022-10-09 12:45:01 ------------------------------------------------------------------------
2022-10-09 12:45:01 Conexion Establecida a POP3 Server!
2022-10-09 12:45:01 PROCESO POPPER EMBLUE CONCLUIDO!
2022-10-09 12:45:01 
2022-10-09 13:00:01 ------------------------------------------------------------------------
2022-10-09 13:00:01 ---------------------INICIANDO MASTER POPPER EMBLUE---------------------
2022-10-09 13:00:01 ------------------------------------------------------------------------
2022-10-09 13:00:01 Conexion Establecida a POP3 Server!
2022-10-09 13:00:01 PROCESO POPPER EMBLUE CONCLUIDO!
2022-10-09 13:00:01 
2022-10-09 13:15:02 ------------------------------------------------------------------------
2022-10-09 13:15:02 ---------------------INICIANDO MASTER POPPER EMBLUE---------------------
2022-10-09 13:15:02 ------------------------------------------------------------------------
2022-10-09 13:15:02 Conexion Establecida a POP3 Server!
2022-10-09 13:15:02 PROCESO POPPER EMBLUE CONCLUIDO!
2022-10-09 13:15:02 
2022-10-09 13:30:01 ------------------------------------------------------------------------
2022-10-09 13:30:01 ---------------------INICIANDO MASTER POPPER EMBLUE---------------------
2022-10-09 13:30:01 ------------------------------------------------------------------------
2022-10-09 13:30:01 Conexion Establecida a POP3 Server!
2022-10-09 13:30:01 PROCESO POPPER EMBLUE CONCLUIDO!
2022-10-09 13:30:01 
2022-10-09 13:45:01 ------------------------------------------------------------------------
2022-10-09 13:45:01 ---------------------INICIANDO MASTER POPPER EMBLUE---------------------
2022-10-09 13:45:01 ------------------------------------------------------------------------
2022-10-09 13:45:01 Conexion Establecida a POP3 Server!
2022-10-09 13:45:01 PROCESO POPPER EMBLUE CONCLUIDO!
2022-10-09 13:45:01 
2022-10-09 14:00:02 ------------------------------------------------------------------------
2022-10-09 14:00:02 ---------------------INICIANDO MASTER POPPER EMBLUE---------------------
2022-10-09 14:00:02 ------------------------------------------------------------------------
2022-10-09 14:00:02 Conexion Establecida a POP3 Server!
2022-10-09 14:00:02 PROCESO POPPER EMBLUE CONCLUIDO!
2022-10-09 14:00:02 
2022-10-09 14:15:01 ------------------------------------------------------------------------
2022-10-09 14:15:01 ---------------------INICIANDO MASTER POPPER EMBLUE---------------------
2022-10-09 14:15:01 ------------------------------------------------------------------------
2022-10-09 14:15:01 Conexion Establecida a POP3 Server!
2022-10-09 14:15:01 PROCESO POPPER EMBLUE CONCLUIDO!
2022-10-09 14:15:01 
2022-10-09 14:30:02 ------------------------------------------------------------------------
2022-10-09 14:30:02 ---------------------INICIANDO MASTER POPPER EMBLUE---------------------
2022-10-09 14:30:02 ------------------------------------------------------------------------
2022-10-09 14:30:02 Conexion Establecida a POP3 Server!
2022-10-09 14:30:02 PROCESO POPPER EMBLUE CONCLUIDO!
2022-10-09 14:30:02 
2022-10-09 14:45:01 ------------------------------------------------------------------------
2022-10-09 14:45:01 ---------------------INICIANDO MASTER POPPER EMBLUE---------------------
2022-10-09 14:45:01 ------------------------------------------------------------------------
2022-10-09 14:45:01 Conexion Establecida a POP3 Server!
2022-10-09 14:45:01 PROCESO POPPER EMBLUE CONCLUIDO!
2022-10-09 14:45:01 
2022-10-09 15:00:01 ------------------------------------------------------------------------
2022-10-09 15:00:01 ---------------------INICIANDO MASTER POPPER EMBLUE---------------------
2022-10-09 15:00:01 ------------------------------------------------------------------------
2022-10-09 15:00:01 Conexion Establecida a POP3 Server!
2022-10-09 15:00:01 PROCESO POPPER EMBLUE CONCLUIDO!
2022-10-09 15:00:01 
2022-10-09 15:15:02 ------------------------------------------------------------------------
2022-10-09 15:15:02 ---------------------INICIANDO MASTER POPPER EMBLUE---------------------
2022-10-09 15:15:02 ------------------------------------------------------------------------
2022-10-09 15:15:02 Conexion Establecida a POP3 Server!
2022-10-09 15:15:02 PROCESO POPPER EMBLUE CONCLUIDO!
2022-10-09 15:15:02 
2022-10-09 15:30:01 ------------------------------------------------------------------------
2022-10-09 15:30:01 ---------------------INICIANDO MASTER POPPER EMBLUE---------------------
2022-10-09 15:30:01 ------------------------------------------------------------------------
2022-10-09 15:30:01 Conexion Establecida a POP3 Server!
2022-10-09 15:30:01 PROCESO POPPER EMBLUE CONCLUIDO!
2022-10-09 15:30:01 
2022-10-09 15:45:01 ------------------------------------------------------------------------
2022-10-09 15:45:01 ---------------------INICIANDO MASTER POPPER EMBLUE---------------------
2022-10-09 15:45:01 ------------------------------------------------------------------------
2022-10-09 15:45:01 Conexion Establecida a POP3 Server!
2022-10-09 15:45:01 PROCESO POPPER EMBLUE CONCLUIDO!
2022-10-09 15:45:01 
2022-10-09 16:00:01 ------------------------------------------------------------------------
2022-10-09 16:00:01 ---------------------INICIANDO MASTER POPPER EMBLUE---------------------
2022-10-09 16:00:01 ------------------------------------------------------------------------
2022-10-09 16:00:01 Conexion Establecida a POP3 Server!
2022-10-09 16:00:01 PROCESO POPPER EMBLUE CONCLUIDO!
2022-10-09 16:00:01 
2022-10-09 16:15:01 ------------------------------------------------------------------------
2022-10-09 16:15:01 ---------------------INICIANDO MASTER POPPER EMBLUE---------------------
2022-10-09 16:15:01 ------------------------------------------------------------------------
2022-10-09 16:15:01 Conexion Establecida a POP3 Server!
2022-10-09 16:15:01 PROCESO POPPER EMBLUE CONCLUIDO!
2022-10-09 16:15:01 
2022-10-09 16:30:01 ------------------------------------------------------------------------
2022-10-09 16:30:01 ---------------------INICIANDO MASTER POPPER EMBLUE---------------------
2022-10-09 16:30:01 ------------------------------------------------------------------------
2022-10-09 16:30:01 Conexion Establecida a POP3 Server!
2022-10-09 16:30:01 PROCESO POPPER EMBLUE CONCLUIDO!
2022-10-09 16:30:01 
2022-10-09 16:45:01 ------------------------------------------------------------------------
2022-10-09 16:45:01 ---------------------INICIANDO MASTER POPPER EMBLUE---------------------
2022-10-09 16:45:01 ------------------------------------------------------------------------
2022-10-09 16:45:01 Conexion Establecida a POP3 Server!
2022-10-09 16:45:01 PROCESO POPPER EMBLUE CONCLUIDO!
2022-10-09 16:45:01 
2022-10-09 17:00:01 ------------------------------------------------------------------------
2022-10-09 17:00:01 ---------------------INICIANDO MASTER POPPER EMBLUE---------------------
2022-10-09 17:00:01 ------------------------------------------------------------------------
2022-10-09 17:00:01 Conexion Establecida a POP3 Server!
2022-10-09 17:00:01 PROCESO POPPER EMBLUE CONCLUIDO!
2022-10-09 17:00:01 
2022-10-09 17:15:02 ------------------------------------------------------------------------
2022-10-09 17:15:02 ---------------------INICIANDO MASTER POPPER EMBLUE---------------------
2022-10-09 17:15:02 ------------------------------------------------------------------------
2022-10-09 17:15:02 Conexion Establecida a POP3 Server!
2022-10-09 17:15:02 PROCESO POPPER EMBLUE CONCLUIDO!
2022-10-09 17:15:02 
2022-10-09 17:30:01 ------------------------------------------------------------------------
2022-10-09 17:30:01 ---------------------INICIANDO MASTER POPPER EMBLUE---------------------
2022-10-09 17:30:01 ------------------------------------------------------------------------
2022-10-09 17:30:01 Conexion Establecida a POP3 Server!
2022-10-09 17:30:01 PROCESO POPPER EMBLUE CONCLUIDO!
2022-10-09 17:30:01 
2022-10-09 17:45:01 ------------------------------------------------------------------------
2022-10-09 17:45:01 ---------------------INICIANDO MASTER POPPER EMBLUE---------------------
2022-10-09 17:45:01 ------------------------------------------------------------------------
2022-10-09 17:45:01 Conexion Establecida a POP3 Server!
2022-10-09 17:45:01 PROCESO POPPER EMBLUE CONCLUIDO!
2022-10-09 17:45:01 
2022-10-09 18:00:01 ------------------------------------------------------------------------
2022-10-09 18:00:01 ---------------------INICIANDO MASTER POPPER EMBLUE---------------------
2022-10-09 18:00:01 ------------------------------------------------------------------------
2022-10-09 18:00:01 Conexion Establecida a POP3 Server!
2022-10-09 18:00:01 PROCESO POPPER EMBLUE CONCLUIDO!
2022-10-09 18:00:01 
2022-10-09 18:15:01 ------------------------------------------------------------------------
2022-10-09 18:15:01 ---------------------INICIANDO MASTER POPPER EMBLUE---------------------
2022-10-09 18:15:01 ------------------------------------------------------------------------
2022-10-09 18:15:01 Conexion Establecida a POP3 Server!
2022-10-09 18:15:01 PROCESO POPPER EMBLUE CONCLUIDO!
2022-10-09 18:15:01 
2022-10-09 18:30:02 ------------------------------------------------------------------------
2022-10-09 18:30:02 ---------------------INICIANDO MASTER POPPER EMBLUE---------------------
2022-10-09 18:30:02 ------------------------------------------------------------------------
2022-10-09 18:30:02 Conexion Establecida a POP3 Server!
2022-10-09 18:30:02 PROCESO POPPER EMBLUE CONCLUIDO!
2022-10-09 18:30:02 
2022-10-09 18:45:01 ------------------------------------------------------------------------
2022-10-09 18:45:01 ---------------------INICIANDO MASTER POPPER EMBLUE---------------------
2022-10-09 18:45:01 ------------------------------------------------------------------------
2022-10-09 18:45:01 Conexion Establecida a POP3 Server!
2022-10-09 18:45:01 PROCESO POPPER EMBLUE CONCLUIDO!
2022-10-09 18:45:01 
2022-10-09 19:00:01 ------------------------------------------------------------------------
2022-10-09 19:00:01 ---------------------INICIANDO MASTER POPPER EMBLUE---------------------
2022-10-09 19:00:01 ------------------------------------------------------------------------
2022-10-09 19:00:01 Conexion Establecida a POP3 Server!
2022-10-09 19:00:01 PROCESO POPPER EMBLUE CONCLUIDO!
2022-10-09 19:00:01 
2022-10-09 19:15:01 ------------------------------------------------------------------------
2022-10-09 19:15:01 ---------------------INICIANDO MASTER POPPER EMBLUE---------------------
2022-10-09 19:15:01 ------------------------------------------------------------------------
2022-10-09 19:15:01 Conexion Establecida a POP3 Server!
2022-10-09 19:15:01 PROCESO POPPER EMBLUE CONCLUIDO!
2022-10-09 19:15:01 
2022-10-09 19:30:01 ------------------------------------------------------------------------
2022-10-09 19:30:01 ---------------------INICIANDO MASTER POPPER EMBLUE---------------------
2022-10-09 19:30:01 ------------------------------------------------------------------------
2022-10-09 19:30:01 Conexion Establecida a POP3 Server!
2022-10-09 19:30:01 PROCESO POPPER EMBLUE CONCLUIDO!
2022-10-09 19:30:01 
2022-10-09 19:45:01 ------------------------------------------------------------------------
2022-10-09 19:45:01 ---------------------INICIANDO MASTER POPPER EMBLUE---------------------
2022-10-09 19:45:01 ------------------------------------------------------------------------
2022-10-09 19:45:01 Conexion Establecida a POP3 Server!
2022-10-09 19:45:01 PROCESO POPPER EMBLUE CONCLUIDO!
2022-10-09 19:45:01 
2022-10-09 20:00:01 ------------------------------------------------------------------------
2022-10-09 20:00:01 ---------------------INICIANDO MASTER POPPER EMBLUE---------------------
2022-10-09 20:00:01 ------------------------------------------------------------------------
2022-10-09 20:00:01 Conexion Establecida a POP3 Server!
2022-10-09 20:00:01 PROCESO POPPER EMBLUE CONCLUIDO!
2022-10-09 20:00:01 
2022-10-09 20:15:02 ------------------------------------------------------------------------
2022-10-09 20:15:02 ---------------------INICIANDO MASTER POPPER EMBLUE---------------------
2022-10-09 20:15:02 ------------------------------------------------------------------------
2022-10-09 20:15:02 Conexion Establecida a POP3 Server!
2022-10-09 20:15:02 PROCESO POPPER EMBLUE CONCLUIDO!
2022-10-09 20:15:02 
2022-10-09 20:30:01 ------------------------------------------------------------------------
2022-10-09 20:30:01 ---------------------INICIANDO MASTER POPPER EMBLUE---------------------
2022-10-09 20:30:01 ------------------------------------------------------------------------
2022-10-09 20:30:01 Conexion Establecida a POP3 Server!
2022-10-09 20:30:01 PROCESO POPPER EMBLUE CONCLUIDO!
2022-10-09 20:30:01 
2022-10-09 20:45:01 ------------------------------------------------------------------------
2022-10-09 20:45:01 ---------------------INICIANDO MASTER POPPER EMBLUE---------------------
2022-10-09 20:45:01 ------------------------------------------------------------------------
2022-10-09 20:45:01 Conexion Establecida a POP3 Server!
2022-10-09 20:45:01 PROCESO POPPER EMBLUE CONCLUIDO!
2022-10-09 20:45:01 
2022-10-09 21:00:01 ------------------------------------------------------------------------
2022-10-09 21:00:01 ---------------------INICIANDO MASTER POPPER EMBLUE---------------------
2022-10-09 21:00:01 ------------------------------------------------------------------------
2022-10-09 21:00:02 Conexion Establecida a POP3 Server!
2022-10-09 21:00:02 PROCESO POPPER EMBLUE CONCLUIDO!
2022-10-09 21:00:02 
2022-10-09 21:15:01 ------------------------------------------------------------------------
2022-10-09 21:15:01 ---------------------INICIANDO MASTER POPPER EMBLUE---------------------
2022-10-09 21:15:01 ------------------------------------------------------------------------
2022-10-09 21:15:01 Conexion Establecida a POP3 Server!
2022-10-09 21:15:01 PROCESO POPPER EMBLUE CONCLUIDO!
2022-10-09 21:15:01 
2022-10-09 21:30:02 ------------------------------------------------------------------------
2022-10-09 21:30:02 ---------------------INICIANDO MASTER POPPER EMBLUE---------------------
2022-10-09 21:30:02 ------------------------------------------------------------------------
2022-10-09 21:30:02 Conexion Establecida a POP3 Server!
2022-10-09 21:30:02 PROCESO POPPER EMBLUE CONCLUIDO!
2022-10-09 21:30:02 
2022-10-09 21:45:01 ------------------------------------------------------------------------
2022-10-09 21:45:01 ---------------------INICIANDO MASTER POPPER EMBLUE---------------------
2022-10-09 21:45:01 ------------------------------------------------------------------------
2022-10-09 21:45:01 Conexion Establecida a POP3 Server!
2022-10-09 21:45:01 PROCESO POPPER EMBLUE CONCLUIDO!
2022-10-09 21:45:01 
2022-10-09 22:00:01 ------------------------------------------------------------------------
2022-10-09 22:00:01 ---------------------INICIANDO MASTER POPPER EMBLUE---------------------
2022-10-09 22:00:01 ------------------------------------------------------------------------
2022-10-09 22:00:01 Conexion Establecida a POP3 Server!
2022-10-09 22:00:01 PROCESO POPPER EMBLUE CONCLUIDO!
2022-10-09 22:00:01 
2022-10-09 22:15:02 ------------------------------------------------------------------------
2022-10-09 22:15:02 ---------------------INICIANDO MASTER POPPER EMBLUE---------------------
2022-10-09 22:15:02 ------------------------------------------------------------------------
2022-10-09 22:15:02 Conexion Establecida a POP3 Server!
2022-10-09 22:15:02 PROCESO POPPER EMBLUE CONCLUIDO!
2022-10-09 22:15:02 
2022-10-09 22:30:01 ------------------------------------------------------------------------
2022-10-09 22:30:01 ---------------------INICIANDO MASTER POPPER EMBLUE---------------------
2022-10-09 22:30:01 ------------------------------------------------------------------------
2022-10-09 22:30:01 Conexion Establecida a POP3 Server!
2022-10-09 22:30:01 PROCESO POPPER EMBLUE CONCLUIDO!
2022-10-09 22:30:01 
2022-10-09 22:45:01 ------------------------------------------------------------------------
2022-10-09 22:45:01 ---------------------INICIANDO MASTER POPPER EMBLUE---------------------
2022-10-09 22:45:01 ------------------------------------------------------------------------
2022-10-09 22:45:01 Conexion Establecida a POP3 Server!
2022-10-09 22:45:01 PROCESO POPPER EMBLUE CONCLUIDO!
2022-10-09 22:45:01 
2022-10-09 23:00:01 ------------------------------------------------------------------------
2022-10-09 23:00:01 ---------------------INICIANDO MASTER POPPER EMBLUE---------------------
2022-10-09 23:00:01 ------------------------------------------------------------------------
2022-10-09 23:00:01 Conexion Establecida a POP3 Server!
2022-10-09 23:00:01 PROCESO POPPER EMBLUE CONCLUIDO!
2022-10-09 23:00:01 
2022-10-09 23:15:01 ------------------------------------------------------------------------
2022-10-09 23:15:01 ---------------------INICIANDO MASTER POPPER EMBLUE---------------------
2022-10-09 23:15:01 ------------------------------------------------------------------------
2022-10-09 23:15:01 Conexion Establecida a POP3 Server!
2022-10-09 23:15:01 PROCESO POPPER EMBLUE CONCLUIDO!
2022-10-09 23:15:01 
2022-10-09 23:30:02 ------------------------------------------------------------------------
2022-10-09 23:30:02 ---------------------INICIANDO MASTER POPPER EMBLUE---------------------
2022-10-09 23:30:02 ------------------------------------------------------------------------
2022-10-09 23:30:02 Conexion Establecida a POP3 Server!
2022-10-09 23:30:02 PROCESO POPPER EMBLUE CONCLUIDO!
2022-10-09 23:30:02 
2022-10-09 23:45:02 ------------------------------------------------------------------------
2022-10-09 23:45:02 ---------------------INICIANDO MASTER POPPER EMBLUE---------------------
2022-10-09 23:45:02 ------------------------------------------------------------------------
2022-10-09 23:45:02 Conexion Establecida a POP3 Server!
2022-10-09 23:45:02 PROCESO POPPER EMBLUE CONCLUIDO!
2022-10-09 23:45:02 
