2022-10-25 00:00:01 ------------------------------------------------------------------------
2022-10-25 00:00:01 ---------------------INICIANDO MASTER POPPER EMBLUE---------------------
2022-10-25 00:00:01 ------------------------------------------------------------------------
2022-10-25 00:00:01 Conexion Establecida a POP3 Server!
2022-10-25 00:00:01 PROCESO POPPER EMBLUE CONCLUIDO!
2022-10-25 00:00:01 
2022-10-25 00:15:01 ------------------------------------------------------------------------
2022-10-25 00:15:01 ---------------------INICIANDO MASTER POPPER EMBLUE---------------------
2022-10-25 00:15:01 ------------------------------------------------------------------------
2022-10-25 00:15:01 Conexion Establecida a POP3 Server!
2022-10-25 00:15:01 PROCESO POPPER EMBLUE CONCLUIDO!
2022-10-25 00:15:01 
2022-10-25 00:30:01 ------------------------------------------------------------------------
2022-10-25 00:30:01 ---------------------INICIANDO MASTER POPPER EMBLUE---------------------
2022-10-25 00:30:01 ------------------------------------------------------------------------
2022-10-25 00:30:02 Conexion Establecida a POP3 Server!
2022-10-25 00:30:02 PROCESO POPPER EMBLUE CONCLUIDO!
2022-10-25 00:30:02 
2022-10-25 00:45:01 ------------------------------------------------------------------------
2022-10-25 00:45:01 ---------------------INICIANDO MASTER POPPER EMBLUE---------------------
2022-10-25 00:45:01 ------------------------------------------------------------------------
2022-10-25 00:45:01 Conexion Establecida a POP3 Server!
2022-10-25 00:45:01 PROCESO POPPER EMBLUE CONCLUIDO!
2022-10-25 00:45:01 
2022-10-25 01:00:02 ------------------------------------------------------------------------
2022-10-25 01:00:02 ---------------------INICIANDO MASTER POPPER EMBLUE---------------------
2022-10-25 01:00:02 ------------------------------------------------------------------------
2022-10-25 01:00:02 Conexion Establecida a POP3 Server!
2022-10-25 01:00:02 PROCESO POPPER EMBLUE CONCLUIDO!
2022-10-25 01:00:02 
2022-10-25 01:15:01 ------------------------------------------------------------------------
2022-10-25 01:15:01 ---------------------INICIANDO MASTER POPPER EMBLUE---------------------
2022-10-25 01:15:01 ------------------------------------------------------------------------
2022-10-25 01:15:01 Conexion Establecida a POP3 Server!
2022-10-25 01:15:01 PROCESO POPPER EMBLUE CONCLUIDO!
2022-10-25 01:15:01 
2022-10-25 01:30:01 ------------------------------------------------------------------------
2022-10-25 01:30:01 ---------------------INICIANDO MASTER POPPER EMBLUE---------------------
2022-10-25 01:30:01 ------------------------------------------------------------------------
2022-10-25 01:30:01 Conexion Establecida a POP3 Server!
2022-10-25 01:30:01 PROCESO POPPER EMBLUE CONCLUIDO!
2022-10-25 01:30:01 
2022-10-25 01:45:01 ------------------------------------------------------------------------
2022-10-25 01:45:01 ---------------------INICIANDO MASTER POPPER EMBLUE---------------------
2022-10-25 01:45:01 ------------------------------------------------------------------------
2022-10-25 01:45:01 Conexion Establecida a POP3 Server!
2022-10-25 01:45:01 PROCESO POPPER EMBLUE CONCLUIDO!
2022-10-25 01:45:01 
2022-10-25 02:00:01 ------------------------------------------------------------------------
2022-10-25 02:00:01 ---------------------INICIANDO MASTER POPPER EMBLUE---------------------
2022-10-25 02:00:01 ------------------------------------------------------------------------
2022-10-25 02:00:01 Conexion Establecida a POP3 Server!
2022-10-25 02:00:01 PROCESO POPPER EMBLUE CONCLUIDO!
2022-10-25 02:00:01 
2022-10-25 02:15:02 ------------------------------------------------------------------------
2022-10-25 02:15:02 ---------------------INICIANDO MASTER POPPER EMBLUE---------------------
2022-10-25 02:15:02 ------------------------------------------------------------------------
2022-10-25 02:15:02 Conexion Establecida a POP3 Server!
2022-10-25 02:15:02 PROCESO POPPER EMBLUE CONCLUIDO!
2022-10-25 02:15:02 
2022-10-25 02:30:01 ------------------------------------------------------------------------
2022-10-25 02:30:01 ---------------------INICIANDO MASTER POPPER EMBLUE---------------------
2022-10-25 02:30:01 ------------------------------------------------------------------------
2022-10-25 02:30:01 Conexion Establecida a POP3 Server!
2022-10-25 02:30:01 PROCESO POPPER EMBLUE CONCLUIDO!
2022-10-25 02:30:01 
2022-10-25 02:45:01 ------------------------------------------------------------------------
2022-10-25 02:45:01 ---------------------INICIANDO MASTER POPPER EMBLUE---------------------
2022-10-25 02:45:01 ------------------------------------------------------------------------
2022-10-25 02:45:01 Conexion Establecida a POP3 Server!
2022-10-25 02:45:01 PROCESO POPPER EMBLUE CONCLUIDO!
2022-10-25 02:45:01 
2022-10-25 03:00:02 ------------------------------------------------------------------------
2022-10-25 03:00:02 ---------------------INICIANDO MASTER POPPER EMBLUE---------------------
2022-10-25 03:00:02 ------------------------------------------------------------------------
2022-10-25 03:00:02 Conexion Establecida a POP3 Server!
2022-10-25 03:00:02 PROCESO POPPER EMBLUE CONCLUIDO!
2022-10-25 03:00:02 
2022-10-25 03:15:01 ------------------------------------------------------------------------
2022-10-25 03:15:01 ---------------------INICIANDO MASTER POPPER EMBLUE---------------------
2022-10-25 03:15:01 ------------------------------------------------------------------------
2022-10-25 03:15:01 Conexion Establecida a POP3 Server!
2022-10-25 03:15:01 PROCESO POPPER EMBLUE CONCLUIDO!
2022-10-25 03:15:01 
2022-10-25 03:30:01 ------------------------------------------------------------------------
2022-10-25 03:30:01 ---------------------INICIANDO MASTER POPPER EMBLUE---------------------
2022-10-25 03:30:01 ------------------------------------------------------------------------
2022-10-25 03:30:01 Conexion Establecida a POP3 Server!
2022-10-25 03:30:01 PROCESO POPPER EMBLUE CONCLUIDO!
2022-10-25 03:30:01 
2022-10-25 03:45:02 ------------------------------------------------------------------------
2022-10-25 03:45:02 ---------------------INICIANDO MASTER POPPER EMBLUE---------------------
2022-10-25 03:45:02 ------------------------------------------------------------------------
2022-10-25 03:45:02 Conexion Establecida a POP3 Server!
2022-10-25 03:45:02 PROCESO POPPER EMBLUE CONCLUIDO!
2022-10-25 03:45:02 
2022-10-25 04:00:01 ------------------------------------------------------------------------
2022-10-25 04:00:01 ---------------------INICIANDO MASTER POPPER EMBLUE---------------------
2022-10-25 04:00:01 ------------------------------------------------------------------------
2022-10-25 04:00:01 Conexion Establecida a POP3 Server!
2022-10-25 04:00:01 PROCESO POPPER EMBLUE CONCLUIDO!
2022-10-25 04:00:01 
2022-10-25 04:15:02 ------------------------------------------------------------------------
2022-10-25 04:15:02 ---------------------INICIANDO MASTER POPPER EMBLUE---------------------
2022-10-25 04:15:02 ------------------------------------------------------------------------
2022-10-25 04:15:02 Conexion Establecida a POP3 Server!
2022-10-25 04:15:02 PROCESO POPPER EMBLUE CONCLUIDO!
2022-10-25 04:15:02 
2022-10-25 04:30:01 ------------------------------------------------------------------------
2022-10-25 04:30:01 ---------------------INICIANDO MASTER POPPER EMBLUE---------------------
2022-10-25 04:30:01 ------------------------------------------------------------------------
2022-10-25 04:30:01 Conexion Establecida a POP3 Server!
2022-10-25 04:30:01 PROCESO POPPER EMBLUE CONCLUIDO!
2022-10-25 04:30:01 
2022-10-25 04:45:02 ------------------------------------------------------------------------
2022-10-25 04:45:02 ---------------------INICIANDO MASTER POPPER EMBLUE---------------------
2022-10-25 04:45:02 ------------------------------------------------------------------------
2022-10-25 04:45:02 Conexion Establecida a POP3 Server!
2022-10-25 04:45:02 PROCESO POPPER EMBLUE CONCLUIDO!
2022-10-25 04:45:02 
2022-10-25 05:00:01 ------------------------------------------------------------------------
2022-10-25 05:00:01 ---------------------INICIANDO MASTER POPPER EMBLUE---------------------
2022-10-25 05:00:01 ------------------------------------------------------------------------
2022-10-25 05:00:01 Conexion Establecida a POP3 Server!
2022-10-25 05:00:01 PROCESO POPPER EMBLUE CONCLUIDO!
2022-10-25 05:00:01 
2022-10-25 05:15:02 ------------------------------------------------------------------------
2022-10-25 05:15:02 ---------------------INICIANDO MASTER POPPER EMBLUE---------------------
2022-10-25 05:15:02 ------------------------------------------------------------------------
2022-10-25 05:15:02 Conexion Establecida a POP3 Server!
2022-10-25 05:15:02 PROCESO POPPER EMBLUE CONCLUIDO!
2022-10-25 05:15:02 
2022-10-25 05:30:01 ------------------------------------------------------------------------
2022-10-25 05:30:01 ---------------------INICIANDO MASTER POPPER EMBLUE---------------------
2022-10-25 05:30:01 ------------------------------------------------------------------------
2022-10-25 05:30:01 Conexion Establecida a POP3 Server!
2022-10-25 05:30:01 PROCESO POPPER EMBLUE CONCLUIDO!
2022-10-25 05:30:01 
2022-10-25 05:45:01 ------------------------------------------------------------------------
2022-10-25 05:45:01 ---------------------INICIANDO MASTER POPPER EMBLUE---------------------
2022-10-25 05:45:01 ------------------------------------------------------------------------
2022-10-25 05:45:01 Conexion Establecida a POP3 Server!
2022-10-25 05:45:01 PROCESO POPPER EMBLUE CONCLUIDO!
2022-10-25 05:45:01 
2022-10-25 06:00:01 ------------------------------------------------------------------------
2022-10-25 06:00:01 ---------------------INICIANDO MASTER POPPER EMBLUE---------------------
2022-10-25 06:00:01 ------------------------------------------------------------------------
2022-10-25 06:00:02 Conexion Establecida a POP3 Server!
2022-10-25 06:00:02 PROCESO POPPER EMBLUE CONCLUIDO!
2022-10-25 06:00:02 
2022-10-25 06:15:01 ------------------------------------------------------------------------
2022-10-25 06:15:01 ---------------------INICIANDO MASTER POPPER EMBLUE---------------------
2022-10-25 06:15:01 ------------------------------------------------------------------------
2022-10-25 06:15:02 Conexion Establecida a POP3 Server!
2022-10-25 06:15:02 PROCESO POPPER EMBLUE CONCLUIDO!
2022-10-25 06:15:02 
2022-10-25 06:30:01 ------------------------------------------------------------------------
2022-10-25 06:30:01 ---------------------INICIANDO MASTER POPPER EMBLUE---------------------
2022-10-25 06:30:01 ------------------------------------------------------------------------
2022-10-25 06:30:01 Conexion Establecida a POP3 Server!
2022-10-25 06:30:01 PROCESO POPPER EMBLUE CONCLUIDO!
2022-10-25 06:30:01 
2022-10-25 06:45:01 ------------------------------------------------------------------------
2022-10-25 06:45:01 ---------------------INICIANDO MASTER POPPER EMBLUE---------------------
2022-10-25 06:45:01 ------------------------------------------------------------------------
2022-10-25 06:45:01 Conexion Establecida a POP3 Server!
2022-10-25 06:45:01 PROCESO POPPER EMBLUE CONCLUIDO!
2022-10-25 06:45:01 
2022-10-25 07:00:01 ------------------------------------------------------------------------
2022-10-25 07:00:01 ---------------------INICIANDO MASTER POPPER EMBLUE---------------------
2022-10-25 07:00:01 ------------------------------------------------------------------------
2022-10-25 07:00:01 Conexion Establecida a POP3 Server!
2022-10-25 07:00:01 PROCESO POPPER EMBLUE CONCLUIDO!
2022-10-25 07:00:01 
2022-10-25 07:15:01 ------------------------------------------------------------------------
2022-10-25 07:15:01 ---------------------INICIANDO MASTER POPPER EMBLUE---------------------
2022-10-25 07:15:01 ------------------------------------------------------------------------
2022-10-25 07:15:01 Conexion Establecida a POP3 Server!
2022-10-25 07:15:01 PROCESO POPPER EMBLUE CONCLUIDO!
2022-10-25 07:15:01 
2022-10-25 07:30:02 ------------------------------------------------------------------------
2022-10-25 07:30:02 ---------------------INICIANDO MASTER POPPER EMBLUE---------------------
2022-10-25 07:30:02 ------------------------------------------------------------------------
2022-10-25 07:30:02 Conexion Establecida a POP3 Server!
2022-10-25 07:30:02 PROCESO POPPER EMBLUE CONCLUIDO!
2022-10-25 07:30:02 
2022-10-25 07:45:01 ------------------------------------------------------------------------
2022-10-25 07:45:01 ---------------------INICIANDO MASTER POPPER EMBLUE---------------------
2022-10-25 07:45:01 ------------------------------------------------------------------------
2022-10-25 07:45:01 Conexion Establecida a POP3 Server!
2022-10-25 07:45:01 PROCESO POPPER EMBLUE CONCLUIDO!
2022-10-25 07:45:01 
2022-10-25 08:00:01 ------------------------------------------------------------------------
2022-10-25 08:00:01 ---------------------INICIANDO MASTER POPPER EMBLUE---------------------
2022-10-25 08:00:01 ------------------------------------------------------------------------
2022-10-25 08:00:01 Conexion Establecida a POP3 Server!
2022-10-25 08:00:02 PROCESO POPPER EMBLUE CONCLUIDO!
2022-10-25 08:00:02 
2022-10-25 08:15:01 ------------------------------------------------------------------------
2022-10-25 08:15:01 ---------------------INICIANDO MASTER POPPER EMBLUE---------------------
2022-10-25 08:15:01 ------------------------------------------------------------------------
2022-10-25 08:15:01 Conexion Establecida a POP3 Server!
2022-10-25 08:15:01 PROCESO POPPER EMBLUE CONCLUIDO!
2022-10-25 08:15:01 
2022-10-25 08:30:02 ------------------------------------------------------------------------
2022-10-25 08:30:02 ---------------------INICIANDO MASTER POPPER EMBLUE---------------------
2022-10-25 08:30:02 ------------------------------------------------------------------------
2022-10-25 08:30:02 Conexion Establecida a POP3 Server!
2022-10-25 08:30:02 PROCESO POPPER EMBLUE CONCLUIDO!
2022-10-25 08:30:02 
2022-10-25 08:45:01 ------------------------------------------------------------------------
2022-10-25 08:45:01 ---------------------INICIANDO MASTER POPPER EMBLUE---------------------
2022-10-25 08:45:01 ------------------------------------------------------------------------
2022-10-25 08:45:01 Conexion Establecida a POP3 Server!
2022-10-25 08:45:01 PROCESO POPPER EMBLUE CONCLUIDO!
2022-10-25 08:45:01 
2022-10-25 09:00:01 ------------------------------------------------------------------------
2022-10-25 09:00:01 ---------------------INICIANDO MASTER POPPER EMBLUE---------------------
2022-10-25 09:00:01 ------------------------------------------------------------------------
2022-10-25 09:00:01 Conexion Establecida a POP3 Server!
2022-10-25 09:00:01 PROCESO POPPER EMBLUE CONCLUIDO!
2022-10-25 09:00:01 
2022-10-25 09:15:02 ------------------------------------------------------------------------
2022-10-25 09:15:02 ---------------------INICIANDO MASTER POPPER EMBLUE---------------------
2022-10-25 09:15:02 ------------------------------------------------------------------------
2022-10-25 09:15:02 Conexion Establecida a POP3 Server!
2022-10-25 09:15:02 PROCESO POPPER EMBLUE CONCLUIDO!
2022-10-25 09:15:02 
2022-10-25 09:30:01 ------------------------------------------------------------------------
2022-10-25 09:30:01 ---------------------INICIANDO MASTER POPPER EMBLUE---------------------
2022-10-25 09:30:01 ------------------------------------------------------------------------
2022-10-25 09:30:01 Conexion Establecida a POP3 Server!
2022-10-25 09:30:01 PROCESO POPPER EMBLUE CONCLUIDO!
2022-10-25 09:30:01 
2022-10-25 09:45:02 ------------------------------------------------------------------------
2022-10-25 09:45:02 ---------------------INICIANDO MASTER POPPER EMBLUE---------------------
2022-10-25 09:45:02 ------------------------------------------------------------------------
2022-10-25 09:45:02 Conexion Establecida a POP3 Server!
2022-10-25 09:45:02 PROCESO POPPER EMBLUE CONCLUIDO!
2022-10-25 09:45:02 
2022-10-25 10:00:01 ------------------------------------------------------------------------
2022-10-25 10:00:01 ---------------------INICIANDO MASTER POPPER EMBLUE---------------------
2022-10-25 10:00:01 ------------------------------------------------------------------------
2022-10-25 10:00:02 Conexion Establecida a POP3 Server!
2022-10-25 10:00:02 PROCESO POPPER EMBLUE CONCLUIDO!
2022-10-25 10:00:02 
2022-10-25 10:15:01 ------------------------------------------------------------------------
2022-10-25 10:15:01 ---------------------INICIANDO MASTER POPPER EMBLUE---------------------
2022-10-25 10:15:01 ------------------------------------------------------------------------
2022-10-25 10:15:01 Conexion Establecida a POP3 Server!
2022-10-25 10:15:01 PROCESO POPPER EMBLUE CONCLUIDO!
2022-10-25 10:15:01 
2022-10-25 10:30:01 ------------------------------------------------------------------------
2022-10-25 10:30:01 ---------------------INICIANDO MASTER POPPER EMBLUE---------------------
2022-10-25 10:30:01 ------------------------------------------------------------------------
2022-10-25 10:30:01 Conexion Establecida a POP3 Server!
2022-10-25 10:30:01 PROCESO POPPER EMBLUE CONCLUIDO!
2022-10-25 10:30:01 
2022-10-25 10:45:02 ------------------------------------------------------------------------
2022-10-25 10:45:02 ---------------------INICIANDO MASTER POPPER EMBLUE---------------------
2022-10-25 10:45:02 ------------------------------------------------------------------------
2022-10-25 10:45:02 Conexion Establecida a POP3 Server!
2022-10-25 10:45:02 PROCESO POPPER EMBLUE CONCLUIDO!
2022-10-25 10:45:02 
2022-10-25 11:00:01 ------------------------------------------------------------------------
2022-10-25 11:00:01 ---------------------INICIANDO MASTER POPPER EMBLUE---------------------
2022-10-25 11:00:01 ------------------------------------------------------------------------
2022-10-25 11:00:01 Conexion Establecida a POP3 Server!
2022-10-25 11:00:01 PROCESO POPPER EMBLUE CONCLUIDO!
2022-10-25 11:00:01 
2022-10-25 11:15:01 ------------------------------------------------------------------------
2022-10-25 11:15:01 ---------------------INICIANDO MASTER POPPER EMBLUE---------------------
2022-10-25 11:15:01 ------------------------------------------------------------------------
2022-10-25 11:15:01 Conexion Establecida a POP3 Server!
2022-10-25 11:15:01 PROCESO POPPER EMBLUE CONCLUIDO!
2022-10-25 11:15:01 
2022-10-25 11:30:02 ------------------------------------------------------------------------
2022-10-25 11:30:02 ---------------------INICIANDO MASTER POPPER EMBLUE---------------------
2022-10-25 11:30:02 ------------------------------------------------------------------------
2022-10-25 11:30:02 Conexion Establecida a POP3 Server!
2022-10-25 11:30:02 PROCESO POPPER EMBLUE CONCLUIDO!
2022-10-25 11:30:02 
2022-10-25 11:45:01 ------------------------------------------------------------------------
2022-10-25 11:45:01 ---------------------INICIANDO MASTER POPPER EMBLUE---------------------
2022-10-25 11:45:01 ------------------------------------------------------------------------
2022-10-25 11:45:01 Conexion Establecida a POP3 Server!
2022-10-25 11:45:01 PROCESO POPPER EMBLUE CONCLUIDO!
2022-10-25 11:45:01 
2022-10-25 12:00:02 ------------------------------------------------------------------------
2022-10-25 12:00:02 ---------------------INICIANDO MASTER POPPER EMBLUE---------------------
2022-10-25 12:00:02 ------------------------------------------------------------------------
2022-10-25 12:00:02 Conexion Establecida a POP3 Server!
2022-10-25 12:00:02 PROCESO POPPER EMBLUE CONCLUIDO!
2022-10-25 12:00:02 
2022-10-25 12:15:01 ------------------------------------------------------------------------
2022-10-25 12:15:01 ---------------------INICIANDO MASTER POPPER EMBLUE---------------------
2022-10-25 12:15:01 ------------------------------------------------------------------------
2022-10-25 12:15:01 Conexion Establecida a POP3 Server!
2022-10-25 12:15:01 PROCESO POPPER EMBLUE CONCLUIDO!
2022-10-25 12:15:01 
2022-10-25 12:30:01 ------------------------------------------------------------------------
2022-10-25 12:30:01 ---------------------INICIANDO MASTER POPPER EMBLUE---------------------
2022-10-25 12:30:01 ------------------------------------------------------------------------
2022-10-25 12:30:01 Conexion Establecida a POP3 Server!
2022-10-25 12:30:01 PROCESO POPPER EMBLUE CONCLUIDO!
2022-10-25 12:30:01 
2022-10-25 12:45:02 ------------------------------------------------------------------------
2022-10-25 12:45:02 ---------------------INICIANDO MASTER POPPER EMBLUE---------------------
2022-10-25 12:45:02 ------------------------------------------------------------------------
2022-10-25 12:45:02 Conexion Establecida a POP3 Server!
2022-10-25 12:45:02 PROCESO POPPER EMBLUE CONCLUIDO!
2022-10-25 12:45:02 
2022-10-25 13:00:02 ------------------------------------------------------------------------
2022-10-25 13:00:02 ---------------------INICIANDO MASTER POPPER EMBLUE---------------------
2022-10-25 13:00:02 ------------------------------------------------------------------------
2022-10-25 13:00:02 Conexion Establecida a POP3 Server!
2022-10-25 13:00:02 PROCESO POPPER EMBLUE CONCLUIDO!
2022-10-25 13:00:02 
2022-10-25 13:15:01 ------------------------------------------------------------------------
2022-10-25 13:15:01 ---------------------INICIANDO MASTER POPPER EMBLUE---------------------
2022-10-25 13:15:01 ------------------------------------------------------------------------
2022-10-25 13:15:01 Conexion Establecida a POP3 Server!
2022-10-25 13:15:01 PROCESO POPPER EMBLUE CONCLUIDO!
2022-10-25 13:15:01 
2022-10-25 13:30:01 ------------------------------------------------------------------------
2022-10-25 13:30:01 ---------------------INICIANDO MASTER POPPER EMBLUE---------------------
2022-10-25 13:30:01 ------------------------------------------------------------------------
2022-10-25 13:30:01 Conexion Establecida a POP3 Server!
2022-10-25 13:30:01 PROCESO POPPER EMBLUE CONCLUIDO!
2022-10-25 13:30:01 
2022-10-25 13:45:01 ------------------------------------------------------------------------
2022-10-25 13:45:01 ---------------------INICIANDO MASTER POPPER EMBLUE---------------------
2022-10-25 13:45:01 ------------------------------------------------------------------------
2022-10-25 13:45:01 Conexion Establecida a POP3 Server!
2022-10-25 13:45:01 PROCESO POPPER EMBLUE CONCLUIDO!
2022-10-25 13:45:01 
2022-10-25 14:00:01 ------------------------------------------------------------------------
2022-10-25 14:00:01 ---------------------INICIANDO MASTER POPPER EMBLUE---------------------
2022-10-25 14:00:01 ------------------------------------------------------------------------
2022-10-25 14:00:01 Conexion Establecida a POP3 Server!
2022-10-25 14:00:01 PROCESO POPPER EMBLUE CONCLUIDO!
2022-10-25 14:00:01 
2022-10-25 14:15:01 ------------------------------------------------------------------------
2022-10-25 14:15:01 ---------------------INICIANDO MASTER POPPER EMBLUE---------------------
2022-10-25 14:15:01 ------------------------------------------------------------------------
2022-10-25 14:15:02 Conexion Establecida a POP3 Server!
2022-10-25 14:15:02 PROCESO POPPER EMBLUE CONCLUIDO!
2022-10-25 14:15:02 
2022-10-25 14:30:01 ------------------------------------------------------------------------
2022-10-25 14:30:01 ---------------------INICIANDO MASTER POPPER EMBLUE---------------------
2022-10-25 14:30:01 ------------------------------------------------------------------------
2022-10-25 14:30:01 Conexion Establecida a POP3 Server!
2022-10-25 14:30:01 PROCESO POPPER EMBLUE CONCLUIDO!
2022-10-25 14:30:01 
2022-10-25 14:45:02 ------------------------------------------------------------------------
2022-10-25 14:45:02 ---------------------INICIANDO MASTER POPPER EMBLUE---------------------
2022-10-25 14:45:02 ------------------------------------------------------------------------
2022-10-25 14:45:02 Conexion Establecida a POP3 Server!
2022-10-25 14:45:02 PROCESO POPPER EMBLUE CONCLUIDO!
2022-10-25 14:45:02 
2022-10-25 15:00:02 ------------------------------------------------------------------------
2022-10-25 15:00:02 ---------------------INICIANDO MASTER POPPER EMBLUE---------------------
2022-10-25 15:00:02 ------------------------------------------------------------------------
2022-10-25 15:00:02 Conexion Establecida a POP3 Server!
2022-10-25 15:00:02 PROCESO POPPER EMBLUE CONCLUIDO!
2022-10-25 15:00:02 
2022-10-25 15:15:02 ------------------------------------------------------------------------
2022-10-25 15:15:02 ---------------------INICIANDO MASTER POPPER EMBLUE---------------------
2022-10-25 15:15:02 ------------------------------------------------------------------------
2022-10-25 15:15:02 Conexion Establecida a POP3 Server!
2022-10-25 15:15:02 PROCESO POPPER EMBLUE CONCLUIDO!
2022-10-25 15:15:02 
2022-10-25 15:30:01 ------------------------------------------------------------------------
2022-10-25 15:30:01 ---------------------INICIANDO MASTER POPPER EMBLUE---------------------
2022-10-25 15:30:01 ------------------------------------------------------------------------
2022-10-25 15:30:01 Conexion Establecida a POP3 Server!
2022-10-25 15:30:01 PROCESO POPPER EMBLUE CONCLUIDO!
2022-10-25 15:30:01 
2022-10-25 15:45:01 ------------------------------------------------------------------------
2022-10-25 15:45:01 ---------------------INICIANDO MASTER POPPER EMBLUE---------------------
2022-10-25 15:45:01 ------------------------------------------------------------------------
2022-10-25 15:45:02 Conexion Establecida a POP3 Server!
2022-10-25 15:45:02 PROCESO POPPER EMBLUE CONCLUIDO!
2022-10-25 15:45:02 
2022-10-25 16:00:01 ------------------------------------------------------------------------
2022-10-25 16:00:01 ---------------------INICIANDO MASTER POPPER EMBLUE---------------------
2022-10-25 16:00:01 ------------------------------------------------------------------------
2022-10-25 16:00:01 Conexion Establecida a POP3 Server!
2022-10-25 16:00:01 PROCESO POPPER EMBLUE CONCLUIDO!
2022-10-25 16:00:01 
2022-10-25 16:15:01 ------------------------------------------------------------------------
2022-10-25 16:15:01 ---------------------INICIANDO MASTER POPPER EMBLUE---------------------
2022-10-25 16:15:01 ------------------------------------------------------------------------
2022-10-25 16:15:01 Conexion Establecida a POP3 Server!
2022-10-25 16:15:01 PROCESO POPPER EMBLUE CONCLUIDO!
2022-10-25 16:15:01 
2022-10-25 16:30:02 ------------------------------------------------------------------------
2022-10-25 16:30:02 ---------------------INICIANDO MASTER POPPER EMBLUE---------------------
2022-10-25 16:30:02 ------------------------------------------------------------------------
2022-10-25 16:30:02 Conexion Establecida a POP3 Server!
2022-10-25 16:30:02 PROCESO POPPER EMBLUE CONCLUIDO!
2022-10-25 16:30:02 
2022-10-25 16:45:01 ------------------------------------------------------------------------
2022-10-25 16:45:01 ---------------------INICIANDO MASTER POPPER EMBLUE---------------------
2022-10-25 16:45:01 ------------------------------------------------------------------------
2022-10-25 16:45:01 Conexion Establecida a POP3 Server!
2022-10-25 16:45:01 PROCESO POPPER EMBLUE CONCLUIDO!
2022-10-25 16:45:01 
2022-10-25 17:00:01 ------------------------------------------------------------------------
2022-10-25 17:00:01 ---------------------INICIANDO MASTER POPPER EMBLUE---------------------
2022-10-25 17:00:01 ------------------------------------------------------------------------
2022-10-25 17:00:01 Conexion Establecida a POP3 Server!
2022-10-25 17:00:01 PROCESO POPPER EMBLUE CONCLUIDO!
2022-10-25 17:00:01 
2022-10-25 17:15:01 ------------------------------------------------------------------------
2022-10-25 17:15:01 ---------------------INICIANDO MASTER POPPER EMBLUE---------------------
2022-10-25 17:15:01 ------------------------------------------------------------------------
2022-10-25 17:15:01 Conexion Establecida a POP3 Server!
2022-10-25 17:15:01 PROCESO POPPER EMBLUE CONCLUIDO!
2022-10-25 17:15:01 
2022-10-25 17:30:02 ------------------------------------------------------------------------
2022-10-25 17:30:02 ---------------------INICIANDO MASTER POPPER EMBLUE---------------------
2022-10-25 17:30:02 ------------------------------------------------------------------------
2022-10-25 17:30:02 Conexion Establecida a POP3 Server!
2022-10-25 17:30:02 PROCESO POPPER EMBLUE CONCLUIDO!
2022-10-25 17:30:02 
2022-10-25 17:45:01 ------------------------------------------------------------------------
2022-10-25 17:45:01 ---------------------INICIANDO MASTER POPPER EMBLUE---------------------
2022-10-25 17:45:01 ------------------------------------------------------------------------
2022-10-25 17:45:01 Conexion Establecida a POP3 Server!
2022-10-25 17:45:01 PROCESO POPPER EMBLUE CONCLUIDO!
2022-10-25 17:45:01 
2022-10-25 18:00:02 ------------------------------------------------------------------------
2022-10-25 18:00:02 ---------------------INICIANDO MASTER POPPER EMBLUE---------------------
2022-10-25 18:00:02 ------------------------------------------------------------------------
2022-10-25 18:00:02 Conexion Establecida a POP3 Server!
2022-10-25 18:00:02 PROCESO POPPER EMBLUE CONCLUIDO!
2022-10-25 18:00:02 
2022-10-25 18:15:01 ------------------------------------------------------------------------
2022-10-25 18:15:01 ---------------------INICIANDO MASTER POPPER EMBLUE---------------------
2022-10-25 18:15:01 ------------------------------------------------------------------------
2022-10-25 18:15:01 Conexion Establecida a POP3 Server!
2022-10-25 18:15:01 PROCESO POPPER EMBLUE CONCLUIDO!
2022-10-25 18:15:01 
2022-10-25 18:30:01 ------------------------------------------------------------------------
2022-10-25 18:30:01 ---------------------INICIANDO MASTER POPPER EMBLUE---------------------
2022-10-25 18:30:01 ------------------------------------------------------------------------
2022-10-25 18:30:01 Conexion Establecida a POP3 Server!
2022-10-25 18:30:01 PROCESO POPPER EMBLUE CONCLUIDO!
2022-10-25 18:30:01 
2022-10-25 18:45:02 ------------------------------------------------------------------------
2022-10-25 18:45:02 ---------------------INICIANDO MASTER POPPER EMBLUE---------------------
2022-10-25 18:45:02 ------------------------------------------------------------------------
2022-10-25 18:45:02 Conexion Establecida a POP3 Server!
2022-10-25 18:45:02 PROCESO POPPER EMBLUE CONCLUIDO!
2022-10-25 18:45:02 
2022-10-25 19:00:01 ------------------------------------------------------------------------
2022-10-25 19:00:01 ---------------------INICIANDO MASTER POPPER EMBLUE---------------------
2022-10-25 19:00:01 ------------------------------------------------------------------------
2022-10-25 19:00:01 Conexion Establecida a POP3 Server!
2022-10-25 19:00:01 PROCESO POPPER EMBLUE CONCLUIDO!
2022-10-25 19:00:01 
2022-10-25 19:15:02 ------------------------------------------------------------------------
2022-10-25 19:15:02 ---------------------INICIANDO MASTER POPPER EMBLUE---------------------
2022-10-25 19:15:02 ------------------------------------------------------------------------
2022-10-25 19:15:02 Conexion Establecida a POP3 Server!
2022-10-25 19:15:02 PROCESO POPPER EMBLUE CONCLUIDO!
2022-10-25 19:15:02 
2022-10-25 19:30:02 ------------------------------------------------------------------------
2022-10-25 19:30:02 ---------------------INICIANDO MASTER POPPER EMBLUE---------------------
2022-10-25 19:30:02 ------------------------------------------------------------------------
2022-10-25 19:30:02 Conexion Establecida a POP3 Server!
2022-10-25 19:30:02 PROCESO POPPER EMBLUE CONCLUIDO!
2022-10-25 19:30:02 
2022-10-25 19:45:01 ------------------------------------------------------------------------
2022-10-25 19:45:01 ---------------------INICIANDO MASTER POPPER EMBLUE---------------------
2022-10-25 19:45:01 ------------------------------------------------------------------------
2022-10-25 19:45:01 Conexion Establecida a POP3 Server!
2022-10-25 19:45:01 PROCESO POPPER EMBLUE CONCLUIDO!
2022-10-25 19:45:01 
2022-10-25 20:00:01 ------------------------------------------------------------------------
2022-10-25 20:00:01 ---------------------INICIANDO MASTER POPPER EMBLUE---------------------
2022-10-25 20:00:01 ------------------------------------------------------------------------
2022-10-25 20:00:02 Conexion Establecida a POP3 Server!
2022-10-25 20:00:02 PROCESO POPPER EMBLUE CONCLUIDO!
2022-10-25 20:00:02 
2022-10-25 20:15:02 ------------------------------------------------------------------------
2022-10-25 20:15:02 ---------------------INICIANDO MASTER POPPER EMBLUE---------------------
2022-10-25 20:15:02 ------------------------------------------------------------------------
2022-10-25 20:15:02 Conexion Establecida a POP3 Server!
2022-10-25 20:15:02 PROCESO POPPER EMBLUE CONCLUIDO!
2022-10-25 20:15:02 
2022-10-25 20:30:01 ------------------------------------------------------------------------
2022-10-25 20:30:01 ---------------------INICIANDO MASTER POPPER EMBLUE---------------------
2022-10-25 20:30:01 ------------------------------------------------------------------------
2022-10-25 20:30:01 Conexion Establecida a POP3 Server!
2022-10-25 20:30:01 PROCESO POPPER EMBLUE CONCLUIDO!
2022-10-25 20:30:01 
2022-10-25 20:45:01 ------------------------------------------------------------------------
2022-10-25 20:45:01 ---------------------INICIANDO MASTER POPPER EMBLUE---------------------
2022-10-25 20:45:01 ------------------------------------------------------------------------
2022-10-25 20:45:01 Conexion Establecida a POP3 Server!
2022-10-25 20:45:01 PROCESO POPPER EMBLUE CONCLUIDO!
2022-10-25 20:45:01 
2022-10-25 21:00:01 ------------------------------------------------------------------------
2022-10-25 21:00:01 ---------------------INICIANDO MASTER POPPER EMBLUE---------------------
2022-10-25 21:00:01 ------------------------------------------------------------------------
2022-10-25 21:00:01 Conexion Establecida a POP3 Server!
2022-10-25 21:00:01 PROCESO POPPER EMBLUE CONCLUIDO!
2022-10-25 21:00:01 
2022-10-25 21:15:01 ------------------------------------------------------------------------
2022-10-25 21:15:01 ---------------------INICIANDO MASTER POPPER EMBLUE---------------------
2022-10-25 21:15:01 ------------------------------------------------------------------------
2022-10-25 21:15:01 Conexion Establecida a POP3 Server!
2022-10-25 21:15:01 PROCESO POPPER EMBLUE CONCLUIDO!
2022-10-25 21:15:01 
2022-10-25 21:30:01 ------------------------------------------------------------------------
2022-10-25 21:30:01 ---------------------INICIANDO MASTER POPPER EMBLUE---------------------
2022-10-25 21:30:01 ------------------------------------------------------------------------
2022-10-25 21:30:01 Conexion Establecida a POP3 Server!
2022-10-25 21:30:01 PROCESO POPPER EMBLUE CONCLUIDO!
2022-10-25 21:30:01 
2022-10-25 21:45:01 ------------------------------------------------------------------------
2022-10-25 21:45:01 ---------------------INICIANDO MASTER POPPER EMBLUE---------------------
2022-10-25 21:45:01 ------------------------------------------------------------------------
2022-10-25 21:45:01 Conexion Establecida a POP3 Server!
2022-10-25 21:45:01 PROCESO POPPER EMBLUE CONCLUIDO!
2022-10-25 21:45:01 
2022-10-25 22:00:01 ------------------------------------------------------------------------
2022-10-25 22:00:01 ---------------------INICIANDO MASTER POPPER EMBLUE---------------------
2022-10-25 22:00:01 ------------------------------------------------------------------------
2022-10-25 22:00:01 Conexion Establecida a POP3 Server!
2022-10-25 22:00:01 PROCESO POPPER EMBLUE CONCLUIDO!
2022-10-25 22:00:01 
2022-10-25 22:15:01 ------------------------------------------------------------------------
2022-10-25 22:15:01 ---------------------INICIANDO MASTER POPPER EMBLUE---------------------
2022-10-25 22:15:01 ------------------------------------------------------------------------
2022-10-25 22:15:01 Conexion Establecida a POP3 Server!
2022-10-25 22:15:01 PROCESO POPPER EMBLUE CONCLUIDO!
2022-10-25 22:15:01 
2022-10-25 22:30:01 ------------------------------------------------------------------------
2022-10-25 22:30:01 ---------------------INICIANDO MASTER POPPER EMBLUE---------------------
2022-10-25 22:30:01 ------------------------------------------------------------------------
2022-10-25 22:30:01 Conexion Establecida a POP3 Server!
2022-10-25 22:30:01 PROCESO POPPER EMBLUE CONCLUIDO!
2022-10-25 22:30:01 
2022-10-25 22:45:02 ------------------------------------------------------------------------
2022-10-25 22:45:02 ---------------------INICIANDO MASTER POPPER EMBLUE---------------------
2022-10-25 22:45:02 ------------------------------------------------------------------------
2022-10-25 22:45:02 Conexion Establecida a POP3 Server!
2022-10-25 22:45:02 PROCESO POPPER EMBLUE CONCLUIDO!
2022-10-25 22:45:02 
2022-10-25 23:00:02 ------------------------------------------------------------------------
2022-10-25 23:00:02 ---------------------INICIANDO MASTER POPPER EMBLUE---------------------
2022-10-25 23:00:02 ------------------------------------------------------------------------
2022-10-25 23:00:02 Conexion Establecida a POP3 Server!
2022-10-25 23:00:02 PROCESO POPPER EMBLUE CONCLUIDO!
2022-10-25 23:00:02 
2022-10-25 23:15:02 ------------------------------------------------------------------------
2022-10-25 23:15:02 ---------------------INICIANDO MASTER POPPER EMBLUE---------------------
2022-10-25 23:15:02 ------------------------------------------------------------------------
2022-10-25 23:15:02 Conexion Establecida a POP3 Server!
2022-10-25 23:15:02 PROCESO POPPER EMBLUE CONCLUIDO!
2022-10-25 23:15:02 
2022-10-25 23:30:02 ------------------------------------------------------------------------
2022-10-25 23:30:02 ---------------------INICIANDO MASTER POPPER EMBLUE---------------------
2022-10-25 23:30:02 ------------------------------------------------------------------------
2022-10-25 23:30:02 Conexion Establecida a POP3 Server!
2022-10-25 23:30:02 PROCESO POPPER EMBLUE CONCLUIDO!
2022-10-25 23:30:02 
2022-10-25 23:45:02 ------------------------------------------------------------------------
2022-10-25 23:45:02 ---------------------INICIANDO MASTER POPPER EMBLUE---------------------
2022-10-25 23:45:02 ------------------------------------------------------------------------
2022-10-25 23:45:02 Conexion Establecida a POP3 Server!
2022-10-25 23:45:02 PROCESO POPPER EMBLUE CONCLUIDO!
2022-10-25 23:45:02 
