2022-10-24 00:00:01 ------------------------------------------------------------------------
2022-10-24 00:00:01 ---------------------INICIANDO MASTER POPPER EMBLUE---------------------
2022-10-24 00:00:01 ------------------------------------------------------------------------
2022-10-24 00:00:01 Conexion Establecida a POP3 Server!
2022-10-24 00:00:01 PROCESO POPPER EMBLUE CONCLUIDO!
2022-10-24 00:00:01 
2022-10-24 00:15:01 ------------------------------------------------------------------------
2022-10-24 00:15:01 ---------------------INICIANDO MASTER POPPER EMBLUE---------------------
2022-10-24 00:15:01 ------------------------------------------------------------------------
2022-10-24 00:15:01 Conexion Establecida a POP3 Server!
2022-10-24 00:15:01 PROCESO POPPER EMBLUE CONCLUIDO!
2022-10-24 00:15:01 
2022-10-24 00:30:02 ------------------------------------------------------------------------
2022-10-24 00:30:02 ---------------------INICIANDO MASTER POPPER EMBLUE---------------------
2022-10-24 00:30:02 ------------------------------------------------------------------------
2022-10-24 00:30:02 Conexion Establecida a POP3 Server!
2022-10-24 00:30:02 PROCESO POPPER EMBLUE CONCLUIDO!
2022-10-24 00:30:02 
2022-10-24 00:45:01 ------------------------------------------------------------------------
2022-10-24 00:45:01 ---------------------INICIANDO MASTER POPPER EMBLUE---------------------
2022-10-24 00:45:01 ------------------------------------------------------------------------
2022-10-24 00:45:01 Conexion Establecida a POP3 Server!
2022-10-24 00:45:01 PROCESO POPPER EMBLUE CONCLUIDO!
2022-10-24 00:45:01 
2022-10-24 01:00:01 ------------------------------------------------------------------------
2022-10-24 01:00:01 ---------------------INICIANDO MASTER POPPER EMBLUE---------------------
2022-10-24 01:00:01 ------------------------------------------------------------------------
2022-10-24 01:00:01 Conexion Establecida a POP3 Server!
2022-10-24 01:00:01 PROCESO POPPER EMBLUE CONCLUIDO!
2022-10-24 01:00:01 
2022-10-24 01:15:01 ------------------------------------------------------------------------
2022-10-24 01:15:01 ---------------------INICIANDO MASTER POPPER EMBLUE---------------------
2022-10-24 01:15:01 ------------------------------------------------------------------------
2022-10-24 01:15:01 Conexion Establecida a POP3 Server!
2022-10-24 01:15:01 PROCESO POPPER EMBLUE CONCLUIDO!
2022-10-24 01:15:01 
2022-10-24 01:30:02 ------------------------------------------------------------------------
2022-10-24 01:30:02 ---------------------INICIANDO MASTER POPPER EMBLUE---------------------
2022-10-24 01:30:02 ------------------------------------------------------------------------
2022-10-24 01:30:02 Conexion Establecida a POP3 Server!
2022-10-24 01:30:02 PROCESO POPPER EMBLUE CONCLUIDO!
2022-10-24 01:30:02 
2022-10-24 01:45:01 ------------------------------------------------------------------------
2022-10-24 01:45:01 ---------------------INICIANDO MASTER POPPER EMBLUE---------------------
2022-10-24 01:45:01 ------------------------------------------------------------------------
2022-10-24 01:45:01 Conexion Establecida a POP3 Server!
2022-10-24 01:45:01 PROCESO POPPER EMBLUE CONCLUIDO!
2022-10-24 01:45:01 
2022-10-24 02:00:01 ------------------------------------------------------------------------
2022-10-24 02:00:01 ---------------------INICIANDO MASTER POPPER EMBLUE---------------------
2022-10-24 02:00:01 ------------------------------------------------------------------------
2022-10-24 02:00:01 Conexion Establecida a POP3 Server!
2022-10-24 02:00:01 PROCESO POPPER EMBLUE CONCLUIDO!
2022-10-24 02:00:01 
2022-10-24 02:15:02 ------------------------------------------------------------------------
2022-10-24 02:15:02 ---------------------INICIANDO MASTER POPPER EMBLUE---------------------
2022-10-24 02:15:02 ------------------------------------------------------------------------
2022-10-24 02:15:02 Conexion Establecida a POP3 Server!
2022-10-24 02:15:02 PROCESO POPPER EMBLUE CONCLUIDO!
2022-10-24 02:15:02 
2022-10-24 02:30:01 ------------------------------------------------------------------------
2022-10-24 02:30:01 ---------------------INICIANDO MASTER POPPER EMBLUE---------------------
2022-10-24 02:30:01 ------------------------------------------------------------------------
2022-10-24 02:30:01 Conexion Establecida a POP3 Server!
2022-10-24 02:30:01 PROCESO POPPER EMBLUE CONCLUIDO!
2022-10-24 02:30:01 
2022-10-24 02:45:01 ------------------------------------------------------------------------
2022-10-24 02:45:01 ---------------------INICIANDO MASTER POPPER EMBLUE---------------------
2022-10-24 02:45:01 ------------------------------------------------------------------------
2022-10-24 02:45:01 Conexion Establecida a POP3 Server!
2022-10-24 02:45:01 PROCESO POPPER EMBLUE CONCLUIDO!
2022-10-24 02:45:01 
2022-10-24 03:00:01 ------------------------------------------------------------------------
2022-10-24 03:00:01 ---------------------INICIANDO MASTER POPPER EMBLUE---------------------
2022-10-24 03:00:01 ------------------------------------------------------------------------
2022-10-24 03:00:01 Conexion Establecida a POP3 Server!
2022-10-24 03:00:01 PROCESO POPPER EMBLUE CONCLUIDO!
2022-10-24 03:00:01 
2022-10-24 03:15:02 ------------------------------------------------------------------------
2022-10-24 03:15:02 ---------------------INICIANDO MASTER POPPER EMBLUE---------------------
2022-10-24 03:15:02 ------------------------------------------------------------------------
2022-10-24 03:15:02 Conexion Establecida a POP3 Server!
2022-10-24 03:15:02 PROCESO POPPER EMBLUE CONCLUIDO!
2022-10-24 03:15:02 
2022-10-24 03:30:01 ------------------------------------------------------------------------
2022-10-24 03:30:01 ---------------------INICIANDO MASTER POPPER EMBLUE---------------------
2022-10-24 03:30:01 ------------------------------------------------------------------------
2022-10-24 03:30:01 Conexion Establecida a POP3 Server!
2022-10-24 03:30:01 PROCESO POPPER EMBLUE CONCLUIDO!
2022-10-24 03:30:01 
2022-10-24 03:45:01 ------------------------------------------------------------------------
2022-10-24 03:45:01 ---------------------INICIANDO MASTER POPPER EMBLUE---------------------
2022-10-24 03:45:01 ------------------------------------------------------------------------
2022-10-24 03:45:01 Conexion Establecida a POP3 Server!
2022-10-24 03:45:01 PROCESO POPPER EMBLUE CONCLUIDO!
2022-10-24 03:45:01 
2022-10-24 04:00:01 ------------------------------------------------------------------------
2022-10-24 04:00:01 ---------------------INICIANDO MASTER POPPER EMBLUE---------------------
2022-10-24 04:00:01 ------------------------------------------------------------------------
2022-10-24 04:00:01 Conexion Establecida a POP3 Server!
2022-10-24 04:00:01 PROCESO POPPER EMBLUE CONCLUIDO!
2022-10-24 04:00:01 
2022-10-24 04:15:02 ------------------------------------------------------------------------
2022-10-24 04:15:02 ---------------------INICIANDO MASTER POPPER EMBLUE---------------------
2022-10-24 04:15:02 ------------------------------------------------------------------------
2022-10-24 04:15:02 Conexion Establecida a POP3 Server!
2022-10-24 04:15:02 PROCESO POPPER EMBLUE CONCLUIDO!
2022-10-24 04:15:02 
2022-10-24 04:30:01 ------------------------------------------------------------------------
2022-10-24 04:30:01 ---------------------INICIANDO MASTER POPPER EMBLUE---------------------
2022-10-24 04:30:01 ------------------------------------------------------------------------
2022-10-24 04:30:01 Conexion Establecida a POP3 Server!
2022-10-24 04:30:01 PROCESO POPPER EMBLUE CONCLUIDO!
2022-10-24 04:30:01 
2022-10-24 04:45:01 ------------------------------------------------------------------------
2022-10-24 04:45:01 ---------------------INICIANDO MASTER POPPER EMBLUE---------------------
2022-10-24 04:45:01 ------------------------------------------------------------------------
2022-10-24 04:45:01 Conexion Establecida a POP3 Server!
2022-10-24 04:45:01 PROCESO POPPER EMBLUE CONCLUIDO!
2022-10-24 04:45:01 
2022-10-24 05:00:01 ------------------------------------------------------------------------
2022-10-24 05:00:01 ---------------------INICIANDO MASTER POPPER EMBLUE---------------------
2022-10-24 05:00:01 ------------------------------------------------------------------------
2022-10-24 05:00:01 Conexion Establecida a POP3 Server!
2022-10-24 05:00:01 PROCESO POPPER EMBLUE CONCLUIDO!
2022-10-24 05:00:01 
2022-10-24 05:15:01 ------------------------------------------------------------------------
2022-10-24 05:15:01 ---------------------INICIANDO MASTER POPPER EMBLUE---------------------
2022-10-24 05:15:01 ------------------------------------------------------------------------
2022-10-24 05:15:02 Conexion Establecida a POP3 Server!
2022-10-24 05:15:02 PROCESO POPPER EMBLUE CONCLUIDO!
2022-10-24 05:15:02 
2022-10-24 05:30:01 ------------------------------------------------------------------------
2022-10-24 05:30:01 ---------------------INICIANDO MASTER POPPER EMBLUE---------------------
2022-10-24 05:30:01 ------------------------------------------------------------------------
2022-10-24 05:30:01 Conexion Establecida a POP3 Server!
2022-10-24 05:30:01 PROCESO POPPER EMBLUE CONCLUIDO!
2022-10-24 05:30:01 
2022-10-24 05:45:01 ------------------------------------------------------------------------
2022-10-24 05:45:01 ---------------------INICIANDO MASTER POPPER EMBLUE---------------------
2022-10-24 05:45:01 ------------------------------------------------------------------------
2022-10-24 05:45:01 Conexion Establecida a POP3 Server!
2022-10-24 05:45:01 PROCESO POPPER EMBLUE CONCLUIDO!
2022-10-24 05:45:01 
2022-10-24 06:00:02 ------------------------------------------------------------------------
2022-10-24 06:00:02 ---------------------INICIANDO MASTER POPPER EMBLUE---------------------
2022-10-24 06:00:02 ------------------------------------------------------------------------
2022-10-24 06:00:02 Conexion Establecida a POP3 Server!
2022-10-24 06:00:02 PROCESO POPPER EMBLUE CONCLUIDO!
2022-10-24 06:00:02 
2022-10-24 06:15:01 ------------------------------------------------------------------------
2022-10-24 06:15:01 ---------------------INICIANDO MASTER POPPER EMBLUE---------------------
2022-10-24 06:15:01 ------------------------------------------------------------------------
2022-10-24 06:15:01 Conexion Establecida a POP3 Server!
2022-10-24 06:15:01 PROCESO POPPER EMBLUE CONCLUIDO!
2022-10-24 06:15:01 
2022-10-24 06:30:01 ------------------------------------------------------------------------
2022-10-24 06:30:01 ---------------------INICIANDO MASTER POPPER EMBLUE---------------------
2022-10-24 06:30:01 ------------------------------------------------------------------------
2022-10-24 06:30:01 Conexion Establecida a POP3 Server!
2022-10-24 06:30:01 PROCESO POPPER EMBLUE CONCLUIDO!
2022-10-24 06:30:01 
2022-10-24 06:45:01 ------------------------------------------------------------------------
2022-10-24 06:45:01 ---------------------INICIANDO MASTER POPPER EMBLUE---------------------
2022-10-24 06:45:01 ------------------------------------------------------------------------
2022-10-24 06:45:01 Conexion Establecida a POP3 Server!
2022-10-24 06:45:01 PROCESO POPPER EMBLUE CONCLUIDO!
2022-10-24 06:45:01 
2022-10-24 07:00:01 ------------------------------------------------------------------------
2022-10-24 07:00:01 ---------------------INICIANDO MASTER POPPER EMBLUE---------------------
2022-10-24 07:00:01 ------------------------------------------------------------------------
2022-10-24 07:00:01 Conexion Establecida a POP3 Server!
2022-10-24 07:00:01 PROCESO POPPER EMBLUE CONCLUIDO!
2022-10-24 07:00:01 
2022-10-24 07:15:02 ------------------------------------------------------------------------
2022-10-24 07:15:02 ---------------------INICIANDO MASTER POPPER EMBLUE---------------------
2022-10-24 07:15:02 ------------------------------------------------------------------------
2022-10-24 07:15:02 Conexion Establecida a POP3 Server!
2022-10-24 07:15:02 PROCESO POPPER EMBLUE CONCLUIDO!
2022-10-24 07:15:02 
2022-10-24 07:30:01 ------------------------------------------------------------------------
2022-10-24 07:30:01 ---------------------INICIANDO MASTER POPPER EMBLUE---------------------
2022-10-24 07:30:01 ------------------------------------------------------------------------
2022-10-24 07:30:01 Conexion Establecida a POP3 Server!
2022-10-24 07:30:01 PROCESO POPPER EMBLUE CONCLUIDO!
2022-10-24 07:30:01 
2022-10-24 07:45:01 ------------------------------------------------------------------------
2022-10-24 07:45:01 ---------------------INICIANDO MASTER POPPER EMBLUE---------------------
2022-10-24 07:45:01 ------------------------------------------------------------------------
2022-10-24 07:45:01 Conexion Establecida a POP3 Server!
2022-10-24 07:45:01 PROCESO POPPER EMBLUE CONCLUIDO!
2022-10-24 07:45:01 
2022-10-24 08:00:01 ------------------------------------------------------------------------
2022-10-24 08:00:01 ---------------------INICIANDO MASTER POPPER EMBLUE---------------------
2022-10-24 08:00:01 ------------------------------------------------------------------------
2022-10-24 08:00:01 Conexion Establecida a POP3 Server!
2022-10-24 08:00:01 PROCESO POPPER EMBLUE CONCLUIDO!
2022-10-24 08:00:01 
2022-10-24 08:15:02 ------------------------------------------------------------------------
2022-10-24 08:15:02 ---------------------INICIANDO MASTER POPPER EMBLUE---------------------
2022-10-24 08:15:02 ------------------------------------------------------------------------
2022-10-24 08:15:02 Conexion Establecida a POP3 Server!
2022-10-24 08:15:02 PROCESO POPPER EMBLUE CONCLUIDO!
2022-10-24 08:15:02 
2022-10-24 08:30:01 ------------------------------------------------------------------------
2022-10-24 08:30:01 ---------------------INICIANDO MASTER POPPER EMBLUE---------------------
2022-10-24 08:30:01 ------------------------------------------------------------------------
2022-10-24 08:30:01 Conexion Establecida a POP3 Server!
2022-10-24 08:30:01 PROCESO POPPER EMBLUE CONCLUIDO!
2022-10-24 08:30:01 
2022-10-24 08:45:01 ------------------------------------------------------------------------
2022-10-24 08:45:01 ---------------------INICIANDO MASTER POPPER EMBLUE---------------------
2022-10-24 08:45:01 ------------------------------------------------------------------------
2022-10-24 08:45:01 Conexion Establecida a POP3 Server!
2022-10-24 08:45:01 PROCESO POPPER EMBLUE CONCLUIDO!
2022-10-24 08:45:01 
2022-10-24 09:00:02 ------------------------------------------------------------------------
2022-10-24 09:00:02 ---------------------INICIANDO MASTER POPPER EMBLUE---------------------
2022-10-24 09:00:02 ------------------------------------------------------------------------
2022-10-24 09:00:02 Conexion Establecida a POP3 Server!
2022-10-24 09:00:02 PROCESO POPPER EMBLUE CONCLUIDO!
2022-10-24 09:00:02 
2022-10-24 09:15:01 ------------------------------------------------------------------------
2022-10-24 09:15:01 ---------------------INICIANDO MASTER POPPER EMBLUE---------------------
2022-10-24 09:15:01 ------------------------------------------------------------------------
2022-10-24 09:15:01 Conexion Establecida a POP3 Server!
2022-10-24 09:15:01 PROCESO POPPER EMBLUE CONCLUIDO!
2022-10-24 09:15:01 
2022-10-24 09:30:02 ------------------------------------------------------------------------
2022-10-24 09:30:02 ---------------------INICIANDO MASTER POPPER EMBLUE---------------------
2022-10-24 09:30:02 ------------------------------------------------------------------------
2022-10-24 09:30:02 Conexion Establecida a POP3 Server!
2022-10-24 09:30:02 PROCESO POPPER EMBLUE CONCLUIDO!
2022-10-24 09:30:02 
2022-10-24 09:45:02 ------------------------------------------------------------------------
2022-10-24 09:45:02 ---------------------INICIANDO MASTER POPPER EMBLUE---------------------
2022-10-24 09:45:02 ------------------------------------------------------------------------
2022-10-24 09:45:02 Conexion Establecida a POP3 Server!
2022-10-24 09:45:02 PROCESO POPPER EMBLUE CONCLUIDO!
2022-10-24 09:45:02 
2022-10-24 10:00:02 ------------------------------------------------------------------------
2022-10-24 10:00:02 ---------------------INICIANDO MASTER POPPER EMBLUE---------------------
2022-10-24 10:00:02 ------------------------------------------------------------------------
2022-10-24 10:00:02 Conexion Establecida a POP3 Server!
2022-10-24 10:00:02 PROCESO POPPER EMBLUE CONCLUIDO!
2022-10-24 10:00:02 
2022-10-24 10:15:02 ------------------------------------------------------------------------
2022-10-24 10:15:02 ---------------------INICIANDO MASTER POPPER EMBLUE---------------------
2022-10-24 10:15:02 ------------------------------------------------------------------------
2022-10-24 10:15:02 Conexion Establecida a POP3 Server!
2022-10-24 10:15:02 PROCESO POPPER EMBLUE CONCLUIDO!
2022-10-24 10:15:02 
2022-10-24 10:30:01 ------------------------------------------------------------------------
2022-10-24 10:30:01 ---------------------INICIANDO MASTER POPPER EMBLUE---------------------
2022-10-24 10:30:01 ------------------------------------------------------------------------
2022-10-24 10:30:02 Conexion Establecida a POP3 Server!
2022-10-24 10:30:02 PROCESO POPPER EMBLUE CONCLUIDO!
2022-10-24 10:30:02 
2022-10-24 10:45:01 ------------------------------------------------------------------------
2022-10-24 10:45:01 ---------------------INICIANDO MASTER POPPER EMBLUE---------------------
2022-10-24 10:45:01 ------------------------------------------------------------------------
2022-10-24 10:45:01 Conexion Establecida a POP3 Server!
2022-10-24 10:45:01 PROCESO POPPER EMBLUE CONCLUIDO!
2022-10-24 10:45:01 
2022-10-24 11:00:01 ------------------------------------------------------------------------
2022-10-24 11:00:01 ---------------------INICIANDO MASTER POPPER EMBLUE---------------------
2022-10-24 11:00:01 ------------------------------------------------------------------------
2022-10-24 11:00:01 Conexion Establecida a POP3 Server!
2022-10-24 11:00:01 PROCESO POPPER EMBLUE CONCLUIDO!
2022-10-24 11:00:01 
2022-10-24 11:15:02 ------------------------------------------------------------------------
2022-10-24 11:15:02 ---------------------INICIANDO MASTER POPPER EMBLUE---------------------
2022-10-24 11:15:02 ------------------------------------------------------------------------
2022-10-24 11:15:02 Conexion Establecida a POP3 Server!
2022-10-24 11:15:02 PROCESO POPPER EMBLUE CONCLUIDO!
2022-10-24 11:15:02 
2022-10-24 11:30:01 ------------------------------------------------------------------------
2022-10-24 11:30:01 ---------------------INICIANDO MASTER POPPER EMBLUE---------------------
2022-10-24 11:30:01 ------------------------------------------------------------------------
2022-10-24 11:30:01 Conexion Establecida a POP3 Server!
2022-10-24 11:30:01 PROCESO POPPER EMBLUE CONCLUIDO!
2022-10-24 11:30:01 
2022-10-24 11:45:01 ------------------------------------------------------------------------
2022-10-24 11:45:01 ---------------------INICIANDO MASTER POPPER EMBLUE---------------------
2022-10-24 11:45:01 ------------------------------------------------------------------------
2022-10-24 11:45:01 Conexion Establecida a POP3 Server!
2022-10-24 11:45:01 PROCESO POPPER EMBLUE CONCLUIDO!
2022-10-24 11:45:01 
2022-10-24 12:00:01 ------------------------------------------------------------------------
2022-10-24 12:00:01 ---------------------INICIANDO MASTER POPPER EMBLUE---------------------
2022-10-24 12:00:01 ------------------------------------------------------------------------
2022-10-24 12:00:01 Conexion Establecida a POP3 Server!
2022-10-24 12:00:01 PROCESO POPPER EMBLUE CONCLUIDO!
2022-10-24 12:00:01 
2022-10-24 12:15:01 ------------------------------------------------------------------------
2022-10-24 12:15:01 ---------------------INICIANDO MASTER POPPER EMBLUE---------------------
2022-10-24 12:15:01 ------------------------------------------------------------------------
2022-10-24 12:15:01 Conexion Establecida a POP3 Server!
2022-10-24 12:15:01 PROCESO POPPER EMBLUE CONCLUIDO!
2022-10-24 12:15:01 
2022-10-24 12:30:02 ------------------------------------------------------------------------
2022-10-24 12:30:02 ---------------------INICIANDO MASTER POPPER EMBLUE---------------------
2022-10-24 12:30:02 ------------------------------------------------------------------------
2022-10-24 12:30:02 Conexion Establecida a POP3 Server!
2022-10-24 12:30:02 PROCESO POPPER EMBLUE CONCLUIDO!
2022-10-24 12:30:02 
2022-10-24 12:45:01 ------------------------------------------------------------------------
2022-10-24 12:45:01 ---------------------INICIANDO MASTER POPPER EMBLUE---------------------
2022-10-24 12:45:01 ------------------------------------------------------------------------
2022-10-24 12:45:01 Conexion Establecida a POP3 Server!
2022-10-24 12:45:01 PROCESO POPPER EMBLUE CONCLUIDO!
2022-10-24 12:45:01 
2022-10-24 13:00:01 ------------------------------------------------------------------------
2022-10-24 13:00:01 ---------------------INICIANDO MASTER POPPER EMBLUE---------------------
2022-10-24 13:00:01 ------------------------------------------------------------------------
2022-10-24 13:00:01 Conexion Establecida a POP3 Server!
2022-10-24 13:00:01 PROCESO POPPER EMBLUE CONCLUIDO!
2022-10-24 13:00:01 
2022-10-24 13:15:01 ------------------------------------------------------------------------
2022-10-24 13:15:01 ---------------------INICIANDO MASTER POPPER EMBLUE---------------------
2022-10-24 13:15:01 ------------------------------------------------------------------------
2022-10-24 13:15:01 Conexion Establecida a POP3 Server!
2022-10-24 13:15:01 PROCESO POPPER EMBLUE CONCLUIDO!
2022-10-24 13:15:01 
2022-10-24 13:30:01 ------------------------------------------------------------------------
2022-10-24 13:30:01 ---------------------INICIANDO MASTER POPPER EMBLUE---------------------
2022-10-24 13:30:01 ------------------------------------------------------------------------
2022-10-24 13:30:01 Conexion Establecida a POP3 Server!
2022-10-24 13:30:01 PROCESO POPPER EMBLUE CONCLUIDO!
2022-10-24 13:30:01 
2022-10-24 13:45:02 ------------------------------------------------------------------------
2022-10-24 13:45:02 ---------------------INICIANDO MASTER POPPER EMBLUE---------------------
2022-10-24 13:45:02 ------------------------------------------------------------------------
2022-10-24 13:45:02 Conexion Establecida a POP3 Server!
2022-10-24 13:45:02 PROCESO POPPER EMBLUE CONCLUIDO!
2022-10-24 13:45:02 
2022-10-24 14:00:01 ------------------------------------------------------------------------
2022-10-24 14:00:01 ---------------------INICIANDO MASTER POPPER EMBLUE---------------------
2022-10-24 14:00:01 ------------------------------------------------------------------------
2022-10-24 14:00:01 Conexion Establecida a POP3 Server!
2022-10-24 14:00:01 PROCESO POPPER EMBLUE CONCLUIDO!
2022-10-24 14:00:01 
2022-10-24 14:15:01 ------------------------------------------------------------------------
2022-10-24 14:15:01 ---------------------INICIANDO MASTER POPPER EMBLUE---------------------
2022-10-24 14:15:01 ------------------------------------------------------------------------
2022-10-24 14:15:01 Conexion Establecida a POP3 Server!
2022-10-24 14:15:01 PROCESO POPPER EMBLUE CONCLUIDO!
2022-10-24 14:15:01 
2022-10-24 14:30:01 ------------------------------------------------------------------------
2022-10-24 14:30:01 ---------------------INICIANDO MASTER POPPER EMBLUE---------------------
2022-10-24 14:30:01 ------------------------------------------------------------------------
2022-10-24 14:30:01 Conexion Establecida a POP3 Server!
2022-10-24 14:30:01 PROCESO POPPER EMBLUE CONCLUIDO!
2022-10-24 14:30:01 
2022-10-24 14:45:01 ------------------------------------------------------------------------
2022-10-24 14:45:01 ---------------------INICIANDO MASTER POPPER EMBLUE---------------------
2022-10-24 14:45:01 ------------------------------------------------------------------------
2022-10-24 14:45:01 Conexion Establecida a POP3 Server!
2022-10-24 14:45:01 PROCESO POPPER EMBLUE CONCLUIDO!
2022-10-24 14:45:01 
2022-10-24 15:00:02 ------------------------------------------------------------------------
2022-10-24 15:00:02 ---------------------INICIANDO MASTER POPPER EMBLUE---------------------
2022-10-24 15:00:02 ------------------------------------------------------------------------
2022-10-24 15:00:02 Conexion Establecida a POP3 Server!
2022-10-24 15:00:02 PROCESO POPPER EMBLUE CONCLUIDO!
2022-10-24 15:00:02 
2022-10-24 15:15:01 ------------------------------------------------------------------------
2022-10-24 15:15:01 ---------------------INICIANDO MASTER POPPER EMBLUE---------------------
2022-10-24 15:15:01 ------------------------------------------------------------------------
2022-10-24 15:15:01 Conexion Establecida a POP3 Server!
2022-10-24 15:15:01 PROCESO POPPER EMBLUE CONCLUIDO!
2022-10-24 15:15:01 
2022-10-24 15:30:01 ------------------------------------------------------------------------
2022-10-24 15:30:01 ---------------------INICIANDO MASTER POPPER EMBLUE---------------------
2022-10-24 15:30:01 ------------------------------------------------------------------------
2022-10-24 15:30:02 Conexion Establecida a POP3 Server!
2022-10-24 15:30:02 PROCESO POPPER EMBLUE CONCLUIDO!
2022-10-24 15:30:02 
2022-10-24 15:45:01 ------------------------------------------------------------------------
2022-10-24 15:45:01 ---------------------INICIANDO MASTER POPPER EMBLUE---------------------
2022-10-24 15:45:01 ------------------------------------------------------------------------
2022-10-24 15:45:01 Conexion Establecida a POP3 Server!
2022-10-24 15:45:01 PROCESO POPPER EMBLUE CONCLUIDO!
2022-10-24 15:45:01 
2022-10-24 16:00:01 ------------------------------------------------------------------------
2022-10-24 16:00:01 ---------------------INICIANDO MASTER POPPER EMBLUE---------------------
2022-10-24 16:00:01 ------------------------------------------------------------------------
2022-10-24 16:00:01 Conexion Establecida a POP3 Server!
2022-10-24 16:00:01 PROCESO POPPER EMBLUE CONCLUIDO!
2022-10-24 16:00:01 
2022-10-24 16:15:02 ------------------------------------------------------------------------
2022-10-24 16:15:02 ---------------------INICIANDO MASTER POPPER EMBLUE---------------------
2022-10-24 16:15:02 ------------------------------------------------------------------------
2022-10-24 16:15:02 Conexion Establecida a POP3 Server!
2022-10-24 16:15:02 PROCESO POPPER EMBLUE CONCLUIDO!
2022-10-24 16:15:02 
2022-10-24 16:30:01 ------------------------------------------------------------------------
2022-10-24 16:30:01 ---------------------INICIANDO MASTER POPPER EMBLUE---------------------
2022-10-24 16:30:01 ------------------------------------------------------------------------
2022-10-24 16:30:01 Conexion Establecida a POP3 Server!
2022-10-24 16:30:01 PROCESO POPPER EMBLUE CONCLUIDO!
2022-10-24 16:30:01 
2022-10-24 16:45:01 ------------------------------------------------------------------------
2022-10-24 16:45:01 ---------------------INICIANDO MASTER POPPER EMBLUE---------------------
2022-10-24 16:45:01 ------------------------------------------------------------------------
2022-10-24 16:45:01 Conexion Establecida a POP3 Server!
2022-10-24 16:45:01 PROCESO POPPER EMBLUE CONCLUIDO!
2022-10-24 16:45:01 
2022-10-24 17:00:02 ------------------------------------------------------------------------
2022-10-24 17:00:02 ---------------------INICIANDO MASTER POPPER EMBLUE---------------------
2022-10-24 17:00:02 ------------------------------------------------------------------------
2022-10-24 17:00:02 Conexion Establecida a POP3 Server!
2022-10-24 17:00:02 PROCESO POPPER EMBLUE CONCLUIDO!
2022-10-24 17:00:02 
2022-10-24 17:15:01 ------------------------------------------------------------------------
2022-10-24 17:15:01 ---------------------INICIANDO MASTER POPPER EMBLUE---------------------
2022-10-24 17:15:01 ------------------------------------------------------------------------
2022-10-24 17:15:01 Conexion Establecida a POP3 Server!
2022-10-24 17:15:01 PROCESO POPPER EMBLUE CONCLUIDO!
2022-10-24 17:15:01 
2022-10-24 17:30:01 ------------------------------------------------------------------------
2022-10-24 17:30:01 ---------------------INICIANDO MASTER POPPER EMBLUE---------------------
2022-10-24 17:30:01 ------------------------------------------------------------------------
2022-10-24 17:30:02 Conexion Establecida a POP3 Server!
2022-10-24 17:30:02 PROCESO POPPER EMBLUE CONCLUIDO!
2022-10-24 17:30:02 
2022-10-24 17:45:01 ------------------------------------------------------------------------
2022-10-24 17:45:01 ---------------------INICIANDO MASTER POPPER EMBLUE---------------------
2022-10-24 17:45:01 ------------------------------------------------------------------------
2022-10-24 17:45:01 Conexion Establecida a POP3 Server!
2022-10-24 17:45:01 PROCESO POPPER EMBLUE CONCLUIDO!
2022-10-24 17:45:01 
2022-10-24 18:00:01 ------------------------------------------------------------------------
2022-10-24 18:00:01 ---------------------INICIANDO MASTER POPPER EMBLUE---------------------
2022-10-24 18:00:01 ------------------------------------------------------------------------
2022-10-24 18:00:01 Conexion Establecida a POP3 Server!
2022-10-24 18:00:01 PROCESO POPPER EMBLUE CONCLUIDO!
2022-10-24 18:00:01 
2022-10-24 18:15:02 ------------------------------------------------------------------------
2022-10-24 18:15:02 ---------------------INICIANDO MASTER POPPER EMBLUE---------------------
2022-10-24 18:15:02 ------------------------------------------------------------------------
2022-10-24 18:15:02 Conexion Establecida a POP3 Server!
2022-10-24 18:15:02 PROCESO POPPER EMBLUE CONCLUIDO!
2022-10-24 18:15:02 
2022-10-24 18:30:01 ------------------------------------------------------------------------
2022-10-24 18:30:01 ---------------------INICIANDO MASTER POPPER EMBLUE---------------------
2022-10-24 18:30:01 ------------------------------------------------------------------------
2022-10-24 18:30:01 Conexion Establecida a POP3 Server!
2022-10-24 18:30:01 PROCESO POPPER EMBLUE CONCLUIDO!
2022-10-24 18:30:01 
2022-10-24 18:45:01 ------------------------------------------------------------------------
2022-10-24 18:45:01 ---------------------INICIANDO MASTER POPPER EMBLUE---------------------
2022-10-24 18:45:01 ------------------------------------------------------------------------
2022-10-24 18:45:01 Conexion Establecida a POP3 Server!
2022-10-24 18:45:01 PROCESO POPPER EMBLUE CONCLUIDO!
2022-10-24 18:45:01 
2022-10-24 19:00:02 ------------------------------------------------------------------------
2022-10-24 19:00:02 ---------------------INICIANDO MASTER POPPER EMBLUE---------------------
2022-10-24 19:00:02 ------------------------------------------------------------------------
2022-10-24 19:00:02 Conexion Establecida a POP3 Server!
2022-10-24 19:00:02 PROCESO POPPER EMBLUE CONCLUIDO!
2022-10-24 19:00:02 
2022-10-24 19:15:02 ------------------------------------------------------------------------
2022-10-24 19:15:02 ---------------------INICIANDO MASTER POPPER EMBLUE---------------------
2022-10-24 19:15:02 ------------------------------------------------------------------------
2022-10-24 19:15:02 Conexion Establecida a POP3 Server!
2022-10-24 19:15:02 PROCESO POPPER EMBLUE CONCLUIDO!
2022-10-24 19:15:02 
2022-10-24 19:30:02 ------------------------------------------------------------------------
2022-10-24 19:30:02 ---------------------INICIANDO MASTER POPPER EMBLUE---------------------
2022-10-24 19:30:02 ------------------------------------------------------------------------
2022-10-24 19:30:02 Conexion Establecida a POP3 Server!
2022-10-24 19:30:02 PROCESO POPPER EMBLUE CONCLUIDO!
2022-10-24 19:30:02 
2022-10-24 19:45:01 ------------------------------------------------------------------------
2022-10-24 19:45:01 ---------------------INICIANDO MASTER POPPER EMBLUE---------------------
2022-10-24 19:45:01 ------------------------------------------------------------------------
2022-10-24 19:45:01 Conexion Establecida a POP3 Server!
2022-10-24 19:45:01 PROCESO POPPER EMBLUE CONCLUIDO!
2022-10-24 19:45:01 
2022-10-24 20:00:01 ------------------------------------------------------------------------
2022-10-24 20:00:01 ---------------------INICIANDO MASTER POPPER EMBLUE---------------------
2022-10-24 20:00:01 ------------------------------------------------------------------------
2022-10-24 20:00:01 Conexion Establecida a POP3 Server!
2022-10-24 20:00:01 PROCESO POPPER EMBLUE CONCLUIDO!
2022-10-24 20:00:01 
2022-10-24 20:15:01 ------------------------------------------------------------------------
2022-10-24 20:15:01 ---------------------INICIANDO MASTER POPPER EMBLUE---------------------
2022-10-24 20:15:01 ------------------------------------------------------------------------
2022-10-24 20:15:02 Conexion Establecida a POP3 Server!
2022-10-24 20:15:02 PROCESO POPPER EMBLUE CONCLUIDO!
2022-10-24 20:15:02 
2022-10-24 20:30:01 ------------------------------------------------------------------------
2022-10-24 20:30:01 ---------------------INICIANDO MASTER POPPER EMBLUE---------------------
2022-10-24 20:30:01 ------------------------------------------------------------------------
2022-10-24 20:30:01 Conexion Establecida a POP3 Server!
2022-10-24 20:30:01 PROCESO POPPER EMBLUE CONCLUIDO!
2022-10-24 20:30:01 
2022-10-24 20:45:01 ------------------------------------------------------------------------
2022-10-24 20:45:01 ---------------------INICIANDO MASTER POPPER EMBLUE---------------------
2022-10-24 20:45:01 ------------------------------------------------------------------------
2022-10-24 20:45:01 Conexion Establecida a POP3 Server!
2022-10-24 20:45:01 PROCESO POPPER EMBLUE CONCLUIDO!
2022-10-24 20:45:01 
2022-10-24 21:00:01 ------------------------------------------------------------------------
2022-10-24 21:00:01 ---------------------INICIANDO MASTER POPPER EMBLUE---------------------
2022-10-24 21:00:01 ------------------------------------------------------------------------
2022-10-24 21:00:01 Conexion Establecida a POP3 Server!
2022-10-24 21:00:01 PROCESO POPPER EMBLUE CONCLUIDO!
2022-10-24 21:00:01 
2022-10-24 21:15:02 ------------------------------------------------------------------------
2022-10-24 21:15:02 ---------------------INICIANDO MASTER POPPER EMBLUE---------------------
2022-10-24 21:15:02 ------------------------------------------------------------------------
2022-10-24 21:15:02 Conexion Establecida a POP3 Server!
2022-10-24 21:15:02 PROCESO POPPER EMBLUE CONCLUIDO!
2022-10-24 21:15:02 
2022-10-24 21:30:01 ------------------------------------------------------------------------
2022-10-24 21:30:01 ---------------------INICIANDO MASTER POPPER EMBLUE---------------------
2022-10-24 21:30:01 ------------------------------------------------------------------------
2022-10-24 21:30:01 Conexion Establecida a POP3 Server!
2022-10-24 21:30:01 PROCESO POPPER EMBLUE CONCLUIDO!
2022-10-24 21:30:01 
2022-10-24 21:45:01 ------------------------------------------------------------------------
2022-10-24 21:45:01 ---------------------INICIANDO MASTER POPPER EMBLUE---------------------
2022-10-24 21:45:01 ------------------------------------------------------------------------
2022-10-24 21:45:01 Conexion Establecida a POP3 Server!
2022-10-24 21:45:01 PROCESO POPPER EMBLUE CONCLUIDO!
2022-10-24 21:45:01 
2022-10-24 22:00:02 ------------------------------------------------------------------------
2022-10-24 22:00:02 ---------------------INICIANDO MASTER POPPER EMBLUE---------------------
2022-10-24 22:00:02 ------------------------------------------------------------------------
2022-10-24 22:00:02 Conexion Establecida a POP3 Server!
2022-10-24 22:00:02 PROCESO POPPER EMBLUE CONCLUIDO!
2022-10-24 22:00:02 
2022-10-24 22:15:01 ------------------------------------------------------------------------
2022-10-24 22:15:01 ---------------------INICIANDO MASTER POPPER EMBLUE---------------------
2022-10-24 22:15:01 ------------------------------------------------------------------------
2022-10-24 22:15:01 Conexion Establecida a POP3 Server!
2022-10-24 22:15:01 PROCESO POPPER EMBLUE CONCLUIDO!
2022-10-24 22:15:01 
2022-10-24 22:30:01 ------------------------------------------------------------------------
2022-10-24 22:30:01 ---------------------INICIANDO MASTER POPPER EMBLUE---------------------
2022-10-24 22:30:01 ------------------------------------------------------------------------
2022-10-24 22:30:01 Conexion Establecida a POP3 Server!
2022-10-24 22:30:01 PROCESO POPPER EMBLUE CONCLUIDO!
2022-10-24 22:30:01 
2022-10-24 22:45:01 ------------------------------------------------------------------------
2022-10-24 22:45:01 ---------------------INICIANDO MASTER POPPER EMBLUE---------------------
2022-10-24 22:45:01 ------------------------------------------------------------------------
2022-10-24 22:45:01 Conexion Establecida a POP3 Server!
2022-10-24 22:45:01 PROCESO POPPER EMBLUE CONCLUIDO!
2022-10-24 22:45:01 
2022-10-24 23:00:02 ------------------------------------------------------------------------
2022-10-24 23:00:02 ---------------------INICIANDO MASTER POPPER EMBLUE---------------------
2022-10-24 23:00:02 ------------------------------------------------------------------------
2022-10-24 23:00:02 Conexion Establecida a POP3 Server!
2022-10-24 23:00:02 PROCESO POPPER EMBLUE CONCLUIDO!
2022-10-24 23:00:02 
2022-10-24 23:15:01 ------------------------------------------------------------------------
2022-10-24 23:15:01 ---------------------INICIANDO MASTER POPPER EMBLUE---------------------
2022-10-24 23:15:01 ------------------------------------------------------------------------
2022-10-24 23:15:01 Conexion Establecida a POP3 Server!
2022-10-24 23:15:01 PROCESO POPPER EMBLUE CONCLUIDO!
2022-10-24 23:15:01 
2022-10-24 23:30:02 ------------------------------------------------------------------------
2022-10-24 23:30:02 ---------------------INICIANDO MASTER POPPER EMBLUE---------------------
2022-10-24 23:30:02 ------------------------------------------------------------------------
2022-10-24 23:30:02 Conexion Establecida a POP3 Server!
2022-10-24 23:30:02 PROCESO POPPER EMBLUE CONCLUIDO!
2022-10-24 23:30:02 
2022-10-24 23:45:01 ------------------------------------------------------------------------
2022-10-24 23:45:01 ---------------------INICIANDO MASTER POPPER EMBLUE---------------------
2022-10-24 23:45:01 ------------------------------------------------------------------------
2022-10-24 23:45:01 Conexion Establecida a POP3 Server!
2022-10-24 23:45:01 PROCESO POPPER EMBLUE CONCLUIDO!
2022-10-24 23:45:01 
