2022-10-05 00:00:01 ------------------------------------------------------------------------
2022-10-05 00:00:01 ---------------------INICIANDO MASTER POPPER EMBLUE---------------------
2022-10-05 00:00:01 ------------------------------------------------------------------------
2022-10-05 00:00:01 Conexion Establecida a POP3 Server!
2022-10-05 00:00:01 PROCESO POPPER EMBLUE CONCLUIDO!
2022-10-05 00:00:01 
2022-10-05 00:15:02 ------------------------------------------------------------------------
2022-10-05 00:15:02 ---------------------INICIANDO MASTER POPPER EMBLUE---------------------
2022-10-05 00:15:02 ------------------------------------------------------------------------
2022-10-05 00:15:02 Conexion Establecida a POP3 Server!
2022-10-05 00:15:02 PROCESO POPPER EMBLUE CONCLUIDO!
2022-10-05 00:15:02 
2022-10-05 00:30:01 ------------------------------------------------------------------------
2022-10-05 00:30:01 ---------------------INICIANDO MASTER POPPER EMBLUE---------------------
2022-10-05 00:30:01 ------------------------------------------------------------------------
2022-10-05 00:30:01 Conexion Establecida a POP3 Server!
2022-10-05 00:30:01 PROCESO POPPER EMBLUE CONCLUIDO!
2022-10-05 00:30:01 
2022-10-05 00:45:01 ------------------------------------------------------------------------
2022-10-05 00:45:01 ---------------------INICIANDO MASTER POPPER EMBLUE---------------------
2022-10-05 00:45:01 ------------------------------------------------------------------------
2022-10-05 00:45:01 Conexion Establecida a POP3 Server!
2022-10-05 00:45:01 PROCESO POPPER EMBLUE CONCLUIDO!
2022-10-05 00:45:01 
2022-10-05 01:00:01 ------------------------------------------------------------------------
2022-10-05 01:00:01 ---------------------INICIANDO MASTER POPPER EMBLUE---------------------
2022-10-05 01:00:01 ------------------------------------------------------------------------
2022-10-05 01:00:01 Conexion Establecida a POP3 Server!
2022-10-05 01:00:01 PROCESO POPPER EMBLUE CONCLUIDO!
2022-10-05 01:00:01 
2022-10-05 01:15:01 ------------------------------------------------------------------------
2022-10-05 01:15:01 ---------------------INICIANDO MASTER POPPER EMBLUE---------------------
2022-10-05 01:15:01 ------------------------------------------------------------------------
2022-10-05 01:15:01 Conexion Establecida a POP3 Server!
2022-10-05 01:15:01 PROCESO POPPER EMBLUE CONCLUIDO!
2022-10-05 01:15:01 
2022-10-05 01:30:02 ------------------------------------------------------------------------
2022-10-05 01:30:02 ---------------------INICIANDO MASTER POPPER EMBLUE---------------------
2022-10-05 01:30:02 ------------------------------------------------------------------------
2022-10-05 01:30:02 Conexion Establecida a POP3 Server!
2022-10-05 01:30:02 PROCESO POPPER EMBLUE CONCLUIDO!
2022-10-05 01:30:02 
2022-10-05 01:45:01 ------------------------------------------------------------------------
2022-10-05 01:45:01 ---------------------INICIANDO MASTER POPPER EMBLUE---------------------
2022-10-05 01:45:01 ------------------------------------------------------------------------
2022-10-05 01:45:01 Conexion Establecida a POP3 Server!
2022-10-05 01:45:01 PROCESO POPPER EMBLUE CONCLUIDO!
2022-10-05 01:45:01 
2022-10-05 02:00:01 ------------------------------------------------------------------------
2022-10-05 02:00:01 ---------------------INICIANDO MASTER POPPER EMBLUE---------------------
2022-10-05 02:00:01 ------------------------------------------------------------------------
2022-10-05 02:00:01 Conexion Establecida a POP3 Server!
2022-10-05 02:00:01 PROCESO POPPER EMBLUE CONCLUIDO!
2022-10-05 02:00:01 
2022-10-05 02:15:01 ------------------------------------------------------------------------
2022-10-05 02:15:01 ---------------------INICIANDO MASTER POPPER EMBLUE---------------------
2022-10-05 02:15:01 ------------------------------------------------------------------------
2022-10-05 02:15:01 Conexion Establecida a POP3 Server!
2022-10-05 02:15:01 PROCESO POPPER EMBLUE CONCLUIDO!
2022-10-05 02:15:01 
2022-10-05 02:30:02 ------------------------------------------------------------------------
2022-10-05 02:30:02 ---------------------INICIANDO MASTER POPPER EMBLUE---------------------
2022-10-05 02:30:02 ------------------------------------------------------------------------
2022-10-05 02:30:02 Conexion Establecida a POP3 Server!
2022-10-05 02:30:02 PROCESO POPPER EMBLUE CONCLUIDO!
2022-10-05 02:30:02 
2022-10-05 02:45:02 ------------------------------------------------------------------------
2022-10-05 02:45:02 ---------------------INICIANDO MASTER POPPER EMBLUE---------------------
2022-10-05 02:45:02 ------------------------------------------------------------------------
2022-10-05 02:45:02 Conexion Establecida a POP3 Server!
2022-10-05 02:45:02 PROCESO POPPER EMBLUE CONCLUIDO!
2022-10-05 02:45:02 
2022-10-05 03:00:01 ------------------------------------------------------------------------
2022-10-05 03:00:01 ---------------------INICIANDO MASTER POPPER EMBLUE---------------------
2022-10-05 03:00:01 ------------------------------------------------------------------------
2022-10-05 03:00:01 Conexion Establecida a POP3 Server!
2022-10-05 03:00:01 PROCESO POPPER EMBLUE CONCLUIDO!
2022-10-05 03:00:01 
2022-10-05 03:15:01 ------------------------------------------------------------------------
2022-10-05 03:15:01 ---------------------INICIANDO MASTER POPPER EMBLUE---------------------
2022-10-05 03:15:01 ------------------------------------------------------------------------
2022-10-05 03:15:01 Conexion Establecida a POP3 Server!
2022-10-05 03:15:01 PROCESO POPPER EMBLUE CONCLUIDO!
2022-10-05 03:15:01 
2022-10-05 03:30:02 ------------------------------------------------------------------------
2022-10-05 03:30:02 ---------------------INICIANDO MASTER POPPER EMBLUE---------------------
2022-10-05 03:30:02 ------------------------------------------------------------------------
2022-10-05 03:30:02 Conexion Establecida a POP3 Server!
2022-10-05 03:30:02 PROCESO POPPER EMBLUE CONCLUIDO!
2022-10-05 03:30:02 
2022-10-05 03:45:01 ------------------------------------------------------------------------
2022-10-05 03:45:01 ---------------------INICIANDO MASTER POPPER EMBLUE---------------------
2022-10-05 03:45:01 ------------------------------------------------------------------------
2022-10-05 03:45:01 Conexion Establecida a POP3 Server!
2022-10-05 03:45:01 PROCESO POPPER EMBLUE CONCLUIDO!
2022-10-05 03:45:01 
2022-10-05 04:00:01 ------------------------------------------------------------------------
2022-10-05 04:00:01 ---------------------INICIANDO MASTER POPPER EMBLUE---------------------
2022-10-05 04:00:01 ------------------------------------------------------------------------
2022-10-05 04:00:01 Conexion Establecida a POP3 Server!
2022-10-05 04:00:01 PROCESO POPPER EMBLUE CONCLUIDO!
2022-10-05 04:00:01 
2022-10-05 04:15:01 ------------------------------------------------------------------------
2022-10-05 04:15:01 ---------------------INICIANDO MASTER POPPER EMBLUE---------------------
2022-10-05 04:15:01 ------------------------------------------------------------------------
2022-10-05 04:15:02 Conexion Establecida a POP3 Server!
2022-10-05 04:15:02 PROCESO POPPER EMBLUE CONCLUIDO!
2022-10-05 04:15:02 
2022-10-05 04:30:01 ------------------------------------------------------------------------
2022-10-05 04:30:01 ---------------------INICIANDO MASTER POPPER EMBLUE---------------------
2022-10-05 04:30:01 ------------------------------------------------------------------------
2022-10-05 04:30:01 Conexion Establecida a POP3 Server!
2022-10-05 04:30:01 PROCESO POPPER EMBLUE CONCLUIDO!
2022-10-05 04:30:01 
2022-10-05 04:45:02 ------------------------------------------------------------------------
2022-10-05 04:45:02 ---------------------INICIANDO MASTER POPPER EMBLUE---------------------
2022-10-05 04:45:02 ------------------------------------------------------------------------
2022-10-05 04:45:02 Conexion Establecida a POP3 Server!
2022-10-05 04:45:02 PROCESO POPPER EMBLUE CONCLUIDO!
2022-10-05 04:45:02 
2022-10-05 05:00:01 ------------------------------------------------------------------------
2022-10-05 05:00:01 ---------------------INICIANDO MASTER POPPER EMBLUE---------------------
2022-10-05 05:00:01 ------------------------------------------------------------------------
2022-10-05 05:00:01 Conexion Establecida a POP3 Server!
2022-10-05 05:00:01 PROCESO POPPER EMBLUE CONCLUIDO!
2022-10-05 05:00:01 
2022-10-05 05:15:01 ------------------------------------------------------------------------
2022-10-05 05:15:01 ---------------------INICIANDO MASTER POPPER EMBLUE---------------------
2022-10-05 05:15:01 ------------------------------------------------------------------------
2022-10-05 05:15:02 Conexion Establecida a POP3 Server!
2022-10-05 05:15:02 PROCESO POPPER EMBLUE CONCLUIDO!
2022-10-05 05:15:02 
2022-10-05 05:30:01 ------------------------------------------------------------------------
2022-10-05 05:30:01 ---------------------INICIANDO MASTER POPPER EMBLUE---------------------
2022-10-05 05:30:01 ------------------------------------------------------------------------
2022-10-05 05:30:01 Conexion Establecida a POP3 Server!
2022-10-05 05:30:01 PROCESO POPPER EMBLUE CONCLUIDO!
2022-10-05 05:30:01 
2022-10-05 05:45:02 ------------------------------------------------------------------------
2022-10-05 05:45:02 ---------------------INICIANDO MASTER POPPER EMBLUE---------------------
2022-10-05 05:45:02 ------------------------------------------------------------------------
2022-10-05 05:45:02 Conexion Establecida a POP3 Server!
2022-10-05 05:45:02 PROCESO POPPER EMBLUE CONCLUIDO!
2022-10-05 05:45:02 
2022-10-05 06:00:01 ------------------------------------------------------------------------
2022-10-05 06:00:01 ---------------------INICIANDO MASTER POPPER EMBLUE---------------------
2022-10-05 06:00:01 ------------------------------------------------------------------------
2022-10-05 06:00:01 Conexion Establecida a POP3 Server!
2022-10-05 06:00:01 PROCESO POPPER EMBLUE CONCLUIDO!
2022-10-05 06:00:01 
2022-10-05 06:15:01 ------------------------------------------------------------------------
2022-10-05 06:15:01 ---------------------INICIANDO MASTER POPPER EMBLUE---------------------
2022-10-05 06:15:01 ------------------------------------------------------------------------
2022-10-05 06:15:01 Conexion Establecida a POP3 Server!
2022-10-05 06:15:01 PROCESO POPPER EMBLUE CONCLUIDO!
2022-10-05 06:15:01 
2022-10-05 06:30:02 ------------------------------------------------------------------------
2022-10-05 06:30:02 ---------------------INICIANDO MASTER POPPER EMBLUE---------------------
2022-10-05 06:30:02 ------------------------------------------------------------------------
2022-10-05 06:30:02 Conexion Establecida a POP3 Server!
2022-10-05 06:30:02 PROCESO POPPER EMBLUE CONCLUIDO!
2022-10-05 06:30:02 
2022-10-05 06:45:01 ------------------------------------------------------------------------
2022-10-05 06:45:01 ---------------------INICIANDO MASTER POPPER EMBLUE---------------------
2022-10-05 06:45:01 ------------------------------------------------------------------------
2022-10-05 06:45:01 Conexion Establecida a POP3 Server!
2022-10-05 06:45:01 PROCESO POPPER EMBLUE CONCLUIDO!
2022-10-05 06:45:01 
2022-10-05 07:00:01 ------------------------------------------------------------------------
2022-10-05 07:00:01 ---------------------INICIANDO MASTER POPPER EMBLUE---------------------
2022-10-05 07:00:01 ------------------------------------------------------------------------
2022-10-05 07:00:02 Conexion Establecida a POP3 Server!
2022-10-05 07:00:02 PROCESO POPPER EMBLUE CONCLUIDO!
2022-10-05 07:00:02 
2022-10-05 07:15:01 ------------------------------------------------------------------------
2022-10-05 07:15:01 ---------------------INICIANDO MASTER POPPER EMBLUE---------------------
2022-10-05 07:15:01 ------------------------------------------------------------------------
2022-10-05 07:15:01 Conexion Establecida a POP3 Server!
2022-10-05 07:15:01 PROCESO POPPER EMBLUE CONCLUIDO!
2022-10-05 07:15:01 
2022-10-05 07:30:01 ------------------------------------------------------------------------
2022-10-05 07:30:01 ---------------------INICIANDO MASTER POPPER EMBLUE---------------------
2022-10-05 07:30:01 ------------------------------------------------------------------------
2022-10-05 07:30:02 Conexion Establecida a POP3 Server!
2022-10-05 07:30:02 PROCESO POPPER EMBLUE CONCLUIDO!
2022-10-05 07:30:02 
2022-10-05 07:45:01 ------------------------------------------------------------------------
2022-10-05 07:45:01 ---------------------INICIANDO MASTER POPPER EMBLUE---------------------
2022-10-05 07:45:01 ------------------------------------------------------------------------
2022-10-05 07:45:01 Conexion Establecida a POP3 Server!
2022-10-05 07:45:01 PROCESO POPPER EMBLUE CONCLUIDO!
2022-10-05 07:45:01 
2022-10-05 08:00:01 ------------------------------------------------------------------------
2022-10-05 08:00:01 ---------------------INICIANDO MASTER POPPER EMBLUE---------------------
2022-10-05 08:00:01 ------------------------------------------------------------------------
2022-10-05 08:00:01 Conexion Establecida a POP3 Server!
2022-10-05 08:00:01 PROCESO POPPER EMBLUE CONCLUIDO!
2022-10-05 08:00:01 
2022-10-05 08:15:02 ------------------------------------------------------------------------
2022-10-05 08:15:02 ---------------------INICIANDO MASTER POPPER EMBLUE---------------------
2022-10-05 08:15:02 ------------------------------------------------------------------------
2022-10-05 08:15:02 Conexion Establecida a POP3 Server!
2022-10-05 08:15:02 PROCESO POPPER EMBLUE CONCLUIDO!
2022-10-05 08:15:02 
2022-10-05 08:30:01 ------------------------------------------------------------------------
2022-10-05 08:30:01 ---------------------INICIANDO MASTER POPPER EMBLUE---------------------
2022-10-05 08:30:01 ------------------------------------------------------------------------
2022-10-05 08:30:01 Conexion Establecida a POP3 Server!
2022-10-05 08:30:01 PROCESO POPPER EMBLUE CONCLUIDO!
2022-10-05 08:30:01 
2022-10-05 08:45:01 ------------------------------------------------------------------------
2022-10-05 08:45:01 ---------------------INICIANDO MASTER POPPER EMBLUE---------------------
2022-10-05 08:45:01 ------------------------------------------------------------------------
2022-10-05 08:45:01 Conexion Establecida a POP3 Server!
2022-10-05 08:45:01 PROCESO POPPER EMBLUE CONCLUIDO!
2022-10-05 08:45:01 
2022-10-05 09:00:01 ------------------------------------------------------------------------
2022-10-05 09:00:01 ---------------------INICIANDO MASTER POPPER EMBLUE---------------------
2022-10-05 09:00:01 ------------------------------------------------------------------------
2022-10-05 09:00:01 Conexion Establecida a POP3 Server!
2022-10-05 09:00:01 PROCESO POPPER EMBLUE CONCLUIDO!
2022-10-05 09:00:01 
2022-10-05 09:15:01 ------------------------------------------------------------------------
2022-10-05 09:15:01 ---------------------INICIANDO MASTER POPPER EMBLUE---------------------
2022-10-05 09:15:01 ------------------------------------------------------------------------
2022-10-05 09:15:01 Conexion Establecida a POP3 Server!
2022-10-05 09:15:01 PROCESO POPPER EMBLUE CONCLUIDO!
2022-10-05 09:15:01 
2022-10-05 09:30:01 ------------------------------------------------------------------------
2022-10-05 09:30:01 ---------------------INICIANDO MASTER POPPER EMBLUE---------------------
2022-10-05 09:30:01 ------------------------------------------------------------------------
2022-10-05 09:30:01 Conexion Establecida a POP3 Server!
2022-10-05 09:30:01 PROCESO POPPER EMBLUE CONCLUIDO!
2022-10-05 09:30:01 
2022-10-05 09:45:02 ------------------------------------------------------------------------
2022-10-05 09:45:02 ---------------------INICIANDO MASTER POPPER EMBLUE---------------------
2022-10-05 09:45:02 ------------------------------------------------------------------------
2022-10-05 09:45:02 Conexion Establecida a POP3 Server!
2022-10-05 09:45:02 PROCESO POPPER EMBLUE CONCLUIDO!
2022-10-05 09:45:02 
2022-10-05 10:00:01 ------------------------------------------------------------------------
2022-10-05 10:00:01 ---------------------INICIANDO MASTER POPPER EMBLUE---------------------
2022-10-05 10:00:01 ------------------------------------------------------------------------
2022-10-05 10:00:01 Conexion Establecida a POP3 Server!
2022-10-05 10:00:01 PROCESO POPPER EMBLUE CONCLUIDO!
2022-10-05 10:00:01 
2022-10-05 10:15:01 ------------------------------------------------------------------------
2022-10-05 10:15:01 ---------------------INICIANDO MASTER POPPER EMBLUE---------------------
2022-10-05 10:15:01 ------------------------------------------------------------------------
2022-10-05 10:15:01 Conexion Establecida a POP3 Server!
2022-10-05 10:15:01 PROCESO POPPER EMBLUE CONCLUIDO!
2022-10-05 10:15:01 
2022-10-05 10:30:02 ------------------------------------------------------------------------
2022-10-05 10:30:02 ---------------------INICIANDO MASTER POPPER EMBLUE---------------------
2022-10-05 10:30:02 ------------------------------------------------------------------------
2022-10-05 10:30:02 Conexion Establecida a POP3 Server!
2022-10-05 10:30:02 PROCESO POPPER EMBLUE CONCLUIDO!
2022-10-05 10:30:02 
2022-10-05 10:45:01 ------------------------------------------------------------------------
2022-10-05 10:45:01 ---------------------INICIANDO MASTER POPPER EMBLUE---------------------
2022-10-05 10:45:01 ------------------------------------------------------------------------
2022-10-05 10:45:01 Conexion Establecida a POP3 Server!
2022-10-05 10:45:01 PROCESO POPPER EMBLUE CONCLUIDO!
2022-10-05 10:45:01 
2022-10-05 11:00:02 ------------------------------------------------------------------------
2022-10-05 11:00:02 ---------------------INICIANDO MASTER POPPER EMBLUE---------------------
2022-10-05 11:00:02 ------------------------------------------------------------------------
2022-10-05 11:00:02 Conexion Establecida a POP3 Server!
2022-10-05 11:00:02 PROCESO POPPER EMBLUE CONCLUIDO!
2022-10-05 11:00:02 
2022-10-05 11:15:01 ------------------------------------------------------------------------
2022-10-05 11:15:01 ---------------------INICIANDO MASTER POPPER EMBLUE---------------------
2022-10-05 11:15:01 ------------------------------------------------------------------------
2022-10-05 11:15:01 Conexion Establecida a POP3 Server!
2022-10-05 11:15:01 PROCESO POPPER EMBLUE CONCLUIDO!
2022-10-05 11:15:01 
2022-10-05 11:30:01 ------------------------------------------------------------------------
2022-10-05 11:30:01 ---------------------INICIANDO MASTER POPPER EMBLUE---------------------
2022-10-05 11:30:01 ------------------------------------------------------------------------
2022-10-05 11:30:01 Conexion Establecida a POP3 Server!
2022-10-05 11:30:01 PROCESO POPPER EMBLUE CONCLUIDO!
2022-10-05 11:30:01 
2022-10-05 11:45:02 ------------------------------------------------------------------------
2022-10-05 11:45:02 ---------------------INICIANDO MASTER POPPER EMBLUE---------------------
2022-10-05 11:45:02 ------------------------------------------------------------------------
2022-10-05 11:45:02 Conexion Establecida a POP3 Server!
2022-10-05 11:45:02 PROCESO POPPER EMBLUE CONCLUIDO!
2022-10-05 11:45:02 
2022-10-05 12:00:01 ------------------------------------------------------------------------
2022-10-05 12:00:01 ---------------------INICIANDO MASTER POPPER EMBLUE---------------------
2022-10-05 12:00:01 ------------------------------------------------------------------------
2022-10-05 12:00:01 Conexion Establecida a POP3 Server!
2022-10-05 12:00:01 PROCESO POPPER EMBLUE CONCLUIDO!
2022-10-05 12:00:01 
2022-10-05 12:15:01 ------------------------------------------------------------------------
2022-10-05 12:15:01 ---------------------INICIANDO MASTER POPPER EMBLUE---------------------
2022-10-05 12:15:01 ------------------------------------------------------------------------
2022-10-05 12:15:01 Conexion Establecida a POP3 Server!
2022-10-05 12:15:01 PROCESO POPPER EMBLUE CONCLUIDO!
2022-10-05 12:15:01 
2022-10-05 12:30:01 ------------------------------------------------------------------------
2022-10-05 12:30:01 ---------------------INICIANDO MASTER POPPER EMBLUE---------------------
2022-10-05 12:30:01 ------------------------------------------------------------------------
2022-10-05 12:30:01 Conexion Establecida a POP3 Server!
2022-10-05 12:30:01 PROCESO POPPER EMBLUE CONCLUIDO!
2022-10-05 12:30:01 
2022-10-05 12:45:02 ------------------------------------------------------------------------
2022-10-05 12:45:02 ---------------------INICIANDO MASTER POPPER EMBLUE---------------------
2022-10-05 12:45:02 ------------------------------------------------------------------------
2022-10-05 12:45:02 Conexion Establecida a POP3 Server!
2022-10-05 12:45:02 PROCESO POPPER EMBLUE CONCLUIDO!
2022-10-05 12:45:02 
2022-10-05 13:00:01 ------------------------------------------------------------------------
2022-10-05 13:00:01 ---------------------INICIANDO MASTER POPPER EMBLUE---------------------
2022-10-05 13:00:01 ------------------------------------------------------------------------
2022-10-05 13:00:01 Conexion Establecida a POP3 Server!
2022-10-05 13:00:01 PROCESO POPPER EMBLUE CONCLUIDO!
2022-10-05 13:00:01 
2022-10-05 13:15:01 ------------------------------------------------------------------------
2022-10-05 13:15:01 ---------------------INICIANDO MASTER POPPER EMBLUE---------------------
2022-10-05 13:15:01 ------------------------------------------------------------------------
2022-10-05 13:15:01 Conexion Establecida a POP3 Server!
2022-10-05 13:15:01 PROCESO POPPER EMBLUE CONCLUIDO!
2022-10-05 13:15:01 
2022-10-05 13:30:01 ------------------------------------------------------------------------
2022-10-05 13:30:01 ---------------------INICIANDO MASTER POPPER EMBLUE---------------------
2022-10-05 13:30:01 ------------------------------------------------------------------------
2022-10-05 13:30:02 Conexion Establecida a POP3 Server!
2022-10-05 13:30:02 PROCESO POPPER EMBLUE CONCLUIDO!
2022-10-05 13:30:02 
2022-10-05 13:45:01 ------------------------------------------------------------------------
2022-10-05 13:45:01 ---------------------INICIANDO MASTER POPPER EMBLUE---------------------
2022-10-05 13:45:01 ------------------------------------------------------------------------
2022-10-05 13:45:01 Conexion Establecida a POP3 Server!
2022-10-05 13:45:01 PROCESO POPPER EMBLUE CONCLUIDO!
2022-10-05 13:45:01 
2022-10-05 14:00:01 ------------------------------------------------------------------------
2022-10-05 14:00:01 ---------------------INICIANDO MASTER POPPER EMBLUE---------------------
2022-10-05 14:00:01 ------------------------------------------------------------------------
2022-10-05 14:00:01 Conexion Establecida a POP3 Server!
2022-10-05 14:00:01 PROCESO POPPER EMBLUE CONCLUIDO!
2022-10-05 14:00:01 
2022-10-05 14:15:02 ------------------------------------------------------------------------
2022-10-05 14:15:02 ---------------------INICIANDO MASTER POPPER EMBLUE---------------------
2022-10-05 14:15:02 ------------------------------------------------------------------------
2022-10-05 14:15:02 Conexion Establecida a POP3 Server!
2022-10-05 14:15:02 PROCESO POPPER EMBLUE CONCLUIDO!
2022-10-05 14:15:02 
2022-10-05 14:30:01 ------------------------------------------------------------------------
2022-10-05 14:30:01 ---------------------INICIANDO MASTER POPPER EMBLUE---------------------
2022-10-05 14:30:01 ------------------------------------------------------------------------
2022-10-05 14:30:01 Conexion Establecida a POP3 Server!
2022-10-05 14:30:01 PROCESO POPPER EMBLUE CONCLUIDO!
2022-10-05 14:30:01 
2022-10-05 14:45:02 ------------------------------------------------------------------------
2022-10-05 14:45:02 ---------------------INICIANDO MASTER POPPER EMBLUE---------------------
2022-10-05 14:45:02 ------------------------------------------------------------------------
2022-10-05 14:45:02 Conexion Establecida a POP3 Server!
2022-10-05 14:45:02 PROCESO POPPER EMBLUE CONCLUIDO!
2022-10-05 14:45:02 
2022-10-05 15:00:01 ------------------------------------------------------------------------
2022-10-05 15:00:01 ---------------------INICIANDO MASTER POPPER EMBLUE---------------------
2022-10-05 15:00:01 ------------------------------------------------------------------------
2022-10-05 15:00:01 Conexion Establecida a POP3 Server!
2022-10-05 15:00:01 PROCESO POPPER EMBLUE CONCLUIDO!
2022-10-05 15:00:01 
2022-10-05 15:15:01 ------------------------------------------------------------------------
2022-10-05 15:15:01 ---------------------INICIANDO MASTER POPPER EMBLUE---------------------
2022-10-05 15:15:01 ------------------------------------------------------------------------
2022-10-05 15:15:01 Conexion Establecida a POP3 Server!
2022-10-05 15:15:01 PROCESO POPPER EMBLUE CONCLUIDO!
2022-10-05 15:15:01 
2022-10-05 15:30:02 ------------------------------------------------------------------------
2022-10-05 15:30:02 ---------------------INICIANDO MASTER POPPER EMBLUE---------------------
2022-10-05 15:30:02 ------------------------------------------------------------------------
2022-10-05 15:30:02 Conexion Establecida a POP3 Server!
2022-10-05 15:30:02 PROCESO POPPER EMBLUE CONCLUIDO!
2022-10-05 15:30:02 
2022-10-05 15:45:01 ------------------------------------------------------------------------
2022-10-05 15:45:01 ---------------------INICIANDO MASTER POPPER EMBLUE---------------------
2022-10-05 15:45:01 ------------------------------------------------------------------------
2022-10-05 15:45:01 Conexion Establecida a POP3 Server!
2022-10-05 15:45:01 PROCESO POPPER EMBLUE CONCLUIDO!
2022-10-05 15:45:01 
2022-10-05 16:00:01 ------------------------------------------------------------------------
2022-10-05 16:00:01 ---------------------INICIANDO MASTER POPPER EMBLUE---------------------
2022-10-05 16:00:01 ------------------------------------------------------------------------
2022-10-05 16:00:01 Conexion Establecida a POP3 Server!
2022-10-05 16:00:01 PROCESO POPPER EMBLUE CONCLUIDO!
2022-10-05 16:00:01 
2022-10-05 16:15:01 ------------------------------------------------------------------------
2022-10-05 16:15:01 ---------------------INICIANDO MASTER POPPER EMBLUE---------------------
2022-10-05 16:15:01 ------------------------------------------------------------------------
2022-10-05 16:15:01 Conexion Establecida a POP3 Server!
2022-10-05 16:15:02 PROCESO POPPER EMBLUE CONCLUIDO!
2022-10-05 16:15:02 
2022-10-05 16:30:01 ------------------------------------------------------------------------
2022-10-05 16:30:01 ---------------------INICIANDO MASTER POPPER EMBLUE---------------------
2022-10-05 16:30:01 ------------------------------------------------------------------------
2022-10-05 16:30:01 Conexion Establecida a POP3 Server!
2022-10-05 16:30:01 PROCESO POPPER EMBLUE CONCLUIDO!
2022-10-05 16:30:01 
2022-10-05 16:45:01 ------------------------------------------------------------------------
2022-10-05 16:45:01 ---------------------INICIANDO MASTER POPPER EMBLUE---------------------
2022-10-05 16:45:01 ------------------------------------------------------------------------
2022-10-05 16:45:02 Conexion Establecida a POP3 Server!
2022-10-05 16:45:02 PROCESO POPPER EMBLUE CONCLUIDO!
2022-10-05 16:45:02 
2022-10-05 17:00:01 ------------------------------------------------------------------------
2022-10-05 17:00:01 ---------------------INICIANDO MASTER POPPER EMBLUE---------------------
2022-10-05 17:00:01 ------------------------------------------------------------------------
2022-10-05 17:00:01 Conexion Establecida a POP3 Server!
2022-10-05 17:00:01 PROCESO POPPER EMBLUE CONCLUIDO!
2022-10-05 17:00:01 
2022-10-05 17:15:01 ------------------------------------------------------------------------
2022-10-05 17:15:01 ---------------------INICIANDO MASTER POPPER EMBLUE---------------------
2022-10-05 17:15:01 ------------------------------------------------------------------------
2022-10-05 17:15:01 Conexion Establecida a POP3 Server!
2022-10-05 17:15:01 PROCESO POPPER EMBLUE CONCLUIDO!
2022-10-05 17:15:01 
2022-10-05 17:30:01 ------------------------------------------------------------------------
2022-10-05 17:30:01 ---------------------INICIANDO MASTER POPPER EMBLUE---------------------
2022-10-05 17:30:01 ------------------------------------------------------------------------
2022-10-05 17:30:01 Conexion Establecida a POP3 Server!
2022-10-05 17:30:01 PROCESO POPPER EMBLUE CONCLUIDO!
2022-10-05 17:30:01 
2022-10-05 17:45:01 ------------------------------------------------------------------------
2022-10-05 17:45:01 ---------------------INICIANDO MASTER POPPER EMBLUE---------------------
2022-10-05 17:45:01 ------------------------------------------------------------------------
2022-10-05 17:45:01 Conexion Establecida a POP3 Server!
2022-10-05 17:45:01 PROCESO POPPER EMBLUE CONCLUIDO!
2022-10-05 17:45:01 
2022-10-05 18:00:01 ------------------------------------------------------------------------
2022-10-05 18:00:01 ---------------------INICIANDO MASTER POPPER EMBLUE---------------------
2022-10-05 18:00:01 ------------------------------------------------------------------------
2022-10-05 18:00:01 Conexion Establecida a POP3 Server!
2022-10-05 18:00:01 PROCESO POPPER EMBLUE CONCLUIDO!
2022-10-05 18:00:01 
2022-10-05 18:15:01 ------------------------------------------------------------------------
2022-10-05 18:15:01 ---------------------INICIANDO MASTER POPPER EMBLUE---------------------
2022-10-05 18:15:01 ------------------------------------------------------------------------
2022-10-05 18:15:01 Conexion Establecida a POP3 Server!
2022-10-05 18:15:01 PROCESO POPPER EMBLUE CONCLUIDO!
2022-10-05 18:15:01 
2022-10-05 18:30:01 ------------------------------------------------------------------------
2022-10-05 18:30:01 ---------------------INICIANDO MASTER POPPER EMBLUE---------------------
2022-10-05 18:30:01 ------------------------------------------------------------------------
2022-10-05 18:30:01 Conexion Establecida a POP3 Server!
2022-10-05 18:30:01 PROCESO POPPER EMBLUE CONCLUIDO!
2022-10-05 18:30:01 
2022-10-05 18:45:02 ------------------------------------------------------------------------
2022-10-05 18:45:02 ---------------------INICIANDO MASTER POPPER EMBLUE---------------------
2022-10-05 18:45:02 ------------------------------------------------------------------------
2022-10-05 18:45:02 Conexion Establecida a POP3 Server!
2022-10-05 18:45:02 PROCESO POPPER EMBLUE CONCLUIDO!
2022-10-05 18:45:02 
2022-10-05 19:00:01 ------------------------------------------------------------------------
2022-10-05 19:00:01 ---------------------INICIANDO MASTER POPPER EMBLUE---------------------
2022-10-05 19:00:01 ------------------------------------------------------------------------
2022-10-05 19:00:01 Conexion Establecida a POP3 Server!
2022-10-05 19:00:01 PROCESO POPPER EMBLUE CONCLUIDO!
2022-10-05 19:00:01 
2022-10-05 19:15:01 ------------------------------------------------------------------------
2022-10-05 19:15:01 ---------------------INICIANDO MASTER POPPER EMBLUE---------------------
2022-10-05 19:15:01 ------------------------------------------------------------------------
2022-10-05 19:15:02 Conexion Establecida a POP3 Server!
2022-10-05 19:15:02 PROCESO POPPER EMBLUE CONCLUIDO!
2022-10-05 19:15:02 
2022-10-05 19:30:01 ------------------------------------------------------------------------
2022-10-05 19:30:01 ---------------------INICIANDO MASTER POPPER EMBLUE---------------------
2022-10-05 19:30:01 ------------------------------------------------------------------------
2022-10-05 19:30:01 Conexion Establecida a POP3 Server!
2022-10-05 19:30:01 PROCESO POPPER EMBLUE CONCLUIDO!
2022-10-05 19:30:01 
2022-10-05 19:45:01 ------------------------------------------------------------------------
2022-10-05 19:45:01 ---------------------INICIANDO MASTER POPPER EMBLUE---------------------
2022-10-05 19:45:01 ------------------------------------------------------------------------
2022-10-05 19:45:01 Conexion Establecida a POP3 Server!
2022-10-05 19:45:01 PROCESO POPPER EMBLUE CONCLUIDO!
2022-10-05 19:45:01 
2022-10-05 20:00:01 ------------------------------------------------------------------------
2022-10-05 20:00:01 ---------------------INICIANDO MASTER POPPER EMBLUE---------------------
2022-10-05 20:00:01 ------------------------------------------------------------------------
2022-10-05 20:00:02 Conexion Establecida a POP3 Server!
2022-10-05 20:00:02 PROCESO POPPER EMBLUE CONCLUIDO!
2022-10-05 20:00:02 
2022-10-05 20:15:01 ------------------------------------------------------------------------
2022-10-05 20:15:01 ---------------------INICIANDO MASTER POPPER EMBLUE---------------------
2022-10-05 20:15:01 ------------------------------------------------------------------------
2022-10-05 20:15:01 Conexion Establecida a POP3 Server!
2022-10-05 20:15:01 PROCESO POPPER EMBLUE CONCLUIDO!
2022-10-05 20:15:01 
2022-10-05 20:30:01 ------------------------------------------------------------------------
2022-10-05 20:30:01 ---------------------INICIANDO MASTER POPPER EMBLUE---------------------
2022-10-05 20:30:01 ------------------------------------------------------------------------
2022-10-05 20:30:01 Conexion Establecida a POP3 Server!
2022-10-05 20:30:01 PROCESO POPPER EMBLUE CONCLUIDO!
2022-10-05 20:30:01 
2022-10-05 20:45:01 ------------------------------------------------------------------------
2022-10-05 20:45:01 ---------------------INICIANDO MASTER POPPER EMBLUE---------------------
2022-10-05 20:45:01 ------------------------------------------------------------------------
2022-10-05 20:45:01 Conexion Establecida a POP3 Server!
2022-10-05 20:45:01 PROCESO POPPER EMBLUE CONCLUIDO!
2022-10-05 20:45:01 
2022-10-05 21:00:01 ------------------------------------------------------------------------
2022-10-05 21:00:01 ---------------------INICIANDO MASTER POPPER EMBLUE---------------------
2022-10-05 21:00:01 ------------------------------------------------------------------------
2022-10-05 21:00:01 Conexion Establecida a POP3 Server!
2022-10-05 21:00:01 PROCESO POPPER EMBLUE CONCLUIDO!
2022-10-05 21:00:01 
2022-10-05 21:15:01 ------------------------------------------------------------------------
2022-10-05 21:15:01 ---------------------INICIANDO MASTER POPPER EMBLUE---------------------
2022-10-05 21:15:01 ------------------------------------------------------------------------
2022-10-05 21:15:01 Conexion Establecida a POP3 Server!
2022-10-05 21:15:01 PROCESO POPPER EMBLUE CONCLUIDO!
2022-10-05 21:15:01 
2022-10-05 21:30:01 ------------------------------------------------------------------------
2022-10-05 21:30:01 ---------------------INICIANDO MASTER POPPER EMBLUE---------------------
2022-10-05 21:30:01 ------------------------------------------------------------------------
2022-10-05 21:30:01 Conexion Establecida a POP3 Server!
2022-10-05 21:30:01 PROCESO POPPER EMBLUE CONCLUIDO!
2022-10-05 21:30:01 
2022-10-05 21:45:02 ------------------------------------------------------------------------
2022-10-05 21:45:02 ---------------------INICIANDO MASTER POPPER EMBLUE---------------------
2022-10-05 21:45:02 ------------------------------------------------------------------------
2022-10-05 21:45:02 Conexion Establecida a POP3 Server!
2022-10-05 21:45:02 PROCESO POPPER EMBLUE CONCLUIDO!
2022-10-05 21:45:02 
2022-10-05 22:00:01 ------------------------------------------------------------------------
2022-10-05 22:00:01 ---------------------INICIANDO MASTER POPPER EMBLUE---------------------
2022-10-05 22:00:01 ------------------------------------------------------------------------
2022-10-05 22:00:01 Conexion Establecida a POP3 Server!
2022-10-05 22:00:01 PROCESO POPPER EMBLUE CONCLUIDO!
2022-10-05 22:00:01 
2022-10-05 22:15:01 ------------------------------------------------------------------------
2022-10-05 22:15:01 ---------------------INICIANDO MASTER POPPER EMBLUE---------------------
2022-10-05 22:15:01 ------------------------------------------------------------------------
2022-10-05 22:15:01 Conexion Establecida a POP3 Server!
2022-10-05 22:15:01 PROCESO POPPER EMBLUE CONCLUIDO!
2022-10-05 22:15:01 
2022-10-05 22:30:02 ------------------------------------------------------------------------
2022-10-05 22:30:02 ---------------------INICIANDO MASTER POPPER EMBLUE---------------------
2022-10-05 22:30:02 ------------------------------------------------------------------------
2022-10-05 22:30:02 Conexion Establecida a POP3 Server!
2022-10-05 22:30:02 PROCESO POPPER EMBLUE CONCLUIDO!
2022-10-05 22:30:02 
2022-10-05 22:45:01 ------------------------------------------------------------------------
2022-10-05 22:45:01 ---------------------INICIANDO MASTER POPPER EMBLUE---------------------
2022-10-05 22:45:01 ------------------------------------------------------------------------
2022-10-05 22:45:01 Conexion Establecida a POP3 Server!
2022-10-05 22:45:01 PROCESO POPPER EMBLUE CONCLUIDO!
2022-10-05 22:45:01 
2022-10-05 23:00:01 ------------------------------------------------------------------------
2022-10-05 23:00:01 ---------------------INICIANDO MASTER POPPER EMBLUE---------------------
2022-10-05 23:00:01 ------------------------------------------------------------------------
2022-10-05 23:00:01 Conexion Establecida a POP3 Server!
2022-10-05 23:00:01 PROCESO POPPER EMBLUE CONCLUIDO!
2022-10-05 23:00:01 
2022-10-05 23:15:02 ------------------------------------------------------------------------
2022-10-05 23:15:02 ---------------------INICIANDO MASTER POPPER EMBLUE---------------------
2022-10-05 23:15:02 ------------------------------------------------------------------------
2022-10-05 23:15:02 Conexion Establecida a POP3 Server!
2022-10-05 23:15:02 PROCESO POPPER EMBLUE CONCLUIDO!
2022-10-05 23:15:02 
2022-10-05 23:30:01 ------------------------------------------------------------------------
2022-10-05 23:30:01 ---------------------INICIANDO MASTER POPPER EMBLUE---------------------
2022-10-05 23:30:01 ------------------------------------------------------------------------
2022-10-05 23:30:01 Conexion Establecida a POP3 Server!
2022-10-05 23:30:01 PROCESO POPPER EMBLUE CONCLUIDO!
2022-10-05 23:30:01 
2022-10-05 23:45:01 ------------------------------------------------------------------------
2022-10-05 23:45:01 ---------------------INICIANDO MASTER POPPER EMBLUE---------------------
2022-10-05 23:45:01 ------------------------------------------------------------------------
2022-10-05 23:45:01 Conexion Establecida a POP3 Server!
2022-10-05 23:45:01 PROCESO POPPER EMBLUE CONCLUIDO!
2022-10-05 23:45:01 
