2022-10-18 00:00:01 ------------------------------------------------------------------------
2022-10-18 00:00:01 ---------------------INICIANDO MASTER POPPER EMBLUE---------------------
2022-10-18 00:00:01 ------------------------------------------------------------------------
2022-10-18 00:00:01 Conexion Establecida a POP3 Server!
2022-10-18 00:00:01 PROCESO POPPER EMBLUE CONCLUIDO!
2022-10-18 00:00:01 
2022-10-18 00:15:01 ------------------------------------------------------------------------
2022-10-18 00:15:01 ---------------------INICIANDO MASTER POPPER EMBLUE---------------------
2022-10-18 00:15:01 ------------------------------------------------------------------------
2022-10-18 00:15:01 Conexion Establecida a POP3 Server!
2022-10-18 00:15:01 PROCESO POPPER EMBLUE CONCLUIDO!
2022-10-18 00:15:01 
2022-10-18 00:30:02 ------------------------------------------------------------------------
2022-10-18 00:30:02 ---------------------INICIANDO MASTER POPPER EMBLUE---------------------
2022-10-18 00:30:02 ------------------------------------------------------------------------
2022-10-18 00:30:02 Conexion Establecida a POP3 Server!
2022-10-18 00:30:02 PROCESO POPPER EMBLUE CONCLUIDO!
2022-10-18 00:30:02 
2022-10-18 00:45:01 ------------------------------------------------------------------------
2022-10-18 00:45:01 ---------------------INICIANDO MASTER POPPER EMBLUE---------------------
2022-10-18 00:45:01 ------------------------------------------------------------------------
2022-10-18 00:45:01 Conexion Establecida a POP3 Server!
2022-10-18 00:45:01 PROCESO POPPER EMBLUE CONCLUIDO!
2022-10-18 00:45:01 
2022-10-18 01:00:02 ------------------------------------------------------------------------
2022-10-18 01:00:02 ---------------------INICIANDO MASTER POPPER EMBLUE---------------------
2022-10-18 01:00:02 ------------------------------------------------------------------------
2022-10-18 01:00:02 Conexion Establecida a POP3 Server!
2022-10-18 01:00:02 PROCESO POPPER EMBLUE CONCLUIDO!
2022-10-18 01:00:02 
2022-10-18 01:15:02 ------------------------------------------------------------------------
2022-10-18 01:15:02 ---------------------INICIANDO MASTER POPPER EMBLUE---------------------
2022-10-18 01:15:02 ------------------------------------------------------------------------
2022-10-18 01:15:02 Conexion Establecida a POP3 Server!
2022-10-18 01:15:02 PROCESO POPPER EMBLUE CONCLUIDO!
2022-10-18 01:15:02 
2022-10-18 01:30:01 ------------------------------------------------------------------------
2022-10-18 01:30:01 ---------------------INICIANDO MASTER POPPER EMBLUE---------------------
2022-10-18 01:30:01 ------------------------------------------------------------------------
2022-10-18 01:30:01 Conexion Establecida a POP3 Server!
2022-10-18 01:30:01 PROCESO POPPER EMBLUE CONCLUIDO!
2022-10-18 01:30:01 
2022-10-18 01:45:01 ------------------------------------------------------------------------
2022-10-18 01:45:01 ---------------------INICIANDO MASTER POPPER EMBLUE---------------------
2022-10-18 01:45:01 ------------------------------------------------------------------------
2022-10-18 01:45:01 Conexion Establecida a POP3 Server!
2022-10-18 01:45:01 PROCESO POPPER EMBLUE CONCLUIDO!
2022-10-18 01:45:01 
2022-10-18 02:00:04 ------------------------------------------------------------------------
2022-10-18 02:00:04 ---------------------INICIANDO MASTER POPPER EMBLUE---------------------
2022-10-18 02:00:04 ------------------------------------------------------------------------
2022-10-18 02:00:05 Conexion Establecida a POP3 Server!
2022-10-18 02:00:05 PROCESO POPPER EMBLUE CONCLUIDO!
2022-10-18 02:00:05 
2022-10-18 02:15:04 ------------------------------------------------------------------------
2022-10-18 02:15:04 ---------------------INICIANDO MASTER POPPER EMBLUE---------------------
2022-10-18 02:15:04 ------------------------------------------------------------------------
2022-10-18 02:15:04 Conexion Establecida a POP3 Server!
2022-10-18 02:15:04 PROCESO POPPER EMBLUE CONCLUIDO!
2022-10-18 02:15:04 
2022-10-18 02:30:01 ------------------------------------------------------------------------
2022-10-18 02:30:01 ---------------------INICIANDO MASTER POPPER EMBLUE---------------------
2022-10-18 02:30:01 ------------------------------------------------------------------------
2022-10-18 02:30:01 Conexion Establecida a POP3 Server!
2022-10-18 02:30:01 PROCESO POPPER EMBLUE CONCLUIDO!
2022-10-18 02:30:01 
2022-10-18 02:45:02 ------------------------------------------------------------------------
2022-10-18 02:45:02 ---------------------INICIANDO MASTER POPPER EMBLUE---------------------
2022-10-18 02:45:02 ------------------------------------------------------------------------
2022-10-18 02:45:02 Conexion Establecida a POP3 Server!
2022-10-18 02:45:02 PROCESO POPPER EMBLUE CONCLUIDO!
2022-10-18 02:45:02 
2022-10-18 03:00:01 ------------------------------------------------------------------------
2022-10-18 03:00:01 ---------------------INICIANDO MASTER POPPER EMBLUE---------------------
2022-10-18 03:00:01 ------------------------------------------------------------------------
2022-10-18 03:00:01 Conexion Establecida a POP3 Server!
2022-10-18 03:00:01 PROCESO POPPER EMBLUE CONCLUIDO!
2022-10-18 03:00:01 
2022-10-18 03:15:01 ------------------------------------------------------------------------
2022-10-18 03:15:01 ---------------------INICIANDO MASTER POPPER EMBLUE---------------------
2022-10-18 03:15:01 ------------------------------------------------------------------------
2022-10-18 03:15:01 Conexion Establecida a POP3 Server!
2022-10-18 03:15:01 PROCESO POPPER EMBLUE CONCLUIDO!
2022-10-18 03:15:01 
2022-10-18 03:30:02 ------------------------------------------------------------------------
2022-10-18 03:30:02 ---------------------INICIANDO MASTER POPPER EMBLUE---------------------
2022-10-18 03:30:02 ------------------------------------------------------------------------
2022-10-18 03:30:02 Conexion Establecida a POP3 Server!
2022-10-18 03:30:02 PROCESO POPPER EMBLUE CONCLUIDO!
2022-10-18 03:30:02 
2022-10-18 03:45:01 ------------------------------------------------------------------------
2022-10-18 03:45:01 ---------------------INICIANDO MASTER POPPER EMBLUE---------------------
2022-10-18 03:45:01 ------------------------------------------------------------------------
2022-10-18 03:45:01 Conexion Establecida a POP3 Server!
2022-10-18 03:45:01 PROCESO POPPER EMBLUE CONCLUIDO!
2022-10-18 03:45:01 
2022-10-18 04:00:01 ------------------------------------------------------------------------
2022-10-18 04:00:01 ---------------------INICIANDO MASTER POPPER EMBLUE---------------------
2022-10-18 04:00:01 ------------------------------------------------------------------------
2022-10-18 04:00:01 Conexion Establecida a POP3 Server!
2022-10-18 04:00:01 PROCESO POPPER EMBLUE CONCLUIDO!
2022-10-18 04:00:01 
2022-10-18 04:15:01 ------------------------------------------------------------------------
2022-10-18 04:15:01 ---------------------INICIANDO MASTER POPPER EMBLUE---------------------
2022-10-18 04:15:01 ------------------------------------------------------------------------
2022-10-18 04:15:01 Conexion Establecida a POP3 Server!
2022-10-18 04:15:01 PROCESO POPPER EMBLUE CONCLUIDO!
2022-10-18 04:15:01 
2022-10-18 04:30:01 ------------------------------------------------------------------------
2022-10-18 04:30:01 ---------------------INICIANDO MASTER POPPER EMBLUE---------------------
2022-10-18 04:30:01 ------------------------------------------------------------------------
2022-10-18 04:30:01 Conexion Establecida a POP3 Server!
2022-10-18 04:30:01 PROCESO POPPER EMBLUE CONCLUIDO!
2022-10-18 04:30:01 
2022-10-18 04:45:01 ------------------------------------------------------------------------
2022-10-18 04:45:01 ---------------------INICIANDO MASTER POPPER EMBLUE---------------------
2022-10-18 04:45:01 ------------------------------------------------------------------------
2022-10-18 04:45:01 Conexion Establecida a POP3 Server!
2022-10-18 04:45:01 PROCESO POPPER EMBLUE CONCLUIDO!
2022-10-18 04:45:01 
2022-10-18 05:00:02 ------------------------------------------------------------------------
2022-10-18 05:00:02 ---------------------INICIANDO MASTER POPPER EMBLUE---------------------
2022-10-18 05:00:02 ------------------------------------------------------------------------
2022-10-18 05:00:02 Conexion Establecida a POP3 Server!
2022-10-18 05:00:02 PROCESO POPPER EMBLUE CONCLUIDO!
2022-10-18 05:00:02 
2022-10-18 05:15:01 ------------------------------------------------------------------------
2022-10-18 05:15:01 ---------------------INICIANDO MASTER POPPER EMBLUE---------------------
2022-10-18 05:15:01 ------------------------------------------------------------------------
2022-10-18 05:15:01 Conexion Establecida a POP3 Server!
2022-10-18 05:15:01 PROCESO POPPER EMBLUE CONCLUIDO!
2022-10-18 05:15:01 
2022-10-18 05:30:02 ------------------------------------------------------------------------
2022-10-18 05:30:02 ---------------------INICIANDO MASTER POPPER EMBLUE---------------------
2022-10-18 05:30:02 ------------------------------------------------------------------------
2022-10-18 05:30:02 Conexion Establecida a POP3 Server!
2022-10-18 05:30:02 PROCESO POPPER EMBLUE CONCLUIDO!
2022-10-18 05:30:02 
2022-10-18 05:45:02 ------------------------------------------------------------------------
2022-10-18 05:45:02 ---------------------INICIANDO MASTER POPPER EMBLUE---------------------
2022-10-18 05:45:02 ------------------------------------------------------------------------
2022-10-18 05:45:02 Conexion Establecida a POP3 Server!
2022-10-18 05:45:02 PROCESO POPPER EMBLUE CONCLUIDO!
2022-10-18 05:45:02 
2022-10-18 06:00:01 ------------------------------------------------------------------------
2022-10-18 06:00:01 ---------------------INICIANDO MASTER POPPER EMBLUE---------------------
2022-10-18 06:00:01 ------------------------------------------------------------------------
2022-10-18 06:00:01 Conexion Establecida a POP3 Server!
2022-10-18 06:00:01 PROCESO POPPER EMBLUE CONCLUIDO!
2022-10-18 06:00:01 
2022-10-18 06:15:01 ------------------------------------------------------------------------
2022-10-18 06:15:01 ---------------------INICIANDO MASTER POPPER EMBLUE---------------------
2022-10-18 06:15:01 ------------------------------------------------------------------------
2022-10-18 06:15:01 Conexion Establecida a POP3 Server!
2022-10-18 06:15:01 PROCESO POPPER EMBLUE CONCLUIDO!
2022-10-18 06:15:01 
2022-10-18 06:30:02 ------------------------------------------------------------------------
2022-10-18 06:30:02 ---------------------INICIANDO MASTER POPPER EMBLUE---------------------
2022-10-18 06:30:02 ------------------------------------------------------------------------
2022-10-18 06:30:02 Conexion Establecida a POP3 Server!
2022-10-18 06:30:02 PROCESO POPPER EMBLUE CONCLUIDO!
2022-10-18 06:30:02 
2022-10-18 06:45:01 ------------------------------------------------------------------------
2022-10-18 06:45:01 ---------------------INICIANDO MASTER POPPER EMBLUE---------------------
2022-10-18 06:45:01 ------------------------------------------------------------------------
2022-10-18 06:45:01 Conexion Establecida a POP3 Server!
2022-10-18 06:45:01 PROCESO POPPER EMBLUE CONCLUIDO!
2022-10-18 06:45:01 
2022-10-18 07:00:01 ------------------------------------------------------------------------
2022-10-18 07:00:01 ---------------------INICIANDO MASTER POPPER EMBLUE---------------------
2022-10-18 07:00:01 ------------------------------------------------------------------------
2022-10-18 07:00:01 Conexion Establecida a POP3 Server!
2022-10-18 07:00:01 PROCESO POPPER EMBLUE CONCLUIDO!
2022-10-18 07:00:01 
2022-10-18 07:15:02 ------------------------------------------------------------------------
2022-10-18 07:15:02 ---------------------INICIANDO MASTER POPPER EMBLUE---------------------
2022-10-18 07:15:02 ------------------------------------------------------------------------
2022-10-18 07:15:02 Conexion Establecida a POP3 Server!
2022-10-18 07:15:02 PROCESO POPPER EMBLUE CONCLUIDO!
2022-10-18 07:15:02 
2022-10-18 07:30:01 ------------------------------------------------------------------------
2022-10-18 07:30:01 ---------------------INICIANDO MASTER POPPER EMBLUE---------------------
2022-10-18 07:30:01 ------------------------------------------------------------------------
2022-10-18 07:30:01 Conexion Establecida a POP3 Server!
2022-10-18 07:30:01 PROCESO POPPER EMBLUE CONCLUIDO!
2022-10-18 07:30:01 
2022-10-18 07:45:01 ------------------------------------------------------------------------
2022-10-18 07:45:01 ---------------------INICIANDO MASTER POPPER EMBLUE---------------------
2022-10-18 07:45:01 ------------------------------------------------------------------------
2022-10-18 07:45:01 Conexion Establecida a POP3 Server!
2022-10-18 07:45:01 PROCESO POPPER EMBLUE CONCLUIDO!
2022-10-18 07:45:01 
2022-10-18 08:00:02 ------------------------------------------------------------------------
2022-10-18 08:00:02 ---------------------INICIANDO MASTER POPPER EMBLUE---------------------
2022-10-18 08:00:02 ------------------------------------------------------------------------
2022-10-18 08:00:02 Conexion Establecida a POP3 Server!
2022-10-18 08:00:02 PROCESO POPPER EMBLUE CONCLUIDO!
2022-10-18 08:00:02 
2022-10-18 08:15:01 ------------------------------------------------------------------------
2022-10-18 08:15:01 ---------------------INICIANDO MASTER POPPER EMBLUE---------------------
2022-10-18 08:15:01 ------------------------------------------------------------------------
2022-10-18 08:15:02 Conexion Establecida a POP3 Server!
2022-10-18 08:15:02 PROCESO POPPER EMBLUE CONCLUIDO!
2022-10-18 08:15:02 
2022-10-18 08:30:02 ------------------------------------------------------------------------
2022-10-18 08:30:02 ---------------------INICIANDO MASTER POPPER EMBLUE---------------------
2022-10-18 08:30:02 ------------------------------------------------------------------------
2022-10-18 08:30:02 Conexion Establecida a POP3 Server!
2022-10-18 08:30:02 PROCESO POPPER EMBLUE CONCLUIDO!
2022-10-18 08:30:02 
2022-10-18 08:45:02 ------------------------------------------------------------------------
2022-10-18 08:45:02 ---------------------INICIANDO MASTER POPPER EMBLUE---------------------
2022-10-18 08:45:02 ------------------------------------------------------------------------
2022-10-18 08:45:02 Conexion Establecida a POP3 Server!
2022-10-18 08:45:02 PROCESO POPPER EMBLUE CONCLUIDO!
2022-10-18 08:45:02 
2022-10-18 09:00:01 ------------------------------------------------------------------------
2022-10-18 09:00:01 ---------------------INICIANDO MASTER POPPER EMBLUE---------------------
2022-10-18 09:00:01 ------------------------------------------------------------------------
2022-10-18 09:00:01 Conexion Establecida a POP3 Server!
2022-10-18 09:00:01 PROCESO POPPER EMBLUE CONCLUIDO!
2022-10-18 09:00:01 
2022-10-18 09:15:02 ------------------------------------------------------------------------
2022-10-18 09:15:02 ---------------------INICIANDO MASTER POPPER EMBLUE---------------------
2022-10-18 09:15:02 ------------------------------------------------------------------------
2022-10-18 09:15:02 Conexion Establecida a POP3 Server!
2022-10-18 09:15:02 PROCESO POPPER EMBLUE CONCLUIDO!
2022-10-18 09:15:02 
2022-10-18 09:30:01 ------------------------------------------------------------------------
2022-10-18 09:30:01 ---------------------INICIANDO MASTER POPPER EMBLUE---------------------
2022-10-18 09:30:01 ------------------------------------------------------------------------
2022-10-18 09:30:01 Conexion Establecida a POP3 Server!
2022-10-18 09:30:01 PROCESO POPPER EMBLUE CONCLUIDO!
2022-10-18 09:30:01 
2022-10-18 09:45:01 ------------------------------------------------------------------------
2022-10-18 09:45:01 ---------------------INICIANDO MASTER POPPER EMBLUE---------------------
2022-10-18 09:45:01 ------------------------------------------------------------------------
2022-10-18 09:45:01 Conexion Establecida a POP3 Server!
2022-10-18 09:45:01 PROCESO POPPER EMBLUE CONCLUIDO!
2022-10-18 09:45:01 
2022-10-18 10:00:01 ------------------------------------------------------------------------
2022-10-18 10:00:01 ---------------------INICIANDO MASTER POPPER EMBLUE---------------------
2022-10-18 10:00:01 ------------------------------------------------------------------------
2022-10-18 10:00:01 Conexion Establecida a POP3 Server!
2022-10-18 10:00:01 PROCESO POPPER EMBLUE CONCLUIDO!
2022-10-18 10:00:01 
2022-10-18 10:15:02 ------------------------------------------------------------------------
2022-10-18 10:15:02 ---------------------INICIANDO MASTER POPPER EMBLUE---------------------
2022-10-18 10:15:02 ------------------------------------------------------------------------
2022-10-18 10:15:02 Conexion Establecida a POP3 Server!
2022-10-18 10:15:02 PROCESO POPPER EMBLUE CONCLUIDO!
2022-10-18 10:15:02 
2022-10-18 10:30:02 ------------------------------------------------------------------------
2022-10-18 10:30:02 ---------------------INICIANDO MASTER POPPER EMBLUE---------------------
2022-10-18 10:30:02 ------------------------------------------------------------------------
2022-10-18 10:30:02 Conexion Establecida a POP3 Server!
2022-10-18 10:30:02 PROCESO POPPER EMBLUE CONCLUIDO!
2022-10-18 10:30:02 
2022-10-18 10:45:01 ------------------------------------------------------------------------
2022-10-18 10:45:01 ---------------------INICIANDO MASTER POPPER EMBLUE---------------------
2022-10-18 10:45:01 ------------------------------------------------------------------------
2022-10-18 10:45:01 Conexion Establecida a POP3 Server!
2022-10-18 10:45:01 PROCESO POPPER EMBLUE CONCLUIDO!
2022-10-18 10:45:01 
2022-10-18 11:00:01 ------------------------------------------------------------------------
2022-10-18 11:00:01 ---------------------INICIANDO MASTER POPPER EMBLUE---------------------
2022-10-18 11:00:01 ------------------------------------------------------------------------
2022-10-18 11:00:01 Conexion Establecida a POP3 Server!
2022-10-18 11:00:01 PROCESO POPPER EMBLUE CONCLUIDO!
2022-10-18 11:00:01 
2022-10-18 11:15:01 ------------------------------------------------------------------------
2022-10-18 11:15:01 ---------------------INICIANDO MASTER POPPER EMBLUE---------------------
2022-10-18 11:15:01 ------------------------------------------------------------------------
2022-10-18 11:15:01 Conexion Establecida a POP3 Server!
2022-10-18 11:15:01 PROCESO POPPER EMBLUE CONCLUIDO!
2022-10-18 11:15:01 
2022-10-18 11:30:02 ------------------------------------------------------------------------
2022-10-18 11:30:02 ---------------------INICIANDO MASTER POPPER EMBLUE---------------------
2022-10-18 11:30:02 ------------------------------------------------------------------------
2022-10-18 11:30:02 Conexion Establecida a POP3 Server!
2022-10-18 11:30:02 PROCESO POPPER EMBLUE CONCLUIDO!
2022-10-18 11:30:02 
2022-10-18 11:45:02 ------------------------------------------------------------------------
2022-10-18 11:45:02 ---------------------INICIANDO MASTER POPPER EMBLUE---------------------
2022-10-18 11:45:02 ------------------------------------------------------------------------
2022-10-18 11:45:02 Conexion Establecida a POP3 Server!
2022-10-18 11:45:02 PROCESO POPPER EMBLUE CONCLUIDO!
2022-10-18 11:45:02 
2022-10-18 12:00:01 ------------------------------------------------------------------------
2022-10-18 12:00:01 ---------------------INICIANDO MASTER POPPER EMBLUE---------------------
2022-10-18 12:00:01 ------------------------------------------------------------------------
2022-10-18 12:00:01 Conexion Establecida a POP3 Server!
2022-10-18 12:00:01 PROCESO POPPER EMBLUE CONCLUIDO!
2022-10-18 12:00:01 
2022-10-18 12:15:01 ------------------------------------------------------------------------
2022-10-18 12:15:01 ---------------------INICIANDO MASTER POPPER EMBLUE---------------------
2022-10-18 12:15:01 ------------------------------------------------------------------------
2022-10-18 12:15:01 Conexion Establecida a POP3 Server!
2022-10-18 12:15:01 PROCESO POPPER EMBLUE CONCLUIDO!
2022-10-18 12:15:01 
2022-10-18 12:30:01 ------------------------------------------------------------------------
2022-10-18 12:30:01 ---------------------INICIANDO MASTER POPPER EMBLUE---------------------
2022-10-18 12:30:01 ------------------------------------------------------------------------
2022-10-18 12:30:01 Conexion Establecida a POP3 Server!
2022-10-18 12:30:01 PROCESO POPPER EMBLUE CONCLUIDO!
2022-10-18 12:30:01 
2022-10-18 12:45:02 ------------------------------------------------------------------------
2022-10-18 12:45:02 ---------------------INICIANDO MASTER POPPER EMBLUE---------------------
2022-10-18 12:45:02 ------------------------------------------------------------------------
2022-10-18 12:45:02 Conexion Establecida a POP3 Server!
2022-10-18 12:45:02 PROCESO POPPER EMBLUE CONCLUIDO!
2022-10-18 12:45:02 
2022-10-18 13:00:01 ------------------------------------------------------------------------
2022-10-18 13:00:01 ---------------------INICIANDO MASTER POPPER EMBLUE---------------------
2022-10-18 13:00:01 ------------------------------------------------------------------------
2022-10-18 13:00:01 Conexion Establecida a POP3 Server!
2022-10-18 13:00:01 PROCESO POPPER EMBLUE CONCLUIDO!
2022-10-18 13:00:01 
2022-10-18 13:15:01 ------------------------------------------------------------------------
2022-10-18 13:15:01 ---------------------INICIANDO MASTER POPPER EMBLUE---------------------
2022-10-18 13:15:01 ------------------------------------------------------------------------
2022-10-18 13:15:01 Conexion Establecida a POP3 Server!
2022-10-18 13:15:01 PROCESO POPPER EMBLUE CONCLUIDO!
2022-10-18 13:15:01 
2022-10-18 13:30:01 ------------------------------------------------------------------------
2022-10-18 13:30:01 ---------------------INICIANDO MASTER POPPER EMBLUE---------------------
2022-10-18 13:30:01 ------------------------------------------------------------------------
2022-10-18 13:30:01 Conexion Establecida a POP3 Server!
2022-10-18 13:30:01 PROCESO POPPER EMBLUE CONCLUIDO!
2022-10-18 13:30:01 
2022-10-18 13:45:02 ------------------------------------------------------------------------
2022-10-18 13:45:02 ---------------------INICIANDO MASTER POPPER EMBLUE---------------------
2022-10-18 13:45:02 ------------------------------------------------------------------------
2022-10-18 13:45:02 Conexion Establecida a POP3 Server!
2022-10-18 13:45:02 PROCESO POPPER EMBLUE CONCLUIDO!
2022-10-18 13:45:02 
2022-10-18 14:00:02 ------------------------------------------------------------------------
2022-10-18 14:00:02 ---------------------INICIANDO MASTER POPPER EMBLUE---------------------
2022-10-18 14:00:02 ------------------------------------------------------------------------
2022-10-18 14:00:02 Conexion Establecida a POP3 Server!
2022-10-18 14:00:02 PROCESO POPPER EMBLUE CONCLUIDO!
2022-10-18 14:00:02 
2022-10-18 14:15:03 ------------------------------------------------------------------------
2022-10-18 14:15:03 ---------------------INICIANDO MASTER POPPER EMBLUE---------------------
2022-10-18 14:15:03 ------------------------------------------------------------------------
2022-10-18 14:15:03 Conexion Establecida a POP3 Server!
2022-10-18 14:15:03 PROCESO POPPER EMBLUE CONCLUIDO!
2022-10-18 14:15:03 
2022-10-18 14:30:01 ------------------------------------------------------------------------
2022-10-18 14:30:01 ---------------------INICIANDO MASTER POPPER EMBLUE---------------------
2022-10-18 14:30:01 ------------------------------------------------------------------------
2022-10-18 14:30:01 Conexion Establecida a POP3 Server!
2022-10-18 14:30:01 PROCESO POPPER EMBLUE CONCLUIDO!
2022-10-18 14:30:01 
2022-10-18 14:45:02 ------------------------------------------------------------------------
2022-10-18 14:45:02 ---------------------INICIANDO MASTER POPPER EMBLUE---------------------
2022-10-18 14:45:02 ------------------------------------------------------------------------
2022-10-18 14:45:02 Conexion Establecida a POP3 Server!
2022-10-18 14:45:02 PROCESO POPPER EMBLUE CONCLUIDO!
2022-10-18 14:45:02 
2022-10-18 15:00:01 ------------------------------------------------------------------------
2022-10-18 15:00:01 ---------------------INICIANDO MASTER POPPER EMBLUE---------------------
2022-10-18 15:00:01 ------------------------------------------------------------------------
2022-10-18 15:00:01 Conexion Establecida a POP3 Server!
2022-10-18 15:00:01 PROCESO POPPER EMBLUE CONCLUIDO!
2022-10-18 15:00:01 
2022-10-18 15:15:02 ------------------------------------------------------------------------
2022-10-18 15:15:02 ---------------------INICIANDO MASTER POPPER EMBLUE---------------------
2022-10-18 15:15:02 ------------------------------------------------------------------------
2022-10-18 15:15:02 Conexion Establecida a POP3 Server!
2022-10-18 15:15:02 PROCESO POPPER EMBLUE CONCLUIDO!
2022-10-18 15:15:02 
2022-10-18 15:30:01 ------------------------------------------------------------------------
2022-10-18 15:30:01 ---------------------INICIANDO MASTER POPPER EMBLUE---------------------
2022-10-18 15:30:01 ------------------------------------------------------------------------
2022-10-18 15:30:01 Conexion Establecida a POP3 Server!
2022-10-18 15:30:01 PROCESO POPPER EMBLUE CONCLUIDO!
2022-10-18 15:30:01 
2022-10-18 15:45:01 ------------------------------------------------------------------------
2022-10-18 15:45:01 ---------------------INICIANDO MASTER POPPER EMBLUE---------------------
2022-10-18 15:45:01 ------------------------------------------------------------------------
2022-10-18 15:45:01 Conexion Establecida a POP3 Server!
2022-10-18 15:45:01 PROCESO POPPER EMBLUE CONCLUIDO!
2022-10-18 15:45:01 
2022-10-18 16:00:01 ------------------------------------------------------------------------
2022-10-18 16:00:01 ---------------------INICIANDO MASTER POPPER EMBLUE---------------------
2022-10-18 16:00:01 ------------------------------------------------------------------------
2022-10-18 16:00:01 Conexion Establecida a POP3 Server!
2022-10-18 16:00:01 PROCESO POPPER EMBLUE CONCLUIDO!
2022-10-18 16:00:01 
2022-10-18 16:15:01 ------------------------------------------------------------------------
2022-10-18 16:15:01 ---------------------INICIANDO MASTER POPPER EMBLUE---------------------
2022-10-18 16:15:01 ------------------------------------------------------------------------
2022-10-18 16:15:02 Conexion Establecida a POP3 Server!
2022-10-18 16:15:02 PROCESO POPPER EMBLUE CONCLUIDO!
2022-10-18 16:15:02 
2022-10-18 16:30:01 ------------------------------------------------------------------------
2022-10-18 16:30:01 ---------------------INICIANDO MASTER POPPER EMBLUE---------------------
2022-10-18 16:30:01 ------------------------------------------------------------------------
2022-10-18 16:30:01 Conexion Establecida a POP3 Server!
2022-10-18 16:30:01 PROCESO POPPER EMBLUE CONCLUIDO!
2022-10-18 16:30:01 
2022-10-18 16:45:01 ------------------------------------------------------------------------
2022-10-18 16:45:01 ---------------------INICIANDO MASTER POPPER EMBLUE---------------------
2022-10-18 16:45:01 ------------------------------------------------------------------------
2022-10-18 16:45:01 Conexion Establecida a POP3 Server!
2022-10-18 16:45:01 PROCESO POPPER EMBLUE CONCLUIDO!
2022-10-18 16:45:01 
2022-10-18 17:00:01 ------------------------------------------------------------------------
2022-10-18 17:00:01 ---------------------INICIANDO MASTER POPPER EMBLUE---------------------
2022-10-18 17:00:01 ------------------------------------------------------------------------
2022-10-18 17:00:02 Conexion Establecida a POP3 Server!
2022-10-18 17:00:02 PROCESO POPPER EMBLUE CONCLUIDO!
2022-10-18 17:00:02 
2022-10-18 17:15:01 ------------------------------------------------------------------------
2022-10-18 17:15:01 ---------------------INICIANDO MASTER POPPER EMBLUE---------------------
2022-10-18 17:15:01 ------------------------------------------------------------------------
2022-10-18 17:15:01 Conexion Establecida a POP3 Server!
2022-10-18 17:15:01 PROCESO POPPER EMBLUE CONCLUIDO!
2022-10-18 17:15:01 
2022-10-18 17:30:02 ------------------------------------------------------------------------
2022-10-18 17:30:02 ---------------------INICIANDO MASTER POPPER EMBLUE---------------------
2022-10-18 17:30:02 ------------------------------------------------------------------------
2022-10-18 17:30:02 Conexion Establecida a POP3 Server!
2022-10-18 17:30:02 PROCESO POPPER EMBLUE CONCLUIDO!
2022-10-18 17:30:02 
2022-10-18 17:45:01 ------------------------------------------------------------------------
2022-10-18 17:45:01 ---------------------INICIANDO MASTER POPPER EMBLUE---------------------
2022-10-18 17:45:01 ------------------------------------------------------------------------
2022-10-18 17:45:01 Conexion Establecida a POP3 Server!
2022-10-18 17:45:01 PROCESO POPPER EMBLUE CONCLUIDO!
2022-10-18 17:45:01 
2022-10-18 18:00:01 ------------------------------------------------------------------------
2022-10-18 18:00:01 ---------------------INICIANDO MASTER POPPER EMBLUE---------------------
2022-10-18 18:00:01 ------------------------------------------------------------------------
2022-10-18 18:00:01 Conexion Establecida a POP3 Server!
2022-10-18 18:00:01 PROCESO POPPER EMBLUE CONCLUIDO!
2022-10-18 18:00:01 
2022-10-18 18:15:01 ------------------------------------------------------------------------
2022-10-18 18:15:01 ---------------------INICIANDO MASTER POPPER EMBLUE---------------------
2022-10-18 18:15:01 ------------------------------------------------------------------------
2022-10-18 18:15:01 Conexion Establecida a POP3 Server!
2022-10-18 18:15:01 PROCESO POPPER EMBLUE CONCLUIDO!
2022-10-18 18:15:01 
2022-10-18 18:30:01 ------------------------------------------------------------------------
2022-10-18 18:30:01 ---------------------INICIANDO MASTER POPPER EMBLUE---------------------
2022-10-18 18:30:01 ------------------------------------------------------------------------
2022-10-18 18:30:01 Conexion Establecida a POP3 Server!
2022-10-18 18:30:01 PROCESO POPPER EMBLUE CONCLUIDO!
2022-10-18 18:30:01 
2022-10-18 18:45:01 ------------------------------------------------------------------------
2022-10-18 18:45:01 ---------------------INICIANDO MASTER POPPER EMBLUE---------------------
2022-10-18 18:45:01 ------------------------------------------------------------------------
2022-10-18 18:45:01 Conexion Establecida a POP3 Server!
2022-10-18 18:45:01 PROCESO POPPER EMBLUE CONCLUIDO!
2022-10-18 18:45:01 
2022-10-18 19:00:02 ------------------------------------------------------------------------
2022-10-18 19:00:02 ---------------------INICIANDO MASTER POPPER EMBLUE---------------------
2022-10-18 19:00:02 ------------------------------------------------------------------------
2022-10-18 19:00:02 Conexion Establecida a POP3 Server!
2022-10-18 19:00:02 PROCESO POPPER EMBLUE CONCLUIDO!
2022-10-18 19:00:02 
2022-10-18 19:15:01 ------------------------------------------------------------------------
2022-10-18 19:15:01 ---------------------INICIANDO MASTER POPPER EMBLUE---------------------
2022-10-18 19:15:01 ------------------------------------------------------------------------
2022-10-18 19:15:01 Conexion Establecida a POP3 Server!
2022-10-18 19:15:01 PROCESO POPPER EMBLUE CONCLUIDO!
2022-10-18 19:15:01 
2022-10-18 19:30:02 ------------------------------------------------------------------------
2022-10-18 19:30:02 ---------------------INICIANDO MASTER POPPER EMBLUE---------------------
2022-10-18 19:30:02 ------------------------------------------------------------------------
2022-10-18 19:30:02 Conexion Establecida a POP3 Server!
2022-10-18 19:30:02 PROCESO POPPER EMBLUE CONCLUIDO!
2022-10-18 19:30:02 
2022-10-18 19:45:01 ------------------------------------------------------------------------
2022-10-18 19:45:01 ---------------------INICIANDO MASTER POPPER EMBLUE---------------------
2022-10-18 19:45:01 ------------------------------------------------------------------------
2022-10-18 19:45:01 Conexion Establecida a POP3 Server!
2022-10-18 19:45:01 PROCESO POPPER EMBLUE CONCLUIDO!
2022-10-18 19:45:01 
2022-10-18 20:00:01 ------------------------------------------------------------------------
2022-10-18 20:00:01 ---------------------INICIANDO MASTER POPPER EMBLUE---------------------
2022-10-18 20:00:01 ------------------------------------------------------------------------
2022-10-18 20:00:01 Conexion Establecida a POP3 Server!
2022-10-18 20:00:01 PROCESO POPPER EMBLUE CONCLUIDO!
2022-10-18 20:00:01 
2022-10-18 20:15:02 ------------------------------------------------------------------------
2022-10-18 20:15:02 ---------------------INICIANDO MASTER POPPER EMBLUE---------------------
2022-10-18 20:15:02 ------------------------------------------------------------------------
2022-10-18 20:15:02 Conexion Establecida a POP3 Server!
2022-10-18 20:15:02 PROCESO POPPER EMBLUE CONCLUIDO!
2022-10-18 20:15:02 
2022-10-18 20:30:01 ------------------------------------------------------------------------
2022-10-18 20:30:01 ---------------------INICIANDO MASTER POPPER EMBLUE---------------------
2022-10-18 20:30:01 ------------------------------------------------------------------------
2022-10-18 20:30:01 Conexion Establecida a POP3 Server!
2022-10-18 20:30:01 PROCESO POPPER EMBLUE CONCLUIDO!
2022-10-18 20:30:01 
2022-10-18 20:45:01 ------------------------------------------------------------------------
2022-10-18 20:45:01 ---------------------INICIANDO MASTER POPPER EMBLUE---------------------
2022-10-18 20:45:01 ------------------------------------------------------------------------
2022-10-18 20:45:01 Conexion Establecida a POP3 Server!
2022-10-18 20:45:01 PROCESO POPPER EMBLUE CONCLUIDO!
2022-10-18 20:45:01 
2022-10-18 21:00:01 ------------------------------------------------------------------------
2022-10-18 21:00:01 ---------------------INICIANDO MASTER POPPER EMBLUE---------------------
2022-10-18 21:00:01 ------------------------------------------------------------------------
2022-10-18 21:00:01 Conexion Establecida a POP3 Server!
2022-10-18 21:00:01 PROCESO POPPER EMBLUE CONCLUIDO!
2022-10-18 21:00:01 
2022-10-18 21:15:01 ------------------------------------------------------------------------
2022-10-18 21:15:01 ---------------------INICIANDO MASTER POPPER EMBLUE---------------------
2022-10-18 21:15:01 ------------------------------------------------------------------------
2022-10-18 21:15:01 Conexion Establecida a POP3 Server!
2022-10-18 21:15:01 PROCESO POPPER EMBLUE CONCLUIDO!
2022-10-18 21:15:01 
2022-10-18 21:30:01 ------------------------------------------------------------------------
2022-10-18 21:30:01 ---------------------INICIANDO MASTER POPPER EMBLUE---------------------
2022-10-18 21:30:01 ------------------------------------------------------------------------
2022-10-18 21:30:02 Conexion Establecida a POP3 Server!
2022-10-18 21:30:02 PROCESO POPPER EMBLUE CONCLUIDO!
2022-10-18 21:30:02 
2022-10-18 21:45:01 ------------------------------------------------------------------------
2022-10-18 21:45:01 ---------------------INICIANDO MASTER POPPER EMBLUE---------------------
2022-10-18 21:45:01 ------------------------------------------------------------------------
2022-10-18 21:45:01 Conexion Establecida a POP3 Server!
2022-10-18 21:45:01 PROCESO POPPER EMBLUE CONCLUIDO!
2022-10-18 21:45:01 
2022-10-18 22:00:01 ------------------------------------------------------------------------
2022-10-18 22:00:01 ---------------------INICIANDO MASTER POPPER EMBLUE---------------------
2022-10-18 22:00:01 ------------------------------------------------------------------------
2022-10-18 22:00:01 Conexion Establecida a POP3 Server!
2022-10-18 22:00:01 PROCESO POPPER EMBLUE CONCLUIDO!
2022-10-18 22:00:01 
2022-10-18 22:15:01 ------------------------------------------------------------------------
2022-10-18 22:15:01 ---------------------INICIANDO MASTER POPPER EMBLUE---------------------
2022-10-18 22:15:01 ------------------------------------------------------------------------
2022-10-18 22:15:01 Conexion Establecida a POP3 Server!
2022-10-18 22:15:01 PROCESO POPPER EMBLUE CONCLUIDO!
2022-10-18 22:15:01 
2022-10-18 22:30:02 ------------------------------------------------------------------------
2022-10-18 22:30:02 ---------------------INICIANDO MASTER POPPER EMBLUE---------------------
2022-10-18 22:30:02 ------------------------------------------------------------------------
2022-10-18 22:30:02 Conexion Establecida a POP3 Server!
2022-10-18 22:30:02 PROCESO POPPER EMBLUE CONCLUIDO!
2022-10-18 22:30:02 
2022-10-18 22:45:01 ------------------------------------------------------------------------
2022-10-18 22:45:01 ---------------------INICIANDO MASTER POPPER EMBLUE---------------------
2022-10-18 22:45:01 ------------------------------------------------------------------------
2022-10-18 22:45:01 Conexion Establecida a POP3 Server!
2022-10-18 22:45:01 PROCESO POPPER EMBLUE CONCLUIDO!
2022-10-18 22:45:01 
2022-10-18 23:00:01 ------------------------------------------------------------------------
2022-10-18 23:00:01 ---------------------INICIANDO MASTER POPPER EMBLUE---------------------
2022-10-18 23:00:01 ------------------------------------------------------------------------
2022-10-18 23:00:02 Conexion Establecida a POP3 Server!
2022-10-18 23:00:02 PROCESO POPPER EMBLUE CONCLUIDO!
2022-10-18 23:00:02 
2022-10-18 23:15:01 ------------------------------------------------------------------------
2022-10-18 23:15:01 ---------------------INICIANDO MASTER POPPER EMBLUE---------------------
2022-10-18 23:15:01 ------------------------------------------------------------------------
2022-10-18 23:15:01 Conexion Establecida a POP3 Server!
2022-10-18 23:15:01 PROCESO POPPER EMBLUE CONCLUIDO!
2022-10-18 23:15:01 
2022-10-18 23:30:02 ------------------------------------------------------------------------
2022-10-18 23:30:02 ---------------------INICIANDO MASTER POPPER EMBLUE---------------------
2022-10-18 23:30:02 ------------------------------------------------------------------------
2022-10-18 23:30:02 Conexion Establecida a POP3 Server!
2022-10-18 23:30:02 PROCESO POPPER EMBLUE CONCLUIDO!
2022-10-18 23:30:02 
2022-10-18 23:45:01 ------------------------------------------------------------------------
2022-10-18 23:45:01 ---------------------INICIANDO MASTER POPPER EMBLUE---------------------
2022-10-18 23:45:01 ------------------------------------------------------------------------
2022-10-18 23:45:01 Conexion Establecida a POP3 Server!
2022-10-18 23:45:01 PROCESO POPPER EMBLUE CONCLUIDO!
2022-10-18 23:45:01 
