2022-10-10 00:00:02 ------------------------------------------------------------------------
2022-10-10 00:00:02 ---------------------INICIANDO MASTER POPPER EMBLUE---------------------
2022-10-10 00:00:02 ------------------------------------------------------------------------
2022-10-10 00:00:02 Conexion Establecida a POP3 Server!
2022-10-10 00:00:02 PROCESO POPPER EMBLUE CONCLUIDO!
2022-10-10 00:00:02 
2022-10-10 00:15:02 ------------------------------------------------------------------------
2022-10-10 00:15:02 ---------------------INICIANDO MASTER POPPER EMBLUE---------------------
2022-10-10 00:15:02 ------------------------------------------------------------------------
2022-10-10 00:15:02 Conexion Establecida a POP3 Server!
2022-10-10 00:15:02 PROCESO POPPER EMBLUE CONCLUIDO!
2022-10-10 00:15:02 
2022-10-10 00:30:01 ------------------------------------------------------------------------
2022-10-10 00:30:01 ---------------------INICIANDO MASTER POPPER EMBLUE---------------------
2022-10-10 00:30:01 ------------------------------------------------------------------------
2022-10-10 00:30:02 Conexion Establecida a POP3 Server!
2022-10-10 00:30:02 PROCESO POPPER EMBLUE CONCLUIDO!
2022-10-10 00:30:02 
2022-10-10 00:45:01 ------------------------------------------------------------------------
2022-10-10 00:45:01 ---------------------INICIANDO MASTER POPPER EMBLUE---------------------
2022-10-10 00:45:01 ------------------------------------------------------------------------
2022-10-10 00:45:01 Conexion Establecida a POP3 Server!
2022-10-10 00:45:01 PROCESO POPPER EMBLUE CONCLUIDO!
2022-10-10 00:45:01 
2022-10-10 01:00:01 ------------------------------------------------------------------------
2022-10-10 01:00:01 ---------------------INICIANDO MASTER POPPER EMBLUE---------------------
2022-10-10 01:00:01 ------------------------------------------------------------------------
2022-10-10 01:00:01 Conexion Establecida a POP3 Server!
2022-10-10 01:00:01 PROCESO POPPER EMBLUE CONCLUIDO!
2022-10-10 01:00:01 
2022-10-10 01:15:01 ------------------------------------------------------------------------
2022-10-10 01:15:01 ---------------------INICIANDO MASTER POPPER EMBLUE---------------------
2022-10-10 01:15:01 ------------------------------------------------------------------------
2022-10-10 01:15:01 Conexion Establecida a POP3 Server!
2022-10-10 01:15:01 PROCESO POPPER EMBLUE CONCLUIDO!
2022-10-10 01:15:01 
2022-10-10 01:30:01 ------------------------------------------------------------------------
2022-10-10 01:30:01 ---------------------INICIANDO MASTER POPPER EMBLUE---------------------
2022-10-10 01:30:01 ------------------------------------------------------------------------
2022-10-10 01:30:01 Conexion Establecida a POP3 Server!
2022-10-10 01:30:01 PROCESO POPPER EMBLUE CONCLUIDO!
2022-10-10 01:30:01 
2022-10-10 01:45:01 ------------------------------------------------------------------------
2022-10-10 01:45:01 ---------------------INICIANDO MASTER POPPER EMBLUE---------------------
2022-10-10 01:45:01 ------------------------------------------------------------------------
2022-10-10 01:45:01 Conexion Establecida a POP3 Server!
2022-10-10 01:45:01 PROCESO POPPER EMBLUE CONCLUIDO!
2022-10-10 01:45:01 
2022-10-10 02:00:01 ------------------------------------------------------------------------
2022-10-10 02:00:01 ---------------------INICIANDO MASTER POPPER EMBLUE---------------------
2022-10-10 02:00:01 ------------------------------------------------------------------------
2022-10-10 02:00:02 Conexion Establecida a POP3 Server!
2022-10-10 02:00:02 PROCESO POPPER EMBLUE CONCLUIDO!
2022-10-10 02:00:02 
2022-10-10 02:15:01 ------------------------------------------------------------------------
2022-10-10 02:15:01 ---------------------INICIANDO MASTER POPPER EMBLUE---------------------
2022-10-10 02:15:01 ------------------------------------------------------------------------
2022-10-10 02:15:02 Conexion Establecida a POP3 Server!
2022-10-10 02:15:02 PROCESO POPPER EMBLUE CONCLUIDO!
2022-10-10 02:15:02 
2022-10-10 02:30:01 ------------------------------------------------------------------------
2022-10-10 02:30:01 ---------------------INICIANDO MASTER POPPER EMBLUE---------------------
2022-10-10 02:30:01 ------------------------------------------------------------------------
2022-10-10 02:30:01 Conexion Establecida a POP3 Server!
2022-10-10 02:30:01 PROCESO POPPER EMBLUE CONCLUIDO!
2022-10-10 02:30:01 
2022-10-10 02:45:01 ------------------------------------------------------------------------
2022-10-10 02:45:01 ---------------------INICIANDO MASTER POPPER EMBLUE---------------------
2022-10-10 02:45:01 ------------------------------------------------------------------------
2022-10-10 02:45:01 Conexion Establecida a POP3 Server!
2022-10-10 02:45:01 PROCESO POPPER EMBLUE CONCLUIDO!
2022-10-10 02:45:01 
2022-10-10 03:00:01 ------------------------------------------------------------------------
2022-10-10 03:00:01 ---------------------INICIANDO MASTER POPPER EMBLUE---------------------
2022-10-10 03:00:01 ------------------------------------------------------------------------
2022-10-10 03:00:01 Conexion Establecida a POP3 Server!
2022-10-10 03:00:01 PROCESO POPPER EMBLUE CONCLUIDO!
2022-10-10 03:00:01 
2022-10-10 03:15:02 ------------------------------------------------------------------------
2022-10-10 03:15:02 ---------------------INICIANDO MASTER POPPER EMBLUE---------------------
2022-10-10 03:15:02 ------------------------------------------------------------------------
2022-10-10 03:15:02 Conexion Establecida a POP3 Server!
2022-10-10 03:15:02 PROCESO POPPER EMBLUE CONCLUIDO!
2022-10-10 03:15:02 
2022-10-10 03:30:01 ------------------------------------------------------------------------
2022-10-10 03:30:01 ---------------------INICIANDO MASTER POPPER EMBLUE---------------------
2022-10-10 03:30:01 ------------------------------------------------------------------------
2022-10-10 03:30:01 Conexion Establecida a POP3 Server!
2022-10-10 03:30:01 PROCESO POPPER EMBLUE CONCLUIDO!
2022-10-10 03:30:01 
2022-10-10 03:45:01 ------------------------------------------------------------------------
2022-10-10 03:45:01 ---------------------INICIANDO MASTER POPPER EMBLUE---------------------
2022-10-10 03:45:01 ------------------------------------------------------------------------
2022-10-10 03:45:01 Conexion Establecida a POP3 Server!
2022-10-10 03:45:01 PROCESO POPPER EMBLUE CONCLUIDO!
2022-10-10 03:45:01 
2022-10-10 04:00:02 ------------------------------------------------------------------------
2022-10-10 04:00:02 ---------------------INICIANDO MASTER POPPER EMBLUE---------------------
2022-10-10 04:00:02 ------------------------------------------------------------------------
2022-10-10 04:00:02 Conexion Establecida a POP3 Server!
2022-10-10 04:00:02 PROCESO POPPER EMBLUE CONCLUIDO!
2022-10-10 04:00:02 
2022-10-10 04:15:01 ------------------------------------------------------------------------
2022-10-10 04:15:01 ---------------------INICIANDO MASTER POPPER EMBLUE---------------------
2022-10-10 04:15:01 ------------------------------------------------------------------------
2022-10-10 04:15:01 Conexion Establecida a POP3 Server!
2022-10-10 04:15:01 PROCESO POPPER EMBLUE CONCLUIDO!
2022-10-10 04:15:01 
2022-10-10 04:30:01 ------------------------------------------------------------------------
2022-10-10 04:30:01 ---------------------INICIANDO MASTER POPPER EMBLUE---------------------
2022-10-10 04:30:01 ------------------------------------------------------------------------
2022-10-10 04:30:01 Conexion Establecida a POP3 Server!
2022-10-10 04:30:01 PROCESO POPPER EMBLUE CONCLUIDO!
2022-10-10 04:30:01 
2022-10-10 04:45:02 ------------------------------------------------------------------------
2022-10-10 04:45:02 ---------------------INICIANDO MASTER POPPER EMBLUE---------------------
2022-10-10 04:45:02 ------------------------------------------------------------------------
2022-10-10 04:45:02 Conexion Establecida a POP3 Server!
2022-10-10 04:45:02 PROCESO POPPER EMBLUE CONCLUIDO!
2022-10-10 04:45:02 
2022-10-10 05:00:01 ------------------------------------------------------------------------
2022-10-10 05:00:01 ---------------------INICIANDO MASTER POPPER EMBLUE---------------------
2022-10-10 05:00:01 ------------------------------------------------------------------------
2022-10-10 05:00:01 Conexion Establecida a POP3 Server!
2022-10-10 05:00:01 PROCESO POPPER EMBLUE CONCLUIDO!
2022-10-10 05:00:01 
2022-10-10 05:15:01 ------------------------------------------------------------------------
2022-10-10 05:15:01 ---------------------INICIANDO MASTER POPPER EMBLUE---------------------
2022-10-10 05:15:01 ------------------------------------------------------------------------
2022-10-10 05:15:01 Conexion Establecida a POP3 Server!
2022-10-10 05:15:01 PROCESO POPPER EMBLUE CONCLUIDO!
2022-10-10 05:15:01 
2022-10-10 05:30:01 ------------------------------------------------------------------------
2022-10-10 05:30:01 ---------------------INICIANDO MASTER POPPER EMBLUE---------------------
2022-10-10 05:30:01 ------------------------------------------------------------------------
2022-10-10 05:30:01 Conexion Establecida a POP3 Server!
2022-10-10 05:30:01 PROCESO POPPER EMBLUE CONCLUIDO!
2022-10-10 05:30:01 
2022-10-10 05:45:01 ------------------------------------------------------------------------
2022-10-10 05:45:01 ---------------------INICIANDO MASTER POPPER EMBLUE---------------------
2022-10-10 05:45:01 ------------------------------------------------------------------------
2022-10-10 05:45:01 Conexion Establecida a POP3 Server!
2022-10-10 05:45:01 PROCESO POPPER EMBLUE CONCLUIDO!
2022-10-10 05:45:01 
2022-10-10 06:00:01 ------------------------------------------------------------------------
2022-10-10 06:00:01 ---------------------INICIANDO MASTER POPPER EMBLUE---------------------
2022-10-10 06:00:01 ------------------------------------------------------------------------
2022-10-10 06:00:01 Conexion Establecida a POP3 Server!
2022-10-10 06:00:01 PROCESO POPPER EMBLUE CONCLUIDO!
2022-10-10 06:00:01 
2022-10-10 06:15:01 ------------------------------------------------------------------------
2022-10-10 06:15:01 ---------------------INICIANDO MASTER POPPER EMBLUE---------------------
2022-10-10 06:15:01 ------------------------------------------------------------------------
2022-10-10 06:15:01 Conexion Establecida a POP3 Server!
2022-10-10 06:15:01 PROCESO POPPER EMBLUE CONCLUIDO!
2022-10-10 06:15:01 
2022-10-10 06:30:01 ------------------------------------------------------------------------
2022-10-10 06:30:01 ---------------------INICIANDO MASTER POPPER EMBLUE---------------------
2022-10-10 06:30:01 ------------------------------------------------------------------------
2022-10-10 06:30:01 Conexion Establecida a POP3 Server!
2022-10-10 06:30:01 PROCESO POPPER EMBLUE CONCLUIDO!
2022-10-10 06:30:01 
2022-10-10 06:45:02 ------------------------------------------------------------------------
2022-10-10 06:45:02 ---------------------INICIANDO MASTER POPPER EMBLUE---------------------
2022-10-10 06:45:02 ------------------------------------------------------------------------
2022-10-10 06:45:02 Conexion Establecida a POP3 Server!
2022-10-10 06:45:02 PROCESO POPPER EMBLUE CONCLUIDO!
2022-10-10 06:45:02 
2022-10-10 07:00:01 ------------------------------------------------------------------------
2022-10-10 07:00:01 ---------------------INICIANDO MASTER POPPER EMBLUE---------------------
2022-10-10 07:00:01 ------------------------------------------------------------------------
2022-10-10 07:00:01 Conexion Establecida a POP3 Server!
2022-10-10 07:00:01 PROCESO POPPER EMBLUE CONCLUIDO!
2022-10-10 07:00:01 
2022-10-10 07:15:02 ------------------------------------------------------------------------
2022-10-10 07:15:02 ---------------------INICIANDO MASTER POPPER EMBLUE---------------------
2022-10-10 07:15:02 ------------------------------------------------------------------------
2022-10-10 07:15:02 Conexion Establecida a POP3 Server!
2022-10-10 07:15:02 PROCESO POPPER EMBLUE CONCLUIDO!
2022-10-10 07:15:02 
2022-10-10 07:30:01 ------------------------------------------------------------------------
2022-10-10 07:30:01 ---------------------INICIANDO MASTER POPPER EMBLUE---------------------
2022-10-10 07:30:01 ------------------------------------------------------------------------
2022-10-10 07:30:01 Conexion Establecida a POP3 Server!
2022-10-10 07:30:01 PROCESO POPPER EMBLUE CONCLUIDO!
2022-10-10 07:30:01 
2022-10-10 07:45:02 ------------------------------------------------------------------------
2022-10-10 07:45:02 ---------------------INICIANDO MASTER POPPER EMBLUE---------------------
2022-10-10 07:45:02 ------------------------------------------------------------------------
2022-10-10 07:45:02 Conexion Establecida a POP3 Server!
2022-10-10 07:45:02 PROCESO POPPER EMBLUE CONCLUIDO!
2022-10-10 07:45:02 
2022-10-10 08:00:01 ------------------------------------------------------------------------
2022-10-10 08:00:01 ---------------------INICIANDO MASTER POPPER EMBLUE---------------------
2022-10-10 08:00:01 ------------------------------------------------------------------------
2022-10-10 08:00:01 Conexion Establecida a POP3 Server!
2022-10-10 08:00:02 PROCESO POPPER EMBLUE CONCLUIDO!
2022-10-10 08:00:02 
2022-10-10 08:15:01 ------------------------------------------------------------------------
2022-10-10 08:15:01 ---------------------INICIANDO MASTER POPPER EMBLUE---------------------
2022-10-10 08:15:01 ------------------------------------------------------------------------
2022-10-10 08:15:01 Conexion Establecida a POP3 Server!
2022-10-10 08:15:01 PROCESO POPPER EMBLUE CONCLUIDO!
2022-10-10 08:15:01 
2022-10-10 08:30:02 ------------------------------------------------------------------------
2022-10-10 08:30:02 ---------------------INICIANDO MASTER POPPER EMBLUE---------------------
2022-10-10 08:30:02 ------------------------------------------------------------------------
2022-10-10 08:30:02 Conexion Establecida a POP3 Server!
2022-10-10 08:30:02 PROCESO POPPER EMBLUE CONCLUIDO!
2022-10-10 08:30:02 
2022-10-10 08:45:01 ------------------------------------------------------------------------
2022-10-10 08:45:01 ---------------------INICIANDO MASTER POPPER EMBLUE---------------------
2022-10-10 08:45:01 ------------------------------------------------------------------------
2022-10-10 08:45:01 Conexion Establecida a POP3 Server!
2022-10-10 08:45:01 PROCESO POPPER EMBLUE CONCLUIDO!
2022-10-10 08:45:01 
2022-10-10 09:00:02 ------------------------------------------------------------------------
2022-10-10 09:00:02 ---------------------INICIANDO MASTER POPPER EMBLUE---------------------
2022-10-10 09:00:02 ------------------------------------------------------------------------
2022-10-10 09:00:02 Conexion Establecida a POP3 Server!
2022-10-10 09:00:02 PROCESO POPPER EMBLUE CONCLUIDO!
2022-10-10 09:00:02 
2022-10-10 09:15:01 ------------------------------------------------------------------------
2022-10-10 09:15:01 ---------------------INICIANDO MASTER POPPER EMBLUE---------------------
2022-10-10 09:15:01 ------------------------------------------------------------------------
2022-10-10 09:15:01 Conexion Establecida a POP3 Server!
2022-10-10 09:15:01 PROCESO POPPER EMBLUE CONCLUIDO!
2022-10-10 09:15:01 
2022-10-10 09:30:01 ------------------------------------------------------------------------
2022-10-10 09:30:01 ---------------------INICIANDO MASTER POPPER EMBLUE---------------------
2022-10-10 09:30:01 ------------------------------------------------------------------------
2022-10-10 09:30:02 Conexion Establecida a POP3 Server!
2022-10-10 09:30:02 PROCESO POPPER EMBLUE CONCLUIDO!
2022-10-10 09:30:02 
2022-10-10 09:45:01 ------------------------------------------------------------------------
2022-10-10 09:45:01 ---------------------INICIANDO MASTER POPPER EMBLUE---------------------
2022-10-10 09:45:01 ------------------------------------------------------------------------
2022-10-10 09:45:01 Conexion Establecida a POP3 Server!
2022-10-10 09:45:01 PROCESO POPPER EMBLUE CONCLUIDO!
2022-10-10 09:45:01 
2022-10-10 10:00:01 ------------------------------------------------------------------------
2022-10-10 10:00:01 ---------------------INICIANDO MASTER POPPER EMBLUE---------------------
2022-10-10 10:00:01 ------------------------------------------------------------------------
2022-10-10 10:00:01 Conexion Establecida a POP3 Server!
2022-10-10 10:00:01 PROCESO POPPER EMBLUE CONCLUIDO!
2022-10-10 10:00:01 
2022-10-10 10:15:02 ------------------------------------------------------------------------
2022-10-10 10:15:02 ---------------------INICIANDO MASTER POPPER EMBLUE---------------------
2022-10-10 10:15:02 ------------------------------------------------------------------------
2022-10-10 10:15:02 Conexion Establecida a POP3 Server!
2022-10-10 10:15:02 PROCESO POPPER EMBLUE CONCLUIDO!
2022-10-10 10:15:02 
2022-10-10 10:30:02 ------------------------------------------------------------------------
2022-10-10 10:30:02 ---------------------INICIANDO MASTER POPPER EMBLUE---------------------
2022-10-10 10:30:02 ------------------------------------------------------------------------
2022-10-10 10:30:02 Conexion Establecida a POP3 Server!
2022-10-10 10:30:02 PROCESO POPPER EMBLUE CONCLUIDO!
2022-10-10 10:30:02 
2022-10-10 10:45:01 ------------------------------------------------------------------------
2022-10-10 10:45:01 ---------------------INICIANDO MASTER POPPER EMBLUE---------------------
2022-10-10 10:45:01 ------------------------------------------------------------------------
2022-10-10 10:45:01 Conexion Establecida a POP3 Server!
2022-10-10 10:45:01 PROCESO POPPER EMBLUE CONCLUIDO!
2022-10-10 10:45:01 
2022-10-10 11:00:01 ------------------------------------------------------------------------
2022-10-10 11:00:01 ---------------------INICIANDO MASTER POPPER EMBLUE---------------------
2022-10-10 11:00:01 ------------------------------------------------------------------------
2022-10-10 11:00:01 Conexion Establecida a POP3 Server!
2022-10-10 11:00:01 PROCESO POPPER EMBLUE CONCLUIDO!
2022-10-10 11:00:01 
2022-10-10 11:15:02 ------------------------------------------------------------------------
2022-10-10 11:15:02 ---------------------INICIANDO MASTER POPPER EMBLUE---------------------
2022-10-10 11:15:02 ------------------------------------------------------------------------
2022-10-10 11:15:02 Conexion Establecida a POP3 Server!
2022-10-10 11:15:02 PROCESO POPPER EMBLUE CONCLUIDO!
2022-10-10 11:15:02 
2022-10-10 11:30:01 ------------------------------------------------------------------------
2022-10-10 11:30:01 ---------------------INICIANDO MASTER POPPER EMBLUE---------------------
2022-10-10 11:30:01 ------------------------------------------------------------------------
2022-10-10 11:30:01 Conexion Establecida a POP3 Server!
2022-10-10 11:30:01 PROCESO POPPER EMBLUE CONCLUIDO!
2022-10-10 11:30:01 
2022-10-10 11:45:01 ------------------------------------------------------------------------
2022-10-10 11:45:01 ---------------------INICIANDO MASTER POPPER EMBLUE---------------------
2022-10-10 11:45:01 ------------------------------------------------------------------------
2022-10-10 11:45:02 Conexion Establecida a POP3 Server!
2022-10-10 11:45:02 PROCESO POPPER EMBLUE CONCLUIDO!
2022-10-10 11:45:02 
2022-10-10 12:00:01 ------------------------------------------------------------------------
2022-10-10 12:00:01 ---------------------INICIANDO MASTER POPPER EMBLUE---------------------
2022-10-10 12:00:01 ------------------------------------------------------------------------
2022-10-10 12:00:01 Conexion Establecida a POP3 Server!
2022-10-10 12:00:01 PROCESO POPPER EMBLUE CONCLUIDO!
2022-10-10 12:00:01 
2022-10-10 12:15:02 ------------------------------------------------------------------------
2022-10-10 12:15:02 ---------------------INICIANDO MASTER POPPER EMBLUE---------------------
2022-10-10 12:15:02 ------------------------------------------------------------------------
2022-10-10 12:15:02 Conexion Establecida a POP3 Server!
2022-10-10 12:15:02 PROCESO POPPER EMBLUE CONCLUIDO!
2022-10-10 12:15:02 
2022-10-10 12:30:01 ------------------------------------------------------------------------
2022-10-10 12:30:01 ---------------------INICIANDO MASTER POPPER EMBLUE---------------------
2022-10-10 12:30:01 ------------------------------------------------------------------------
2022-10-10 12:30:01 Conexion Establecida a POP3 Server!
2022-10-10 12:30:01 PROCESO POPPER EMBLUE CONCLUIDO!
2022-10-10 12:30:01 
2022-10-10 12:45:02 ------------------------------------------------------------------------
2022-10-10 12:45:02 ---------------------INICIANDO MASTER POPPER EMBLUE---------------------
2022-10-10 12:45:02 ------------------------------------------------------------------------
2022-10-10 12:45:02 Conexion Establecida a POP3 Server!
2022-10-10 12:45:02 PROCESO POPPER EMBLUE CONCLUIDO!
2022-10-10 12:45:02 
2022-10-10 13:00:01 ------------------------------------------------------------------------
2022-10-10 13:00:01 ---------------------INICIANDO MASTER POPPER EMBLUE---------------------
2022-10-10 13:00:01 ------------------------------------------------------------------------
2022-10-10 13:00:01 Conexion Establecida a POP3 Server!
2022-10-10 13:00:01 PROCESO POPPER EMBLUE CONCLUIDO!
2022-10-10 13:00:01 
2022-10-10 13:15:01 ------------------------------------------------------------------------
2022-10-10 13:15:01 ---------------------INICIANDO MASTER POPPER EMBLUE---------------------
2022-10-10 13:15:01 ------------------------------------------------------------------------
2022-10-10 13:15:01 Conexion Establecida a POP3 Server!
2022-10-10 13:15:01 PROCESO POPPER EMBLUE CONCLUIDO!
2022-10-10 13:15:01 
2022-10-10 13:30:02 ------------------------------------------------------------------------
2022-10-10 13:30:02 ---------------------INICIANDO MASTER POPPER EMBLUE---------------------
2022-10-10 13:30:02 ------------------------------------------------------------------------
2022-10-10 13:30:02 Conexion Establecida a POP3 Server!
2022-10-10 13:30:02 PROCESO POPPER EMBLUE CONCLUIDO!
2022-10-10 13:30:02 
2022-10-10 13:45:01 ------------------------------------------------------------------------
2022-10-10 13:45:01 ---------------------INICIANDO MASTER POPPER EMBLUE---------------------
2022-10-10 13:45:01 ------------------------------------------------------------------------
2022-10-10 13:45:01 Conexion Establecida a POP3 Server!
2022-10-10 13:45:01 PROCESO POPPER EMBLUE CONCLUIDO!
2022-10-10 13:45:01 
2022-10-10 14:00:02 ------------------------------------------------------------------------
2022-10-10 14:00:02 ---------------------INICIANDO MASTER POPPER EMBLUE---------------------
2022-10-10 14:00:02 ------------------------------------------------------------------------
2022-10-10 14:00:02 Conexion Establecida a POP3 Server!
2022-10-10 14:00:02 PROCESO POPPER EMBLUE CONCLUIDO!
2022-10-10 14:00:02 
2022-10-10 14:15:01 ------------------------------------------------------------------------
2022-10-10 14:15:01 ---------------------INICIANDO MASTER POPPER EMBLUE---------------------
2022-10-10 14:15:01 ------------------------------------------------------------------------
2022-10-10 14:15:01 Conexion Establecida a POP3 Server!
2022-10-10 14:15:01 PROCESO POPPER EMBLUE CONCLUIDO!
2022-10-10 14:15:01 
2022-10-10 14:30:01 ------------------------------------------------------------------------
2022-10-10 14:30:01 ---------------------INICIANDO MASTER POPPER EMBLUE---------------------
2022-10-10 14:30:01 ------------------------------------------------------------------------
2022-10-10 14:30:02 Conexion Establecida a POP3 Server!
2022-10-10 14:30:02 PROCESO POPPER EMBLUE CONCLUIDO!
2022-10-10 14:30:02 
2022-10-10 14:45:01 ------------------------------------------------------------------------
2022-10-10 14:45:01 ---------------------INICIANDO MASTER POPPER EMBLUE---------------------
2022-10-10 14:45:01 ------------------------------------------------------------------------
2022-10-10 14:45:01 Conexion Establecida a POP3 Server!
2022-10-10 14:45:01 PROCESO POPPER EMBLUE CONCLUIDO!
2022-10-10 14:45:01 
2022-10-10 15:00:01 ------------------------------------------------------------------------
2022-10-10 15:00:01 ---------------------INICIANDO MASTER POPPER EMBLUE---------------------
2022-10-10 15:00:01 ------------------------------------------------------------------------
2022-10-10 15:00:01 Conexion Establecida a POP3 Server!
2022-10-10 15:00:01 PROCESO POPPER EMBLUE CONCLUIDO!
2022-10-10 15:00:01 
2022-10-10 15:15:02 ------------------------------------------------------------------------
2022-10-10 15:15:02 ---------------------INICIANDO MASTER POPPER EMBLUE---------------------
2022-10-10 15:15:02 ------------------------------------------------------------------------
2022-10-10 15:15:02 Conexion Establecida a POP3 Server!
2022-10-10 15:15:02 PROCESO POPPER EMBLUE CONCLUIDO!
2022-10-10 15:15:02 
2022-10-10 15:30:02 ------------------------------------------------------------------------
2022-10-10 15:30:02 ---------------------INICIANDO MASTER POPPER EMBLUE---------------------
2022-10-10 15:30:02 ------------------------------------------------------------------------
2022-10-10 15:30:02 Conexion Establecida a POP3 Server!
2022-10-10 15:30:02 PROCESO POPPER EMBLUE CONCLUIDO!
2022-10-10 15:30:02 
2022-10-10 15:45:01 ------------------------------------------------------------------------
2022-10-10 15:45:01 ---------------------INICIANDO MASTER POPPER EMBLUE---------------------
2022-10-10 15:45:01 ------------------------------------------------------------------------
2022-10-10 15:45:01 Conexion Establecida a POP3 Server!
2022-10-10 15:45:01 PROCESO POPPER EMBLUE CONCLUIDO!
2022-10-10 15:45:01 
2022-10-10 16:00:01 ------------------------------------------------------------------------
2022-10-10 16:00:01 ---------------------INICIANDO MASTER POPPER EMBLUE---------------------
2022-10-10 16:00:01 ------------------------------------------------------------------------
2022-10-10 16:00:01 Conexion Establecida a POP3 Server!
2022-10-10 16:00:01 PROCESO POPPER EMBLUE CONCLUIDO!
2022-10-10 16:00:01 
2022-10-10 16:15:01 ------------------------------------------------------------------------
2022-10-10 16:15:01 ---------------------INICIANDO MASTER POPPER EMBLUE---------------------
2022-10-10 16:15:01 ------------------------------------------------------------------------
2022-10-10 16:15:01 Conexion Establecida a POP3 Server!
2022-10-10 16:15:01 PROCESO POPPER EMBLUE CONCLUIDO!
2022-10-10 16:15:01 
2022-10-10 16:30:01 ------------------------------------------------------------------------
2022-10-10 16:30:01 ---------------------INICIANDO MASTER POPPER EMBLUE---------------------
2022-10-10 16:30:01 ------------------------------------------------------------------------
2022-10-10 16:30:01 Conexion Establecida a POP3 Server!
2022-10-10 16:30:01 PROCESO POPPER EMBLUE CONCLUIDO!
2022-10-10 16:30:01 
2022-10-10 16:45:02 ------------------------------------------------------------------------
2022-10-10 16:45:02 ---------------------INICIANDO MASTER POPPER EMBLUE---------------------
2022-10-10 16:45:02 ------------------------------------------------------------------------
2022-10-10 16:45:02 Conexion Establecida a POP3 Server!
2022-10-10 16:45:02 PROCESO POPPER EMBLUE CONCLUIDO!
2022-10-10 16:45:02 
2022-10-10 17:00:02 ------------------------------------------------------------------------
2022-10-10 17:00:02 ---------------------INICIANDO MASTER POPPER EMBLUE---------------------
2022-10-10 17:00:02 ------------------------------------------------------------------------
2022-10-10 17:00:02 Conexion Establecida a POP3 Server!
2022-10-10 17:00:02 PROCESO POPPER EMBLUE CONCLUIDO!
2022-10-10 17:00:02 
2022-10-10 17:15:01 ------------------------------------------------------------------------
2022-10-10 17:15:01 ---------------------INICIANDO MASTER POPPER EMBLUE---------------------
2022-10-10 17:15:01 ------------------------------------------------------------------------
2022-10-10 17:15:01 Conexion Establecida a POP3 Server!
2022-10-10 17:15:01 PROCESO POPPER EMBLUE CONCLUIDO!
2022-10-10 17:15:01 
2022-10-10 17:30:02 ------------------------------------------------------------------------
2022-10-10 17:30:02 ---------------------INICIANDO MASTER POPPER EMBLUE---------------------
2022-10-10 17:30:02 ------------------------------------------------------------------------
2022-10-10 17:30:02 Conexion Establecida a POP3 Server!
2022-10-10 17:30:02 PROCESO POPPER EMBLUE CONCLUIDO!
2022-10-10 17:30:02 
2022-10-10 17:45:01 ------------------------------------------------------------------------
2022-10-10 17:45:01 ---------------------INICIANDO MASTER POPPER EMBLUE---------------------
2022-10-10 17:45:01 ------------------------------------------------------------------------
2022-10-10 17:45:01 Conexion Establecida a POP3 Server!
2022-10-10 17:45:01 PROCESO POPPER EMBLUE CONCLUIDO!
2022-10-10 17:45:01 
2022-10-10 18:00:01 ------------------------------------------------------------------------
2022-10-10 18:00:01 ---------------------INICIANDO MASTER POPPER EMBLUE---------------------
2022-10-10 18:00:01 ------------------------------------------------------------------------
2022-10-10 18:00:01 Conexion Establecida a POP3 Server!
2022-10-10 18:00:01 PROCESO POPPER EMBLUE CONCLUIDO!
2022-10-10 18:00:01 
2022-10-10 18:15:01 ------------------------------------------------------------------------
2022-10-10 18:15:01 ---------------------INICIANDO MASTER POPPER EMBLUE---------------------
2022-10-10 18:15:01 ------------------------------------------------------------------------
2022-10-10 18:15:01 Conexion Establecida a POP3 Server!
2022-10-10 18:15:01 PROCESO POPPER EMBLUE CONCLUIDO!
2022-10-10 18:15:01 
2022-10-10 18:30:01 ------------------------------------------------------------------------
2022-10-10 18:30:01 ---------------------INICIANDO MASTER POPPER EMBLUE---------------------
2022-10-10 18:30:01 ------------------------------------------------------------------------
2022-10-10 18:30:01 Conexion Establecida a POP3 Server!
2022-10-10 18:30:01 PROCESO POPPER EMBLUE CONCLUIDO!
2022-10-10 18:30:01 
2022-10-10 18:45:02 ------------------------------------------------------------------------
2022-10-10 18:45:02 ---------------------INICIANDO MASTER POPPER EMBLUE---------------------
2022-10-10 18:45:02 ------------------------------------------------------------------------
2022-10-10 18:45:02 Conexion Establecida a POP3 Server!
2022-10-10 18:45:02 PROCESO POPPER EMBLUE CONCLUIDO!
2022-10-10 18:45:02 
2022-10-10 19:00:01 ------------------------------------------------------------------------
2022-10-10 19:00:01 ---------------------INICIANDO MASTER POPPER EMBLUE---------------------
2022-10-10 19:00:01 ------------------------------------------------------------------------
2022-10-10 19:00:01 Conexion Establecida a POP3 Server!
2022-10-10 19:00:01 PROCESO POPPER EMBLUE CONCLUIDO!
2022-10-10 19:00:01 
2022-10-10 19:15:01 ------------------------------------------------------------------------
2022-10-10 19:15:01 ---------------------INICIANDO MASTER POPPER EMBLUE---------------------
2022-10-10 19:15:01 ------------------------------------------------------------------------
2022-10-10 19:15:01 Conexion Establecida a POP3 Server!
2022-10-10 19:15:01 PROCESO POPPER EMBLUE CONCLUIDO!
2022-10-10 19:15:01 
2022-10-10 19:30:01 ------------------------------------------------------------------------
2022-10-10 19:30:01 ---------------------INICIANDO MASTER POPPER EMBLUE---------------------
2022-10-10 19:30:01 ------------------------------------------------------------------------
2022-10-10 19:30:01 Conexion Establecida a POP3 Server!
2022-10-10 19:30:01 PROCESO POPPER EMBLUE CONCLUIDO!
2022-10-10 19:30:01 
2022-10-10 19:45:01 ------------------------------------------------------------------------
2022-10-10 19:45:01 ---------------------INICIANDO MASTER POPPER EMBLUE---------------------
2022-10-10 19:45:01 ------------------------------------------------------------------------
2022-10-10 19:45:01 Conexion Establecida a POP3 Server!
2022-10-10 19:45:01 PROCESO POPPER EMBLUE CONCLUIDO!
2022-10-10 19:45:01 
2022-10-10 20:00:03 ------------------------------------------------------------------------
2022-10-10 20:00:03 ---------------------INICIANDO MASTER POPPER EMBLUE---------------------
2022-10-10 20:00:03 ------------------------------------------------------------------------
2022-10-10 20:00:03 Conexion Establecida a POP3 Server!
2022-10-10 20:00:03 PROCESO POPPER EMBLUE CONCLUIDO!
2022-10-10 20:00:03 
2022-10-10 20:15:01 ------------------------------------------------------------------------
2022-10-10 20:15:01 ---------------------INICIANDO MASTER POPPER EMBLUE---------------------
2022-10-10 20:15:01 ------------------------------------------------------------------------
2022-10-10 20:15:01 Conexion Establecida a POP3 Server!
2022-10-10 20:15:01 PROCESO POPPER EMBLUE CONCLUIDO!
2022-10-10 20:15:01 
2022-10-10 20:30:01 ------------------------------------------------------------------------
2022-10-10 20:30:01 ---------------------INICIANDO MASTER POPPER EMBLUE---------------------
2022-10-10 20:30:01 ------------------------------------------------------------------------
2022-10-10 20:30:01 Conexion Establecida a POP3 Server!
2022-10-10 20:30:01 PROCESO POPPER EMBLUE CONCLUIDO!
2022-10-10 20:30:01 
2022-10-10 20:45:02 ------------------------------------------------------------------------
2022-10-10 20:45:02 ---------------------INICIANDO MASTER POPPER EMBLUE---------------------
2022-10-10 20:45:02 ------------------------------------------------------------------------
2022-10-10 20:45:02 Conexion Establecida a POP3 Server!
2022-10-10 20:45:02 PROCESO POPPER EMBLUE CONCLUIDO!
2022-10-10 20:45:02 
2022-10-10 21:00:01 ------------------------------------------------------------------------
2022-10-10 21:00:01 ---------------------INICIANDO MASTER POPPER EMBLUE---------------------
2022-10-10 21:00:01 ------------------------------------------------------------------------
2022-10-10 21:00:01 Conexion Establecida a POP3 Server!
2022-10-10 21:00:01 PROCESO POPPER EMBLUE CONCLUIDO!
2022-10-10 21:00:01 
2022-10-10 21:15:02 ------------------------------------------------------------------------
2022-10-10 21:15:02 ---------------------INICIANDO MASTER POPPER EMBLUE---------------------
2022-10-10 21:15:02 ------------------------------------------------------------------------
2022-10-10 21:15:02 Conexion Establecida a POP3 Server!
2022-10-10 21:15:02 PROCESO POPPER EMBLUE CONCLUIDO!
2022-10-10 21:15:02 
2022-10-10 21:30:02 ------------------------------------------------------------------------
2022-10-10 21:30:02 ---------------------INICIANDO MASTER POPPER EMBLUE---------------------
2022-10-10 21:30:02 ------------------------------------------------------------------------
2022-10-10 21:30:02 Conexion Establecida a POP3 Server!
2022-10-10 21:30:02 PROCESO POPPER EMBLUE CONCLUIDO!
2022-10-10 21:30:02 
2022-10-10 21:45:01 ------------------------------------------------------------------------
2022-10-10 21:45:01 ---------------------INICIANDO MASTER POPPER EMBLUE---------------------
2022-10-10 21:45:01 ------------------------------------------------------------------------
2022-10-10 21:45:01 Conexion Establecida a POP3 Server!
2022-10-10 21:45:01 PROCESO POPPER EMBLUE CONCLUIDO!
2022-10-10 21:45:01 
2022-10-10 22:00:01 ------------------------------------------------------------------------
2022-10-10 22:00:01 ---------------------INICIANDO MASTER POPPER EMBLUE---------------------
2022-10-10 22:00:01 ------------------------------------------------------------------------
2022-10-10 22:00:01 Conexion Establecida a POP3 Server!
2022-10-10 22:00:01 PROCESO POPPER EMBLUE CONCLUIDO!
2022-10-10 22:00:01 
2022-10-10 22:15:01 ------------------------------------------------------------------------
2022-10-10 22:15:01 ---------------------INICIANDO MASTER POPPER EMBLUE---------------------
2022-10-10 22:15:01 ------------------------------------------------------------------------
2022-10-10 22:15:01 Conexion Establecida a POP3 Server!
2022-10-10 22:15:01 PROCESO POPPER EMBLUE CONCLUIDO!
2022-10-10 22:15:01 
2022-10-10 22:30:01 ------------------------------------------------------------------------
2022-10-10 22:30:01 ---------------------INICIANDO MASTER POPPER EMBLUE---------------------
2022-10-10 22:30:01 ------------------------------------------------------------------------
2022-10-10 22:30:01 Conexion Establecida a POP3 Server!
2022-10-10 22:30:01 PROCESO POPPER EMBLUE CONCLUIDO!
2022-10-10 22:30:01 
2022-10-10 22:45:01 ------------------------------------------------------------------------
2022-10-10 22:45:01 ---------------------INICIANDO MASTER POPPER EMBLUE---------------------
2022-10-10 22:45:01 ------------------------------------------------------------------------
2022-10-10 22:45:01 Conexion Establecida a POP3 Server!
2022-10-10 22:45:01 PROCESO POPPER EMBLUE CONCLUIDO!
2022-10-10 22:45:01 
2022-10-10 23:00:02 ------------------------------------------------------------------------
2022-10-10 23:00:02 ---------------------INICIANDO MASTER POPPER EMBLUE---------------------
2022-10-10 23:00:02 ------------------------------------------------------------------------
2022-10-10 23:00:02 Conexion Establecida a POP3 Server!
2022-10-10 23:00:02 PROCESO POPPER EMBLUE CONCLUIDO!
2022-10-10 23:00:02 
2022-10-10 23:15:01 ------------------------------------------------------------------------
2022-10-10 23:15:01 ---------------------INICIANDO MASTER POPPER EMBLUE---------------------
2022-10-10 23:15:01 ------------------------------------------------------------------------
2022-10-10 23:15:01 Conexion Establecida a POP3 Server!
2022-10-10 23:15:01 PROCESO POPPER EMBLUE CONCLUIDO!
2022-10-10 23:15:01 
2022-10-10 23:30:01 ------------------------------------------------------------------------
2022-10-10 23:30:01 ---------------------INICIANDO MASTER POPPER EMBLUE---------------------
2022-10-10 23:30:01 ------------------------------------------------------------------------
2022-10-10 23:30:01 Conexion Establecida a POP3 Server!
2022-10-10 23:30:01 PROCESO POPPER EMBLUE CONCLUIDO!
2022-10-10 23:30:01 
2022-10-10 23:45:01 ------------------------------------------------------------------------
2022-10-10 23:45:01 ---------------------INICIANDO MASTER POPPER EMBLUE---------------------
2022-10-10 23:45:01 ------------------------------------------------------------------------
2022-10-10 23:45:02 Conexion Establecida a POP3 Server!
2022-10-10 23:45:02 PROCESO POPPER EMBLUE CONCLUIDO!
2022-10-10 23:45:02 
