2022-10-04 00:00:01 ------------------------------------------------------------------------
2022-10-04 00:00:01 ---------------------INICIANDO MASTER POPPER EMBLUE---------------------
2022-10-04 00:00:01 ------------------------------------------------------------------------
2022-10-04 00:00:02 Conexion Establecida a POP3 Server!
2022-10-04 00:00:02 PROCESO POPPER EMBLUE CONCLUIDO!
2022-10-04 00:00:02 
2022-10-04 00:15:02 ------------------------------------------------------------------------
2022-10-04 00:15:02 ---------------------INICIANDO MASTER POPPER EMBLUE---------------------
2022-10-04 00:15:02 ------------------------------------------------------------------------
2022-10-04 00:15:02 Conexion Establecida a POP3 Server!
2022-10-04 00:15:02 PROCESO POPPER EMBLUE CONCLUIDO!
2022-10-04 00:15:02 
2022-10-04 00:30:01 ------------------------------------------------------------------------
2022-10-04 00:30:01 ---------------------INICIANDO MASTER POPPER EMBLUE---------------------
2022-10-04 00:30:01 ------------------------------------------------------------------------
2022-10-04 00:30:01 Conexion Establecida a POP3 Server!
2022-10-04 00:30:01 PROCESO POPPER EMBLUE CONCLUIDO!
2022-10-04 00:30:01 
2022-10-04 00:45:01 ------------------------------------------------------------------------
2022-10-04 00:45:01 ---------------------INICIANDO MASTER POPPER EMBLUE---------------------
2022-10-04 00:45:01 ------------------------------------------------------------------------
2022-10-04 00:45:01 Conexion Establecida a POP3 Server!
2022-10-04 00:45:01 PROCESO POPPER EMBLUE CONCLUIDO!
2022-10-04 00:45:01 
2022-10-04 01:00:01 ------------------------------------------------------------------------
2022-10-04 01:00:01 ---------------------INICIANDO MASTER POPPER EMBLUE---------------------
2022-10-04 01:00:01 ------------------------------------------------------------------------
2022-10-04 01:00:01 Conexion Establecida a POP3 Server!
2022-10-04 01:00:01 PROCESO POPPER EMBLUE CONCLUIDO!
2022-10-04 01:00:01 
2022-10-04 01:15:01 ------------------------------------------------------------------------
2022-10-04 01:15:01 ---------------------INICIANDO MASTER POPPER EMBLUE---------------------
2022-10-04 01:15:01 ------------------------------------------------------------------------
2022-10-04 01:15:01 Conexion Establecida a POP3 Server!
2022-10-04 01:15:01 PROCESO POPPER EMBLUE CONCLUIDO!
2022-10-04 01:15:01 
2022-10-04 01:30:02 ------------------------------------------------------------------------
2022-10-04 01:30:02 ---------------------INICIANDO MASTER POPPER EMBLUE---------------------
2022-10-04 01:30:02 ------------------------------------------------------------------------
2022-10-04 01:30:02 Conexion Establecida a POP3 Server!
2022-10-04 01:30:02 PROCESO POPPER EMBLUE CONCLUIDO!
2022-10-04 01:30:02 
2022-10-04 01:45:01 ------------------------------------------------------------------------
2022-10-04 01:45:01 ---------------------INICIANDO MASTER POPPER EMBLUE---------------------
2022-10-04 01:45:01 ------------------------------------------------------------------------
2022-10-04 01:45:01 Conexion Establecida a POP3 Server!
2022-10-04 01:45:01 PROCESO POPPER EMBLUE CONCLUIDO!
2022-10-04 01:45:01 
2022-10-04 02:00:01 ------------------------------------------------------------------------
2022-10-04 02:00:01 ---------------------INICIANDO MASTER POPPER EMBLUE---------------------
2022-10-04 02:00:01 ------------------------------------------------------------------------
2022-10-04 02:00:01 Conexion Establecida a POP3 Server!
2022-10-04 02:00:01 PROCESO POPPER EMBLUE CONCLUIDO!
2022-10-04 02:00:01 
2022-10-04 02:15:01 ------------------------------------------------------------------------
2022-10-04 02:15:01 ---------------------INICIANDO MASTER POPPER EMBLUE---------------------
2022-10-04 02:15:01 ------------------------------------------------------------------------
2022-10-04 02:15:01 Conexion Establecida a POP3 Server!
2022-10-04 02:15:01 PROCESO POPPER EMBLUE CONCLUIDO!
2022-10-04 02:15:01 
2022-10-04 02:30:02 ------------------------------------------------------------------------
2022-10-04 02:30:02 ---------------------INICIANDO MASTER POPPER EMBLUE---------------------
2022-10-04 02:30:02 ------------------------------------------------------------------------
2022-10-04 02:30:02 Conexion Establecida a POP3 Server!
2022-10-04 02:30:02 PROCESO POPPER EMBLUE CONCLUIDO!
2022-10-04 02:30:02 
2022-10-04 02:45:01 ------------------------------------------------------------------------
2022-10-04 02:45:01 ---------------------INICIANDO MASTER POPPER EMBLUE---------------------
2022-10-04 02:45:01 ------------------------------------------------------------------------
2022-10-04 02:45:01 Conexion Establecida a POP3 Server!
2022-10-04 02:45:01 PROCESO POPPER EMBLUE CONCLUIDO!
2022-10-04 02:45:01 
2022-10-04 03:00:01 ------------------------------------------------------------------------
2022-10-04 03:00:01 ---------------------INICIANDO MASTER POPPER EMBLUE---------------------
2022-10-04 03:00:01 ------------------------------------------------------------------------
2022-10-04 03:00:01 Conexion Establecida a POP3 Server!
2022-10-04 03:00:01 PROCESO POPPER EMBLUE CONCLUIDO!
2022-10-04 03:00:01 
2022-10-04 03:15:01 ------------------------------------------------------------------------
2022-10-04 03:15:01 ---------------------INICIANDO MASTER POPPER EMBLUE---------------------
2022-10-04 03:15:01 ------------------------------------------------------------------------
2022-10-04 03:15:02 Conexion Establecida a POP3 Server!
2022-10-04 03:15:02 PROCESO POPPER EMBLUE CONCLUIDO!
2022-10-04 03:15:02 
2022-10-04 03:30:01 ------------------------------------------------------------------------
2022-10-04 03:30:01 ---------------------INICIANDO MASTER POPPER EMBLUE---------------------
2022-10-04 03:30:01 ------------------------------------------------------------------------
2022-10-04 03:30:01 Conexion Establecida a POP3 Server!
2022-10-04 03:30:01 PROCESO POPPER EMBLUE CONCLUIDO!
2022-10-04 03:30:01 
2022-10-04 03:45:02 ------------------------------------------------------------------------
2022-10-04 03:45:02 ---------------------INICIANDO MASTER POPPER EMBLUE---------------------
2022-10-04 03:45:02 ------------------------------------------------------------------------
2022-10-04 03:45:02 Conexion Establecida a POP3 Server!
2022-10-04 03:45:02 PROCESO POPPER EMBLUE CONCLUIDO!
2022-10-04 03:45:02 
2022-10-04 04:00:01 ------------------------------------------------------------------------
2022-10-04 04:00:01 ---------------------INICIANDO MASTER POPPER EMBLUE---------------------
2022-10-04 04:00:01 ------------------------------------------------------------------------
2022-10-04 04:00:01 Conexion Establecida a POP3 Server!
2022-10-04 04:00:01 PROCESO POPPER EMBLUE CONCLUIDO!
2022-10-04 04:00:01 
2022-10-04 04:15:01 ------------------------------------------------------------------------
2022-10-04 04:15:01 ---------------------INICIANDO MASTER POPPER EMBLUE---------------------
2022-10-04 04:15:01 ------------------------------------------------------------------------
2022-10-04 04:15:01 Conexion Establecida a POP3 Server!
2022-10-04 04:15:01 PROCESO POPPER EMBLUE CONCLUIDO!
2022-10-04 04:15:01 
2022-10-04 04:30:01 ------------------------------------------------------------------------
2022-10-04 04:30:01 ---------------------INICIANDO MASTER POPPER EMBLUE---------------------
2022-10-04 04:30:01 ------------------------------------------------------------------------
2022-10-04 04:30:01 Conexion Establecida a POP3 Server!
2022-10-04 04:30:01 PROCESO POPPER EMBLUE CONCLUIDO!
2022-10-04 04:30:01 
2022-10-04 04:45:01 ------------------------------------------------------------------------
2022-10-04 04:45:01 ---------------------INICIANDO MASTER POPPER EMBLUE---------------------
2022-10-04 04:45:01 ------------------------------------------------------------------------
2022-10-04 04:45:01 Conexion Establecida a POP3 Server!
2022-10-04 04:45:01 PROCESO POPPER EMBLUE CONCLUIDO!
2022-10-04 04:45:01 
2022-10-04 05:00:01 ------------------------------------------------------------------------
2022-10-04 05:00:01 ---------------------INICIANDO MASTER POPPER EMBLUE---------------------
2022-10-04 05:00:01 ------------------------------------------------------------------------
2022-10-04 05:00:01 Conexion Establecida a POP3 Server!
2022-10-04 05:00:01 PROCESO POPPER EMBLUE CONCLUIDO!
2022-10-04 05:00:01 
2022-10-04 05:15:01 ------------------------------------------------------------------------
2022-10-04 05:15:01 ---------------------INICIANDO MASTER POPPER EMBLUE---------------------
2022-10-04 05:15:01 ------------------------------------------------------------------------
2022-10-04 05:15:01 Conexion Establecida a POP3 Server!
2022-10-04 05:15:01 PROCESO POPPER EMBLUE CONCLUIDO!
2022-10-04 05:15:01 
2022-10-04 05:30:02 ------------------------------------------------------------------------
2022-10-04 05:30:02 ---------------------INICIANDO MASTER POPPER EMBLUE---------------------
2022-10-04 05:30:02 ------------------------------------------------------------------------
2022-10-04 05:30:02 Conexion Establecida a POP3 Server!
2022-10-04 05:30:02 PROCESO POPPER EMBLUE CONCLUIDO!
2022-10-04 05:30:02 
2022-10-04 05:45:01 ------------------------------------------------------------------------
2022-10-04 05:45:01 ---------------------INICIANDO MASTER POPPER EMBLUE---------------------
2022-10-04 05:45:01 ------------------------------------------------------------------------
2022-10-04 05:45:01 Conexion Establecida a POP3 Server!
2022-10-04 05:45:01 PROCESO POPPER EMBLUE CONCLUIDO!
2022-10-04 05:45:01 
2022-10-04 06:00:02 ------------------------------------------------------------------------
2022-10-04 06:00:02 ---------------------INICIANDO MASTER POPPER EMBLUE---------------------
2022-10-04 06:00:02 ------------------------------------------------------------------------
2022-10-04 06:00:02 Conexion Establecida a POP3 Server!
2022-10-04 06:00:02 PROCESO POPPER EMBLUE CONCLUIDO!
2022-10-04 06:00:02 
2022-10-04 06:15:01 ------------------------------------------------------------------------
2022-10-04 06:15:01 ---------------------INICIANDO MASTER POPPER EMBLUE---------------------
2022-10-04 06:15:01 ------------------------------------------------------------------------
2022-10-04 06:15:01 Conexion Establecida a POP3 Server!
2022-10-04 06:15:01 PROCESO POPPER EMBLUE CONCLUIDO!
2022-10-04 06:15:01 
2022-10-04 06:30:01 ------------------------------------------------------------------------
2022-10-04 06:30:01 ---------------------INICIANDO MASTER POPPER EMBLUE---------------------
2022-10-04 06:30:01 ------------------------------------------------------------------------
2022-10-04 06:30:01 Conexion Establecida a POP3 Server!
2022-10-04 06:30:01 PROCESO POPPER EMBLUE CONCLUIDO!
2022-10-04 06:30:01 
2022-10-04 06:45:01 ------------------------------------------------------------------------
2022-10-04 06:45:01 ---------------------INICIANDO MASTER POPPER EMBLUE---------------------
2022-10-04 06:45:01 ------------------------------------------------------------------------
2022-10-04 06:45:02 Conexion Establecida a POP3 Server!
2022-10-04 06:45:02 PROCESO POPPER EMBLUE CONCLUIDO!
2022-10-04 06:45:02 
2022-10-04 07:00:01 ------------------------------------------------------------------------
2022-10-04 07:00:01 ---------------------INICIANDO MASTER POPPER EMBLUE---------------------
2022-10-04 07:00:01 ------------------------------------------------------------------------
2022-10-04 07:00:01 Conexion Establecida a POP3 Server!
2022-10-04 07:00:01 PROCESO POPPER EMBLUE CONCLUIDO!
2022-10-04 07:00:01 
2022-10-04 07:15:01 ------------------------------------------------------------------------
2022-10-04 07:15:01 ---------------------INICIANDO MASTER POPPER EMBLUE---------------------
2022-10-04 07:15:01 ------------------------------------------------------------------------
2022-10-04 07:15:01 Conexion Establecida a POP3 Server!
2022-10-04 07:15:01 PROCESO POPPER EMBLUE CONCLUIDO!
2022-10-04 07:15:01 
2022-10-04 07:30:02 ------------------------------------------------------------------------
2022-10-04 07:30:02 ---------------------INICIANDO MASTER POPPER EMBLUE---------------------
2022-10-04 07:30:02 ------------------------------------------------------------------------
2022-10-04 07:30:02 Conexion Establecida a POP3 Server!
2022-10-04 07:30:02 PROCESO POPPER EMBLUE CONCLUIDO!
2022-10-04 07:30:02 
2022-10-04 07:45:02 ------------------------------------------------------------------------
2022-10-04 07:45:02 ---------------------INICIANDO MASTER POPPER EMBLUE---------------------
2022-10-04 07:45:02 ------------------------------------------------------------------------
2022-10-04 07:45:02 Conexion Establecida a POP3 Server!
2022-10-04 07:45:02 PROCESO POPPER EMBLUE CONCLUIDO!
2022-10-04 07:45:02 
2022-10-04 08:00:02 ------------------------------------------------------------------------
2022-10-04 08:00:02 ---------------------INICIANDO MASTER POPPER EMBLUE---------------------
2022-10-04 08:00:02 ------------------------------------------------------------------------
2022-10-04 08:00:02 Conexion Establecida a POP3 Server!
2022-10-04 08:00:02 PROCESO POPPER EMBLUE CONCLUIDO!
2022-10-04 08:00:02 
2022-10-04 08:15:02 ------------------------------------------------------------------------
2022-10-04 08:15:02 ---------------------INICIANDO MASTER POPPER EMBLUE---------------------
2022-10-04 08:15:02 ------------------------------------------------------------------------
2022-10-04 08:15:02 Conexion Establecida a POP3 Server!
2022-10-04 08:15:02 PROCESO POPPER EMBLUE CONCLUIDO!
2022-10-04 08:15:02 
2022-10-04 08:30:02 ------------------------------------------------------------------------
2022-10-04 08:30:02 ---------------------INICIANDO MASTER POPPER EMBLUE---------------------
2022-10-04 08:30:02 ------------------------------------------------------------------------
2022-10-04 08:30:02 Conexion Establecida a POP3 Server!
2022-10-04 08:30:02 PROCESO POPPER EMBLUE CONCLUIDO!
2022-10-04 08:30:02 
2022-10-04 08:45:02 ------------------------------------------------------------------------
2022-10-04 08:45:02 ---------------------INICIANDO MASTER POPPER EMBLUE---------------------
2022-10-04 08:45:02 ------------------------------------------------------------------------
2022-10-04 08:45:02 Conexion Establecida a POP3 Server!
2022-10-04 08:45:02 PROCESO POPPER EMBLUE CONCLUIDO!
2022-10-04 08:45:02 
2022-10-04 09:00:01 ------------------------------------------------------------------------
2022-10-04 09:00:01 ---------------------INICIANDO MASTER POPPER EMBLUE---------------------
2022-10-04 09:00:01 ------------------------------------------------------------------------
2022-10-04 09:00:01 Conexion Establecida a POP3 Server!
2022-10-04 09:00:01 PROCESO POPPER EMBLUE CONCLUIDO!
2022-10-04 09:00:01 
2022-10-04 09:15:02 ------------------------------------------------------------------------
2022-10-04 09:15:02 ---------------------INICIANDO MASTER POPPER EMBLUE---------------------
2022-10-04 09:15:02 ------------------------------------------------------------------------
2022-10-04 09:15:02 Conexion Establecida a POP3 Server!
2022-10-04 09:15:02 PROCESO POPPER EMBLUE CONCLUIDO!
2022-10-04 09:15:02 
2022-10-04 09:30:01 ------------------------------------------------------------------------
2022-10-04 09:30:01 ---------------------INICIANDO MASTER POPPER EMBLUE---------------------
2022-10-04 09:30:01 ------------------------------------------------------------------------
2022-10-04 09:30:01 Conexion Establecida a POP3 Server!
2022-10-04 09:30:01 PROCESO POPPER EMBLUE CONCLUIDO!
2022-10-04 09:30:01 
2022-10-04 09:45:02 ------------------------------------------------------------------------
2022-10-04 09:45:02 ---------------------INICIANDO MASTER POPPER EMBLUE---------------------
2022-10-04 09:45:02 ------------------------------------------------------------------------
2022-10-04 09:45:02 Conexion Establecida a POP3 Server!
2022-10-04 09:45:02 PROCESO POPPER EMBLUE CONCLUIDO!
2022-10-04 09:45:02 
2022-10-04 10:00:01 ------------------------------------------------------------------------
2022-10-04 10:00:01 ---------------------INICIANDO MASTER POPPER EMBLUE---------------------
2022-10-04 10:00:01 ------------------------------------------------------------------------
2022-10-04 10:00:01 Conexion Establecida a POP3 Server!
2022-10-04 10:00:01 PROCESO POPPER EMBLUE CONCLUIDO!
2022-10-04 10:00:01 
2022-10-04 10:15:01 ------------------------------------------------------------------------
2022-10-04 10:15:01 ---------------------INICIANDO MASTER POPPER EMBLUE---------------------
2022-10-04 10:15:01 ------------------------------------------------------------------------
2022-10-04 10:15:02 Conexion Establecida a POP3 Server!
2022-10-04 10:15:02 PROCESO POPPER EMBLUE CONCLUIDO!
2022-10-04 10:15:02 
2022-10-04 10:30:01 ------------------------------------------------------------------------
2022-10-04 10:30:01 ---------------------INICIANDO MASTER POPPER EMBLUE---------------------
2022-10-04 10:30:01 ------------------------------------------------------------------------
2022-10-04 10:30:01 Conexion Establecida a POP3 Server!
2022-10-04 10:30:01 PROCESO POPPER EMBLUE CONCLUIDO!
2022-10-04 10:30:01 
2022-10-04 10:45:01 ------------------------------------------------------------------------
2022-10-04 10:45:01 ---------------------INICIANDO MASTER POPPER EMBLUE---------------------
2022-10-04 10:45:01 ------------------------------------------------------------------------
2022-10-04 10:45:01 Conexion Establecida a POP3 Server!
2022-10-04 10:45:01 PROCESO POPPER EMBLUE CONCLUIDO!
2022-10-04 10:45:01 
2022-10-04 11:00:01 ------------------------------------------------------------------------
2022-10-04 11:00:01 ---------------------INICIANDO MASTER POPPER EMBLUE---------------------
2022-10-04 11:00:01 ------------------------------------------------------------------------
2022-10-04 11:00:01 Conexion Establecida a POP3 Server!
2022-10-04 11:00:01 PROCESO POPPER EMBLUE CONCLUIDO!
2022-10-04 11:00:01 
2022-10-04 11:15:02 ------------------------------------------------------------------------
2022-10-04 11:15:02 ---------------------INICIANDO MASTER POPPER EMBLUE---------------------
2022-10-04 11:15:02 ------------------------------------------------------------------------
2022-10-04 11:15:02 Conexion Establecida a POP3 Server!
2022-10-04 11:15:02 PROCESO POPPER EMBLUE CONCLUIDO!
2022-10-04 11:15:02 
2022-10-04 11:30:01 ------------------------------------------------------------------------
2022-10-04 11:30:01 ---------------------INICIANDO MASTER POPPER EMBLUE---------------------
2022-10-04 11:30:01 ------------------------------------------------------------------------
2022-10-04 11:30:01 Conexion Establecida a POP3 Server!
2022-10-04 11:30:01 PROCESO POPPER EMBLUE CONCLUIDO!
2022-10-04 11:30:01 
2022-10-04 11:45:01 ------------------------------------------------------------------------
2022-10-04 11:45:01 ---------------------INICIANDO MASTER POPPER EMBLUE---------------------
2022-10-04 11:45:01 ------------------------------------------------------------------------
2022-10-04 11:45:01 Conexion Establecida a POP3 Server!
2022-10-04 11:45:01 PROCESO POPPER EMBLUE CONCLUIDO!
2022-10-04 11:45:01 
2022-10-04 12:00:01 ------------------------------------------------------------------------
2022-10-04 12:00:01 ---------------------INICIANDO MASTER POPPER EMBLUE---------------------
2022-10-04 12:00:01 ------------------------------------------------------------------------
2022-10-04 12:00:02 Conexion Establecida a POP3 Server!
2022-10-04 12:00:02 PROCESO POPPER EMBLUE CONCLUIDO!
2022-10-04 12:00:02 
2022-10-04 12:15:02 ------------------------------------------------------------------------
2022-10-04 12:15:02 ---------------------INICIANDO MASTER POPPER EMBLUE---------------------
2022-10-04 12:15:02 ------------------------------------------------------------------------
2022-10-04 12:15:02 Conexion Establecida a POP3 Server!
2022-10-04 12:15:02 PROCESO POPPER EMBLUE CONCLUIDO!
2022-10-04 12:15:02 
2022-10-04 12:30:02 ------------------------------------------------------------------------
2022-10-04 12:30:02 ---------------------INICIANDO MASTER POPPER EMBLUE---------------------
2022-10-04 12:30:02 ------------------------------------------------------------------------
2022-10-04 12:30:02 Conexion Establecida a POP3 Server!
2022-10-04 12:30:02 PROCESO POPPER EMBLUE CONCLUIDO!
2022-10-04 12:30:02 
2022-10-04 12:45:02 ------------------------------------------------------------------------
2022-10-04 12:45:02 ---------------------INICIANDO MASTER POPPER EMBLUE---------------------
2022-10-04 12:45:02 ------------------------------------------------------------------------
2022-10-04 12:45:02 Conexion Establecida a POP3 Server!
2022-10-04 12:45:02 PROCESO POPPER EMBLUE CONCLUIDO!
2022-10-04 12:45:02 
2022-10-04 13:00:01 ------------------------------------------------------------------------
2022-10-04 13:00:01 ---------------------INICIANDO MASTER POPPER EMBLUE---------------------
2022-10-04 13:00:01 ------------------------------------------------------------------------
2022-10-04 13:00:01 Conexion Establecida a POP3 Server!
2022-10-04 13:00:01 PROCESO POPPER EMBLUE CONCLUIDO!
2022-10-04 13:00:01 
2022-10-04 13:15:01 ------------------------------------------------------------------------
2022-10-04 13:15:01 ---------------------INICIANDO MASTER POPPER EMBLUE---------------------
2022-10-04 13:15:01 ------------------------------------------------------------------------
2022-10-04 13:15:01 Conexion Establecida a POP3 Server!
2022-10-04 13:15:01 PROCESO POPPER EMBLUE CONCLUIDO!
2022-10-04 13:15:01 
2022-10-04 13:30:01 ------------------------------------------------------------------------
2022-10-04 13:30:01 ---------------------INICIANDO MASTER POPPER EMBLUE---------------------
2022-10-04 13:30:01 ------------------------------------------------------------------------
2022-10-04 13:30:01 Conexion Establecida a POP3 Server!
2022-10-04 13:30:01 PROCESO POPPER EMBLUE CONCLUIDO!
2022-10-04 13:30:01 
2022-10-04 13:45:01 ------------------------------------------------------------------------
2022-10-04 13:45:01 ---------------------INICIANDO MASTER POPPER EMBLUE---------------------
2022-10-04 13:45:01 ------------------------------------------------------------------------
2022-10-04 13:45:01 Conexion Establecida a POP3 Server!
2022-10-04 13:45:01 PROCESO POPPER EMBLUE CONCLUIDO!
2022-10-04 13:45:01 
2022-10-04 14:00:02 ------------------------------------------------------------------------
2022-10-04 14:00:02 ---------------------INICIANDO MASTER POPPER EMBLUE---------------------
2022-10-04 14:00:02 ------------------------------------------------------------------------
2022-10-04 14:00:02 Conexion Establecida a POP3 Server!
2022-10-04 14:00:02 PROCESO POPPER EMBLUE CONCLUIDO!
2022-10-04 14:00:02 
2022-10-04 14:15:02 ------------------------------------------------------------------------
2022-10-04 14:15:02 ---------------------INICIANDO MASTER POPPER EMBLUE---------------------
2022-10-04 14:15:02 ------------------------------------------------------------------------
2022-10-04 14:15:02 Conexion Establecida a POP3 Server!
2022-10-04 14:15:02 PROCESO POPPER EMBLUE CONCLUIDO!
2022-10-04 14:15:02 
2022-10-04 14:30:02 ------------------------------------------------------------------------
2022-10-04 14:30:02 ---------------------INICIANDO MASTER POPPER EMBLUE---------------------
2022-10-04 14:30:02 ------------------------------------------------------------------------
2022-10-04 14:30:02 Conexion Establecida a POP3 Server!
2022-10-04 14:30:02 PROCESO POPPER EMBLUE CONCLUIDO!
2022-10-04 14:30:02 
2022-10-04 14:45:01 ------------------------------------------------------------------------
2022-10-04 14:45:01 ---------------------INICIANDO MASTER POPPER EMBLUE---------------------
2022-10-04 14:45:01 ------------------------------------------------------------------------
2022-10-04 14:45:01 Conexion Establecida a POP3 Server!
2022-10-04 14:45:01 PROCESO POPPER EMBLUE CONCLUIDO!
2022-10-04 14:45:01 
2022-10-04 15:00:01 ------------------------------------------------------------------------
2022-10-04 15:00:01 ---------------------INICIANDO MASTER POPPER EMBLUE---------------------
2022-10-04 15:00:01 ------------------------------------------------------------------------
2022-10-04 15:00:01 Conexion Establecida a POP3 Server!
2022-10-04 15:00:01 PROCESO POPPER EMBLUE CONCLUIDO!
2022-10-04 15:00:01 
2022-10-04 15:15:01 ------------------------------------------------------------------------
2022-10-04 15:15:01 ---------------------INICIANDO MASTER POPPER EMBLUE---------------------
2022-10-04 15:15:01 ------------------------------------------------------------------------
2022-10-04 15:15:01 Conexion Establecida a POP3 Server!
2022-10-04 15:15:01 PROCESO POPPER EMBLUE CONCLUIDO!
2022-10-04 15:15:01 
2022-10-04 15:30:01 ------------------------------------------------------------------------
2022-10-04 15:30:01 ---------------------INICIANDO MASTER POPPER EMBLUE---------------------
2022-10-04 15:30:01 ------------------------------------------------------------------------
2022-10-04 15:30:01 Conexion Establecida a POP3 Server!
2022-10-04 15:30:01 PROCESO POPPER EMBLUE CONCLUIDO!
2022-10-04 15:30:01 
2022-10-04 15:45:01 ------------------------------------------------------------------------
2022-10-04 15:45:01 ---------------------INICIANDO MASTER POPPER EMBLUE---------------------
2022-10-04 15:45:01 ------------------------------------------------------------------------
2022-10-04 15:45:01 Conexion Establecida a POP3 Server!
2022-10-04 15:45:01 PROCESO POPPER EMBLUE CONCLUIDO!
2022-10-04 15:45:01 
2022-10-04 16:00:01 ------------------------------------------------------------------------
2022-10-04 16:00:01 ---------------------INICIANDO MASTER POPPER EMBLUE---------------------
2022-10-04 16:00:01 ------------------------------------------------------------------------
2022-10-04 16:00:01 Conexion Establecida a POP3 Server!
2022-10-04 16:00:01 PROCESO POPPER EMBLUE CONCLUIDO!
2022-10-04 16:00:01 
2022-10-04 16:15:01 ------------------------------------------------------------------------
2022-10-04 16:15:01 ---------------------INICIANDO MASTER POPPER EMBLUE---------------------
2022-10-04 16:15:01 ------------------------------------------------------------------------
2022-10-04 16:15:02 Conexion Establecida a POP3 Server!
2022-10-04 16:15:02 PROCESO POPPER EMBLUE CONCLUIDO!
2022-10-04 16:15:02 
2022-10-04 16:30:02 ------------------------------------------------------------------------
2022-10-04 16:30:02 ---------------------INICIANDO MASTER POPPER EMBLUE---------------------
2022-10-04 16:30:02 ------------------------------------------------------------------------
2022-10-04 16:30:02 Conexion Establecida a POP3 Server!
2022-10-04 16:30:02 PROCESO POPPER EMBLUE CONCLUIDO!
2022-10-04 16:30:02 
2022-10-04 16:45:01 ------------------------------------------------------------------------
2022-10-04 16:45:01 ---------------------INICIANDO MASTER POPPER EMBLUE---------------------
2022-10-04 16:45:01 ------------------------------------------------------------------------
2022-10-04 16:45:01 Conexion Establecida a POP3 Server!
2022-10-04 16:45:01 PROCESO POPPER EMBLUE CONCLUIDO!
2022-10-04 16:45:01 
2022-10-04 17:00:01 ------------------------------------------------------------------------
2022-10-04 17:00:01 ---------------------INICIANDO MASTER POPPER EMBLUE---------------------
2022-10-04 17:00:01 ------------------------------------------------------------------------
2022-10-04 17:00:01 Conexion Establecida a POP3 Server!
2022-10-04 17:00:01 PROCESO POPPER EMBLUE CONCLUIDO!
2022-10-04 17:00:01 
2022-10-04 17:15:02 ------------------------------------------------------------------------
2022-10-04 17:15:02 ---------------------INICIANDO MASTER POPPER EMBLUE---------------------
2022-10-04 17:15:02 ------------------------------------------------------------------------
2022-10-04 17:15:02 Conexion Establecida a POP3 Server!
2022-10-04 17:15:02 PROCESO POPPER EMBLUE CONCLUIDO!
2022-10-04 17:15:02 
2022-10-04 17:30:01 ------------------------------------------------------------------------
2022-10-04 17:30:01 ---------------------INICIANDO MASTER POPPER EMBLUE---------------------
2022-10-04 17:30:01 ------------------------------------------------------------------------
2022-10-04 17:30:01 Conexion Establecida a POP3 Server!
2022-10-04 17:30:01 PROCESO POPPER EMBLUE CONCLUIDO!
2022-10-04 17:30:01 
2022-10-04 17:45:01 ------------------------------------------------------------------------
2022-10-04 17:45:01 ---------------------INICIANDO MASTER POPPER EMBLUE---------------------
2022-10-04 17:45:01 ------------------------------------------------------------------------
2022-10-04 17:45:01 Conexion Establecida a POP3 Server!
2022-10-04 17:45:01 PROCESO POPPER EMBLUE CONCLUIDO!
2022-10-04 17:45:01 
2022-10-04 18:00:01 ------------------------------------------------------------------------
2022-10-04 18:00:01 ---------------------INICIANDO MASTER POPPER EMBLUE---------------------
2022-10-04 18:00:01 ------------------------------------------------------------------------
2022-10-04 18:00:01 Conexion Establecida a POP3 Server!
2022-10-04 18:00:01 PROCESO POPPER EMBLUE CONCLUIDO!
2022-10-04 18:00:01 
2022-10-04 18:15:02 ------------------------------------------------------------------------
2022-10-04 18:15:02 ---------------------INICIANDO MASTER POPPER EMBLUE---------------------
2022-10-04 18:15:02 ------------------------------------------------------------------------
2022-10-04 18:15:02 Conexion Establecida a POP3 Server!
2022-10-04 18:15:02 PROCESO POPPER EMBLUE CONCLUIDO!
2022-10-04 18:15:02 
2022-10-04 18:30:01 ------------------------------------------------------------------------
2022-10-04 18:30:01 ---------------------INICIANDO MASTER POPPER EMBLUE---------------------
2022-10-04 18:30:01 ------------------------------------------------------------------------
2022-10-04 18:30:01 Conexion Establecida a POP3 Server!
2022-10-04 18:30:01 PROCESO POPPER EMBLUE CONCLUIDO!
2022-10-04 18:30:01 
2022-10-04 18:45:01 ------------------------------------------------------------------------
2022-10-04 18:45:01 ---------------------INICIANDO MASTER POPPER EMBLUE---------------------
2022-10-04 18:45:01 ------------------------------------------------------------------------
2022-10-04 18:45:01 Conexion Establecida a POP3 Server!
2022-10-04 18:45:01 PROCESO POPPER EMBLUE CONCLUIDO!
2022-10-04 18:45:01 
2022-10-04 19:00:01 ------------------------------------------------------------------------
2022-10-04 19:00:01 ---------------------INICIANDO MASTER POPPER EMBLUE---------------------
2022-10-04 19:00:01 ------------------------------------------------------------------------
2022-10-04 19:00:01 Conexion Establecida a POP3 Server!
2022-10-04 19:00:01 PROCESO POPPER EMBLUE CONCLUIDO!
2022-10-04 19:00:01 
2022-10-04 19:15:02 ------------------------------------------------------------------------
2022-10-04 19:15:02 ---------------------INICIANDO MASTER POPPER EMBLUE---------------------
2022-10-04 19:15:02 ------------------------------------------------------------------------
2022-10-04 19:15:02 Conexion Establecida a POP3 Server!
2022-10-04 19:15:02 PROCESO POPPER EMBLUE CONCLUIDO!
2022-10-04 19:15:02 
2022-10-04 19:30:01 ------------------------------------------------------------------------
2022-10-04 19:30:01 ---------------------INICIANDO MASTER POPPER EMBLUE---------------------
2022-10-04 19:30:01 ------------------------------------------------------------------------
2022-10-04 19:30:02 Conexion Establecida a POP3 Server!
2022-10-04 19:30:02 PROCESO POPPER EMBLUE CONCLUIDO!
2022-10-04 19:30:02 
2022-10-04 19:45:01 ------------------------------------------------------------------------
2022-10-04 19:45:01 ---------------------INICIANDO MASTER POPPER EMBLUE---------------------
2022-10-04 19:45:01 ------------------------------------------------------------------------
2022-10-04 19:45:01 Conexion Establecida a POP3 Server!
2022-10-04 19:45:01 PROCESO POPPER EMBLUE CONCLUIDO!
2022-10-04 19:45:01 
2022-10-04 20:00:01 ------------------------------------------------------------------------
2022-10-04 20:00:01 ---------------------INICIANDO MASTER POPPER EMBLUE---------------------
2022-10-04 20:00:01 ------------------------------------------------------------------------
2022-10-04 20:00:01 Conexion Establecida a POP3 Server!
2022-10-04 20:00:01 PROCESO POPPER EMBLUE CONCLUIDO!
2022-10-04 20:00:01 
2022-10-04 20:15:02 ------------------------------------------------------------------------
2022-10-04 20:15:02 ---------------------INICIANDO MASTER POPPER EMBLUE---------------------
2022-10-04 20:15:02 ------------------------------------------------------------------------
2022-10-04 20:15:02 Conexion Establecida a POP3 Server!
2022-10-04 20:15:02 PROCESO POPPER EMBLUE CONCLUIDO!
2022-10-04 20:15:02 
2022-10-04 20:30:01 ------------------------------------------------------------------------
2022-10-04 20:30:01 ---------------------INICIANDO MASTER POPPER EMBLUE---------------------
2022-10-04 20:30:01 ------------------------------------------------------------------------
2022-10-04 20:30:01 Conexion Establecida a POP3 Server!
2022-10-04 20:30:01 PROCESO POPPER EMBLUE CONCLUIDO!
2022-10-04 20:30:01 
2022-10-04 20:45:02 ------------------------------------------------------------------------
2022-10-04 20:45:02 ---------------------INICIANDO MASTER POPPER EMBLUE---------------------
2022-10-04 20:45:02 ------------------------------------------------------------------------
2022-10-04 20:45:02 Conexion Establecida a POP3 Server!
2022-10-04 20:45:02 PROCESO POPPER EMBLUE CONCLUIDO!
2022-10-04 20:45:02 
2022-10-04 21:00:01 ------------------------------------------------------------------------
2022-10-04 21:00:01 ---------------------INICIANDO MASTER POPPER EMBLUE---------------------
2022-10-04 21:00:01 ------------------------------------------------------------------------
2022-10-04 21:00:01 Conexion Establecida a POP3 Server!
2022-10-04 21:00:01 PROCESO POPPER EMBLUE CONCLUIDO!
2022-10-04 21:00:01 
2022-10-04 21:15:01 ------------------------------------------------------------------------
2022-10-04 21:15:01 ---------------------INICIANDO MASTER POPPER EMBLUE---------------------
2022-10-04 21:15:01 ------------------------------------------------------------------------
2022-10-04 21:15:01 Conexion Establecida a POP3 Server!
2022-10-04 21:15:01 PROCESO POPPER EMBLUE CONCLUIDO!
2022-10-04 21:15:01 
2022-10-04 21:30:01 ------------------------------------------------------------------------
2022-10-04 21:30:01 ---------------------INICIANDO MASTER POPPER EMBLUE---------------------
2022-10-04 21:30:01 ------------------------------------------------------------------------
2022-10-04 21:30:01 Conexion Establecida a POP3 Server!
2022-10-04 21:30:01 PROCESO POPPER EMBLUE CONCLUIDO!
2022-10-04 21:30:01 
2022-10-04 21:45:01 ------------------------------------------------------------------------
2022-10-04 21:45:01 ---------------------INICIANDO MASTER POPPER EMBLUE---------------------
2022-10-04 21:45:01 ------------------------------------------------------------------------
2022-10-04 21:45:01 Conexion Establecida a POP3 Server!
2022-10-04 21:45:01 PROCESO POPPER EMBLUE CONCLUIDO!
2022-10-04 21:45:01 
2022-10-04 22:00:01 ------------------------------------------------------------------------
2022-10-04 22:00:01 ---------------------INICIANDO MASTER POPPER EMBLUE---------------------
2022-10-04 22:00:01 ------------------------------------------------------------------------
2022-10-04 22:00:01 Conexion Establecida a POP3 Server!
2022-10-04 22:00:01 PROCESO POPPER EMBLUE CONCLUIDO!
2022-10-04 22:00:01 
2022-10-04 22:15:01 ------------------------------------------------------------------------
2022-10-04 22:15:01 ---------------------INICIANDO MASTER POPPER EMBLUE---------------------
2022-10-04 22:15:01 ------------------------------------------------------------------------
2022-10-04 22:15:02 Conexion Establecida a POP3 Server!
2022-10-04 22:15:02 PROCESO POPPER EMBLUE CONCLUIDO!
2022-10-04 22:15:02 
2022-10-04 22:30:02 ------------------------------------------------------------------------
2022-10-04 22:30:02 ---------------------INICIANDO MASTER POPPER EMBLUE---------------------
2022-10-04 22:30:02 ------------------------------------------------------------------------
2022-10-04 22:30:02 Conexion Establecida a POP3 Server!
2022-10-04 22:30:02 PROCESO POPPER EMBLUE CONCLUIDO!
2022-10-04 22:30:02 
2022-10-04 22:45:01 ------------------------------------------------------------------------
2022-10-04 22:45:01 ---------------------INICIANDO MASTER POPPER EMBLUE---------------------
2022-10-04 22:45:01 ------------------------------------------------------------------------
2022-10-04 22:45:02 Conexion Establecida a POP3 Server!
2022-10-04 22:45:02 PROCESO POPPER EMBLUE CONCLUIDO!
2022-10-04 22:45:02 
2022-10-04 23:00:02 ------------------------------------------------------------------------
2022-10-04 23:00:02 ---------------------INICIANDO MASTER POPPER EMBLUE---------------------
2022-10-04 23:00:02 ------------------------------------------------------------------------
2022-10-04 23:00:02 Conexion Establecida a POP3 Server!
2022-10-04 23:00:02 PROCESO POPPER EMBLUE CONCLUIDO!
2022-10-04 23:00:02 
2022-10-04 23:15:01 ------------------------------------------------------------------------
2022-10-04 23:15:01 ---------------------INICIANDO MASTER POPPER EMBLUE---------------------
2022-10-04 23:15:01 ------------------------------------------------------------------------
2022-10-04 23:15:01 Conexion Establecida a POP3 Server!
2022-10-04 23:15:01 PROCESO POPPER EMBLUE CONCLUIDO!
2022-10-04 23:15:01 
2022-10-04 23:30:01 ------------------------------------------------------------------------
2022-10-04 23:30:01 ---------------------INICIANDO MASTER POPPER EMBLUE---------------------
2022-10-04 23:30:01 ------------------------------------------------------------------------
2022-10-04 23:30:01 Conexion Establecida a POP3 Server!
2022-10-04 23:30:01 PROCESO POPPER EMBLUE CONCLUIDO!
2022-10-04 23:30:01 
2022-10-04 23:45:01 ------------------------------------------------------------------------
2022-10-04 23:45:01 ---------------------INICIANDO MASTER POPPER EMBLUE---------------------
2022-10-04 23:45:01 ------------------------------------------------------------------------
2022-10-04 23:45:01 Conexion Establecida a POP3 Server!
2022-10-04 23:45:01 PROCESO POPPER EMBLUE CONCLUIDO!
2022-10-04 23:45:01 
