2022-10-17 00:00:01 ------------------------------------------------------------------------
2022-10-17 00:00:01 ---------------------INICIANDO MASTER POPPER EMBLUE---------------------
2022-10-17 00:00:01 ------------------------------------------------------------------------
2022-10-17 00:00:01 Conexion Establecida a POP3 Server!
2022-10-17 00:00:01 PROCESO POPPER EMBLUE CONCLUIDO!
2022-10-17 00:00:01 
2022-10-17 00:15:01 ------------------------------------------------------------------------
2022-10-17 00:15:01 ---------------------INICIANDO MASTER POPPER EMBLUE---------------------
2022-10-17 00:15:01 ------------------------------------------------------------------------
2022-10-17 00:15:01 Conexion Establecida a POP3 Server!
2022-10-17 00:15:01 PROCESO POPPER EMBLUE CONCLUIDO!
2022-10-17 00:15:01 
2022-10-17 00:30:01 ------------------------------------------------------------------------
2022-10-17 00:30:01 ---------------------INICIANDO MASTER POPPER EMBLUE---------------------
2022-10-17 00:30:01 ------------------------------------------------------------------------
2022-10-17 00:30:01 Conexion Establecida a POP3 Server!
2022-10-17 00:30:01 PROCESO POPPER EMBLUE CONCLUIDO!
2022-10-17 00:30:01 
2022-10-17 00:45:01 ------------------------------------------------------------------------
2022-10-17 00:45:01 ---------------------INICIANDO MASTER POPPER EMBLUE---------------------
2022-10-17 00:45:01 ------------------------------------------------------------------------
2022-10-17 00:45:01 Conexion Establecida a POP3 Server!
2022-10-17 00:45:01 PROCESO POPPER EMBLUE CONCLUIDO!
2022-10-17 00:45:01 
2022-10-17 01:00:01 ------------------------------------------------------------------------
2022-10-17 01:00:01 ---------------------INICIANDO MASTER POPPER EMBLUE---------------------
2022-10-17 01:00:01 ------------------------------------------------------------------------
2022-10-17 01:00:02 Conexion Establecida a POP3 Server!
2022-10-17 01:00:02 PROCESO POPPER EMBLUE CONCLUIDO!
2022-10-17 01:00:02 
2022-10-17 01:15:01 ------------------------------------------------------------------------
2022-10-17 01:15:01 ---------------------INICIANDO MASTER POPPER EMBLUE---------------------
2022-10-17 01:15:01 ------------------------------------------------------------------------
2022-10-17 01:15:01 Conexion Establecida a POP3 Server!
2022-10-17 01:15:01 PROCESO POPPER EMBLUE CONCLUIDO!
2022-10-17 01:15:01 
2022-10-17 01:30:01 ------------------------------------------------------------------------
2022-10-17 01:30:01 ---------------------INICIANDO MASTER POPPER EMBLUE---------------------
2022-10-17 01:30:01 ------------------------------------------------------------------------
2022-10-17 01:30:01 Conexion Establecida a POP3 Server!
2022-10-17 01:30:01 PROCESO POPPER EMBLUE CONCLUIDO!
2022-10-17 01:30:01 
2022-10-17 01:45:01 ------------------------------------------------------------------------
2022-10-17 01:45:01 ---------------------INICIANDO MASTER POPPER EMBLUE---------------------
2022-10-17 01:45:01 ------------------------------------------------------------------------
2022-10-17 01:45:01 Conexion Establecida a POP3 Server!
2022-10-17 01:45:01 PROCESO POPPER EMBLUE CONCLUIDO!
2022-10-17 01:45:01 
2022-10-17 02:00:01 ------------------------------------------------------------------------
2022-10-17 02:00:01 ---------------------INICIANDO MASTER POPPER EMBLUE---------------------
2022-10-17 02:00:01 ------------------------------------------------------------------------
2022-10-17 02:00:01 Conexion Establecida a POP3 Server!
2022-10-17 02:00:01 PROCESO POPPER EMBLUE CONCLUIDO!
2022-10-17 02:00:01 
2022-10-17 02:15:02 ------------------------------------------------------------------------
2022-10-17 02:15:02 ---------------------INICIANDO MASTER POPPER EMBLUE---------------------
2022-10-17 02:15:02 ------------------------------------------------------------------------
2022-10-17 02:15:02 Conexion Establecida a POP3 Server!
2022-10-17 02:15:02 PROCESO POPPER EMBLUE CONCLUIDO!
2022-10-17 02:15:02 
2022-10-17 02:30:01 ------------------------------------------------------------------------
2022-10-17 02:30:01 ---------------------INICIANDO MASTER POPPER EMBLUE---------------------
2022-10-17 02:30:01 ------------------------------------------------------------------------
2022-10-17 02:30:01 Conexion Establecida a POP3 Server!
2022-10-17 02:30:01 PROCESO POPPER EMBLUE CONCLUIDO!
2022-10-17 02:30:01 
2022-10-17 02:45:01 ------------------------------------------------------------------------
2022-10-17 02:45:01 ---------------------INICIANDO MASTER POPPER EMBLUE---------------------
2022-10-17 02:45:01 ------------------------------------------------------------------------
2022-10-17 02:45:01 Conexion Establecida a POP3 Server!
2022-10-17 02:45:01 PROCESO POPPER EMBLUE CONCLUIDO!
2022-10-17 02:45:01 
2022-10-17 03:00:02 ------------------------------------------------------------------------
2022-10-17 03:00:02 ---------------------INICIANDO MASTER POPPER EMBLUE---------------------
2022-10-17 03:00:02 ------------------------------------------------------------------------
2022-10-17 03:00:02 Conexion Establecida a POP3 Server!
2022-10-17 03:00:02 PROCESO POPPER EMBLUE CONCLUIDO!
2022-10-17 03:00:02 
2022-10-17 03:15:01 ------------------------------------------------------------------------
2022-10-17 03:15:01 ---------------------INICIANDO MASTER POPPER EMBLUE---------------------
2022-10-17 03:15:01 ------------------------------------------------------------------------
2022-10-17 03:15:01 Conexion Establecida a POP3 Server!
2022-10-17 03:15:01 PROCESO POPPER EMBLUE CONCLUIDO!
2022-10-17 03:15:01 
2022-10-17 03:30:01 ------------------------------------------------------------------------
2022-10-17 03:30:01 ---------------------INICIANDO MASTER POPPER EMBLUE---------------------
2022-10-17 03:30:01 ------------------------------------------------------------------------
2022-10-17 03:30:01 Conexion Establecida a POP3 Server!
2022-10-17 03:30:01 PROCESO POPPER EMBLUE CONCLUIDO!
2022-10-17 03:30:01 
2022-10-17 03:45:02 ------------------------------------------------------------------------
2022-10-17 03:45:02 ---------------------INICIANDO MASTER POPPER EMBLUE---------------------
2022-10-17 03:45:02 ------------------------------------------------------------------------
2022-10-17 03:45:02 Conexion Establecida a POP3 Server!
2022-10-17 03:45:02 PROCESO POPPER EMBLUE CONCLUIDO!
2022-10-17 03:45:02 
2022-10-17 04:00:01 ------------------------------------------------------------------------
2022-10-17 04:00:01 ---------------------INICIANDO MASTER POPPER EMBLUE---------------------
2022-10-17 04:00:01 ------------------------------------------------------------------------
2022-10-17 04:00:02 Conexion Establecida a POP3 Server!
2022-10-17 04:00:02 PROCESO POPPER EMBLUE CONCLUIDO!
2022-10-17 04:00:02 
2022-10-17 04:15:02 ------------------------------------------------------------------------
2022-10-17 04:15:02 ---------------------INICIANDO MASTER POPPER EMBLUE---------------------
2022-10-17 04:15:02 ------------------------------------------------------------------------
2022-10-17 04:15:02 Conexion Establecida a POP3 Server!
2022-10-17 04:15:02 PROCESO POPPER EMBLUE CONCLUIDO!
2022-10-17 04:15:02 
2022-10-17 04:30:01 ------------------------------------------------------------------------
2022-10-17 04:30:01 ---------------------INICIANDO MASTER POPPER EMBLUE---------------------
2022-10-17 04:30:01 ------------------------------------------------------------------------
2022-10-17 04:30:01 Conexion Establecida a POP3 Server!
2022-10-17 04:30:01 PROCESO POPPER EMBLUE CONCLUIDO!
2022-10-17 04:30:01 
2022-10-17 04:45:02 ------------------------------------------------------------------------
2022-10-17 04:45:02 ---------------------INICIANDO MASTER POPPER EMBLUE---------------------
2022-10-17 04:45:02 ------------------------------------------------------------------------
2022-10-17 04:45:02 Conexion Establecida a POP3 Server!
2022-10-17 04:45:02 PROCESO POPPER EMBLUE CONCLUIDO!
2022-10-17 04:45:02 
2022-10-17 05:00:01 ------------------------------------------------------------------------
2022-10-17 05:00:01 ---------------------INICIANDO MASTER POPPER EMBLUE---------------------
2022-10-17 05:00:01 ------------------------------------------------------------------------
2022-10-17 05:00:02 Conexion Establecida a POP3 Server!
2022-10-17 05:00:02 PROCESO POPPER EMBLUE CONCLUIDO!
2022-10-17 05:00:02 
2022-10-17 05:15:01 ------------------------------------------------------------------------
2022-10-17 05:15:01 ---------------------INICIANDO MASTER POPPER EMBLUE---------------------
2022-10-17 05:15:01 ------------------------------------------------------------------------
2022-10-17 05:15:01 Conexion Establecida a POP3 Server!
2022-10-17 05:15:01 PROCESO POPPER EMBLUE CONCLUIDO!
2022-10-17 05:15:01 
2022-10-17 05:30:02 ------------------------------------------------------------------------
2022-10-17 05:30:02 ---------------------INICIANDO MASTER POPPER EMBLUE---------------------
2022-10-17 05:30:02 ------------------------------------------------------------------------
2022-10-17 05:30:02 Conexion Establecida a POP3 Server!
2022-10-17 05:30:02 PROCESO POPPER EMBLUE CONCLUIDO!
2022-10-17 05:30:02 
2022-10-17 05:45:01 ------------------------------------------------------------------------
2022-10-17 05:45:01 ---------------------INICIANDO MASTER POPPER EMBLUE---------------------
2022-10-17 05:45:01 ------------------------------------------------------------------------
2022-10-17 05:45:01 Conexion Establecida a POP3 Server!
2022-10-17 05:45:01 PROCESO POPPER EMBLUE CONCLUIDO!
2022-10-17 05:45:01 
2022-10-17 06:00:02 ------------------------------------------------------------------------
2022-10-17 06:00:02 ---------------------INICIANDO MASTER POPPER EMBLUE---------------------
2022-10-17 06:00:02 ------------------------------------------------------------------------
2022-10-17 06:00:02 Conexion Establecida a POP3 Server!
2022-10-17 06:00:02 PROCESO POPPER EMBLUE CONCLUIDO!
2022-10-17 06:00:02 
2022-10-17 06:15:01 ------------------------------------------------------------------------
2022-10-17 06:15:01 ---------------------INICIANDO MASTER POPPER EMBLUE---------------------
2022-10-17 06:15:01 ------------------------------------------------------------------------
2022-10-17 06:15:01 Conexion Establecida a POP3 Server!
2022-10-17 06:15:01 PROCESO POPPER EMBLUE CONCLUIDO!
2022-10-17 06:15:01 
2022-10-17 06:30:01 ------------------------------------------------------------------------
2022-10-17 06:30:01 ---------------------INICIANDO MASTER POPPER EMBLUE---------------------
2022-10-17 06:30:01 ------------------------------------------------------------------------
2022-10-17 06:30:01 Conexion Establecida a POP3 Server!
2022-10-17 06:30:01 PROCESO POPPER EMBLUE CONCLUIDO!
2022-10-17 06:30:01 
2022-10-17 06:45:01 ------------------------------------------------------------------------
2022-10-17 06:45:01 ---------------------INICIANDO MASTER POPPER EMBLUE---------------------
2022-10-17 06:45:01 ------------------------------------------------------------------------
2022-10-17 06:45:01 Conexion Establecida a POP3 Server!
2022-10-17 06:45:01 PROCESO POPPER EMBLUE CONCLUIDO!
2022-10-17 06:45:01 
2022-10-17 07:00:01 ------------------------------------------------------------------------
2022-10-17 07:00:01 ---------------------INICIANDO MASTER POPPER EMBLUE---------------------
2022-10-17 07:00:01 ------------------------------------------------------------------------
2022-10-17 07:00:01 Conexion Establecida a POP3 Server!
2022-10-17 07:00:01 PROCESO POPPER EMBLUE CONCLUIDO!
2022-10-17 07:00:01 
2022-10-17 07:15:02 ------------------------------------------------------------------------
2022-10-17 07:15:02 ---------------------INICIANDO MASTER POPPER EMBLUE---------------------
2022-10-17 07:15:02 ------------------------------------------------------------------------
2022-10-17 07:15:02 Conexion Establecida a POP3 Server!
2022-10-17 07:15:02 PROCESO POPPER EMBLUE CONCLUIDO!
2022-10-17 07:15:02 
2022-10-17 07:30:01 ------------------------------------------------------------------------
2022-10-17 07:30:01 ---------------------INICIANDO MASTER POPPER EMBLUE---------------------
2022-10-17 07:30:01 ------------------------------------------------------------------------
2022-10-17 07:30:02 Conexion Establecida a POP3 Server!
2022-10-17 07:30:02 PROCESO POPPER EMBLUE CONCLUIDO!
2022-10-17 07:30:02 
2022-10-17 07:45:01 ------------------------------------------------------------------------
2022-10-17 07:45:01 ---------------------INICIANDO MASTER POPPER EMBLUE---------------------
2022-10-17 07:45:01 ------------------------------------------------------------------------
2022-10-17 07:45:01 Conexion Establecida a POP3 Server!
2022-10-17 07:45:01 PROCESO POPPER EMBLUE CONCLUIDO!
2022-10-17 07:45:01 
2022-10-17 08:00:01 ------------------------------------------------------------------------
2022-10-17 08:00:01 ---------------------INICIANDO MASTER POPPER EMBLUE---------------------
2022-10-17 08:00:01 ------------------------------------------------------------------------
2022-10-17 08:00:01 Conexion Establecida a POP3 Server!
2022-10-17 08:00:01 PROCESO POPPER EMBLUE CONCLUIDO!
2022-10-17 08:00:01 
2022-10-17 08:15:01 ------------------------------------------------------------------------
2022-10-17 08:15:01 ---------------------INICIANDO MASTER POPPER EMBLUE---------------------
2022-10-17 08:15:01 ------------------------------------------------------------------------
2022-10-17 08:15:01 Conexion Establecida a POP3 Server!
2022-10-17 08:15:01 PROCESO POPPER EMBLUE CONCLUIDO!
2022-10-17 08:15:01 
2022-10-17 08:30:01 ------------------------------------------------------------------------
2022-10-17 08:30:01 ---------------------INICIANDO MASTER POPPER EMBLUE---------------------
2022-10-17 08:30:01 ------------------------------------------------------------------------
2022-10-17 08:30:02 Conexion Establecida a POP3 Server!
2022-10-17 08:30:02 PROCESO POPPER EMBLUE CONCLUIDO!
2022-10-17 08:30:02 
2022-10-17 08:45:01 ------------------------------------------------------------------------
2022-10-17 08:45:01 ---------------------INICIANDO MASTER POPPER EMBLUE---------------------
2022-10-17 08:45:01 ------------------------------------------------------------------------
2022-10-17 08:45:01 Conexion Establecida a POP3 Server!
2022-10-17 08:45:01 PROCESO POPPER EMBLUE CONCLUIDO!
2022-10-17 08:45:01 
2022-10-17 09:00:02 ------------------------------------------------------------------------
2022-10-17 09:00:02 ---------------------INICIANDO MASTER POPPER EMBLUE---------------------
2022-10-17 09:00:02 ------------------------------------------------------------------------
2022-10-17 09:00:02 Conexion Establecida a POP3 Server!
2022-10-17 09:00:02 PROCESO POPPER EMBLUE CONCLUIDO!
2022-10-17 09:00:02 
2022-10-17 09:15:01 ------------------------------------------------------------------------
2022-10-17 09:15:01 ---------------------INICIANDO MASTER POPPER EMBLUE---------------------
2022-10-17 09:15:01 ------------------------------------------------------------------------
2022-10-17 09:15:01 Conexion Establecida a POP3 Server!
2022-10-17 09:15:01 PROCESO POPPER EMBLUE CONCLUIDO!
2022-10-17 09:15:01 
2022-10-17 09:30:02 ------------------------------------------------------------------------
2022-10-17 09:30:02 ---------------------INICIANDO MASTER POPPER EMBLUE---------------------
2022-10-17 09:30:02 ------------------------------------------------------------------------
2022-10-17 09:30:02 Conexion Establecida a POP3 Server!
2022-10-17 09:30:02 PROCESO POPPER EMBLUE CONCLUIDO!
2022-10-17 09:30:02 
2022-10-17 09:45:02 ------------------------------------------------------------------------
2022-10-17 09:45:02 ---------------------INICIANDO MASTER POPPER EMBLUE---------------------
2022-10-17 09:45:02 ------------------------------------------------------------------------
2022-10-17 09:45:02 Conexion Establecida a POP3 Server!
2022-10-17 09:45:02 PROCESO POPPER EMBLUE CONCLUIDO!
2022-10-17 09:45:02 
2022-10-17 10:00:02 ------------------------------------------------------------------------
2022-10-17 10:00:02 ---------------------INICIANDO MASTER POPPER EMBLUE---------------------
2022-10-17 10:00:02 ------------------------------------------------------------------------
2022-10-17 10:00:02 Conexion Establecida a POP3 Server!
2022-10-17 10:00:02 PROCESO POPPER EMBLUE CONCLUIDO!
2022-10-17 10:00:02 
2022-10-17 10:15:02 ------------------------------------------------------------------------
2022-10-17 10:15:02 ---------------------INICIANDO MASTER POPPER EMBLUE---------------------
2022-10-17 10:15:02 ------------------------------------------------------------------------
2022-10-17 10:15:02 Conexion Establecida a POP3 Server!
2022-10-17 10:15:02 PROCESO POPPER EMBLUE CONCLUIDO!
2022-10-17 10:15:02 
2022-10-17 10:30:02 ------------------------------------------------------------------------
2022-10-17 10:30:02 ---------------------INICIANDO MASTER POPPER EMBLUE---------------------
2022-10-17 10:30:02 ------------------------------------------------------------------------
2022-10-17 10:30:02 Conexion Establecida a POP3 Server!
2022-10-17 10:30:02 PROCESO POPPER EMBLUE CONCLUIDO!
2022-10-17 10:30:02 
2022-10-17 10:45:01 ------------------------------------------------------------------------
2022-10-17 10:45:01 ---------------------INICIANDO MASTER POPPER EMBLUE---------------------
2022-10-17 10:45:01 ------------------------------------------------------------------------
2022-10-17 10:45:01 Conexion Establecida a POP3 Server!
2022-10-17 10:45:01 PROCESO POPPER EMBLUE CONCLUIDO!
2022-10-17 10:45:01 
2022-10-17 11:00:01 ------------------------------------------------------------------------
2022-10-17 11:00:01 ---------------------INICIANDO MASTER POPPER EMBLUE---------------------
2022-10-17 11:00:01 ------------------------------------------------------------------------
2022-10-17 11:00:01 Conexion Establecida a POP3 Server!
2022-10-17 11:00:01 PROCESO POPPER EMBLUE CONCLUIDO!
2022-10-17 11:00:01 
2022-10-17 11:15:02 ------------------------------------------------------------------------
2022-10-17 11:15:02 ---------------------INICIANDO MASTER POPPER EMBLUE---------------------
2022-10-17 11:15:02 ------------------------------------------------------------------------
2022-10-17 11:15:02 Conexion Establecida a POP3 Server!
2022-10-17 11:15:02 PROCESO POPPER EMBLUE CONCLUIDO!
2022-10-17 11:15:02 
2022-10-17 11:30:02 ------------------------------------------------------------------------
2022-10-17 11:30:02 ---------------------INICIANDO MASTER POPPER EMBLUE---------------------
2022-10-17 11:30:02 ------------------------------------------------------------------------
2022-10-17 11:30:02 Conexion Establecida a POP3 Server!
2022-10-17 11:30:02 PROCESO POPPER EMBLUE CONCLUIDO!
2022-10-17 11:30:02 
2022-10-17 11:45:01 ------------------------------------------------------------------------
2022-10-17 11:45:01 ---------------------INICIANDO MASTER POPPER EMBLUE---------------------
2022-10-17 11:45:01 ------------------------------------------------------------------------
2022-10-17 11:45:01 Conexion Establecida a POP3 Server!
2022-10-17 11:45:01 PROCESO POPPER EMBLUE CONCLUIDO!
2022-10-17 11:45:01 
2022-10-17 12:00:02 ------------------------------------------------------------------------
2022-10-17 12:00:02 ---------------------INICIANDO MASTER POPPER EMBLUE---------------------
2022-10-17 12:00:02 ------------------------------------------------------------------------
2022-10-17 12:00:02 Conexion Establecida a POP3 Server!
2022-10-17 12:00:02 PROCESO POPPER EMBLUE CONCLUIDO!
2022-10-17 12:00:02 
2022-10-17 12:15:01 ------------------------------------------------------------------------
2022-10-17 12:15:01 ---------------------INICIANDO MASTER POPPER EMBLUE---------------------
2022-10-17 12:15:01 ------------------------------------------------------------------------
2022-10-17 12:15:01 Conexion Establecida a POP3 Server!
2022-10-17 12:15:01 PROCESO POPPER EMBLUE CONCLUIDO!
2022-10-17 12:15:01 
2022-10-17 12:30:02 ------------------------------------------------------------------------
2022-10-17 12:30:02 ---------------------INICIANDO MASTER POPPER EMBLUE---------------------
2022-10-17 12:30:02 ------------------------------------------------------------------------
2022-10-17 12:30:02 Conexion Establecida a POP3 Server!
2022-10-17 12:30:02 PROCESO POPPER EMBLUE CONCLUIDO!
2022-10-17 12:30:02 
2022-10-17 12:45:01 ------------------------------------------------------------------------
2022-10-17 12:45:01 ---------------------INICIANDO MASTER POPPER EMBLUE---------------------
2022-10-17 12:45:01 ------------------------------------------------------------------------
2022-10-17 12:45:01 Conexion Establecida a POP3 Server!
2022-10-17 12:45:01 PROCESO POPPER EMBLUE CONCLUIDO!
2022-10-17 12:45:01 
2022-10-17 13:00:01 ------------------------------------------------------------------------
2022-10-17 13:00:01 ---------------------INICIANDO MASTER POPPER EMBLUE---------------------
2022-10-17 13:00:01 ------------------------------------------------------------------------
2022-10-17 13:00:01 Conexion Establecida a POP3 Server!
2022-10-17 13:00:01 PROCESO POPPER EMBLUE CONCLUIDO!
2022-10-17 13:00:01 
2022-10-17 13:15:01 ------------------------------------------------------------------------
2022-10-17 13:15:01 ---------------------INICIANDO MASTER POPPER EMBLUE---------------------
2022-10-17 13:15:01 ------------------------------------------------------------------------
2022-10-17 13:15:01 Conexion Establecida a POP3 Server!
2022-10-17 13:15:01 PROCESO POPPER EMBLUE CONCLUIDO!
2022-10-17 13:15:01 
2022-10-17 13:30:01 ------------------------------------------------------------------------
2022-10-17 13:30:01 ---------------------INICIANDO MASTER POPPER EMBLUE---------------------
2022-10-17 13:30:01 ------------------------------------------------------------------------
2022-10-17 13:30:01 Conexion Establecida a POP3 Server!
2022-10-17 13:30:01 PROCESO POPPER EMBLUE CONCLUIDO!
2022-10-17 13:30:01 
2022-10-17 13:45:02 ------------------------------------------------------------------------
2022-10-17 13:45:02 ---------------------INICIANDO MASTER POPPER EMBLUE---------------------
2022-10-17 13:45:02 ------------------------------------------------------------------------
2022-10-17 13:45:02 Conexion Establecida a POP3 Server!
2022-10-17 13:45:02 PROCESO POPPER EMBLUE CONCLUIDO!
2022-10-17 13:45:02 
2022-10-17 14:00:01 ------------------------------------------------------------------------
2022-10-17 14:00:01 ---------------------INICIANDO MASTER POPPER EMBLUE---------------------
2022-10-17 14:00:01 ------------------------------------------------------------------------
2022-10-17 14:00:01 Conexion Establecida a POP3 Server!
2022-10-17 14:00:01 PROCESO POPPER EMBLUE CONCLUIDO!
2022-10-17 14:00:01 
2022-10-17 14:15:02 ------------------------------------------------------------------------
2022-10-17 14:15:02 ---------------------INICIANDO MASTER POPPER EMBLUE---------------------
2022-10-17 14:15:02 ------------------------------------------------------------------------
2022-10-17 14:15:02 Conexion Establecida a POP3 Server!
2022-10-17 14:15:02 PROCESO POPPER EMBLUE CONCLUIDO!
2022-10-17 14:15:02 
2022-10-17 14:30:01 ------------------------------------------------------------------------
2022-10-17 14:30:01 ---------------------INICIANDO MASTER POPPER EMBLUE---------------------
2022-10-17 14:30:01 ------------------------------------------------------------------------
2022-10-17 14:30:01 Conexion Establecida a POP3 Server!
2022-10-17 14:30:01 PROCESO POPPER EMBLUE CONCLUIDO!
2022-10-17 14:30:01 
2022-10-17 14:45:01 ------------------------------------------------------------------------
2022-10-17 14:45:01 ---------------------INICIANDO MASTER POPPER EMBLUE---------------------
2022-10-17 14:45:01 ------------------------------------------------------------------------
2022-10-17 14:45:01 Conexion Establecida a POP3 Server!
2022-10-17 14:45:01 PROCESO POPPER EMBLUE CONCLUIDO!
2022-10-17 14:45:01 
2022-10-17 15:00:01 ------------------------------------------------------------------------
2022-10-17 15:00:01 ---------------------INICIANDO MASTER POPPER EMBLUE---------------------
2022-10-17 15:00:01 ------------------------------------------------------------------------
2022-10-17 15:00:01 Conexion Establecida a POP3 Server!
2022-10-17 15:00:01 PROCESO POPPER EMBLUE CONCLUIDO!
2022-10-17 15:00:01 
2022-10-17 15:15:02 ------------------------------------------------------------------------
2022-10-17 15:15:02 ---------------------INICIANDO MASTER POPPER EMBLUE---------------------
2022-10-17 15:15:02 ------------------------------------------------------------------------
2022-10-17 15:15:02 Conexion Establecida a POP3 Server!
2022-10-17 15:15:02 PROCESO POPPER EMBLUE CONCLUIDO!
2022-10-17 15:15:02 
2022-10-17 15:30:01 ------------------------------------------------------------------------
2022-10-17 15:30:01 ---------------------INICIANDO MASTER POPPER EMBLUE---------------------
2022-10-17 15:30:01 ------------------------------------------------------------------------
2022-10-17 15:30:01 Conexion Establecida a POP3 Server!
2022-10-17 15:30:01 PROCESO POPPER EMBLUE CONCLUIDO!
2022-10-17 15:30:01 
2022-10-17 15:45:01 ------------------------------------------------------------------------
2022-10-17 15:45:01 ---------------------INICIANDO MASTER POPPER EMBLUE---------------------
2022-10-17 15:45:01 ------------------------------------------------------------------------
2022-10-17 15:45:01 Conexion Establecida a POP3 Server!
2022-10-17 15:45:01 PROCESO POPPER EMBLUE CONCLUIDO!
2022-10-17 15:45:01 
2022-10-17 16:00:02 ------------------------------------------------------------------------
2022-10-17 16:00:02 ---------------------INICIANDO MASTER POPPER EMBLUE---------------------
2022-10-17 16:00:02 ------------------------------------------------------------------------
2022-10-17 16:00:02 Conexion Establecida a POP3 Server!
2022-10-17 16:00:02 PROCESO POPPER EMBLUE CONCLUIDO!
2022-10-17 16:00:02 
2022-10-17 16:15:01 ------------------------------------------------------------------------
2022-10-17 16:15:01 ---------------------INICIANDO MASTER POPPER EMBLUE---------------------
2022-10-17 16:15:01 ------------------------------------------------------------------------
2022-10-17 16:15:01 Conexion Establecida a POP3 Server!
2022-10-17 16:15:01 PROCESO POPPER EMBLUE CONCLUIDO!
2022-10-17 16:15:01 
2022-10-17 16:30:02 ------------------------------------------------------------------------
2022-10-17 16:30:02 ---------------------INICIANDO MASTER POPPER EMBLUE---------------------
2022-10-17 16:30:02 ------------------------------------------------------------------------
2022-10-17 16:30:02 Conexion Establecida a POP3 Server!
2022-10-17 16:30:02 PROCESO POPPER EMBLUE CONCLUIDO!
2022-10-17 16:30:02 
2022-10-17 16:45:01 ------------------------------------------------------------------------
2022-10-17 16:45:01 ---------------------INICIANDO MASTER POPPER EMBLUE---------------------
2022-10-17 16:45:01 ------------------------------------------------------------------------
2022-10-17 16:45:01 Conexion Establecida a POP3 Server!
2022-10-17 16:45:01 PROCESO POPPER EMBLUE CONCLUIDO!
2022-10-17 16:45:01 
2022-10-17 17:00:01 ------------------------------------------------------------------------
2022-10-17 17:00:01 ---------------------INICIANDO MASTER POPPER EMBLUE---------------------
2022-10-17 17:00:01 ------------------------------------------------------------------------
2022-10-17 17:00:01 Conexion Establecida a POP3 Server!
2022-10-17 17:00:01 PROCESO POPPER EMBLUE CONCLUIDO!
2022-10-17 17:00:01 
2022-10-17 17:15:02 ------------------------------------------------------------------------
2022-10-17 17:15:02 ---------------------INICIANDO MASTER POPPER EMBLUE---------------------
2022-10-17 17:15:02 ------------------------------------------------------------------------
2022-10-17 17:15:02 Conexion Establecida a POP3 Server!
2022-10-17 17:15:02 PROCESO POPPER EMBLUE CONCLUIDO!
2022-10-17 17:15:02 
2022-10-17 17:30:02 ------------------------------------------------------------------------
2022-10-17 17:30:02 ---------------------INICIANDO MASTER POPPER EMBLUE---------------------
2022-10-17 17:30:02 ------------------------------------------------------------------------
2022-10-17 17:30:02 Conexion Establecida a POP3 Server!
2022-10-17 17:30:02 PROCESO POPPER EMBLUE CONCLUIDO!
2022-10-17 17:30:02 
2022-10-17 17:45:01 ------------------------------------------------------------------------
2022-10-17 17:45:01 ---------------------INICIANDO MASTER POPPER EMBLUE---------------------
2022-10-17 17:45:01 ------------------------------------------------------------------------
2022-10-17 17:45:01 Conexion Establecida a POP3 Server!
2022-10-17 17:45:01 PROCESO POPPER EMBLUE CONCLUIDO!
2022-10-17 17:45:01 
2022-10-17 18:00:01 ------------------------------------------------------------------------
2022-10-17 18:00:01 ---------------------INICIANDO MASTER POPPER EMBLUE---------------------
2022-10-17 18:00:01 ------------------------------------------------------------------------
2022-10-17 18:00:02 Conexion Establecida a POP3 Server!
2022-10-17 18:00:02 PROCESO POPPER EMBLUE CONCLUIDO!
2022-10-17 18:00:02 
2022-10-17 18:15:01 ------------------------------------------------------------------------
2022-10-17 18:15:01 ---------------------INICIANDO MASTER POPPER EMBLUE---------------------
2022-10-17 18:15:01 ------------------------------------------------------------------------
2022-10-17 18:15:01 Conexion Establecida a POP3 Server!
2022-10-17 18:15:01 PROCESO POPPER EMBLUE CONCLUIDO!
2022-10-17 18:15:01 
2022-10-17 18:30:01 ------------------------------------------------------------------------
2022-10-17 18:30:01 ---------------------INICIANDO MASTER POPPER EMBLUE---------------------
2022-10-17 18:30:01 ------------------------------------------------------------------------
2022-10-17 18:30:01 Conexion Establecida a POP3 Server!
2022-10-17 18:30:01 PROCESO POPPER EMBLUE CONCLUIDO!
2022-10-17 18:30:01 
2022-10-17 18:45:01 ------------------------------------------------------------------------
2022-10-17 18:45:01 ---------------------INICIANDO MASTER POPPER EMBLUE---------------------
2022-10-17 18:45:01 ------------------------------------------------------------------------
2022-10-17 18:45:01 Conexion Establecida a POP3 Server!
2022-10-17 18:45:01 PROCESO POPPER EMBLUE CONCLUIDO!
2022-10-17 18:45:01 
2022-10-17 19:00:02 ------------------------------------------------------------------------
2022-10-17 19:00:02 ---------------------INICIANDO MASTER POPPER EMBLUE---------------------
2022-10-17 19:00:02 ------------------------------------------------------------------------
2022-10-17 19:00:02 Conexion Establecida a POP3 Server!
2022-10-17 19:00:02 PROCESO POPPER EMBLUE CONCLUIDO!
2022-10-17 19:00:02 
2022-10-17 19:15:01 ------------------------------------------------------------------------
2022-10-17 19:15:01 ---------------------INICIANDO MASTER POPPER EMBLUE---------------------
2022-10-17 19:15:01 ------------------------------------------------------------------------
2022-10-17 19:15:02 Conexion Establecida a POP3 Server!
2022-10-17 19:15:02 PROCESO POPPER EMBLUE CONCLUIDO!
2022-10-17 19:15:02 
2022-10-17 19:30:01 ------------------------------------------------------------------------
2022-10-17 19:30:01 ---------------------INICIANDO MASTER POPPER EMBLUE---------------------
2022-10-17 19:30:01 ------------------------------------------------------------------------
2022-10-17 19:30:01 Conexion Establecida a POP3 Server!
2022-10-17 19:30:01 PROCESO POPPER EMBLUE CONCLUIDO!
2022-10-17 19:30:01 
2022-10-17 19:45:01 ------------------------------------------------------------------------
2022-10-17 19:45:01 ---------------------INICIANDO MASTER POPPER EMBLUE---------------------
2022-10-17 19:45:01 ------------------------------------------------------------------------
2022-10-17 19:45:01 Conexion Establecida a POP3 Server!
2022-10-17 19:45:01 PROCESO POPPER EMBLUE CONCLUIDO!
2022-10-17 19:45:01 
2022-10-17 20:00:02 ------------------------------------------------------------------------
2022-10-17 20:00:02 ---------------------INICIANDO MASTER POPPER EMBLUE---------------------
2022-10-17 20:00:02 ------------------------------------------------------------------------
2022-10-17 20:00:02 Conexion Establecida a POP3 Server!
2022-10-17 20:00:02 PROCESO POPPER EMBLUE CONCLUIDO!
2022-10-17 20:00:02 
2022-10-17 20:15:01 ------------------------------------------------------------------------
2022-10-17 20:15:01 ---------------------INICIANDO MASTER POPPER EMBLUE---------------------
2022-10-17 20:15:01 ------------------------------------------------------------------------
2022-10-17 20:15:01 Conexion Establecida a POP3 Server!
2022-10-17 20:15:01 PROCESO POPPER EMBLUE CONCLUIDO!
2022-10-17 20:15:01 
2022-10-17 20:30:01 ------------------------------------------------------------------------
2022-10-17 20:30:01 ---------------------INICIANDO MASTER POPPER EMBLUE---------------------
2022-10-17 20:30:01 ------------------------------------------------------------------------
2022-10-17 20:30:01 Conexion Establecida a POP3 Server!
2022-10-17 20:30:01 PROCESO POPPER EMBLUE CONCLUIDO!
2022-10-17 20:30:01 
2022-10-17 20:45:02 ------------------------------------------------------------------------
2022-10-17 20:45:02 ---------------------INICIANDO MASTER POPPER EMBLUE---------------------
2022-10-17 20:45:02 ------------------------------------------------------------------------
2022-10-17 20:45:02 Conexion Establecida a POP3 Server!
2022-10-17 20:45:02 PROCESO POPPER EMBLUE CONCLUIDO!
2022-10-17 20:45:02 
2022-10-17 21:00:01 ------------------------------------------------------------------------
2022-10-17 21:00:01 ---------------------INICIANDO MASTER POPPER EMBLUE---------------------
2022-10-17 21:00:01 ------------------------------------------------------------------------
2022-10-17 21:00:01 Conexion Establecida a POP3 Server!
2022-10-17 21:00:01 PROCESO POPPER EMBLUE CONCLUIDO!
2022-10-17 21:00:01 
2022-10-17 21:15:02 ------------------------------------------------------------------------
2022-10-17 21:15:02 ---------------------INICIANDO MASTER POPPER EMBLUE---------------------
2022-10-17 21:15:02 ------------------------------------------------------------------------
2022-10-17 21:15:02 Conexion Establecida a POP3 Server!
2022-10-17 21:15:02 PROCESO POPPER EMBLUE CONCLUIDO!
2022-10-17 21:15:02 
2022-10-17 21:30:02 ------------------------------------------------------------------------
2022-10-17 21:30:02 ---------------------INICIANDO MASTER POPPER EMBLUE---------------------
2022-10-17 21:30:02 ------------------------------------------------------------------------
2022-10-17 21:30:02 Conexion Establecida a POP3 Server!
2022-10-17 21:30:02 PROCESO POPPER EMBLUE CONCLUIDO!
2022-10-17 21:30:02 
2022-10-17 21:45:01 ------------------------------------------------------------------------
2022-10-17 21:45:01 ---------------------INICIANDO MASTER POPPER EMBLUE---------------------
2022-10-17 21:45:01 ------------------------------------------------------------------------
2022-10-17 21:45:01 Conexion Establecida a POP3 Server!
2022-10-17 21:45:01 PROCESO POPPER EMBLUE CONCLUIDO!
2022-10-17 21:45:01 
2022-10-17 22:00:01 ------------------------------------------------------------------------
2022-10-17 22:00:01 ---------------------INICIANDO MASTER POPPER EMBLUE---------------------
2022-10-17 22:00:01 ------------------------------------------------------------------------
2022-10-17 22:00:02 Conexion Establecida a POP3 Server!
2022-10-17 22:00:02 PROCESO POPPER EMBLUE CONCLUIDO!
2022-10-17 22:00:02 
2022-10-17 22:15:01 ------------------------------------------------------------------------
2022-10-17 22:15:01 ---------------------INICIANDO MASTER POPPER EMBLUE---------------------
2022-10-17 22:15:01 ------------------------------------------------------------------------
2022-10-17 22:15:01 Conexion Establecida a POP3 Server!
2022-10-17 22:15:01 PROCESO POPPER EMBLUE CONCLUIDO!
2022-10-17 22:15:01 
2022-10-17 22:30:01 ------------------------------------------------------------------------
2022-10-17 22:30:01 ---------------------INICIANDO MASTER POPPER EMBLUE---------------------
2022-10-17 22:30:01 ------------------------------------------------------------------------
2022-10-17 22:30:01 Conexion Establecida a POP3 Server!
2022-10-17 22:30:01 PROCESO POPPER EMBLUE CONCLUIDO!
2022-10-17 22:30:01 
2022-10-17 22:45:02 ------------------------------------------------------------------------
2022-10-17 22:45:02 ---------------------INICIANDO MASTER POPPER EMBLUE---------------------
2022-10-17 22:45:02 ------------------------------------------------------------------------
2022-10-17 22:45:02 Conexion Establecida a POP3 Server!
2022-10-17 22:45:02 PROCESO POPPER EMBLUE CONCLUIDO!
2022-10-17 22:45:02 
2022-10-17 23:00:01 ------------------------------------------------------------------------
2022-10-17 23:00:01 ---------------------INICIANDO MASTER POPPER EMBLUE---------------------
2022-10-17 23:00:01 ------------------------------------------------------------------------
2022-10-17 23:00:01 Conexion Establecida a POP3 Server!
2022-10-17 23:00:01 PROCESO POPPER EMBLUE CONCLUIDO!
2022-10-17 23:00:01 
2022-10-17 23:15:09 ------------------------------------------------------------------------
2022-10-17 23:15:09 ---------------------INICIANDO MASTER POPPER EMBLUE---------------------
2022-10-17 23:15:09 ------------------------------------------------------------------------
2022-10-17 23:15:09 Conexion Establecida a POP3 Server!
2022-10-17 23:15:09 PROCESO POPPER EMBLUE CONCLUIDO!
2022-10-17 23:15:09 
2022-10-17 23:30:01 ------------------------------------------------------------------------
2022-10-17 23:30:01 ---------------------INICIANDO MASTER POPPER EMBLUE---------------------
2022-10-17 23:30:01 ------------------------------------------------------------------------
2022-10-17 23:30:02 Conexion Establecida a POP3 Server!
2022-10-17 23:30:02 PROCESO POPPER EMBLUE CONCLUIDO!
2022-10-17 23:30:02 
2022-10-17 23:45:01 ------------------------------------------------------------------------
2022-10-17 23:45:01 ---------------------INICIANDO MASTER POPPER EMBLUE---------------------
2022-10-17 23:45:01 ------------------------------------------------------------------------
2022-10-17 23:45:01 Conexion Establecida a POP3 Server!
2022-10-17 23:45:01 PROCESO POPPER EMBLUE CONCLUIDO!
2022-10-17 23:45:01 
