2022-10-06 00:00:01 ------------------------------------------------------------------------
2022-10-06 00:00:01 ---------------------INICIANDO MASTER POPPER EMBLUE---------------------
2022-10-06 00:00:01 ------------------------------------------------------------------------
2022-10-06 00:00:02 Conexion Establecida a POP3 Server!
2022-10-06 00:00:02 PROCESO POPPER EMBLUE CONCLUIDO!
2022-10-06 00:00:02 
2022-10-06 00:15:01 ------------------------------------------------------------------------
2022-10-06 00:15:01 ---------------------INICIANDO MASTER POPPER EMBLUE---------------------
2022-10-06 00:15:01 ------------------------------------------------------------------------
2022-10-06 00:15:01 Conexion Establecida a POP3 Server!
2022-10-06 00:15:01 PROCESO POPPER EMBLUE CONCLUIDO!
2022-10-06 00:15:01 
2022-10-06 00:30:02 ------------------------------------------------------------------------
2022-10-06 00:30:02 ---------------------INICIANDO MASTER POPPER EMBLUE---------------------
2022-10-06 00:30:02 ------------------------------------------------------------------------
2022-10-06 00:30:02 Conexion Establecida a POP3 Server!
2022-10-06 00:30:02 PROCESO POPPER EMBLUE CONCLUIDO!
2022-10-06 00:30:02 
2022-10-06 00:45:01 ------------------------------------------------------------------------
2022-10-06 00:45:01 ---------------------INICIANDO MASTER POPPER EMBLUE---------------------
2022-10-06 00:45:01 ------------------------------------------------------------------------
2022-10-06 00:45:01 Conexion Establecida a POP3 Server!
2022-10-06 00:45:01 PROCESO POPPER EMBLUE CONCLUIDO!
2022-10-06 00:45:01 
2022-10-06 01:00:01 ------------------------------------------------------------------------
2022-10-06 01:00:01 ---------------------INICIANDO MASTER POPPER EMBLUE---------------------
2022-10-06 01:00:01 ------------------------------------------------------------------------
2022-10-06 01:00:02 Conexion Establecida a POP3 Server!
2022-10-06 01:00:02 PROCESO POPPER EMBLUE CONCLUIDO!
2022-10-06 01:00:02 
2022-10-06 01:15:01 ------------------------------------------------------------------------
2022-10-06 01:15:01 ---------------------INICIANDO MASTER POPPER EMBLUE---------------------
2022-10-06 01:15:01 ------------------------------------------------------------------------
2022-10-06 01:15:01 Conexion Establecida a POP3 Server!
2022-10-06 01:15:01 PROCESO POPPER EMBLUE CONCLUIDO!
2022-10-06 01:15:01 
2022-10-06 01:30:01 ------------------------------------------------------------------------
2022-10-06 01:30:01 ---------------------INICIANDO MASTER POPPER EMBLUE---------------------
2022-10-06 01:30:01 ------------------------------------------------------------------------
2022-10-06 01:30:01 Conexion Establecida a POP3 Server!
2022-10-06 01:30:01 PROCESO POPPER EMBLUE CONCLUIDO!
2022-10-06 01:30:01 
2022-10-06 01:45:02 ------------------------------------------------------------------------
2022-10-06 01:45:02 ---------------------INICIANDO MASTER POPPER EMBLUE---------------------
2022-10-06 01:45:02 ------------------------------------------------------------------------
2022-10-06 01:45:02 Conexion Establecida a POP3 Server!
2022-10-06 01:45:02 PROCESO POPPER EMBLUE CONCLUIDO!
2022-10-06 01:45:02 
2022-10-06 02:00:01 ------------------------------------------------------------------------
2022-10-06 02:00:01 ---------------------INICIANDO MASTER POPPER EMBLUE---------------------
2022-10-06 02:00:01 ------------------------------------------------------------------------
2022-10-06 02:00:01 Conexion Establecida a POP3 Server!
2022-10-06 02:00:01 PROCESO POPPER EMBLUE CONCLUIDO!
2022-10-06 02:00:01 
2022-10-06 02:15:01 ------------------------------------------------------------------------
2022-10-06 02:15:01 ---------------------INICIANDO MASTER POPPER EMBLUE---------------------
2022-10-06 02:15:01 ------------------------------------------------------------------------
2022-10-06 02:15:01 Conexion Establecida a POP3 Server!
2022-10-06 02:15:01 PROCESO POPPER EMBLUE CONCLUIDO!
2022-10-06 02:15:01 
2022-10-06 02:30:02 ------------------------------------------------------------------------
2022-10-06 02:30:02 ---------------------INICIANDO MASTER POPPER EMBLUE---------------------
2022-10-06 02:30:02 ------------------------------------------------------------------------
2022-10-06 02:30:02 Conexion Establecida a POP3 Server!
2022-10-06 02:30:02 PROCESO POPPER EMBLUE CONCLUIDO!
2022-10-06 02:30:02 
2022-10-06 02:45:01 ------------------------------------------------------------------------
2022-10-06 02:45:01 ---------------------INICIANDO MASTER POPPER EMBLUE---------------------
2022-10-06 02:45:01 ------------------------------------------------------------------------
2022-10-06 02:45:01 Conexion Establecida a POP3 Server!
2022-10-06 02:45:01 PROCESO POPPER EMBLUE CONCLUIDO!
2022-10-06 02:45:01 
2022-10-06 03:00:01 ------------------------------------------------------------------------
2022-10-06 03:00:01 ---------------------INICIANDO MASTER POPPER EMBLUE---------------------
2022-10-06 03:00:01 ------------------------------------------------------------------------
2022-10-06 03:00:01 Conexion Establecida a POP3 Server!
2022-10-06 03:00:01 PROCESO POPPER EMBLUE CONCLUIDO!
2022-10-06 03:00:01 
2022-10-06 03:15:02 ------------------------------------------------------------------------
2022-10-06 03:15:02 ---------------------INICIANDO MASTER POPPER EMBLUE---------------------
2022-10-06 03:15:02 ------------------------------------------------------------------------
2022-10-06 03:15:02 Conexion Establecida a POP3 Server!
2022-10-06 03:15:02 PROCESO POPPER EMBLUE CONCLUIDO!
2022-10-06 03:15:02 
2022-10-06 03:30:01 ------------------------------------------------------------------------
2022-10-06 03:30:01 ---------------------INICIANDO MASTER POPPER EMBLUE---------------------
2022-10-06 03:30:01 ------------------------------------------------------------------------
2022-10-06 03:30:01 Conexion Establecida a POP3 Server!
2022-10-06 03:30:01 PROCESO POPPER EMBLUE CONCLUIDO!
2022-10-06 03:30:01 
2022-10-06 03:45:01 ------------------------------------------------------------------------
2022-10-06 03:45:01 ---------------------INICIANDO MASTER POPPER EMBLUE---------------------
2022-10-06 03:45:01 ------------------------------------------------------------------------
2022-10-06 03:45:01 Conexion Establecida a POP3 Server!
2022-10-06 03:45:01 PROCESO POPPER EMBLUE CONCLUIDO!
2022-10-06 03:45:01 
2022-10-06 04:00:02 ------------------------------------------------------------------------
2022-10-06 04:00:02 ---------------------INICIANDO MASTER POPPER EMBLUE---------------------
2022-10-06 04:00:02 ------------------------------------------------------------------------
2022-10-06 04:00:02 Conexion Establecida a POP3 Server!
2022-10-06 04:00:02 PROCESO POPPER EMBLUE CONCLUIDO!
2022-10-06 04:00:02 
2022-10-06 04:15:01 ------------------------------------------------------------------------
2022-10-06 04:15:01 ---------------------INICIANDO MASTER POPPER EMBLUE---------------------
2022-10-06 04:15:01 ------------------------------------------------------------------------
2022-10-06 04:15:01 Conexion Establecida a POP3 Server!
2022-10-06 04:15:01 PROCESO POPPER EMBLUE CONCLUIDO!
2022-10-06 04:15:01 
2022-10-06 04:30:02 ------------------------------------------------------------------------
2022-10-06 04:30:02 ---------------------INICIANDO MASTER POPPER EMBLUE---------------------
2022-10-06 04:30:02 ------------------------------------------------------------------------
2022-10-06 04:30:02 Conexion Establecida a POP3 Server!
2022-10-06 04:30:02 PROCESO POPPER EMBLUE CONCLUIDO!
2022-10-06 04:30:02 
2022-10-06 04:45:01 ------------------------------------------------------------------------
2022-10-06 04:45:01 ---------------------INICIANDO MASTER POPPER EMBLUE---------------------
2022-10-06 04:45:01 ------------------------------------------------------------------------
2022-10-06 04:45:01 Conexion Establecida a POP3 Server!
2022-10-06 04:45:01 PROCESO POPPER EMBLUE CONCLUIDO!
2022-10-06 04:45:01 
2022-10-06 05:00:01 ------------------------------------------------------------------------
2022-10-06 05:00:01 ---------------------INICIANDO MASTER POPPER EMBLUE---------------------
2022-10-06 05:00:01 ------------------------------------------------------------------------
2022-10-06 05:00:01 Conexion Establecida a POP3 Server!
2022-10-06 05:00:01 PROCESO POPPER EMBLUE CONCLUIDO!
2022-10-06 05:00:01 
2022-10-06 05:15:02 ------------------------------------------------------------------------
2022-10-06 05:15:02 ---------------------INICIANDO MASTER POPPER EMBLUE---------------------
2022-10-06 05:15:02 ------------------------------------------------------------------------
2022-10-06 05:15:02 Conexion Establecida a POP3 Server!
2022-10-06 05:15:02 PROCESO POPPER EMBLUE CONCLUIDO!
2022-10-06 05:15:02 
2022-10-06 05:30:02 ------------------------------------------------------------------------
2022-10-06 05:30:02 ---------------------INICIANDO MASTER POPPER EMBLUE---------------------
2022-10-06 05:30:02 ------------------------------------------------------------------------
2022-10-06 05:30:02 Conexion Establecida a POP3 Server!
2022-10-06 05:30:02 PROCESO POPPER EMBLUE CONCLUIDO!
2022-10-06 05:30:02 
2022-10-06 05:45:01 ------------------------------------------------------------------------
2022-10-06 05:45:01 ---------------------INICIANDO MASTER POPPER EMBLUE---------------------
2022-10-06 05:45:01 ------------------------------------------------------------------------
2022-10-06 05:45:01 Conexion Establecida a POP3 Server!
2022-10-06 05:45:01 PROCESO POPPER EMBLUE CONCLUIDO!
2022-10-06 05:45:01 
2022-10-06 06:00:02 ------------------------------------------------------------------------
2022-10-06 06:00:02 ---------------------INICIANDO MASTER POPPER EMBLUE---------------------
2022-10-06 06:00:02 ------------------------------------------------------------------------
2022-10-06 06:00:02 Conexion Establecida a POP3 Server!
2022-10-06 06:00:02 PROCESO POPPER EMBLUE CONCLUIDO!
2022-10-06 06:00:02 
2022-10-06 06:15:01 ------------------------------------------------------------------------
2022-10-06 06:15:01 ---------------------INICIANDO MASTER POPPER EMBLUE---------------------
2022-10-06 06:15:01 ------------------------------------------------------------------------
2022-10-06 06:15:01 Conexion Establecida a POP3 Server!
2022-10-06 06:15:01 PROCESO POPPER EMBLUE CONCLUIDO!
2022-10-06 06:15:01 
2022-10-06 06:30:02 ------------------------------------------------------------------------
2022-10-06 06:30:02 ---------------------INICIANDO MASTER POPPER EMBLUE---------------------
2022-10-06 06:30:02 ------------------------------------------------------------------------
2022-10-06 06:30:02 Conexion Establecida a POP3 Server!
2022-10-06 06:30:02 PROCESO POPPER EMBLUE CONCLUIDO!
2022-10-06 06:30:02 
2022-10-06 06:45:01 ------------------------------------------------------------------------
2022-10-06 06:45:01 ---------------------INICIANDO MASTER POPPER EMBLUE---------------------
2022-10-06 06:45:01 ------------------------------------------------------------------------
2022-10-06 06:45:01 Conexion Establecida a POP3 Server!
2022-10-06 06:45:01 PROCESO POPPER EMBLUE CONCLUIDO!
2022-10-06 06:45:01 
2022-10-06 07:00:01 ------------------------------------------------------------------------
2022-10-06 07:00:01 ---------------------INICIANDO MASTER POPPER EMBLUE---------------------
2022-10-06 07:00:01 ------------------------------------------------------------------------
2022-10-06 07:00:01 Conexion Establecida a POP3 Server!
2022-10-06 07:00:01 PROCESO POPPER EMBLUE CONCLUIDO!
2022-10-06 07:00:01 
2022-10-06 07:15:01 ------------------------------------------------------------------------
2022-10-06 07:15:01 ---------------------INICIANDO MASTER POPPER EMBLUE---------------------
2022-10-06 07:15:01 ------------------------------------------------------------------------
2022-10-06 07:15:01 Conexion Establecida a POP3 Server!
2022-10-06 07:15:01 PROCESO POPPER EMBLUE CONCLUIDO!
2022-10-06 07:15:01 
2022-10-06 07:30:01 ------------------------------------------------------------------------
2022-10-06 07:30:01 ---------------------INICIANDO MASTER POPPER EMBLUE---------------------
2022-10-06 07:30:01 ------------------------------------------------------------------------
2022-10-06 07:30:01 Conexion Establecida a POP3 Server!
2022-10-06 07:30:01 PROCESO POPPER EMBLUE CONCLUIDO!
2022-10-06 07:30:01 
2022-10-06 07:45:01 ------------------------------------------------------------------------
2022-10-06 07:45:01 ---------------------INICIANDO MASTER POPPER EMBLUE---------------------
2022-10-06 07:45:01 ------------------------------------------------------------------------
2022-10-06 07:45:02 Conexion Establecida a POP3 Server!
2022-10-06 07:45:02 PROCESO POPPER EMBLUE CONCLUIDO!
2022-10-06 07:45:02 
2022-10-06 08:00:01 ------------------------------------------------------------------------
2022-10-06 08:00:01 ---------------------INICIANDO MASTER POPPER EMBLUE---------------------
2022-10-06 08:00:01 ------------------------------------------------------------------------
2022-10-06 08:00:01 Conexion Establecida a POP3 Server!
2022-10-06 08:00:01 PROCESO POPPER EMBLUE CONCLUIDO!
2022-10-06 08:00:01 
2022-10-06 08:15:01 ------------------------------------------------------------------------
2022-10-06 08:15:01 ---------------------INICIANDO MASTER POPPER EMBLUE---------------------
2022-10-06 08:15:01 ------------------------------------------------------------------------
2022-10-06 08:15:01 Conexion Establecida a POP3 Server!
2022-10-06 08:15:01 PROCESO POPPER EMBLUE CONCLUIDO!
2022-10-06 08:15:01 
2022-10-06 08:30:01 ------------------------------------------------------------------------
2022-10-06 08:30:01 ---------------------INICIANDO MASTER POPPER EMBLUE---------------------
2022-10-06 08:30:01 ------------------------------------------------------------------------
2022-10-06 08:30:01 Conexion Establecida a POP3 Server!
2022-10-06 08:30:01 PROCESO POPPER EMBLUE CONCLUIDO!
2022-10-06 08:30:01 
2022-10-06 08:45:01 ------------------------------------------------------------------------
2022-10-06 08:45:01 ---------------------INICIANDO MASTER POPPER EMBLUE---------------------
2022-10-06 08:45:01 ------------------------------------------------------------------------
2022-10-06 08:45:01 Conexion Establecida a POP3 Server!
2022-10-06 08:45:01 PROCESO POPPER EMBLUE CONCLUIDO!
2022-10-06 08:45:01 
2022-10-06 09:00:01 ------------------------------------------------------------------------
2022-10-06 09:00:01 ---------------------INICIANDO MASTER POPPER EMBLUE---------------------
2022-10-06 09:00:01 ------------------------------------------------------------------------
2022-10-06 09:00:01 Conexion Establecida a POP3 Server!
2022-10-06 09:00:01 PROCESO POPPER EMBLUE CONCLUIDO!
2022-10-06 09:00:01 
2022-10-06 09:15:01 ------------------------------------------------------------------------
2022-10-06 09:15:01 ---------------------INICIANDO MASTER POPPER EMBLUE---------------------
2022-10-06 09:15:01 ------------------------------------------------------------------------
2022-10-06 09:15:01 Conexion Establecida a POP3 Server!
2022-10-06 09:15:01 PROCESO POPPER EMBLUE CONCLUIDO!
2022-10-06 09:15:01 
2022-10-06 09:30:01 ------------------------------------------------------------------------
2022-10-06 09:30:01 ---------------------INICIANDO MASTER POPPER EMBLUE---------------------
2022-10-06 09:30:01 ------------------------------------------------------------------------
2022-10-06 09:30:01 Conexion Establecida a POP3 Server!
2022-10-06 09:30:01 PROCESO POPPER EMBLUE CONCLUIDO!
2022-10-06 09:30:01 
2022-10-06 09:45:01 ------------------------------------------------------------------------
2022-10-06 09:45:01 ---------------------INICIANDO MASTER POPPER EMBLUE---------------------
2022-10-06 09:45:01 ------------------------------------------------------------------------
2022-10-06 09:45:01 Conexion Establecida a POP3 Server!
2022-10-06 09:45:01 PROCESO POPPER EMBLUE CONCLUIDO!
2022-10-06 09:45:01 
2022-10-06 10:00:02 ------------------------------------------------------------------------
2022-10-06 10:00:02 ---------------------INICIANDO MASTER POPPER EMBLUE---------------------
2022-10-06 10:00:02 ------------------------------------------------------------------------
2022-10-06 10:00:02 Conexion Establecida a POP3 Server!
2022-10-06 10:00:02 PROCESO POPPER EMBLUE CONCLUIDO!
2022-10-06 10:00:02 
2022-10-06 10:15:01 ------------------------------------------------------------------------
2022-10-06 10:15:01 ---------------------INICIANDO MASTER POPPER EMBLUE---------------------
2022-10-06 10:15:01 ------------------------------------------------------------------------
2022-10-06 10:15:01 Conexion Establecida a POP3 Server!
2022-10-06 10:15:01 PROCESO POPPER EMBLUE CONCLUIDO!
2022-10-06 10:15:01 
2022-10-06 10:30:01 ------------------------------------------------------------------------
2022-10-06 10:30:01 ---------------------INICIANDO MASTER POPPER EMBLUE---------------------
2022-10-06 10:30:01 ------------------------------------------------------------------------
2022-10-06 10:30:02 Conexion Establecida a POP3 Server!
2022-10-06 10:30:02 PROCESO POPPER EMBLUE CONCLUIDO!
2022-10-06 10:30:02 
2022-10-06 10:45:01 ------------------------------------------------------------------------
2022-10-06 10:45:01 ---------------------INICIANDO MASTER POPPER EMBLUE---------------------
2022-10-06 10:45:01 ------------------------------------------------------------------------
2022-10-06 10:45:01 Conexion Establecida a POP3 Server!
2022-10-06 10:45:01 PROCESO POPPER EMBLUE CONCLUIDO!
2022-10-06 10:45:01 
2022-10-06 11:00:02 ------------------------------------------------------------------------
2022-10-06 11:00:02 ---------------------INICIANDO MASTER POPPER EMBLUE---------------------
2022-10-06 11:00:02 ------------------------------------------------------------------------
2022-10-06 11:00:02 Conexion Establecida a POP3 Server!
2022-10-06 11:00:02 PROCESO POPPER EMBLUE CONCLUIDO!
2022-10-06 11:00:02 
2022-10-06 11:15:02 ------------------------------------------------------------------------
2022-10-06 11:15:02 ---------------------INICIANDO MASTER POPPER EMBLUE---------------------
2022-10-06 11:15:02 ------------------------------------------------------------------------
2022-10-06 11:15:02 Conexion Establecida a POP3 Server!
2022-10-06 11:15:02 PROCESO POPPER EMBLUE CONCLUIDO!
2022-10-06 11:15:02 
2022-10-06 11:30:02 ------------------------------------------------------------------------
2022-10-06 11:30:02 ---------------------INICIANDO MASTER POPPER EMBLUE---------------------
2022-10-06 11:30:02 ------------------------------------------------------------------------
2022-10-06 11:30:02 Conexion Establecida a POP3 Server!
2022-10-06 11:30:02 PROCESO POPPER EMBLUE CONCLUIDO!
2022-10-06 11:30:02 
2022-10-06 11:45:02 ------------------------------------------------------------------------
2022-10-06 11:45:02 ---------------------INICIANDO MASTER POPPER EMBLUE---------------------
2022-10-06 11:45:02 ------------------------------------------------------------------------
2022-10-06 11:45:02 Conexion Establecida a POP3 Server!
2022-10-06 11:45:02 PROCESO POPPER EMBLUE CONCLUIDO!
2022-10-06 11:45:02 
2022-10-06 12:00:02 ------------------------------------------------------------------------
2022-10-06 12:00:02 ---------------------INICIANDO MASTER POPPER EMBLUE---------------------
2022-10-06 12:00:02 ------------------------------------------------------------------------
2022-10-06 12:00:02 Conexion Establecida a POP3 Server!
2022-10-06 12:00:02 PROCESO POPPER EMBLUE CONCLUIDO!
2022-10-06 12:00:02 
2022-10-06 12:15:01 ------------------------------------------------------------------------
2022-10-06 12:15:01 ---------------------INICIANDO MASTER POPPER EMBLUE---------------------
2022-10-06 12:15:01 ------------------------------------------------------------------------
2022-10-06 12:15:01 Conexion Establecida a POP3 Server!
2022-10-06 12:15:01 PROCESO POPPER EMBLUE CONCLUIDO!
2022-10-06 12:15:01 
2022-10-06 12:30:01 ------------------------------------------------------------------------
2022-10-06 12:30:01 ---------------------INICIANDO MASTER POPPER EMBLUE---------------------
2022-10-06 12:30:01 ------------------------------------------------------------------------
2022-10-06 12:30:01 Conexion Establecida a POP3 Server!
2022-10-06 12:30:01 PROCESO POPPER EMBLUE CONCLUIDO!
2022-10-06 12:30:01 
2022-10-06 12:45:01 ------------------------------------------------------------------------
2022-10-06 12:45:01 ---------------------INICIANDO MASTER POPPER EMBLUE---------------------
2022-10-06 12:45:01 ------------------------------------------------------------------------
2022-10-06 12:45:01 Conexion Establecida a POP3 Server!
2022-10-06 12:45:01 PROCESO POPPER EMBLUE CONCLUIDO!
2022-10-06 12:45:01 
2022-10-06 13:00:02 ------------------------------------------------------------------------
2022-10-06 13:00:02 ---------------------INICIANDO MASTER POPPER EMBLUE---------------------
2022-10-06 13:00:02 ------------------------------------------------------------------------
2022-10-06 13:00:02 Conexion Establecida a POP3 Server!
2022-10-06 13:00:02 PROCESO POPPER EMBLUE CONCLUIDO!
2022-10-06 13:00:02 
2022-10-06 13:15:02 ------------------------------------------------------------------------
2022-10-06 13:15:02 ---------------------INICIANDO MASTER POPPER EMBLUE---------------------
2022-10-06 13:15:02 ------------------------------------------------------------------------
2022-10-06 13:15:02 Conexion Establecida a POP3 Server!
2022-10-06 13:15:02 PROCESO POPPER EMBLUE CONCLUIDO!
2022-10-06 13:15:02 
2022-10-06 13:30:02 ------------------------------------------------------------------------
2022-10-06 13:30:02 ---------------------INICIANDO MASTER POPPER EMBLUE---------------------
2022-10-06 13:30:02 ------------------------------------------------------------------------
2022-10-06 13:30:02 Conexion Establecida a POP3 Server!
2022-10-06 13:30:02 PROCESO POPPER EMBLUE CONCLUIDO!
2022-10-06 13:30:02 
2022-10-06 13:45:01 ------------------------------------------------------------------------
2022-10-06 13:45:01 ---------------------INICIANDO MASTER POPPER EMBLUE---------------------
2022-10-06 13:45:01 ------------------------------------------------------------------------
2022-10-06 13:45:01 Conexion Establecida a POP3 Server!
2022-10-06 13:45:01 PROCESO POPPER EMBLUE CONCLUIDO!
2022-10-06 13:45:01 
2022-10-06 14:00:02 ------------------------------------------------------------------------
2022-10-06 14:00:02 ---------------------INICIANDO MASTER POPPER EMBLUE---------------------
2022-10-06 14:00:02 ------------------------------------------------------------------------
2022-10-06 14:00:02 Conexion Establecida a POP3 Server!
2022-10-06 14:00:02 PROCESO POPPER EMBLUE CONCLUIDO!
2022-10-06 14:00:02 
2022-10-06 14:15:02 ------------------------------------------------------------------------
2022-10-06 14:15:02 ---------------------INICIANDO MASTER POPPER EMBLUE---------------------
2022-10-06 14:15:02 ------------------------------------------------------------------------
2022-10-06 14:15:02 Conexion Establecida a POP3 Server!
2022-10-06 14:15:02 PROCESO POPPER EMBLUE CONCLUIDO!
2022-10-06 14:15:02 
2022-10-06 14:30:02 ------------------------------------------------------------------------
2022-10-06 14:30:02 ---------------------INICIANDO MASTER POPPER EMBLUE---------------------
2022-10-06 14:30:02 ------------------------------------------------------------------------
2022-10-06 14:30:02 Conexion Establecida a POP3 Server!
2022-10-06 14:30:02 PROCESO POPPER EMBLUE CONCLUIDO!
2022-10-06 14:30:02 
2022-10-06 14:45:02 ------------------------------------------------------------------------
2022-10-06 14:45:02 ---------------------INICIANDO MASTER POPPER EMBLUE---------------------
2022-10-06 14:45:02 ------------------------------------------------------------------------
2022-10-06 14:45:02 Conexion Establecida a POP3 Server!
2022-10-06 14:45:02 PROCESO POPPER EMBLUE CONCLUIDO!
2022-10-06 14:45:02 
2022-10-06 15:00:01 ------------------------------------------------------------------------
2022-10-06 15:00:01 ---------------------INICIANDO MASTER POPPER EMBLUE---------------------
2022-10-06 15:00:01 ------------------------------------------------------------------------
2022-10-06 15:00:01 Conexion Establecida a POP3 Server!
2022-10-06 15:00:01 PROCESO POPPER EMBLUE CONCLUIDO!
2022-10-06 15:00:01 
2022-10-06 15:15:02 ------------------------------------------------------------------------
2022-10-06 15:15:02 ---------------------INICIANDO MASTER POPPER EMBLUE---------------------
2022-10-06 15:15:02 ------------------------------------------------------------------------
2022-10-06 15:15:02 Conexion Establecida a POP3 Server!
2022-10-06 15:15:02 PROCESO POPPER EMBLUE CONCLUIDO!
2022-10-06 15:15:02 
2022-10-06 15:30:02 ------------------------------------------------------------------------
2022-10-06 15:30:02 ---------------------INICIANDO MASTER POPPER EMBLUE---------------------
2022-10-06 15:30:02 ------------------------------------------------------------------------
2022-10-06 15:30:02 Conexion Establecida a POP3 Server!
2022-10-06 15:30:02 PROCESO POPPER EMBLUE CONCLUIDO!
2022-10-06 15:30:02 
2022-10-06 15:45:01 ------------------------------------------------------------------------
2022-10-06 15:45:01 ---------------------INICIANDO MASTER POPPER EMBLUE---------------------
2022-10-06 15:45:01 ------------------------------------------------------------------------
2022-10-06 15:45:01 Conexion Establecida a POP3 Server!
2022-10-06 15:45:01 PROCESO POPPER EMBLUE CONCLUIDO!
2022-10-06 15:45:01 
2022-10-06 16:00:02 ------------------------------------------------------------------------
2022-10-06 16:00:02 ---------------------INICIANDO MASTER POPPER EMBLUE---------------------
2022-10-06 16:00:02 ------------------------------------------------------------------------
2022-10-06 16:00:02 Conexion Establecida a POP3 Server!
2022-10-06 16:00:02 PROCESO POPPER EMBLUE CONCLUIDO!
2022-10-06 16:00:02 
2022-10-06 16:15:01 ------------------------------------------------------------------------
2022-10-06 16:15:01 ---------------------INICIANDO MASTER POPPER EMBLUE---------------------
2022-10-06 16:15:01 ------------------------------------------------------------------------
2022-10-06 16:15:01 Conexion Establecida a POP3 Server!
2022-10-06 16:15:01 PROCESO POPPER EMBLUE CONCLUIDO!
2022-10-06 16:15:01 
2022-10-06 16:30:02 ------------------------------------------------------------------------
2022-10-06 16:30:02 ---------------------INICIANDO MASTER POPPER EMBLUE---------------------
2022-10-06 16:30:02 ------------------------------------------------------------------------
2022-10-06 16:30:02 Conexion Establecida a POP3 Server!
2022-10-06 16:30:02 PROCESO POPPER EMBLUE CONCLUIDO!
2022-10-06 16:30:02 
2022-10-06 16:45:01 ------------------------------------------------------------------------
2022-10-06 16:45:01 ---------------------INICIANDO MASTER POPPER EMBLUE---------------------
2022-10-06 16:45:01 ------------------------------------------------------------------------
2022-10-06 16:45:01 Conexion Establecida a POP3 Server!
2022-10-06 16:45:01 PROCESO POPPER EMBLUE CONCLUIDO!
2022-10-06 16:45:01 
2022-10-06 17:00:01 ------------------------------------------------------------------------
2022-10-06 17:00:01 ---------------------INICIANDO MASTER POPPER EMBLUE---------------------
2022-10-06 17:00:01 ------------------------------------------------------------------------
2022-10-06 17:00:01 Conexion Establecida a POP3 Server!
2022-10-06 17:00:01 PROCESO POPPER EMBLUE CONCLUIDO!
2022-10-06 17:00:01 
2022-10-06 17:15:02 ------------------------------------------------------------------------
2022-10-06 17:15:02 ---------------------INICIANDO MASTER POPPER EMBLUE---------------------
2022-10-06 17:15:02 ------------------------------------------------------------------------
2022-10-06 17:15:02 Conexion Establecida a POP3 Server!
2022-10-06 17:15:02 PROCESO POPPER EMBLUE CONCLUIDO!
2022-10-06 17:15:02 
2022-10-06 17:30:02 ------------------------------------------------------------------------
2022-10-06 17:30:02 ---------------------INICIANDO MASTER POPPER EMBLUE---------------------
2022-10-06 17:30:02 ------------------------------------------------------------------------
2022-10-06 17:30:02 Conexion Establecida a POP3 Server!
2022-10-06 17:30:02 PROCESO POPPER EMBLUE CONCLUIDO!
2022-10-06 17:30:02 
2022-10-06 17:45:01 ------------------------------------------------------------------------
2022-10-06 17:45:01 ---------------------INICIANDO MASTER POPPER EMBLUE---------------------
2022-10-06 17:45:01 ------------------------------------------------------------------------
2022-10-06 17:45:01 Conexion Establecida a POP3 Server!
2022-10-06 17:45:01 PROCESO POPPER EMBLUE CONCLUIDO!
2022-10-06 17:45:01 
2022-10-06 18:00:01 ------------------------------------------------------------------------
2022-10-06 18:00:01 ---------------------INICIANDO MASTER POPPER EMBLUE---------------------
2022-10-06 18:00:01 ------------------------------------------------------------------------
2022-10-06 18:00:02 Conexion Establecida a POP3 Server!
2022-10-06 18:00:02 PROCESO POPPER EMBLUE CONCLUIDO!
2022-10-06 18:00:02 
2022-10-06 18:15:01 ------------------------------------------------------------------------
2022-10-06 18:15:01 ---------------------INICIANDO MASTER POPPER EMBLUE---------------------
2022-10-06 18:15:01 ------------------------------------------------------------------------
2022-10-06 18:15:01 Conexion Establecida a POP3 Server!
2022-10-06 18:15:01 PROCESO POPPER EMBLUE CONCLUIDO!
2022-10-06 18:15:01 
2022-10-06 18:30:01 ------------------------------------------------------------------------
2022-10-06 18:30:01 ---------------------INICIANDO MASTER POPPER EMBLUE---------------------
2022-10-06 18:30:01 ------------------------------------------------------------------------
2022-10-06 18:30:01 Conexion Establecida a POP3 Server!
2022-10-06 18:30:01 PROCESO POPPER EMBLUE CONCLUIDO!
2022-10-06 18:30:01 
2022-10-06 18:45:01 ------------------------------------------------------------------------
2022-10-06 18:45:01 ---------------------INICIANDO MASTER POPPER EMBLUE---------------------
2022-10-06 18:45:01 ------------------------------------------------------------------------
2022-10-06 18:45:01 Conexion Establecida a POP3 Server!
2022-10-06 18:45:01 PROCESO POPPER EMBLUE CONCLUIDO!
2022-10-06 18:45:01 
2022-10-06 19:00:01 ------------------------------------------------------------------------
2022-10-06 19:00:01 ---------------------INICIANDO MASTER POPPER EMBLUE---------------------
2022-10-06 19:00:01 ------------------------------------------------------------------------
2022-10-06 19:00:01 Conexion Establecida a POP3 Server!
2022-10-06 19:00:01 PROCESO POPPER EMBLUE CONCLUIDO!
2022-10-06 19:00:01 
2022-10-06 19:15:01 ------------------------------------------------------------------------
2022-10-06 19:15:01 ---------------------INICIANDO MASTER POPPER EMBLUE---------------------
2022-10-06 19:15:01 ------------------------------------------------------------------------
2022-10-06 19:15:01 Conexion Establecida a POP3 Server!
2022-10-06 19:15:01 PROCESO POPPER EMBLUE CONCLUIDO!
2022-10-06 19:15:01 
2022-10-06 19:30:01 ------------------------------------------------------------------------
2022-10-06 19:30:01 ---------------------INICIANDO MASTER POPPER EMBLUE---------------------
2022-10-06 19:30:01 ------------------------------------------------------------------------
2022-10-06 19:30:01 Conexion Establecida a POP3 Server!
2022-10-06 19:30:01 PROCESO POPPER EMBLUE CONCLUIDO!
2022-10-06 19:30:01 
2022-10-06 19:45:01 ------------------------------------------------------------------------
2022-10-06 19:45:01 ---------------------INICIANDO MASTER POPPER EMBLUE---------------------
2022-10-06 19:45:01 ------------------------------------------------------------------------
2022-10-06 19:45:01 Conexion Establecida a POP3 Server!
2022-10-06 19:45:01 PROCESO POPPER EMBLUE CONCLUIDO!
2022-10-06 19:45:01 
2022-10-06 20:00:02 ------------------------------------------------------------------------
2022-10-06 20:00:02 ---------------------INICIANDO MASTER POPPER EMBLUE---------------------
2022-10-06 20:00:02 ------------------------------------------------------------------------
2022-10-06 20:00:02 Conexion Establecida a POP3 Server!
2022-10-06 20:00:02 PROCESO POPPER EMBLUE CONCLUIDO!
2022-10-06 20:00:02 
2022-10-06 20:15:01 ------------------------------------------------------------------------
2022-10-06 20:15:01 ---------------------INICIANDO MASTER POPPER EMBLUE---------------------
2022-10-06 20:15:01 ------------------------------------------------------------------------
2022-10-06 20:15:01 Conexion Establecida a POP3 Server!
2022-10-06 20:15:01 PROCESO POPPER EMBLUE CONCLUIDO!
2022-10-06 20:15:01 
2022-10-06 20:30:02 ------------------------------------------------------------------------
2022-10-06 20:30:02 ---------------------INICIANDO MASTER POPPER EMBLUE---------------------
2022-10-06 20:30:02 ------------------------------------------------------------------------
2022-10-06 20:30:02 Conexion Establecida a POP3 Server!
2022-10-06 20:30:02 PROCESO POPPER EMBLUE CONCLUIDO!
2022-10-06 20:30:02 
2022-10-06 20:45:01 ------------------------------------------------------------------------
2022-10-06 20:45:01 ---------------------INICIANDO MASTER POPPER EMBLUE---------------------
2022-10-06 20:45:01 ------------------------------------------------------------------------
2022-10-06 20:45:01 Conexion Establecida a POP3 Server!
2022-10-06 20:45:01 PROCESO POPPER EMBLUE CONCLUIDO!
2022-10-06 20:45:01 
2022-10-06 21:00:01 ------------------------------------------------------------------------
2022-10-06 21:00:01 ---------------------INICIANDO MASTER POPPER EMBLUE---------------------
2022-10-06 21:00:01 ------------------------------------------------------------------------
2022-10-06 21:00:01 Conexion Establecida a POP3 Server!
2022-10-06 21:00:01 PROCESO POPPER EMBLUE CONCLUIDO!
2022-10-06 21:00:01 
2022-10-06 21:15:01 ------------------------------------------------------------------------
2022-10-06 21:15:01 ---------------------INICIANDO MASTER POPPER EMBLUE---------------------
2022-10-06 21:15:01 ------------------------------------------------------------------------
2022-10-06 21:15:01 Conexion Establecida a POP3 Server!
2022-10-06 21:15:01 PROCESO POPPER EMBLUE CONCLUIDO!
2022-10-06 21:15:01 
2022-10-06 21:30:01 ------------------------------------------------------------------------
2022-10-06 21:30:01 ---------------------INICIANDO MASTER POPPER EMBLUE---------------------
2022-10-06 21:30:01 ------------------------------------------------------------------------
2022-10-06 21:30:01 Conexion Establecida a POP3 Server!
2022-10-06 21:30:01 PROCESO POPPER EMBLUE CONCLUIDO!
2022-10-06 21:30:01 
2022-10-06 21:45:02 ------------------------------------------------------------------------
2022-10-06 21:45:02 ---------------------INICIANDO MASTER POPPER EMBLUE---------------------
2022-10-06 21:45:02 ------------------------------------------------------------------------
2022-10-06 21:45:02 Conexion Establecida a POP3 Server!
2022-10-06 21:45:02 PROCESO POPPER EMBLUE CONCLUIDO!
2022-10-06 21:45:02 
2022-10-06 22:00:01 ------------------------------------------------------------------------
2022-10-06 22:00:01 ---------------------INICIANDO MASTER POPPER EMBLUE---------------------
2022-10-06 22:00:01 ------------------------------------------------------------------------
2022-10-06 22:00:01 Conexion Establecida a POP3 Server!
2022-10-06 22:00:01 PROCESO POPPER EMBLUE CONCLUIDO!
2022-10-06 22:00:01 
2022-10-06 22:15:01 ------------------------------------------------------------------------
2022-10-06 22:15:01 ---------------------INICIANDO MASTER POPPER EMBLUE---------------------
2022-10-06 22:15:01 ------------------------------------------------------------------------
2022-10-06 22:15:01 Conexion Establecida a POP3 Server!
2022-10-06 22:15:01 PROCESO POPPER EMBLUE CONCLUIDO!
2022-10-06 22:15:01 
2022-10-06 22:30:02 ------------------------------------------------------------------------
2022-10-06 22:30:02 ---------------------INICIANDO MASTER POPPER EMBLUE---------------------
2022-10-06 22:30:02 ------------------------------------------------------------------------
2022-10-06 22:30:02 Conexion Establecida a POP3 Server!
2022-10-06 22:30:02 PROCESO POPPER EMBLUE CONCLUIDO!
2022-10-06 22:30:02 
2022-10-06 22:45:01 ------------------------------------------------------------------------
2022-10-06 22:45:01 ---------------------INICIANDO MASTER POPPER EMBLUE---------------------
2022-10-06 22:45:01 ------------------------------------------------------------------------
2022-10-06 22:45:01 Conexion Establecida a POP3 Server!
2022-10-06 22:45:01 PROCESO POPPER EMBLUE CONCLUIDO!
2022-10-06 22:45:01 
2022-10-06 23:00:01 ------------------------------------------------------------------------
2022-10-06 23:00:01 ---------------------INICIANDO MASTER POPPER EMBLUE---------------------
2022-10-06 23:00:01 ------------------------------------------------------------------------
2022-10-06 23:00:01 Conexion Establecida a POP3 Server!
2022-10-06 23:00:01 PROCESO POPPER EMBLUE CONCLUIDO!
2022-10-06 23:00:01 
2022-10-06 23:15:02 ------------------------------------------------------------------------
2022-10-06 23:15:02 ---------------------INICIANDO MASTER POPPER EMBLUE---------------------
2022-10-06 23:15:02 ------------------------------------------------------------------------
2022-10-06 23:15:02 Conexion Establecida a POP3 Server!
2022-10-06 23:15:02 PROCESO POPPER EMBLUE CONCLUIDO!
2022-10-06 23:15:02 
2022-10-06 23:30:01 ------------------------------------------------------------------------
2022-10-06 23:30:01 ---------------------INICIANDO MASTER POPPER EMBLUE---------------------
2022-10-06 23:30:01 ------------------------------------------------------------------------
2022-10-06 23:30:01 Conexion Establecida a POP3 Server!
2022-10-06 23:30:01 PROCESO POPPER EMBLUE CONCLUIDO!
2022-10-06 23:30:01 
2022-10-06 23:45:02 ------------------------------------------------------------------------
2022-10-06 23:45:02 ---------------------INICIANDO MASTER POPPER EMBLUE---------------------
2022-10-06 23:45:02 ------------------------------------------------------------------------
2022-10-06 23:45:02 Conexion Establecida a POP3 Server!
2022-10-06 23:45:02 PROCESO POPPER EMBLUE CONCLUIDO!
2022-10-06 23:45:02 
