2022-10-07 00:00:01 ------------------------------------------------------------------------
2022-10-07 00:00:01 ---------------------INICIANDO MASTER POPPER EMBLUE---------------------
2022-10-07 00:00:01 ------------------------------------------------------------------------
2022-10-07 00:00:01 Conexion Establecida a POP3 Server!
2022-10-07 00:00:01 PROCESO POPPER EMBLUE CONCLUIDO!
2022-10-07 00:00:01 
2022-10-07 00:15:01 ------------------------------------------------------------------------
2022-10-07 00:15:01 ---------------------INICIANDO MASTER POPPER EMBLUE---------------------
2022-10-07 00:15:01 ------------------------------------------------------------------------
2022-10-07 00:15:01 Conexion Establecida a POP3 Server!
2022-10-07 00:15:01 PROCESO POPPER EMBLUE CONCLUIDO!
2022-10-07 00:15:01 
2022-10-07 00:30:01 ------------------------------------------------------------------------
2022-10-07 00:30:01 ---------------------INICIANDO MASTER POPPER EMBLUE---------------------
2022-10-07 00:30:01 ------------------------------------------------------------------------
2022-10-07 00:30:01 Conexion Establecida a POP3 Server!
2022-10-07 00:30:01 PROCESO POPPER EMBLUE CONCLUIDO!
2022-10-07 00:30:01 
2022-10-07 00:45:02 ------------------------------------------------------------------------
2022-10-07 00:45:02 ---------------------INICIANDO MASTER POPPER EMBLUE---------------------
2022-10-07 00:45:02 ------------------------------------------------------------------------
2022-10-07 00:45:02 Conexion Establecida a POP3 Server!
2022-10-07 00:45:02 PROCESO POPPER EMBLUE CONCLUIDO!
2022-10-07 00:45:02 
2022-10-07 01:00:01 ------------------------------------------------------------------------
2022-10-07 01:00:01 ---------------------INICIANDO MASTER POPPER EMBLUE---------------------
2022-10-07 01:00:01 ------------------------------------------------------------------------
2022-10-07 01:00:01 Conexion Establecida a POP3 Server!
2022-10-07 01:00:01 PROCESO POPPER EMBLUE CONCLUIDO!
2022-10-07 01:00:01 
2022-10-07 01:15:01 ------------------------------------------------------------------------
2022-10-07 01:15:01 ---------------------INICIANDO MASTER POPPER EMBLUE---------------------
2022-10-07 01:15:01 ------------------------------------------------------------------------
2022-10-07 01:15:02 Conexion Establecida a POP3 Server!
2022-10-07 01:15:02 PROCESO POPPER EMBLUE CONCLUIDO!
2022-10-07 01:15:02 
2022-10-07 01:30:01 ------------------------------------------------------------------------
2022-10-07 01:30:01 ---------------------INICIANDO MASTER POPPER EMBLUE---------------------
2022-10-07 01:30:01 ------------------------------------------------------------------------
2022-10-07 01:30:01 Conexion Establecida a POP3 Server!
2022-10-07 01:30:01 PROCESO POPPER EMBLUE CONCLUIDO!
2022-10-07 01:30:01 
2022-10-07 01:45:01 ------------------------------------------------------------------------
2022-10-07 01:45:01 ---------------------INICIANDO MASTER POPPER EMBLUE---------------------
2022-10-07 01:45:01 ------------------------------------------------------------------------
2022-10-07 01:45:01 Conexion Establecida a POP3 Server!
2022-10-07 01:45:01 PROCESO POPPER EMBLUE CONCLUIDO!
2022-10-07 01:45:01 
2022-10-07 02:00:02 ------------------------------------------------------------------------
2022-10-07 02:00:02 ---------------------INICIANDO MASTER POPPER EMBLUE---------------------
2022-10-07 02:00:02 ------------------------------------------------------------------------
2022-10-07 02:00:02 Conexion Establecida a POP3 Server!
2022-10-07 02:00:02 PROCESO POPPER EMBLUE CONCLUIDO!
2022-10-07 02:00:02 
2022-10-07 02:15:01 ------------------------------------------------------------------------
2022-10-07 02:15:01 ---------------------INICIANDO MASTER POPPER EMBLUE---------------------
2022-10-07 02:15:01 ------------------------------------------------------------------------
2022-10-07 02:15:01 Conexion Establecida a POP3 Server!
2022-10-07 02:15:01 PROCESO POPPER EMBLUE CONCLUIDO!
2022-10-07 02:15:01 
2022-10-07 02:30:02 ------------------------------------------------------------------------
2022-10-07 02:30:02 ---------------------INICIANDO MASTER POPPER EMBLUE---------------------
2022-10-07 02:30:02 ------------------------------------------------------------------------
2022-10-07 02:30:02 Conexion Establecida a POP3 Server!
2022-10-07 02:30:02 PROCESO POPPER EMBLUE CONCLUIDO!
2022-10-07 02:30:02 
2022-10-07 02:45:02 ------------------------------------------------------------------------
2022-10-07 02:45:02 ---------------------INICIANDO MASTER POPPER EMBLUE---------------------
2022-10-07 02:45:02 ------------------------------------------------------------------------
2022-10-07 02:45:02 Conexion Establecida a POP3 Server!
2022-10-07 02:45:02 PROCESO POPPER EMBLUE CONCLUIDO!
2022-10-07 02:45:02 
2022-10-07 03:00:01 ------------------------------------------------------------------------
2022-10-07 03:00:01 ---------------------INICIANDO MASTER POPPER EMBLUE---------------------
2022-10-07 03:00:01 ------------------------------------------------------------------------
2022-10-07 03:00:01 Conexion Establecida a POP3 Server!
2022-10-07 03:00:01 PROCESO POPPER EMBLUE CONCLUIDO!
2022-10-07 03:00:01 
2022-10-07 03:15:01 ------------------------------------------------------------------------
2022-10-07 03:15:01 ---------------------INICIANDO MASTER POPPER EMBLUE---------------------
2022-10-07 03:15:01 ------------------------------------------------------------------------
2022-10-07 03:15:02 Conexion Establecida a POP3 Server!
2022-10-07 03:15:02 PROCESO POPPER EMBLUE CONCLUIDO!
2022-10-07 03:15:02 
2022-10-07 03:30:01 ------------------------------------------------------------------------
2022-10-07 03:30:01 ---------------------INICIANDO MASTER POPPER EMBLUE---------------------
2022-10-07 03:30:01 ------------------------------------------------------------------------
2022-10-07 03:30:01 Conexion Establecida a POP3 Server!
2022-10-07 03:30:01 PROCESO POPPER EMBLUE CONCLUIDO!
2022-10-07 03:30:01 
2022-10-07 03:45:01 ------------------------------------------------------------------------
2022-10-07 03:45:01 ---------------------INICIANDO MASTER POPPER EMBLUE---------------------
2022-10-07 03:45:01 ------------------------------------------------------------------------
2022-10-07 03:45:01 Conexion Establecida a POP3 Server!
2022-10-07 03:45:01 PROCESO POPPER EMBLUE CONCLUIDO!
2022-10-07 03:45:01 
2022-10-07 04:00:01 ------------------------------------------------------------------------
2022-10-07 04:00:01 ---------------------INICIANDO MASTER POPPER EMBLUE---------------------
2022-10-07 04:00:01 ------------------------------------------------------------------------
2022-10-07 04:00:01 Conexion Establecida a POP3 Server!
2022-10-07 04:00:01 PROCESO POPPER EMBLUE CONCLUIDO!
2022-10-07 04:00:01 
2022-10-07 04:15:01 ------------------------------------------------------------------------
2022-10-07 04:15:01 ---------------------INICIANDO MASTER POPPER EMBLUE---------------------
2022-10-07 04:15:01 ------------------------------------------------------------------------
2022-10-07 04:15:01 Conexion Establecida a POP3 Server!
2022-10-07 04:15:01 PROCESO POPPER EMBLUE CONCLUIDO!
2022-10-07 04:15:01 
2022-10-07 04:30:02 ------------------------------------------------------------------------
2022-10-07 04:30:02 ---------------------INICIANDO MASTER POPPER EMBLUE---------------------
2022-10-07 04:30:02 ------------------------------------------------------------------------
2022-10-07 04:30:02 Conexion Establecida a POP3 Server!
2022-10-07 04:30:02 PROCESO POPPER EMBLUE CONCLUIDO!
2022-10-07 04:30:02 
2022-10-07 04:45:01 ------------------------------------------------------------------------
2022-10-07 04:45:01 ---------------------INICIANDO MASTER POPPER EMBLUE---------------------
2022-10-07 04:45:01 ------------------------------------------------------------------------
2022-10-07 04:45:01 Conexion Establecida a POP3 Server!
2022-10-07 04:45:01 PROCESO POPPER EMBLUE CONCLUIDO!
2022-10-07 04:45:01 
2022-10-07 05:00:01 ------------------------------------------------------------------------
2022-10-07 05:00:01 ---------------------INICIANDO MASTER POPPER EMBLUE---------------------
2022-10-07 05:00:01 ------------------------------------------------------------------------
2022-10-07 05:00:01 Conexion Establecida a POP3 Server!
2022-10-07 05:00:01 PROCESO POPPER EMBLUE CONCLUIDO!
2022-10-07 05:00:01 
2022-10-07 05:15:02 ------------------------------------------------------------------------
2022-10-07 05:15:02 ---------------------INICIANDO MASTER POPPER EMBLUE---------------------
2022-10-07 05:15:02 ------------------------------------------------------------------------
2022-10-07 05:15:02 Conexion Establecida a POP3 Server!
2022-10-07 05:15:02 PROCESO POPPER EMBLUE CONCLUIDO!
2022-10-07 05:15:02 
2022-10-07 05:30:02 ------------------------------------------------------------------------
2022-10-07 05:30:02 ---------------------INICIANDO MASTER POPPER EMBLUE---------------------
2022-10-07 05:30:02 ------------------------------------------------------------------------
2022-10-07 05:30:02 Conexion Establecida a POP3 Server!
2022-10-07 05:30:02 PROCESO POPPER EMBLUE CONCLUIDO!
2022-10-07 05:30:02 
2022-10-07 05:45:01 ------------------------------------------------------------------------
2022-10-07 05:45:01 ---------------------INICIANDO MASTER POPPER EMBLUE---------------------
2022-10-07 05:45:01 ------------------------------------------------------------------------
2022-10-07 05:45:02 Conexion Establecida a POP3 Server!
2022-10-07 05:45:02 PROCESO POPPER EMBLUE CONCLUIDO!
2022-10-07 05:45:02 
2022-10-07 06:00:01 ------------------------------------------------------------------------
2022-10-07 06:00:01 ---------------------INICIANDO MASTER POPPER EMBLUE---------------------
2022-10-07 06:00:01 ------------------------------------------------------------------------
2022-10-07 06:00:01 Conexion Establecida a POP3 Server!
2022-10-07 06:00:01 PROCESO POPPER EMBLUE CONCLUIDO!
2022-10-07 06:00:01 
2022-10-07 06:15:02 ------------------------------------------------------------------------
2022-10-07 06:15:02 ---------------------INICIANDO MASTER POPPER EMBLUE---------------------
2022-10-07 06:15:02 ------------------------------------------------------------------------
2022-10-07 06:15:02 Conexion Establecida a POP3 Server!
2022-10-07 06:15:02 PROCESO POPPER EMBLUE CONCLUIDO!
2022-10-07 06:15:02 
2022-10-07 06:30:01 ------------------------------------------------------------------------
2022-10-07 06:30:01 ---------------------INICIANDO MASTER POPPER EMBLUE---------------------
2022-10-07 06:30:01 ------------------------------------------------------------------------
2022-10-07 06:30:01 Conexion Establecida a POP3 Server!
2022-10-07 06:30:01 PROCESO POPPER EMBLUE CONCLUIDO!
2022-10-07 06:30:01 
2022-10-07 06:45:01 ------------------------------------------------------------------------
2022-10-07 06:45:01 ---------------------INICIANDO MASTER POPPER EMBLUE---------------------
2022-10-07 06:45:01 ------------------------------------------------------------------------
2022-10-07 06:45:01 Conexion Establecida a POP3 Server!
2022-10-07 06:45:01 PROCESO POPPER EMBLUE CONCLUIDO!
2022-10-07 06:45:01 
2022-10-07 07:00:01 ------------------------------------------------------------------------
2022-10-07 07:00:01 ---------------------INICIANDO MASTER POPPER EMBLUE---------------------
2022-10-07 07:00:01 ------------------------------------------------------------------------
2022-10-07 07:00:02 Conexion Establecida a POP3 Server!
2022-10-07 07:00:02 PROCESO POPPER EMBLUE CONCLUIDO!
2022-10-07 07:00:02 
2022-10-07 07:15:01 ------------------------------------------------------------------------
2022-10-07 07:15:01 ---------------------INICIANDO MASTER POPPER EMBLUE---------------------
2022-10-07 07:15:01 ------------------------------------------------------------------------
2022-10-07 07:15:01 Conexion Establecida a POP3 Server!
2022-10-07 07:15:01 PROCESO POPPER EMBLUE CONCLUIDO!
2022-10-07 07:15:01 
2022-10-07 07:30:01 ------------------------------------------------------------------------
2022-10-07 07:30:01 ---------------------INICIANDO MASTER POPPER EMBLUE---------------------
2022-10-07 07:30:01 ------------------------------------------------------------------------
2022-10-07 07:30:01 Conexion Establecida a POP3 Server!
2022-10-07 07:30:01 PROCESO POPPER EMBLUE CONCLUIDO!
2022-10-07 07:30:01 
2022-10-07 07:45:01 ------------------------------------------------------------------------
2022-10-07 07:45:01 ---------------------INICIANDO MASTER POPPER EMBLUE---------------------
2022-10-07 07:45:01 ------------------------------------------------------------------------
2022-10-07 07:45:01 Conexion Establecida a POP3 Server!
2022-10-07 07:45:01 PROCESO POPPER EMBLUE CONCLUIDO!
2022-10-07 07:45:01 
2022-10-07 08:00:02 ------------------------------------------------------------------------
2022-10-07 08:00:02 ---------------------INICIANDO MASTER POPPER EMBLUE---------------------
2022-10-07 08:00:02 ------------------------------------------------------------------------
2022-10-07 08:00:02 Conexion Establecida a POP3 Server!
2022-10-07 08:00:02 PROCESO POPPER EMBLUE CONCLUIDO!
2022-10-07 08:00:02 
2022-10-07 08:15:01 ------------------------------------------------------------------------
2022-10-07 08:15:01 ---------------------INICIANDO MASTER POPPER EMBLUE---------------------
2022-10-07 08:15:01 ------------------------------------------------------------------------
2022-10-07 08:15:01 Conexion Establecida a POP3 Server!
2022-10-07 08:15:01 PROCESO POPPER EMBLUE CONCLUIDO!
2022-10-07 08:15:01 
2022-10-07 08:30:01 ------------------------------------------------------------------------
2022-10-07 08:30:01 ---------------------INICIANDO MASTER POPPER EMBLUE---------------------
2022-10-07 08:30:01 ------------------------------------------------------------------------
2022-10-07 08:30:01 Conexion Establecida a POP3 Server!
2022-10-07 08:30:01 PROCESO POPPER EMBLUE CONCLUIDO!
2022-10-07 08:30:01 
2022-10-07 08:45:02 ------------------------------------------------------------------------
2022-10-07 08:45:02 ---------------------INICIANDO MASTER POPPER EMBLUE---------------------
2022-10-07 08:45:02 ------------------------------------------------------------------------
2022-10-07 08:45:02 Conexion Establecida a POP3 Server!
2022-10-07 08:45:02 PROCESO POPPER EMBLUE CONCLUIDO!
2022-10-07 08:45:02 
2022-10-07 09:00:01 ------------------------------------------------------------------------
2022-10-07 09:00:01 ---------------------INICIANDO MASTER POPPER EMBLUE---------------------
2022-10-07 09:00:01 ------------------------------------------------------------------------
2022-10-07 09:00:01 Conexion Establecida a POP3 Server!
2022-10-07 09:00:01 PROCESO POPPER EMBLUE CONCLUIDO!
2022-10-07 09:00:01 
2022-10-07 09:15:01 ------------------------------------------------------------------------
2022-10-07 09:15:01 ---------------------INICIANDO MASTER POPPER EMBLUE---------------------
2022-10-07 09:15:01 ------------------------------------------------------------------------
2022-10-07 09:15:01 Conexion Establecida a POP3 Server!
2022-10-07 09:15:01 PROCESO POPPER EMBLUE CONCLUIDO!
2022-10-07 09:15:01 
2022-10-07 09:30:01 ------------------------------------------------------------------------
2022-10-07 09:30:01 ---------------------INICIANDO MASTER POPPER EMBLUE---------------------
2022-10-07 09:30:01 ------------------------------------------------------------------------
2022-10-07 09:30:01 Conexion Establecida a POP3 Server!
2022-10-07 09:30:01 PROCESO POPPER EMBLUE CONCLUIDO!
2022-10-07 09:30:01 
2022-10-07 09:45:01 ------------------------------------------------------------------------
2022-10-07 09:45:01 ---------------------INICIANDO MASTER POPPER EMBLUE---------------------
2022-10-07 09:45:01 ------------------------------------------------------------------------
2022-10-07 09:45:01 Conexion Establecida a POP3 Server!
2022-10-07 09:45:01 PROCESO POPPER EMBLUE CONCLUIDO!
2022-10-07 09:45:01 
2022-10-07 10:00:01 ------------------------------------------------------------------------
2022-10-07 10:00:01 ---------------------INICIANDO MASTER POPPER EMBLUE---------------------
2022-10-07 10:00:01 ------------------------------------------------------------------------
2022-10-07 10:00:01 Conexion Establecida a POP3 Server!
2022-10-07 10:00:01 PROCESO POPPER EMBLUE CONCLUIDO!
2022-10-07 10:00:01 
2022-10-07 10:15:01 ------------------------------------------------------------------------
2022-10-07 10:15:01 ---------------------INICIANDO MASTER POPPER EMBLUE---------------------
2022-10-07 10:15:01 ------------------------------------------------------------------------
2022-10-07 10:15:01 Conexion Establecida a POP3 Server!
2022-10-07 10:15:01 PROCESO POPPER EMBLUE CONCLUIDO!
2022-10-07 10:15:01 
2022-10-07 10:30:01 ------------------------------------------------------------------------
2022-10-07 10:30:01 ---------------------INICIANDO MASTER POPPER EMBLUE---------------------
2022-10-07 10:30:01 ------------------------------------------------------------------------
2022-10-07 10:30:01 Conexion Establecida a POP3 Server!
2022-10-07 10:30:01 PROCESO POPPER EMBLUE CONCLUIDO!
2022-10-07 10:30:01 
2022-10-07 10:45:02 ------------------------------------------------------------------------
2022-10-07 10:45:02 ---------------------INICIANDO MASTER POPPER EMBLUE---------------------
2022-10-07 10:45:02 ------------------------------------------------------------------------
2022-10-07 10:45:02 Conexion Establecida a POP3 Server!
2022-10-07 10:45:02 PROCESO POPPER EMBLUE CONCLUIDO!
2022-10-07 10:45:02 
2022-10-07 11:00:01 ------------------------------------------------------------------------
2022-10-07 11:00:01 ---------------------INICIANDO MASTER POPPER EMBLUE---------------------
2022-10-07 11:00:01 ------------------------------------------------------------------------
2022-10-07 11:00:01 Conexion Establecida a POP3 Server!
2022-10-07 11:00:01 PROCESO POPPER EMBLUE CONCLUIDO!
2022-10-07 11:00:01 
2022-10-07 11:15:01 ------------------------------------------------------------------------
2022-10-07 11:15:01 ---------------------INICIANDO MASTER POPPER EMBLUE---------------------
2022-10-07 11:15:01 ------------------------------------------------------------------------
2022-10-07 11:15:01 Conexion Establecida a POP3 Server!
2022-10-07 11:15:01 PROCESO POPPER EMBLUE CONCLUIDO!
2022-10-07 11:15:01 
2022-10-07 11:30:01 ------------------------------------------------------------------------
2022-10-07 11:30:01 ---------------------INICIANDO MASTER POPPER EMBLUE---------------------
2022-10-07 11:30:01 ------------------------------------------------------------------------
2022-10-07 11:30:02 Conexion Establecida a POP3 Server!
2022-10-07 11:30:02 PROCESO POPPER EMBLUE CONCLUIDO!
2022-10-07 11:30:02 
2022-10-07 11:45:02 ------------------------------------------------------------------------
2022-10-07 11:45:02 ---------------------INICIANDO MASTER POPPER EMBLUE---------------------
2022-10-07 11:45:02 ------------------------------------------------------------------------
2022-10-07 11:45:02 Conexion Establecida a POP3 Server!
2022-10-07 11:45:02 PROCESO POPPER EMBLUE CONCLUIDO!
2022-10-07 11:45:02 
2022-10-07 12:00:01 ------------------------------------------------------------------------
2022-10-07 12:00:01 ---------------------INICIANDO MASTER POPPER EMBLUE---------------------
2022-10-07 12:00:01 ------------------------------------------------------------------------
2022-10-07 12:00:02 Conexion Establecida a POP3 Server!
2022-10-07 12:00:02 PROCESO POPPER EMBLUE CONCLUIDO!
2022-10-07 12:00:02 
2022-10-07 12:15:01 ------------------------------------------------------------------------
2022-10-07 12:15:01 ---------------------INICIANDO MASTER POPPER EMBLUE---------------------
2022-10-07 12:15:01 ------------------------------------------------------------------------
2022-10-07 12:15:01 Conexion Establecida a POP3 Server!
2022-10-07 12:15:01 PROCESO POPPER EMBLUE CONCLUIDO!
2022-10-07 12:15:01 
2022-10-07 12:30:02 ------------------------------------------------------------------------
2022-10-07 12:30:02 ---------------------INICIANDO MASTER POPPER EMBLUE---------------------
2022-10-07 12:30:02 ------------------------------------------------------------------------
2022-10-07 12:30:02 Conexion Establecida a POP3 Server!
2022-10-07 12:30:02 PROCESO POPPER EMBLUE CONCLUIDO!
2022-10-07 12:30:02 
2022-10-07 12:45:01 ------------------------------------------------------------------------
2022-10-07 12:45:01 ---------------------INICIANDO MASTER POPPER EMBLUE---------------------
2022-10-07 12:45:01 ------------------------------------------------------------------------
2022-10-07 12:45:01 Conexion Establecida a POP3 Server!
2022-10-07 12:45:01 PROCESO POPPER EMBLUE CONCLUIDO!
2022-10-07 12:45:01 
2022-10-07 13:00:01 ------------------------------------------------------------------------
2022-10-07 13:00:01 ---------------------INICIANDO MASTER POPPER EMBLUE---------------------
2022-10-07 13:00:01 ------------------------------------------------------------------------
2022-10-07 13:00:01 Conexion Establecida a POP3 Server!
2022-10-07 13:00:01 PROCESO POPPER EMBLUE CONCLUIDO!
2022-10-07 13:00:01 
2022-10-07 13:15:01 ------------------------------------------------------------------------
2022-10-07 13:15:01 ---------------------INICIANDO MASTER POPPER EMBLUE---------------------
2022-10-07 13:15:01 ------------------------------------------------------------------------
2022-10-07 13:15:01 Conexion Establecida a POP3 Server!
2022-10-07 13:15:01 PROCESO POPPER EMBLUE CONCLUIDO!
2022-10-07 13:15:01 
2022-10-07 13:30:02 ------------------------------------------------------------------------
2022-10-07 13:30:02 ---------------------INICIANDO MASTER POPPER EMBLUE---------------------
2022-10-07 13:30:02 ------------------------------------------------------------------------
2022-10-07 13:30:02 Conexion Establecida a POP3 Server!
2022-10-07 13:30:02 PROCESO POPPER EMBLUE CONCLUIDO!
2022-10-07 13:30:02 
2022-10-07 13:45:01 ------------------------------------------------------------------------
2022-10-07 13:45:01 ---------------------INICIANDO MASTER POPPER EMBLUE---------------------
2022-10-07 13:45:01 ------------------------------------------------------------------------
2022-10-07 13:45:02 Conexion Establecida a POP3 Server!
2022-10-07 13:45:02 PROCESO POPPER EMBLUE CONCLUIDO!
2022-10-07 13:45:02 
2022-10-07 14:00:01 ------------------------------------------------------------------------
2022-10-07 14:00:01 ---------------------INICIANDO MASTER POPPER EMBLUE---------------------
2022-10-07 14:00:01 ------------------------------------------------------------------------
2022-10-07 14:00:01 Conexion Establecida a POP3 Server!
2022-10-07 14:00:01 PROCESO POPPER EMBLUE CONCLUIDO!
2022-10-07 14:00:01 
2022-10-07 14:15:01 ------------------------------------------------------------------------
2022-10-07 14:15:01 ---------------------INICIANDO MASTER POPPER EMBLUE---------------------
2022-10-07 14:15:01 ------------------------------------------------------------------------
2022-10-07 14:15:01 Conexion Establecida a POP3 Server!
2022-10-07 14:15:01 PROCESO POPPER EMBLUE CONCLUIDO!
2022-10-07 14:15:01 
2022-10-07 14:30:01 ------------------------------------------------------------------------
2022-10-07 14:30:01 ---------------------INICIANDO MASTER POPPER EMBLUE---------------------
2022-10-07 14:30:01 ------------------------------------------------------------------------
2022-10-07 14:30:01 Conexion Establecida a POP3 Server!
2022-10-07 14:30:01 PROCESO POPPER EMBLUE CONCLUIDO!
2022-10-07 14:30:01 
2022-10-07 14:45:01 ------------------------------------------------------------------------
2022-10-07 14:45:01 ---------------------INICIANDO MASTER POPPER EMBLUE---------------------
2022-10-07 14:45:01 ------------------------------------------------------------------------
2022-10-07 14:45:01 Conexion Establecida a POP3 Server!
2022-10-07 14:45:01 PROCESO POPPER EMBLUE CONCLUIDO!
2022-10-07 14:45:01 
2022-10-07 15:00:01 ------------------------------------------------------------------------
2022-10-07 15:00:01 ---------------------INICIANDO MASTER POPPER EMBLUE---------------------
2022-10-07 15:00:01 ------------------------------------------------------------------------
2022-10-07 15:00:02 Conexion Establecida a POP3 Server!
2022-10-07 15:00:02 PROCESO POPPER EMBLUE CONCLUIDO!
2022-10-07 15:00:02 
2022-10-07 15:15:01 ------------------------------------------------------------------------
2022-10-07 15:15:01 ---------------------INICIANDO MASTER POPPER EMBLUE---------------------
2022-10-07 15:15:01 ------------------------------------------------------------------------
2022-10-07 15:15:01 Conexion Establecida a POP3 Server!
2022-10-07 15:15:01 PROCESO POPPER EMBLUE CONCLUIDO!
2022-10-07 15:15:01 
2022-10-07 15:30:01 ------------------------------------------------------------------------
2022-10-07 15:30:01 ---------------------INICIANDO MASTER POPPER EMBLUE---------------------
2022-10-07 15:30:01 ------------------------------------------------------------------------
2022-10-07 15:30:01 Conexion Establecida a POP3 Server!
2022-10-07 15:30:01 PROCESO POPPER EMBLUE CONCLUIDO!
2022-10-07 15:30:01 
2022-10-07 15:45:01 ------------------------------------------------------------------------
2022-10-07 15:45:01 ---------------------INICIANDO MASTER POPPER EMBLUE---------------------
2022-10-07 15:45:01 ------------------------------------------------------------------------
2022-10-07 15:45:01 Conexion Establecida a POP3 Server!
2022-10-07 15:45:01 PROCESO POPPER EMBLUE CONCLUIDO!
2022-10-07 15:45:01 
2022-10-07 16:00:01 ------------------------------------------------------------------------
2022-10-07 16:00:01 ---------------------INICIANDO MASTER POPPER EMBLUE---------------------
2022-10-07 16:00:01 ------------------------------------------------------------------------
2022-10-07 16:00:01 Conexion Establecida a POP3 Server!
2022-10-07 16:00:01 PROCESO POPPER EMBLUE CONCLUIDO!
2022-10-07 16:00:01 
2022-10-07 16:15:01 ------------------------------------------------------------------------
2022-10-07 16:15:01 ---------------------INICIANDO MASTER POPPER EMBLUE---------------------
2022-10-07 16:15:01 ------------------------------------------------------------------------
2022-10-07 16:15:01 Conexion Establecida a POP3 Server!
2022-10-07 16:15:01 PROCESO POPPER EMBLUE CONCLUIDO!
2022-10-07 16:15:01 
2022-10-07 16:30:01 ------------------------------------------------------------------------
2022-10-07 16:30:01 ---------------------INICIANDO MASTER POPPER EMBLUE---------------------
2022-10-07 16:30:01 ------------------------------------------------------------------------
2022-10-07 16:30:01 Conexion Establecida a POP3 Server!
2022-10-07 16:30:01 PROCESO POPPER EMBLUE CONCLUIDO!
2022-10-07 16:30:01 
2022-10-07 16:45:01 ------------------------------------------------------------------------
2022-10-07 16:45:01 ---------------------INICIANDO MASTER POPPER EMBLUE---------------------
2022-10-07 16:45:01 ------------------------------------------------------------------------
2022-10-07 16:45:01 Conexion Establecida a POP3 Server!
2022-10-07 16:45:01 PROCESO POPPER EMBLUE CONCLUIDO!
2022-10-07 16:45:01 
2022-10-07 17:00:01 ------------------------------------------------------------------------
2022-10-07 17:00:01 ---------------------INICIANDO MASTER POPPER EMBLUE---------------------
2022-10-07 17:00:01 ------------------------------------------------------------------------
2022-10-07 17:00:01 Conexion Establecida a POP3 Server!
2022-10-07 17:00:01 PROCESO POPPER EMBLUE CONCLUIDO!
2022-10-07 17:00:01 
2022-10-07 17:15:01 ------------------------------------------------------------------------
2022-10-07 17:15:01 ---------------------INICIANDO MASTER POPPER EMBLUE---------------------
2022-10-07 17:15:01 ------------------------------------------------------------------------
2022-10-07 17:15:01 Conexion Establecida a POP3 Server!
2022-10-07 17:15:01 PROCESO POPPER EMBLUE CONCLUIDO!
2022-10-07 17:15:01 
2022-10-07 17:30:01 ------------------------------------------------------------------------
2022-10-07 17:30:01 ---------------------INICIANDO MASTER POPPER EMBLUE---------------------
2022-10-07 17:30:01 ------------------------------------------------------------------------
2022-10-07 17:30:01 Conexion Establecida a POP3 Server!
2022-10-07 17:30:01 PROCESO POPPER EMBLUE CONCLUIDO!
2022-10-07 17:30:01 
2022-10-07 17:45:01 ------------------------------------------------------------------------
2022-10-07 17:45:01 ---------------------INICIANDO MASTER POPPER EMBLUE---------------------
2022-10-07 17:45:01 ------------------------------------------------------------------------
2022-10-07 17:45:01 Conexion Establecida a POP3 Server!
2022-10-07 17:45:01 PROCESO POPPER EMBLUE CONCLUIDO!
2022-10-07 17:45:01 
2022-10-07 18:00:02 ------------------------------------------------------------------------
2022-10-07 18:00:02 ---------------------INICIANDO MASTER POPPER EMBLUE---------------------
2022-10-07 18:00:02 ------------------------------------------------------------------------
2022-10-07 18:00:02 Conexion Establecida a POP3 Server!
2022-10-07 18:00:02 PROCESO POPPER EMBLUE CONCLUIDO!
2022-10-07 18:00:02 
2022-10-07 18:15:02 ------------------------------------------------------------------------
2022-10-07 18:15:02 ---------------------INICIANDO MASTER POPPER EMBLUE---------------------
2022-10-07 18:15:02 ------------------------------------------------------------------------
2022-10-07 18:15:02 Conexion Establecida a POP3 Server!
2022-10-07 18:15:02 PROCESO POPPER EMBLUE CONCLUIDO!
2022-10-07 18:15:02 
2022-10-07 18:30:02 ------------------------------------------------------------------------
2022-10-07 18:30:02 ---------------------INICIANDO MASTER POPPER EMBLUE---------------------
2022-10-07 18:30:02 ------------------------------------------------------------------------
2022-10-07 18:30:02 Conexion Establecida a POP3 Server!
2022-10-07 18:30:02 PROCESO POPPER EMBLUE CONCLUIDO!
2022-10-07 18:30:02 
2022-10-07 18:45:02 ------------------------------------------------------------------------
2022-10-07 18:45:02 ---------------------INICIANDO MASTER POPPER EMBLUE---------------------
2022-10-07 18:45:02 ------------------------------------------------------------------------
2022-10-07 18:45:02 Conexion Establecida a POP3 Server!
2022-10-07 18:45:02 PROCESO POPPER EMBLUE CONCLUIDO!
2022-10-07 18:45:02 
2022-10-07 19:00:02 ------------------------------------------------------------------------
2022-10-07 19:00:02 ---------------------INICIANDO MASTER POPPER EMBLUE---------------------
2022-10-07 19:00:02 ------------------------------------------------------------------------
2022-10-07 19:00:02 Conexion Establecida a POP3 Server!
2022-10-07 19:00:02 PROCESO POPPER EMBLUE CONCLUIDO!
2022-10-07 19:00:02 
2022-10-07 19:15:01 ------------------------------------------------------------------------
2022-10-07 19:15:01 ---------------------INICIANDO MASTER POPPER EMBLUE---------------------
2022-10-07 19:15:01 ------------------------------------------------------------------------
2022-10-07 19:15:01 Conexion Establecida a POP3 Server!
2022-10-07 19:15:01 PROCESO POPPER EMBLUE CONCLUIDO!
2022-10-07 19:15:01 
2022-10-07 19:30:01 ------------------------------------------------------------------------
2022-10-07 19:30:01 ---------------------INICIANDO MASTER POPPER EMBLUE---------------------
2022-10-07 19:30:01 ------------------------------------------------------------------------
2022-10-07 19:30:01 Conexion Establecida a POP3 Server!
2022-10-07 19:30:01 PROCESO POPPER EMBLUE CONCLUIDO!
2022-10-07 19:30:01 
2022-10-07 19:45:02 ------------------------------------------------------------------------
2022-10-07 19:45:02 ---------------------INICIANDO MASTER POPPER EMBLUE---------------------
2022-10-07 19:45:02 ------------------------------------------------------------------------
2022-10-07 19:45:02 Conexion Establecida a POP3 Server!
2022-10-07 19:45:02 PROCESO POPPER EMBLUE CONCLUIDO!
2022-10-07 19:45:02 
2022-10-07 20:00:01 ------------------------------------------------------------------------
2022-10-07 20:00:01 ---------------------INICIANDO MASTER POPPER EMBLUE---------------------
2022-10-07 20:00:01 ------------------------------------------------------------------------
2022-10-07 20:00:02 Conexion Establecida a POP3 Server!
2022-10-07 20:00:02 PROCESO POPPER EMBLUE CONCLUIDO!
2022-10-07 20:00:02 
2022-10-07 20:15:01 ------------------------------------------------------------------------
2022-10-07 20:15:01 ---------------------INICIANDO MASTER POPPER EMBLUE---------------------
2022-10-07 20:15:01 ------------------------------------------------------------------------
2022-10-07 20:15:01 Conexion Establecida a POP3 Server!
2022-10-07 20:15:01 PROCESO POPPER EMBLUE CONCLUIDO!
2022-10-07 20:15:01 
2022-10-07 20:30:01 ------------------------------------------------------------------------
2022-10-07 20:30:01 ---------------------INICIANDO MASTER POPPER EMBLUE---------------------
2022-10-07 20:30:01 ------------------------------------------------------------------------
2022-10-07 20:30:01 Conexion Establecida a POP3 Server!
2022-10-07 20:30:01 PROCESO POPPER EMBLUE CONCLUIDO!
2022-10-07 20:30:01 
2022-10-07 20:45:01 ------------------------------------------------------------------------
2022-10-07 20:45:01 ---------------------INICIANDO MASTER POPPER EMBLUE---------------------
2022-10-07 20:45:01 ------------------------------------------------------------------------
2022-10-07 20:45:01 Conexion Establecida a POP3 Server!
2022-10-07 20:45:01 PROCESO POPPER EMBLUE CONCLUIDO!
2022-10-07 20:45:01 
2022-10-07 21:00:02 ------------------------------------------------------------------------
2022-10-07 21:00:02 ---------------------INICIANDO MASTER POPPER EMBLUE---------------------
2022-10-07 21:00:02 ------------------------------------------------------------------------
2022-10-07 21:00:02 Conexion Establecida a POP3 Server!
2022-10-07 21:00:02 PROCESO POPPER EMBLUE CONCLUIDO!
2022-10-07 21:00:02 
2022-10-07 21:15:01 ------------------------------------------------------------------------
2022-10-07 21:15:01 ---------------------INICIANDO MASTER POPPER EMBLUE---------------------
2022-10-07 21:15:01 ------------------------------------------------------------------------
2022-10-07 21:15:01 Conexion Establecida a POP3 Server!
2022-10-07 21:15:01 PROCESO POPPER EMBLUE CONCLUIDO!
2022-10-07 21:15:01 
2022-10-07 21:30:02 ------------------------------------------------------------------------
2022-10-07 21:30:02 ---------------------INICIANDO MASTER POPPER EMBLUE---------------------
2022-10-07 21:30:02 ------------------------------------------------------------------------
2022-10-07 21:30:02 Conexion Establecida a POP3 Server!
2022-10-07 21:30:02 PROCESO POPPER EMBLUE CONCLUIDO!
2022-10-07 21:30:02 
2022-10-07 21:45:01 ------------------------------------------------------------------------
2022-10-07 21:45:01 ---------------------INICIANDO MASTER POPPER EMBLUE---------------------
2022-10-07 21:45:01 ------------------------------------------------------------------------
2022-10-07 21:45:01 Conexion Establecida a POP3 Server!
2022-10-07 21:45:01 PROCESO POPPER EMBLUE CONCLUIDO!
2022-10-07 21:45:01 
2022-10-07 22:00:02 ------------------------------------------------------------------------
2022-10-07 22:00:02 ---------------------INICIANDO MASTER POPPER EMBLUE---------------------
2022-10-07 22:00:02 ------------------------------------------------------------------------
2022-10-07 22:00:02 Conexion Establecida a POP3 Server!
2022-10-07 22:00:02 PROCESO POPPER EMBLUE CONCLUIDO!
2022-10-07 22:00:02 
2022-10-07 22:15:01 ------------------------------------------------------------------------
2022-10-07 22:15:01 ---------------------INICIANDO MASTER POPPER EMBLUE---------------------
2022-10-07 22:15:01 ------------------------------------------------------------------------
2022-10-07 22:15:01 Conexion Establecida a POP3 Server!
2022-10-07 22:15:01 PROCESO POPPER EMBLUE CONCLUIDO!
2022-10-07 22:15:01 
2022-10-07 22:30:01 ------------------------------------------------------------------------
2022-10-07 22:30:01 ---------------------INICIANDO MASTER POPPER EMBLUE---------------------
2022-10-07 22:30:01 ------------------------------------------------------------------------
2022-10-07 22:30:01 Conexion Establecida a POP3 Server!
2022-10-07 22:30:01 PROCESO POPPER EMBLUE CONCLUIDO!
2022-10-07 22:30:01 
2022-10-07 22:45:01 ------------------------------------------------------------------------
2022-10-07 22:45:01 ---------------------INICIANDO MASTER POPPER EMBLUE---------------------
2022-10-07 22:45:01 ------------------------------------------------------------------------
2022-10-07 22:45:01 Conexion Establecida a POP3 Server!
2022-10-07 22:45:01 PROCESO POPPER EMBLUE CONCLUIDO!
2022-10-07 22:45:01 
2022-10-07 23:00:01 ------------------------------------------------------------------------
2022-10-07 23:00:01 ---------------------INICIANDO MASTER POPPER EMBLUE---------------------
2022-10-07 23:00:01 ------------------------------------------------------------------------
2022-10-07 23:00:01 Conexion Establecida a POP3 Server!
2022-10-07 23:00:01 PROCESO POPPER EMBLUE CONCLUIDO!
2022-10-07 23:00:01 
2022-10-07 23:15:01 ------------------------------------------------------------------------
2022-10-07 23:15:01 ---------------------INICIANDO MASTER POPPER EMBLUE---------------------
2022-10-07 23:15:01 ------------------------------------------------------------------------
2022-10-07 23:15:01 Conexion Establecida a POP3 Server!
2022-10-07 23:15:01 PROCESO POPPER EMBLUE CONCLUIDO!
2022-10-07 23:15:01 
2022-10-07 23:30:03 ------------------------------------------------------------------------
2022-10-07 23:30:03 ---------------------INICIANDO MASTER POPPER EMBLUE---------------------
2022-10-07 23:30:03 ------------------------------------------------------------------------
2022-10-07 23:30:03 Conexion Establecida a POP3 Server!
2022-10-07 23:30:04 PROCESO POPPER EMBLUE CONCLUIDO!
2022-10-07 23:30:04 
2022-10-07 23:45:01 ------------------------------------------------------------------------
2022-10-07 23:45:01 ---------------------INICIANDO MASTER POPPER EMBLUE---------------------
2022-10-07 23:45:01 ------------------------------------------------------------------------
2022-10-07 23:45:01 Conexion Establecida a POP3 Server!
2022-10-07 23:45:01 PROCESO POPPER EMBLUE CONCLUIDO!
2022-10-07 23:45:01 
