2022-10-23 00:00:02 ------------------------------------------------------------------------
2022-10-23 00:00:02 ---------------------INICIANDO MASTER POPPER EMBLUE---------------------
2022-10-23 00:00:02 ------------------------------------------------------------------------
2022-10-23 00:00:02 Conexion Establecida a POP3 Server!
2022-10-23 00:00:02 PROCESO POPPER EMBLUE CONCLUIDO!
2022-10-23 00:00:02 
2022-10-23 00:15:01 ------------------------------------------------------------------------
2022-10-23 00:15:01 ---------------------INICIANDO MASTER POPPER EMBLUE---------------------
2022-10-23 00:15:01 ------------------------------------------------------------------------
2022-10-23 00:15:01 Conexion Establecida a POP3 Server!
2022-10-23 00:15:01 PROCESO POPPER EMBLUE CONCLUIDO!
2022-10-23 00:15:01 
2022-10-23 00:30:01 ------------------------------------------------------------------------
2022-10-23 00:30:01 ---------------------INICIANDO MASTER POPPER EMBLUE---------------------
2022-10-23 00:30:01 ------------------------------------------------------------------------
2022-10-23 00:30:01 Conexion Establecida a POP3 Server!
2022-10-23 00:30:01 PROCESO POPPER EMBLUE CONCLUIDO!
2022-10-23 00:30:01 
2022-10-23 00:45:02 ------------------------------------------------------------------------
2022-10-23 00:45:02 ---------------------INICIANDO MASTER POPPER EMBLUE---------------------
2022-10-23 00:45:02 ------------------------------------------------------------------------
2022-10-23 00:45:02 Conexion Establecida a POP3 Server!
2022-10-23 00:45:02 PROCESO POPPER EMBLUE CONCLUIDO!
2022-10-23 00:45:02 
2022-10-23 01:00:01 ------------------------------------------------------------------------
2022-10-23 01:00:01 ---------------------INICIANDO MASTER POPPER EMBLUE---------------------
2022-10-23 01:00:01 ------------------------------------------------------------------------
2022-10-23 01:00:01 Conexion Establecida a POP3 Server!
2022-10-23 01:00:01 PROCESO POPPER EMBLUE CONCLUIDO!
2022-10-23 01:00:01 
2022-10-23 01:15:01 ------------------------------------------------------------------------
2022-10-23 01:15:01 ---------------------INICIANDO MASTER POPPER EMBLUE---------------------
2022-10-23 01:15:01 ------------------------------------------------------------------------
2022-10-23 01:15:01 Conexion Establecida a POP3 Server!
2022-10-23 01:15:01 PROCESO POPPER EMBLUE CONCLUIDO!
2022-10-23 01:15:01 
2022-10-23 01:30:01 ------------------------------------------------------------------------
2022-10-23 01:30:01 ---------------------INICIANDO MASTER POPPER EMBLUE---------------------
2022-10-23 01:30:01 ------------------------------------------------------------------------
2022-10-23 01:30:01 Conexion Establecida a POP3 Server!
2022-10-23 01:30:01 PROCESO POPPER EMBLUE CONCLUIDO!
2022-10-23 01:30:01 
2022-10-23 01:45:01 ------------------------------------------------------------------------
2022-10-23 01:45:01 ---------------------INICIANDO MASTER POPPER EMBLUE---------------------
2022-10-23 01:45:01 ------------------------------------------------------------------------
2022-10-23 01:45:01 Conexion Establecida a POP3 Server!
2022-10-23 01:45:01 PROCESO POPPER EMBLUE CONCLUIDO!
2022-10-23 01:45:01 
2022-10-23 02:00:02 ------------------------------------------------------------------------
2022-10-23 02:00:02 ---------------------INICIANDO MASTER POPPER EMBLUE---------------------
2022-10-23 02:00:02 ------------------------------------------------------------------------
2022-10-23 02:00:02 Conexion Establecida a POP3 Server!
2022-10-23 02:00:02 PROCESO POPPER EMBLUE CONCLUIDO!
2022-10-23 02:00:02 
2022-10-23 02:15:01 ------------------------------------------------------------------------
2022-10-23 02:15:01 ---------------------INICIANDO MASTER POPPER EMBLUE---------------------
2022-10-23 02:15:01 ------------------------------------------------------------------------
2022-10-23 02:15:01 Conexion Establecida a POP3 Server!
2022-10-23 02:15:01 PROCESO POPPER EMBLUE CONCLUIDO!
2022-10-23 02:15:01 
2022-10-23 02:30:02 ------------------------------------------------------------------------
2022-10-23 02:30:02 ---------------------INICIANDO MASTER POPPER EMBLUE---------------------
2022-10-23 02:30:02 ------------------------------------------------------------------------
2022-10-23 02:30:02 Conexion Establecida a POP3 Server!
2022-10-23 02:30:02 PROCESO POPPER EMBLUE CONCLUIDO!
2022-10-23 02:30:02 
2022-10-23 02:45:01 ------------------------------------------------------------------------
2022-10-23 02:45:01 ---------------------INICIANDO MASTER POPPER EMBLUE---------------------
2022-10-23 02:45:01 ------------------------------------------------------------------------
2022-10-23 02:45:01 Conexion Establecida a POP3 Server!
2022-10-23 02:45:01 PROCESO POPPER EMBLUE CONCLUIDO!
2022-10-23 02:45:01 
2022-10-23 03:00:01 ------------------------------------------------------------------------
2022-10-23 03:00:01 ---------------------INICIANDO MASTER POPPER EMBLUE---------------------
2022-10-23 03:00:01 ------------------------------------------------------------------------
2022-10-23 03:00:01 Conexion Establecida a POP3 Server!
2022-10-23 03:00:01 PROCESO POPPER EMBLUE CONCLUIDO!
2022-10-23 03:00:01 
2022-10-23 03:15:02 ------------------------------------------------------------------------
2022-10-23 03:15:02 ---------------------INICIANDO MASTER POPPER EMBLUE---------------------
2022-10-23 03:15:02 ------------------------------------------------------------------------
2022-10-23 03:15:02 Conexion Establecida a POP3 Server!
2022-10-23 03:15:02 PROCESO POPPER EMBLUE CONCLUIDO!
2022-10-23 03:15:02 
2022-10-23 03:30:01 ------------------------------------------------------------------------
2022-10-23 03:30:01 ---------------------INICIANDO MASTER POPPER EMBLUE---------------------
2022-10-23 03:30:01 ------------------------------------------------------------------------
2022-10-23 03:30:01 Conexion Establecida a POP3 Server!
2022-10-23 03:30:01 PROCESO POPPER EMBLUE CONCLUIDO!
2022-10-23 03:30:01 
2022-10-23 03:45:01 ------------------------------------------------------------------------
2022-10-23 03:45:01 ---------------------INICIANDO MASTER POPPER EMBLUE---------------------
2022-10-23 03:45:01 ------------------------------------------------------------------------
2022-10-23 03:45:01 Conexion Establecida a POP3 Server!
2022-10-23 03:45:01 PROCESO POPPER EMBLUE CONCLUIDO!
2022-10-23 03:45:01 
2022-10-23 04:00:01 ------------------------------------------------------------------------
2022-10-23 04:00:01 ---------------------INICIANDO MASTER POPPER EMBLUE---------------------
2022-10-23 04:00:01 ------------------------------------------------------------------------
2022-10-23 04:00:01 Conexion Establecida a POP3 Server!
2022-10-23 04:00:01 PROCESO POPPER EMBLUE CONCLUIDO!
2022-10-23 04:00:01 
2022-10-23 04:15:01 ------------------------------------------------------------------------
2022-10-23 04:15:01 ---------------------INICIANDO MASTER POPPER EMBLUE---------------------
2022-10-23 04:15:01 ------------------------------------------------------------------------
2022-10-23 04:15:02 Conexion Establecida a POP3 Server!
2022-10-23 04:15:02 PROCESO POPPER EMBLUE CONCLUIDO!
2022-10-23 04:15:02 
2022-10-23 04:30:01 ------------------------------------------------------------------------
2022-10-23 04:30:01 ---------------------INICIANDO MASTER POPPER EMBLUE---------------------
2022-10-23 04:30:01 ------------------------------------------------------------------------
2022-10-23 04:30:01 Conexion Establecida a POP3 Server!
2022-10-23 04:30:01 PROCESO POPPER EMBLUE CONCLUIDO!
2022-10-23 04:30:01 
2022-10-23 04:45:01 ------------------------------------------------------------------------
2022-10-23 04:45:01 ---------------------INICIANDO MASTER POPPER EMBLUE---------------------
2022-10-23 04:45:01 ------------------------------------------------------------------------
2022-10-23 04:45:01 Conexion Establecida a POP3 Server!
2022-10-23 04:45:01 PROCESO POPPER EMBLUE CONCLUIDO!
2022-10-23 04:45:01 
2022-10-23 05:00:02 ------------------------------------------------------------------------
2022-10-23 05:00:02 ---------------------INICIANDO MASTER POPPER EMBLUE---------------------
2022-10-23 05:00:02 ------------------------------------------------------------------------
2022-10-23 05:00:02 Conexion Establecida a POP3 Server!
2022-10-23 05:00:02 PROCESO POPPER EMBLUE CONCLUIDO!
2022-10-23 05:00:02 
2022-10-23 05:15:01 ------------------------------------------------------------------------
2022-10-23 05:15:01 ---------------------INICIANDO MASTER POPPER EMBLUE---------------------
2022-10-23 05:15:01 ------------------------------------------------------------------------
2022-10-23 05:15:01 Conexion Establecida a POP3 Server!
2022-10-23 05:15:01 PROCESO POPPER EMBLUE CONCLUIDO!
2022-10-23 05:15:01 
2022-10-23 05:30:01 ------------------------------------------------------------------------
2022-10-23 05:30:01 ---------------------INICIANDO MASTER POPPER EMBLUE---------------------
2022-10-23 05:30:01 ------------------------------------------------------------------------
2022-10-23 05:30:01 Conexion Establecida a POP3 Server!
2022-10-23 05:30:01 PROCESO POPPER EMBLUE CONCLUIDO!
2022-10-23 05:30:01 
2022-10-23 05:45:02 ------------------------------------------------------------------------
2022-10-23 05:45:02 ---------------------INICIANDO MASTER POPPER EMBLUE---------------------
2022-10-23 05:45:02 ------------------------------------------------------------------------
2022-10-23 05:45:02 Conexion Establecida a POP3 Server!
2022-10-23 05:45:02 PROCESO POPPER EMBLUE CONCLUIDO!
2022-10-23 05:45:02 
2022-10-23 06:00:01 ------------------------------------------------------------------------
2022-10-23 06:00:01 ---------------------INICIANDO MASTER POPPER EMBLUE---------------------
2022-10-23 06:00:01 ------------------------------------------------------------------------
2022-10-23 06:00:01 Conexion Establecida a POP3 Server!
2022-10-23 06:00:01 PROCESO POPPER EMBLUE CONCLUIDO!
2022-10-23 06:00:01 
2022-10-23 06:15:01 ------------------------------------------------------------------------
2022-10-23 06:15:01 ---------------------INICIANDO MASTER POPPER EMBLUE---------------------
2022-10-23 06:15:01 ------------------------------------------------------------------------
2022-10-23 06:15:01 Conexion Establecida a POP3 Server!
2022-10-23 06:15:01 PROCESO POPPER EMBLUE CONCLUIDO!
2022-10-23 06:15:01 
2022-10-23 06:30:02 ------------------------------------------------------------------------
2022-10-23 06:30:02 ---------------------INICIANDO MASTER POPPER EMBLUE---------------------
2022-10-23 06:30:02 ------------------------------------------------------------------------
2022-10-23 06:30:02 Conexion Establecida a POP3 Server!
2022-10-23 06:30:02 PROCESO POPPER EMBLUE CONCLUIDO!
2022-10-23 06:30:02 
2022-10-23 06:45:01 ------------------------------------------------------------------------
2022-10-23 06:45:01 ---------------------INICIANDO MASTER POPPER EMBLUE---------------------
2022-10-23 06:45:01 ------------------------------------------------------------------------
2022-10-23 06:45:01 Conexion Establecida a POP3 Server!
2022-10-23 06:45:01 PROCESO POPPER EMBLUE CONCLUIDO!
2022-10-23 06:45:01 
2022-10-23 07:00:01 ------------------------------------------------------------------------
2022-10-23 07:00:01 ---------------------INICIANDO MASTER POPPER EMBLUE---------------------
2022-10-23 07:00:01 ------------------------------------------------------------------------
2022-10-23 07:00:01 Conexion Establecida a POP3 Server!
2022-10-23 07:00:01 PROCESO POPPER EMBLUE CONCLUIDO!
2022-10-23 07:00:01 
2022-10-23 07:15:01 ------------------------------------------------------------------------
2022-10-23 07:15:01 ---------------------INICIANDO MASTER POPPER EMBLUE---------------------
2022-10-23 07:15:01 ------------------------------------------------------------------------
2022-10-23 07:15:01 Conexion Establecida a POP3 Server!
2022-10-23 07:15:01 PROCESO POPPER EMBLUE CONCLUIDO!
2022-10-23 07:15:01 
2022-10-23 07:30:01 ------------------------------------------------------------------------
2022-10-23 07:30:01 ---------------------INICIANDO MASTER POPPER EMBLUE---------------------
2022-10-23 07:30:01 ------------------------------------------------------------------------
2022-10-23 07:30:01 Conexion Establecida a POP3 Server!
2022-10-23 07:30:01 PROCESO POPPER EMBLUE CONCLUIDO!
2022-10-23 07:30:01 
2022-10-23 07:45:01 ------------------------------------------------------------------------
2022-10-23 07:45:01 ---------------------INICIANDO MASTER POPPER EMBLUE---------------------
2022-10-23 07:45:01 ------------------------------------------------------------------------
2022-10-23 07:45:01 Conexion Establecida a POP3 Server!
2022-10-23 07:45:01 PROCESO POPPER EMBLUE CONCLUIDO!
2022-10-23 07:45:01 
2022-10-23 08:00:01 ------------------------------------------------------------------------
2022-10-23 08:00:01 ---------------------INICIANDO MASTER POPPER EMBLUE---------------------
2022-10-23 08:00:01 ------------------------------------------------------------------------
2022-10-23 08:00:01 Conexion Establecida a POP3 Server!
2022-10-23 08:00:01 PROCESO POPPER EMBLUE CONCLUIDO!
2022-10-23 08:00:01 
2022-10-23 08:15:01 ------------------------------------------------------------------------
2022-10-23 08:15:01 ---------------------INICIANDO MASTER POPPER EMBLUE---------------------
2022-10-23 08:15:01 ------------------------------------------------------------------------
2022-10-23 08:15:01 Conexion Establecida a POP3 Server!
2022-10-23 08:15:01 PROCESO POPPER EMBLUE CONCLUIDO!
2022-10-23 08:15:01 
2022-10-23 08:30:02 ------------------------------------------------------------------------
2022-10-23 08:30:02 ---------------------INICIANDO MASTER POPPER EMBLUE---------------------
2022-10-23 08:30:02 ------------------------------------------------------------------------
2022-10-23 08:30:02 Conexion Establecida a POP3 Server!
2022-10-23 08:30:02 PROCESO POPPER EMBLUE CONCLUIDO!
2022-10-23 08:30:02 
2022-10-23 08:45:01 ------------------------------------------------------------------------
2022-10-23 08:45:01 ---------------------INICIANDO MASTER POPPER EMBLUE---------------------
2022-10-23 08:45:01 ------------------------------------------------------------------------
2022-10-23 08:45:01 Conexion Establecida a POP3 Server!
2022-10-23 08:45:01 PROCESO POPPER EMBLUE CONCLUIDO!
2022-10-23 08:45:01 
2022-10-23 09:00:01 ------------------------------------------------------------------------
2022-10-23 09:00:01 ---------------------INICIANDO MASTER POPPER EMBLUE---------------------
2022-10-23 09:00:01 ------------------------------------------------------------------------
2022-10-23 09:00:01 Conexion Establecida a POP3 Server!
2022-10-23 09:00:01 PROCESO POPPER EMBLUE CONCLUIDO!
2022-10-23 09:00:01 
2022-10-23 09:15:01 ------------------------------------------------------------------------
2022-10-23 09:15:01 ---------------------INICIANDO MASTER POPPER EMBLUE---------------------
2022-10-23 09:15:01 ------------------------------------------------------------------------
2022-10-23 09:15:01 Conexion Establecida a POP3 Server!
2022-10-23 09:15:01 PROCESO POPPER EMBLUE CONCLUIDO!
2022-10-23 09:15:01 
2022-10-23 09:30:01 ------------------------------------------------------------------------
2022-10-23 09:30:01 ---------------------INICIANDO MASTER POPPER EMBLUE---------------------
2022-10-23 09:30:01 ------------------------------------------------------------------------
2022-10-23 09:30:01 Conexion Establecida a POP3 Server!
2022-10-23 09:30:01 PROCESO POPPER EMBLUE CONCLUIDO!
2022-10-23 09:30:01 
2022-10-23 09:45:02 ------------------------------------------------------------------------
2022-10-23 09:45:02 ---------------------INICIANDO MASTER POPPER EMBLUE---------------------
2022-10-23 09:45:02 ------------------------------------------------------------------------
2022-10-23 09:45:02 Conexion Establecida a POP3 Server!
2022-10-23 09:45:02 PROCESO POPPER EMBLUE CONCLUIDO!
2022-10-23 09:45:02 
2022-10-23 10:00:01 ------------------------------------------------------------------------
2022-10-23 10:00:01 ---------------------INICIANDO MASTER POPPER EMBLUE---------------------
2022-10-23 10:00:01 ------------------------------------------------------------------------
2022-10-23 10:00:02 Conexion Establecida a POP3 Server!
2022-10-23 10:00:02 PROCESO POPPER EMBLUE CONCLUIDO!
2022-10-23 10:00:02 
2022-10-23 10:15:01 ------------------------------------------------------------------------
2022-10-23 10:15:01 ---------------------INICIANDO MASTER POPPER EMBLUE---------------------
2022-10-23 10:15:01 ------------------------------------------------------------------------
2022-10-23 10:15:01 Conexion Establecida a POP3 Server!
2022-10-23 10:15:01 PROCESO POPPER EMBLUE CONCLUIDO!
2022-10-23 10:15:01 
2022-10-23 10:30:02 ------------------------------------------------------------------------
2022-10-23 10:30:02 ---------------------INICIANDO MASTER POPPER EMBLUE---------------------
2022-10-23 10:30:02 ------------------------------------------------------------------------
2022-10-23 10:30:02 Conexion Establecida a POP3 Server!
2022-10-23 10:30:02 PROCESO POPPER EMBLUE CONCLUIDO!
2022-10-23 10:30:02 
2022-10-23 10:45:01 ------------------------------------------------------------------------
2022-10-23 10:45:01 ---------------------INICIANDO MASTER POPPER EMBLUE---------------------
2022-10-23 10:45:01 ------------------------------------------------------------------------
2022-10-23 10:45:01 Conexion Establecida a POP3 Server!
2022-10-23 10:45:01 PROCESO POPPER EMBLUE CONCLUIDO!
2022-10-23 10:45:01 
2022-10-23 11:00:01 ------------------------------------------------------------------------
2022-10-23 11:00:01 ---------------------INICIANDO MASTER POPPER EMBLUE---------------------
2022-10-23 11:00:01 ------------------------------------------------------------------------
2022-10-23 11:00:02 Conexion Establecida a POP3 Server!
2022-10-23 11:00:02 PROCESO POPPER EMBLUE CONCLUIDO!
2022-10-23 11:00:02 
2022-10-23 11:15:01 ------------------------------------------------------------------------
2022-10-23 11:15:01 ---------------------INICIANDO MASTER POPPER EMBLUE---------------------
2022-10-23 11:15:01 ------------------------------------------------------------------------
2022-10-23 11:15:01 Conexion Establecida a POP3 Server!
2022-10-23 11:15:01 PROCESO POPPER EMBLUE CONCLUIDO!
2022-10-23 11:15:01 
2022-10-23 11:30:01 ------------------------------------------------------------------------
2022-10-23 11:30:01 ---------------------INICIANDO MASTER POPPER EMBLUE---------------------
2022-10-23 11:30:01 ------------------------------------------------------------------------
2022-10-23 11:30:01 Conexion Establecida a POP3 Server!
2022-10-23 11:30:01 PROCESO POPPER EMBLUE CONCLUIDO!
2022-10-23 11:30:01 
2022-10-23 11:45:02 ------------------------------------------------------------------------
2022-10-23 11:45:02 ---------------------INICIANDO MASTER POPPER EMBLUE---------------------
2022-10-23 11:45:02 ------------------------------------------------------------------------
2022-10-23 11:45:02 Conexion Establecida a POP3 Server!
2022-10-23 11:45:02 PROCESO POPPER EMBLUE CONCLUIDO!
2022-10-23 11:45:02 
2022-10-23 12:00:01 ------------------------------------------------------------------------
2022-10-23 12:00:01 ---------------------INICIANDO MASTER POPPER EMBLUE---------------------
2022-10-23 12:00:01 ------------------------------------------------------------------------
2022-10-23 12:00:01 Conexion Establecida a POP3 Server!
2022-10-23 12:00:01 PROCESO POPPER EMBLUE CONCLUIDO!
2022-10-23 12:00:01 
2022-10-23 12:15:01 ------------------------------------------------------------------------
2022-10-23 12:15:01 ---------------------INICIANDO MASTER POPPER EMBLUE---------------------
2022-10-23 12:15:01 ------------------------------------------------------------------------
2022-10-23 12:15:01 Conexion Establecida a POP3 Server!
2022-10-23 12:15:01 PROCESO POPPER EMBLUE CONCLUIDO!
2022-10-23 12:15:01 
2022-10-23 12:30:01 ------------------------------------------------------------------------
2022-10-23 12:30:01 ---------------------INICIANDO MASTER POPPER EMBLUE---------------------
2022-10-23 12:30:01 ------------------------------------------------------------------------
2022-10-23 12:30:01 Conexion Establecida a POP3 Server!
2022-10-23 12:30:01 PROCESO POPPER EMBLUE CONCLUIDO!
2022-10-23 12:30:01 
2022-10-23 12:45:01 ------------------------------------------------------------------------
2022-10-23 12:45:01 ---------------------INICIANDO MASTER POPPER EMBLUE---------------------
2022-10-23 12:45:01 ------------------------------------------------------------------------
2022-10-23 12:45:01 Conexion Establecida a POP3 Server!
2022-10-23 12:45:01 PROCESO POPPER EMBLUE CONCLUIDO!
2022-10-23 12:45:01 
2022-10-23 13:00:02 ------------------------------------------------------------------------
2022-10-23 13:00:02 ---------------------INICIANDO MASTER POPPER EMBLUE---------------------
2022-10-23 13:00:02 ------------------------------------------------------------------------
2022-10-23 13:00:02 Conexion Establecida a POP3 Server!
2022-10-23 13:00:02 PROCESO POPPER EMBLUE CONCLUIDO!
2022-10-23 13:00:02 
2022-10-23 13:15:01 ------------------------------------------------------------------------
2022-10-23 13:15:01 ---------------------INICIANDO MASTER POPPER EMBLUE---------------------
2022-10-23 13:15:01 ------------------------------------------------------------------------
2022-10-23 13:15:01 Conexion Establecida a POP3 Server!
2022-10-23 13:15:01 PROCESO POPPER EMBLUE CONCLUIDO!
2022-10-23 13:15:01 
2022-10-23 13:30:01 ------------------------------------------------------------------------
2022-10-23 13:30:01 ---------------------INICIANDO MASTER POPPER EMBLUE---------------------
2022-10-23 13:30:01 ------------------------------------------------------------------------
2022-10-23 13:30:01 Conexion Establecida a POP3 Server!
2022-10-23 13:30:01 PROCESO POPPER EMBLUE CONCLUIDO!
2022-10-23 13:30:01 
2022-10-23 13:45:01 ------------------------------------------------------------------------
2022-10-23 13:45:01 ---------------------INICIANDO MASTER POPPER EMBLUE---------------------
2022-10-23 13:45:01 ------------------------------------------------------------------------
2022-10-23 13:45:01 Conexion Establecida a POP3 Server!
2022-10-23 13:45:01 PROCESO POPPER EMBLUE CONCLUIDO!
2022-10-23 13:45:01 
2022-10-23 14:00:01 ------------------------------------------------------------------------
2022-10-23 14:00:01 ---------------------INICIANDO MASTER POPPER EMBLUE---------------------
2022-10-23 14:00:01 ------------------------------------------------------------------------
2022-10-23 14:00:01 Conexion Establecida a POP3 Server!
2022-10-23 14:00:01 PROCESO POPPER EMBLUE CONCLUIDO!
2022-10-23 14:00:01 
2022-10-23 14:15:01 ------------------------------------------------------------------------
2022-10-23 14:15:01 ---------------------INICIANDO MASTER POPPER EMBLUE---------------------
2022-10-23 14:15:01 ------------------------------------------------------------------------
2022-10-23 14:15:01 Conexion Establecida a POP3 Server!
2022-10-23 14:15:01 PROCESO POPPER EMBLUE CONCLUIDO!
2022-10-23 14:15:01 
2022-10-23 14:30:02 ------------------------------------------------------------------------
2022-10-23 14:30:02 ---------------------INICIANDO MASTER POPPER EMBLUE---------------------
2022-10-23 14:30:02 ------------------------------------------------------------------------
2022-10-23 14:30:02 Conexion Establecida a POP3 Server!
2022-10-23 14:30:02 PROCESO POPPER EMBLUE CONCLUIDO!
2022-10-23 14:30:02 
2022-10-23 14:45:01 ------------------------------------------------------------------------
2022-10-23 14:45:01 ---------------------INICIANDO MASTER POPPER EMBLUE---------------------
2022-10-23 14:45:01 ------------------------------------------------------------------------
2022-10-23 14:45:01 Conexion Establecida a POP3 Server!
2022-10-23 14:45:01 PROCESO POPPER EMBLUE CONCLUIDO!
2022-10-23 14:45:01 
2022-10-23 15:00:01 ------------------------------------------------------------------------
2022-10-23 15:00:01 ---------------------INICIANDO MASTER POPPER EMBLUE---------------------
2022-10-23 15:00:01 ------------------------------------------------------------------------
2022-10-23 15:00:01 Conexion Establecida a POP3 Server!
2022-10-23 15:00:01 PROCESO POPPER EMBLUE CONCLUIDO!
2022-10-23 15:00:01 
2022-10-23 15:15:02 ------------------------------------------------------------------------
2022-10-23 15:15:02 ---------------------INICIANDO MASTER POPPER EMBLUE---------------------
2022-10-23 15:15:02 ------------------------------------------------------------------------
2022-10-23 15:15:02 Conexion Establecida a POP3 Server!
2022-10-23 15:15:02 PROCESO POPPER EMBLUE CONCLUIDO!
2022-10-23 15:15:02 
2022-10-23 15:30:01 ------------------------------------------------------------------------
2022-10-23 15:30:01 ---------------------INICIANDO MASTER POPPER EMBLUE---------------------
2022-10-23 15:30:01 ------------------------------------------------------------------------
2022-10-23 15:30:01 Conexion Establecida a POP3 Server!
2022-10-23 15:30:01 PROCESO POPPER EMBLUE CONCLUIDO!
2022-10-23 15:30:01 
2022-10-23 15:45:02 ------------------------------------------------------------------------
2022-10-23 15:45:02 ---------------------INICIANDO MASTER POPPER EMBLUE---------------------
2022-10-23 15:45:02 ------------------------------------------------------------------------
2022-10-23 15:45:02 Conexion Establecida a POP3 Server!
2022-10-23 15:45:02 PROCESO POPPER EMBLUE CONCLUIDO!
2022-10-23 15:45:02 
2022-10-23 16:00:02 ------------------------------------------------------------------------
2022-10-23 16:00:02 ---------------------INICIANDO MASTER POPPER EMBLUE---------------------
2022-10-23 16:00:02 ------------------------------------------------------------------------
2022-10-23 16:00:02 Conexion Establecida a POP3 Server!
2022-10-23 16:00:02 PROCESO POPPER EMBLUE CONCLUIDO!
2022-10-23 16:00:02 
2022-10-23 16:15:01 ------------------------------------------------------------------------
2022-10-23 16:15:01 ---------------------INICIANDO MASTER POPPER EMBLUE---------------------
2022-10-23 16:15:01 ------------------------------------------------------------------------
2022-10-23 16:15:01 Conexion Establecida a POP3 Server!
2022-10-23 16:15:01 PROCESO POPPER EMBLUE CONCLUIDO!
2022-10-23 16:15:01 
2022-10-23 16:30:01 ------------------------------------------------------------------------
2022-10-23 16:30:01 ---------------------INICIANDO MASTER POPPER EMBLUE---------------------
2022-10-23 16:30:01 ------------------------------------------------------------------------
2022-10-23 16:30:02 Conexion Establecida a POP3 Server!
2022-10-23 16:30:02 PROCESO POPPER EMBLUE CONCLUIDO!
2022-10-23 16:30:02 
2022-10-23 16:45:01 ------------------------------------------------------------------------
2022-10-23 16:45:01 ---------------------INICIANDO MASTER POPPER EMBLUE---------------------
2022-10-23 16:45:01 ------------------------------------------------------------------------
2022-10-23 16:45:01 Conexion Establecida a POP3 Server!
2022-10-23 16:45:01 PROCESO POPPER EMBLUE CONCLUIDO!
2022-10-23 16:45:01 
2022-10-23 17:00:02 ------------------------------------------------------------------------
2022-10-23 17:00:02 ---------------------INICIANDO MASTER POPPER EMBLUE---------------------
2022-10-23 17:00:02 ------------------------------------------------------------------------
2022-10-23 17:00:02 Conexion Establecida a POP3 Server!
2022-10-23 17:00:02 PROCESO POPPER EMBLUE CONCLUIDO!
2022-10-23 17:00:02 
2022-10-23 17:15:01 ------------------------------------------------------------------------
2022-10-23 17:15:01 ---------------------INICIANDO MASTER POPPER EMBLUE---------------------
2022-10-23 17:15:01 ------------------------------------------------------------------------
2022-10-23 17:15:01 Conexion Establecida a POP3 Server!
2022-10-23 17:15:01 PROCESO POPPER EMBLUE CONCLUIDO!
2022-10-23 17:15:01 
2022-10-23 17:30:01 ------------------------------------------------------------------------
2022-10-23 17:30:01 ---------------------INICIANDO MASTER POPPER EMBLUE---------------------
2022-10-23 17:30:01 ------------------------------------------------------------------------
2022-10-23 17:30:02 Conexion Establecida a POP3 Server!
2022-10-23 17:30:02 PROCESO POPPER EMBLUE CONCLUIDO!
2022-10-23 17:30:02 
2022-10-23 17:45:01 ------------------------------------------------------------------------
2022-10-23 17:45:01 ---------------------INICIANDO MASTER POPPER EMBLUE---------------------
2022-10-23 17:45:01 ------------------------------------------------------------------------
2022-10-23 17:45:01 Conexion Establecida a POP3 Server!
2022-10-23 17:45:01 PROCESO POPPER EMBLUE CONCLUIDO!
2022-10-23 17:45:01 
2022-10-23 18:00:01 ------------------------------------------------------------------------
2022-10-23 18:00:01 ---------------------INICIANDO MASTER POPPER EMBLUE---------------------
2022-10-23 18:00:01 ------------------------------------------------------------------------
2022-10-23 18:00:01 Conexion Establecida a POP3 Server!
2022-10-23 18:00:01 PROCESO POPPER EMBLUE CONCLUIDO!
2022-10-23 18:00:01 
2022-10-23 18:15:01 ------------------------------------------------------------------------
2022-10-23 18:15:01 ---------------------INICIANDO MASTER POPPER EMBLUE---------------------
2022-10-23 18:15:01 ------------------------------------------------------------------------
2022-10-23 18:15:01 Conexion Establecida a POP3 Server!
2022-10-23 18:15:01 PROCESO POPPER EMBLUE CONCLUIDO!
2022-10-23 18:15:01 
2022-10-23 18:30:01 ------------------------------------------------------------------------
2022-10-23 18:30:01 ---------------------INICIANDO MASTER POPPER EMBLUE---------------------
2022-10-23 18:30:01 ------------------------------------------------------------------------
2022-10-23 18:30:01 Conexion Establecida a POP3 Server!
2022-10-23 18:30:01 PROCESO POPPER EMBLUE CONCLUIDO!
2022-10-23 18:30:01 
2022-10-23 18:45:01 ------------------------------------------------------------------------
2022-10-23 18:45:01 ---------------------INICIANDO MASTER POPPER EMBLUE---------------------
2022-10-23 18:45:01 ------------------------------------------------------------------------
2022-10-23 18:45:01 Conexion Establecida a POP3 Server!
2022-10-23 18:45:01 PROCESO POPPER EMBLUE CONCLUIDO!
2022-10-23 18:45:01 
2022-10-23 19:00:01 ------------------------------------------------------------------------
2022-10-23 19:00:01 ---------------------INICIANDO MASTER POPPER EMBLUE---------------------
2022-10-23 19:00:01 ------------------------------------------------------------------------
2022-10-23 19:00:01 Conexion Establecida a POP3 Server!
2022-10-23 19:00:01 PROCESO POPPER EMBLUE CONCLUIDO!
2022-10-23 19:00:01 
2022-10-23 19:15:01 ------------------------------------------------------------------------
2022-10-23 19:15:01 ---------------------INICIANDO MASTER POPPER EMBLUE---------------------
2022-10-23 19:15:01 ------------------------------------------------------------------------
2022-10-23 19:15:01 Conexion Establecida a POP3 Server!
2022-10-23 19:15:01 PROCESO POPPER EMBLUE CONCLUIDO!
2022-10-23 19:15:01 
2022-10-23 19:30:01 ------------------------------------------------------------------------
2022-10-23 19:30:01 ---------------------INICIANDO MASTER POPPER EMBLUE---------------------
2022-10-23 19:30:01 ------------------------------------------------------------------------
2022-10-23 19:30:01 Conexion Establecida a POP3 Server!
2022-10-23 19:30:01 PROCESO POPPER EMBLUE CONCLUIDO!
2022-10-23 19:30:01 
2022-10-23 19:45:01 ------------------------------------------------------------------------
2022-10-23 19:45:01 ---------------------INICIANDO MASTER POPPER EMBLUE---------------------
2022-10-23 19:45:01 ------------------------------------------------------------------------
2022-10-23 19:45:02 Conexion Establecida a POP3 Server!
2022-10-23 19:45:02 PROCESO POPPER EMBLUE CONCLUIDO!
2022-10-23 19:45:02 
2022-10-23 20:00:01 ------------------------------------------------------------------------
2022-10-23 20:00:01 ---------------------INICIANDO MASTER POPPER EMBLUE---------------------
2022-10-23 20:00:01 ------------------------------------------------------------------------
2022-10-23 20:00:01 Conexion Establecida a POP3 Server!
2022-10-23 20:00:01 PROCESO POPPER EMBLUE CONCLUIDO!
2022-10-23 20:00:01 
2022-10-23 20:15:02 ------------------------------------------------------------------------
2022-10-23 20:15:02 ---------------------INICIANDO MASTER POPPER EMBLUE---------------------
2022-10-23 20:15:02 ------------------------------------------------------------------------
2022-10-23 20:15:02 Conexion Establecida a POP3 Server!
2022-10-23 20:15:02 PROCESO POPPER EMBLUE CONCLUIDO!
2022-10-23 20:15:02 
2022-10-23 20:30:02 ------------------------------------------------------------------------
2022-10-23 20:30:02 ---------------------INICIANDO MASTER POPPER EMBLUE---------------------
2022-10-23 20:30:02 ------------------------------------------------------------------------
2022-10-23 20:30:02 Conexion Establecida a POP3 Server!
2022-10-23 20:30:02 PROCESO POPPER EMBLUE CONCLUIDO!
2022-10-23 20:30:02 
2022-10-23 20:45:01 ------------------------------------------------------------------------
2022-10-23 20:45:01 ---------------------INICIANDO MASTER POPPER EMBLUE---------------------
2022-10-23 20:45:01 ------------------------------------------------------------------------
2022-10-23 20:45:01 Conexion Establecida a POP3 Server!
2022-10-23 20:45:01 PROCESO POPPER EMBLUE CONCLUIDO!
2022-10-23 20:45:01 
2022-10-23 21:00:01 ------------------------------------------------------------------------
2022-10-23 21:00:01 ---------------------INICIANDO MASTER POPPER EMBLUE---------------------
2022-10-23 21:00:01 ------------------------------------------------------------------------
2022-10-23 21:00:01 Conexion Establecida a POP3 Server!
2022-10-23 21:00:01 PROCESO POPPER EMBLUE CONCLUIDO!
2022-10-23 21:00:01 
2022-10-23 21:15:02 ------------------------------------------------------------------------
2022-10-23 21:15:02 ---------------------INICIANDO MASTER POPPER EMBLUE---------------------
2022-10-23 21:15:02 ------------------------------------------------------------------------
2022-10-23 21:15:02 Conexion Establecida a POP3 Server!
2022-10-23 21:15:02 PROCESO POPPER EMBLUE CONCLUIDO!
2022-10-23 21:15:02 
2022-10-23 21:30:01 ------------------------------------------------------------------------
2022-10-23 21:30:01 ---------------------INICIANDO MASTER POPPER EMBLUE---------------------
2022-10-23 21:30:01 ------------------------------------------------------------------------
2022-10-23 21:30:02 Conexion Establecida a POP3 Server!
2022-10-23 21:30:02 PROCESO POPPER EMBLUE CONCLUIDO!
2022-10-23 21:30:02 
2022-10-23 21:45:02 ------------------------------------------------------------------------
2022-10-23 21:45:02 ---------------------INICIANDO MASTER POPPER EMBLUE---------------------
2022-10-23 21:45:02 ------------------------------------------------------------------------
2022-10-23 21:45:02 Conexion Establecida a POP3 Server!
2022-10-23 21:45:02 PROCESO POPPER EMBLUE CONCLUIDO!
2022-10-23 21:45:02 
2022-10-23 22:00:01 ------------------------------------------------------------------------
2022-10-23 22:00:01 ---------------------INICIANDO MASTER POPPER EMBLUE---------------------
2022-10-23 22:00:01 ------------------------------------------------------------------------
2022-10-23 22:00:01 Conexion Establecida a POP3 Server!
2022-10-23 22:00:01 PROCESO POPPER EMBLUE CONCLUIDO!
2022-10-23 22:00:01 
2022-10-23 22:15:02 ------------------------------------------------------------------------
2022-10-23 22:15:02 ---------------------INICIANDO MASTER POPPER EMBLUE---------------------
2022-10-23 22:15:02 ------------------------------------------------------------------------
2022-10-23 22:15:02 Conexion Establecida a POP3 Server!
2022-10-23 22:15:02 PROCESO POPPER EMBLUE CONCLUIDO!
2022-10-23 22:15:02 
2022-10-23 22:30:02 ------------------------------------------------------------------------
2022-10-23 22:30:02 ---------------------INICIANDO MASTER POPPER EMBLUE---------------------
2022-10-23 22:30:02 ------------------------------------------------------------------------
2022-10-23 22:30:02 Conexion Establecida a POP3 Server!
2022-10-23 22:30:02 PROCESO POPPER EMBLUE CONCLUIDO!
2022-10-23 22:30:02 
2022-10-23 22:45:01 ------------------------------------------------------------------------
2022-10-23 22:45:01 ---------------------INICIANDO MASTER POPPER EMBLUE---------------------
2022-10-23 22:45:01 ------------------------------------------------------------------------
2022-10-23 22:45:01 Conexion Establecida a POP3 Server!
2022-10-23 22:45:01 PROCESO POPPER EMBLUE CONCLUIDO!
2022-10-23 22:45:01 
2022-10-23 23:00:01 ------------------------------------------------------------------------
2022-10-23 23:00:01 ---------------------INICIANDO MASTER POPPER EMBLUE---------------------
2022-10-23 23:00:01 ------------------------------------------------------------------------
2022-10-23 23:00:02 Conexion Establecida a POP3 Server!
2022-10-23 23:00:02 PROCESO POPPER EMBLUE CONCLUIDO!
2022-10-23 23:00:02 
2022-10-23 23:15:01 ------------------------------------------------------------------------
2022-10-23 23:15:01 ---------------------INICIANDO MASTER POPPER EMBLUE---------------------
2022-10-23 23:15:01 ------------------------------------------------------------------------
2022-10-23 23:15:01 Conexion Establecida a POP3 Server!
2022-10-23 23:15:01 PROCESO POPPER EMBLUE CONCLUIDO!
2022-10-23 23:15:01 
2022-10-23 23:30:01 ------------------------------------------------------------------------
2022-10-23 23:30:01 ---------------------INICIANDO MASTER POPPER EMBLUE---------------------
2022-10-23 23:30:01 ------------------------------------------------------------------------
2022-10-23 23:30:01 Conexion Establecida a POP3 Server!
2022-10-23 23:30:01 PROCESO POPPER EMBLUE CONCLUIDO!
2022-10-23 23:30:01 
2022-10-23 23:45:01 ------------------------------------------------------------------------
2022-10-23 23:45:01 ---------------------INICIANDO MASTER POPPER EMBLUE---------------------
2022-10-23 23:45:01 ------------------------------------------------------------------------
2022-10-23 23:45:01 Conexion Establecida a POP3 Server!
2022-10-23 23:45:01 PROCESO POPPER EMBLUE CONCLUIDO!
2022-10-23 23:45:01 
