2022-10-21 00:00:01 ------------------------------------------------------------------------
2022-10-21 00:00:01 ---------------------INICIANDO MASTER POPPER EMBLUE---------------------
2022-10-21 00:00:01 ------------------------------------------------------------------------
2022-10-21 00:00:01 Conexion Establecida a POP3 Server!
2022-10-21 00:00:01 PROCESO POPPER EMBLUE CONCLUIDO!
2022-10-21 00:00:01 
2022-10-21 00:15:02 ------------------------------------------------------------------------
2022-10-21 00:15:02 ---------------------INICIANDO MASTER POPPER EMBLUE---------------------
2022-10-21 00:15:02 ------------------------------------------------------------------------
2022-10-21 00:15:02 Conexion Establecida a POP3 Server!
2022-10-21 00:15:02 PROCESO POPPER EMBLUE CONCLUIDO!
2022-10-21 00:15:02 
2022-10-21 00:30:02 ------------------------------------------------------------------------
2022-10-21 00:30:02 ---------------------INICIANDO MASTER POPPER EMBLUE---------------------
2022-10-21 00:30:02 ------------------------------------------------------------------------
2022-10-21 00:30:02 Conexion Establecida a POP3 Server!
2022-10-21 00:30:02 PROCESO POPPER EMBLUE CONCLUIDO!
2022-10-21 00:30:02 
2022-10-21 00:45:01 ------------------------------------------------------------------------
2022-10-21 00:45:01 ---------------------INICIANDO MASTER POPPER EMBLUE---------------------
2022-10-21 00:45:01 ------------------------------------------------------------------------
2022-10-21 00:45:01 Conexion Establecida a POP3 Server!
2022-10-21 00:45:01 PROCESO POPPER EMBLUE CONCLUIDO!
2022-10-21 00:45:01 
2022-10-21 01:00:01 ------------------------------------------------------------------------
2022-10-21 01:00:01 ---------------------INICIANDO MASTER POPPER EMBLUE---------------------
2022-10-21 01:00:01 ------------------------------------------------------------------------
2022-10-21 01:00:02 Conexion Establecida a POP3 Server!
2022-10-21 01:00:02 PROCESO POPPER EMBLUE CONCLUIDO!
2022-10-21 01:00:02 
2022-10-21 01:15:01 ------------------------------------------------------------------------
2022-10-21 01:15:01 ---------------------INICIANDO MASTER POPPER EMBLUE---------------------
2022-10-21 01:15:01 ------------------------------------------------------------------------
2022-10-21 01:15:01 Conexion Establecida a POP3 Server!
2022-10-21 01:15:01 PROCESO POPPER EMBLUE CONCLUIDO!
2022-10-21 01:15:01 
2022-10-21 01:30:01 ------------------------------------------------------------------------
2022-10-21 01:30:01 ---------------------INICIANDO MASTER POPPER EMBLUE---------------------
2022-10-21 01:30:01 ------------------------------------------------------------------------
2022-10-21 01:30:01 Conexion Establecida a POP3 Server!
2022-10-21 01:30:01 PROCESO POPPER EMBLUE CONCLUIDO!
2022-10-21 01:30:01 
2022-10-21 01:45:02 ------------------------------------------------------------------------
2022-10-21 01:45:02 ---------------------INICIANDO MASTER POPPER EMBLUE---------------------
2022-10-21 01:45:02 ------------------------------------------------------------------------
2022-10-21 01:45:02 Conexion Establecida a POP3 Server!
2022-10-21 01:45:02 PROCESO POPPER EMBLUE CONCLUIDO!
2022-10-21 01:45:02 
2022-10-21 02:00:02 ------------------------------------------------------------------------
2022-10-21 02:00:02 ---------------------INICIANDO MASTER POPPER EMBLUE---------------------
2022-10-21 02:00:02 ------------------------------------------------------------------------
2022-10-21 02:00:02 Conexion Establecida a POP3 Server!
2022-10-21 02:00:02 PROCESO POPPER EMBLUE CONCLUIDO!
2022-10-21 02:00:02 
2022-10-21 02:15:01 ------------------------------------------------------------------------
2022-10-21 02:15:01 ---------------------INICIANDO MASTER POPPER EMBLUE---------------------
2022-10-21 02:15:01 ------------------------------------------------------------------------
2022-10-21 02:15:01 Conexion Establecida a POP3 Server!
2022-10-21 02:15:01 PROCESO POPPER EMBLUE CONCLUIDO!
2022-10-21 02:15:01 
2022-10-21 02:30:01 ------------------------------------------------------------------------
2022-10-21 02:30:01 ---------------------INICIANDO MASTER POPPER EMBLUE---------------------
2022-10-21 02:30:01 ------------------------------------------------------------------------
2022-10-21 02:30:01 Conexion Establecida a POP3 Server!
2022-10-21 02:30:01 PROCESO POPPER EMBLUE CONCLUIDO!
2022-10-21 02:30:01 
2022-10-21 02:45:01 ------------------------------------------------------------------------
2022-10-21 02:45:01 ---------------------INICIANDO MASTER POPPER EMBLUE---------------------
2022-10-21 02:45:01 ------------------------------------------------------------------------
2022-10-21 02:45:01 Conexion Establecida a POP3 Server!
2022-10-21 02:45:01 PROCESO POPPER EMBLUE CONCLUIDO!
2022-10-21 02:45:01 
2022-10-21 03:00:02 ------------------------------------------------------------------------
2022-10-21 03:00:02 ---------------------INICIANDO MASTER POPPER EMBLUE---------------------
2022-10-21 03:00:02 ------------------------------------------------------------------------
2022-10-21 03:00:02 Conexion Establecida a POP3 Server!
2022-10-21 03:00:02 PROCESO POPPER EMBLUE CONCLUIDO!
2022-10-21 03:00:02 
2022-10-21 03:15:02 ------------------------------------------------------------------------
2022-10-21 03:15:02 ---------------------INICIANDO MASTER POPPER EMBLUE---------------------
2022-10-21 03:15:02 ------------------------------------------------------------------------
2022-10-21 03:15:02 Conexion Establecida a POP3 Server!
2022-10-21 03:15:02 PROCESO POPPER EMBLUE CONCLUIDO!
2022-10-21 03:15:02 
2022-10-21 03:30:02 ------------------------------------------------------------------------
2022-10-21 03:30:02 ---------------------INICIANDO MASTER POPPER EMBLUE---------------------
2022-10-21 03:30:02 ------------------------------------------------------------------------
2022-10-21 03:30:02 Conexion Establecida a POP3 Server!
2022-10-21 03:30:02 PROCESO POPPER EMBLUE CONCLUIDO!
2022-10-21 03:30:02 
2022-10-21 03:45:01 ------------------------------------------------------------------------
2022-10-21 03:45:01 ---------------------INICIANDO MASTER POPPER EMBLUE---------------------
2022-10-21 03:45:01 ------------------------------------------------------------------------
2022-10-21 03:45:01 Conexion Establecida a POP3 Server!
2022-10-21 03:45:01 PROCESO POPPER EMBLUE CONCLUIDO!
2022-10-21 03:45:01 
2022-10-21 04:00:02 ------------------------------------------------------------------------
2022-10-21 04:00:02 ---------------------INICIANDO MASTER POPPER EMBLUE---------------------
2022-10-21 04:00:02 ------------------------------------------------------------------------
2022-10-21 04:00:02 Conexion Establecida a POP3 Server!
2022-10-21 04:00:02 PROCESO POPPER EMBLUE CONCLUIDO!
2022-10-21 04:00:02 
2022-10-21 04:15:02 ------------------------------------------------------------------------
2022-10-21 04:15:02 ---------------------INICIANDO MASTER POPPER EMBLUE---------------------
2022-10-21 04:15:02 ------------------------------------------------------------------------
2022-10-21 04:15:02 Conexion Establecida a POP3 Server!
2022-10-21 04:15:02 PROCESO POPPER EMBLUE CONCLUIDO!
2022-10-21 04:15:02 
2022-10-21 04:30:01 ------------------------------------------------------------------------
2022-10-21 04:30:01 ---------------------INICIANDO MASTER POPPER EMBLUE---------------------
2022-10-21 04:30:01 ------------------------------------------------------------------------
2022-10-21 04:30:01 Conexion Establecida a POP3 Server!
2022-10-21 04:30:01 PROCESO POPPER EMBLUE CONCLUIDO!
2022-10-21 04:30:01 
2022-10-21 04:45:02 ------------------------------------------------------------------------
2022-10-21 04:45:02 ---------------------INICIANDO MASTER POPPER EMBLUE---------------------
2022-10-21 04:45:02 ------------------------------------------------------------------------
2022-10-21 04:45:02 Conexion Establecida a POP3 Server!
2022-10-21 04:45:02 PROCESO POPPER EMBLUE CONCLUIDO!
2022-10-21 04:45:02 
2022-10-21 05:00:02 ------------------------------------------------------------------------
2022-10-21 05:00:02 ---------------------INICIANDO MASTER POPPER EMBLUE---------------------
2022-10-21 05:00:02 ------------------------------------------------------------------------
2022-10-21 05:00:02 Conexion Establecida a POP3 Server!
2022-10-21 05:00:02 PROCESO POPPER EMBLUE CONCLUIDO!
2022-10-21 05:00:02 
2022-10-21 05:15:01 ------------------------------------------------------------------------
2022-10-21 05:15:01 ---------------------INICIANDO MASTER POPPER EMBLUE---------------------
2022-10-21 05:15:01 ------------------------------------------------------------------------
2022-10-21 05:15:01 Conexion Establecida a POP3 Server!
2022-10-21 05:15:01 PROCESO POPPER EMBLUE CONCLUIDO!
2022-10-21 05:15:01 
2022-10-21 05:30:02 ------------------------------------------------------------------------
2022-10-21 05:30:02 ---------------------INICIANDO MASTER POPPER EMBLUE---------------------
2022-10-21 05:30:02 ------------------------------------------------------------------------
2022-10-21 05:30:02 Conexion Establecida a POP3 Server!
2022-10-21 05:30:02 PROCESO POPPER EMBLUE CONCLUIDO!
2022-10-21 05:30:02 
2022-10-21 05:45:01 ------------------------------------------------------------------------
2022-10-21 05:45:01 ---------------------INICIANDO MASTER POPPER EMBLUE---------------------
2022-10-21 05:45:01 ------------------------------------------------------------------------
2022-10-21 05:45:01 Conexion Establecida a POP3 Server!
2022-10-21 05:45:01 PROCESO POPPER EMBLUE CONCLUIDO!
2022-10-21 05:45:01 
2022-10-21 06:00:02 ------------------------------------------------------------------------
2022-10-21 06:00:02 ---------------------INICIANDO MASTER POPPER EMBLUE---------------------
2022-10-21 06:00:02 ------------------------------------------------------------------------
2022-10-21 06:00:02 Conexion Establecida a POP3 Server!
2022-10-21 06:00:02 PROCESO POPPER EMBLUE CONCLUIDO!
2022-10-21 06:00:02 
2022-10-21 06:15:02 ------------------------------------------------------------------------
2022-10-21 06:15:02 ---------------------INICIANDO MASTER POPPER EMBLUE---------------------
2022-10-21 06:15:02 ------------------------------------------------------------------------
2022-10-21 06:15:02 Conexion Establecida a POP3 Server!
2022-10-21 06:15:02 PROCESO POPPER EMBLUE CONCLUIDO!
2022-10-21 06:15:02 
2022-10-21 06:30:01 ------------------------------------------------------------------------
2022-10-21 06:30:01 ---------------------INICIANDO MASTER POPPER EMBLUE---------------------
2022-10-21 06:30:01 ------------------------------------------------------------------------
2022-10-21 06:30:01 Conexion Establecida a POP3 Server!
2022-10-21 06:30:01 PROCESO POPPER EMBLUE CONCLUIDO!
2022-10-21 06:30:01 
2022-10-21 06:45:02 ------------------------------------------------------------------------
2022-10-21 06:45:02 ---------------------INICIANDO MASTER POPPER EMBLUE---------------------
2022-10-21 06:45:02 ------------------------------------------------------------------------
2022-10-21 06:45:02 Conexion Establecida a POP3 Server!
2022-10-21 06:45:02 PROCESO POPPER EMBLUE CONCLUIDO!
2022-10-21 06:45:02 
2022-10-21 07:00:01 ------------------------------------------------------------------------
2022-10-21 07:00:01 ---------------------INICIANDO MASTER POPPER EMBLUE---------------------
2022-10-21 07:00:01 ------------------------------------------------------------------------
2022-10-21 07:00:01 Conexion Establecida a POP3 Server!
2022-10-21 07:00:01 PROCESO POPPER EMBLUE CONCLUIDO!
2022-10-21 07:00:01 
2022-10-21 07:15:01 ------------------------------------------------------------------------
2022-10-21 07:15:01 ---------------------INICIANDO MASTER POPPER EMBLUE---------------------
2022-10-21 07:15:01 ------------------------------------------------------------------------
2022-10-21 07:15:01 Conexion Establecida a POP3 Server!
2022-10-21 07:15:01 PROCESO POPPER EMBLUE CONCLUIDO!
2022-10-21 07:15:01 
2022-10-21 07:30:02 ------------------------------------------------------------------------
2022-10-21 07:30:02 ---------------------INICIANDO MASTER POPPER EMBLUE---------------------
2022-10-21 07:30:02 ------------------------------------------------------------------------
2022-10-21 07:30:02 Conexion Establecida a POP3 Server!
2022-10-21 07:30:02 PROCESO POPPER EMBLUE CONCLUIDO!
2022-10-21 07:30:02 
2022-10-21 07:45:01 ------------------------------------------------------------------------
2022-10-21 07:45:01 ---------------------INICIANDO MASTER POPPER EMBLUE---------------------
2022-10-21 07:45:01 ------------------------------------------------------------------------
2022-10-21 07:45:01 Conexion Establecida a POP3 Server!
2022-10-21 07:45:01 PROCESO POPPER EMBLUE CONCLUIDO!
2022-10-21 07:45:01 
2022-10-21 08:00:01 ------------------------------------------------------------------------
2022-10-21 08:00:01 ---------------------INICIANDO MASTER POPPER EMBLUE---------------------
2022-10-21 08:00:01 ------------------------------------------------------------------------
2022-10-21 08:00:01 Conexion Establecida a POP3 Server!
2022-10-21 08:00:01 PROCESO POPPER EMBLUE CONCLUIDO!
2022-10-21 08:00:01 
2022-10-21 08:15:01 ------------------------------------------------------------------------
2022-10-21 08:15:01 ---------------------INICIANDO MASTER POPPER EMBLUE---------------------
2022-10-21 08:15:01 ------------------------------------------------------------------------
2022-10-21 08:15:02 Conexion Establecida a POP3 Server!
2022-10-21 08:15:02 PROCESO POPPER EMBLUE CONCLUIDO!
2022-10-21 08:15:02 
2022-10-21 08:30:01 ------------------------------------------------------------------------
2022-10-21 08:30:01 ---------------------INICIANDO MASTER POPPER EMBLUE---------------------
2022-10-21 08:30:01 ------------------------------------------------------------------------
2022-10-21 08:30:01 Conexion Establecida a POP3 Server!
2022-10-21 08:30:01 PROCESO POPPER EMBLUE CONCLUIDO!
2022-10-21 08:30:01 
2022-10-21 08:45:01 ------------------------------------------------------------------------
2022-10-21 08:45:01 ---------------------INICIANDO MASTER POPPER EMBLUE---------------------
2022-10-21 08:45:01 ------------------------------------------------------------------------
2022-10-21 08:45:02 Conexion Establecida a POP3 Server!
2022-10-21 08:45:02 PROCESO POPPER EMBLUE CONCLUIDO!
2022-10-21 08:45:02 
2022-10-21 09:00:01 ------------------------------------------------------------------------
2022-10-21 09:00:01 ---------------------INICIANDO MASTER POPPER EMBLUE---------------------
2022-10-21 09:00:01 ------------------------------------------------------------------------
2022-10-21 09:00:01 Conexion Establecida a POP3 Server!
2022-10-21 09:00:01 PROCESO POPPER EMBLUE CONCLUIDO!
2022-10-21 09:00:01 
2022-10-21 09:15:01 ------------------------------------------------------------------------
2022-10-21 09:15:01 ---------------------INICIANDO MASTER POPPER EMBLUE---------------------
2022-10-21 09:15:01 ------------------------------------------------------------------------
2022-10-21 09:15:01 Conexion Establecida a POP3 Server!
2022-10-21 09:15:01 PROCESO POPPER EMBLUE CONCLUIDO!
2022-10-21 09:15:01 
2022-10-21 09:30:01 ------------------------------------------------------------------------
2022-10-21 09:30:01 ---------------------INICIANDO MASTER POPPER EMBLUE---------------------
2022-10-21 09:30:01 ------------------------------------------------------------------------
2022-10-21 09:30:01 Conexion Establecida a POP3 Server!
2022-10-21 09:30:01 PROCESO POPPER EMBLUE CONCLUIDO!
2022-10-21 09:30:01 
2022-10-21 09:45:01 ------------------------------------------------------------------------
2022-10-21 09:45:01 ---------------------INICIANDO MASTER POPPER EMBLUE---------------------
2022-10-21 09:45:01 ------------------------------------------------------------------------
2022-10-21 09:45:01 Conexion Establecida a POP3 Server!
2022-10-21 09:45:01 PROCESO POPPER EMBLUE CONCLUIDO!
2022-10-21 09:45:01 
2022-10-21 10:00:02 ------------------------------------------------------------------------
2022-10-21 10:00:02 ---------------------INICIANDO MASTER POPPER EMBLUE---------------------
2022-10-21 10:00:02 ------------------------------------------------------------------------
2022-10-21 10:00:02 Conexion Establecida a POP3 Server!
2022-10-21 10:00:02 PROCESO POPPER EMBLUE CONCLUIDO!
2022-10-21 10:00:02 
2022-10-21 10:15:01 ------------------------------------------------------------------------
2022-10-21 10:15:01 ---------------------INICIANDO MASTER POPPER EMBLUE---------------------
2022-10-21 10:15:01 ------------------------------------------------------------------------
2022-10-21 10:15:01 Conexion Establecida a POP3 Server!
2022-10-21 10:15:01 PROCESO POPPER EMBLUE CONCLUIDO!
2022-10-21 10:15:01 
2022-10-21 10:30:01 ------------------------------------------------------------------------
2022-10-21 10:30:01 ---------------------INICIANDO MASTER POPPER EMBLUE---------------------
2022-10-21 10:30:01 ------------------------------------------------------------------------
2022-10-21 10:30:01 Conexion Establecida a POP3 Server!
2022-10-21 10:30:01 PROCESO POPPER EMBLUE CONCLUIDO!
2022-10-21 10:30:01 
2022-10-21 10:45:02 ------------------------------------------------------------------------
2022-10-21 10:45:02 ---------------------INICIANDO MASTER POPPER EMBLUE---------------------
2022-10-21 10:45:02 ------------------------------------------------------------------------
2022-10-21 10:45:02 Conexion Establecida a POP3 Server!
2022-10-21 10:45:02 PROCESO POPPER EMBLUE CONCLUIDO!
2022-10-21 10:45:02 
2022-10-21 11:00:01 ------------------------------------------------------------------------
2022-10-21 11:00:01 ---------------------INICIANDO MASTER POPPER EMBLUE---------------------
2022-10-21 11:00:01 ------------------------------------------------------------------------
2022-10-21 11:00:01 Conexion Establecida a POP3 Server!
2022-10-21 11:00:01 PROCESO POPPER EMBLUE CONCLUIDO!
2022-10-21 11:00:01 
2022-10-21 11:15:02 ------------------------------------------------------------------------
2022-10-21 11:15:02 ---------------------INICIANDO MASTER POPPER EMBLUE---------------------
2022-10-21 11:15:02 ------------------------------------------------------------------------
2022-10-21 11:15:02 Conexion Establecida a POP3 Server!
2022-10-21 11:15:02 PROCESO POPPER EMBLUE CONCLUIDO!
2022-10-21 11:15:02 
2022-10-21 11:30:02 ------------------------------------------------------------------------
2022-10-21 11:30:02 ---------------------INICIANDO MASTER POPPER EMBLUE---------------------
2022-10-21 11:30:02 ------------------------------------------------------------------------
2022-10-21 11:30:02 Conexion Establecida a POP3 Server!
2022-10-21 11:30:02 PROCESO POPPER EMBLUE CONCLUIDO!
2022-10-21 11:30:02 
2022-10-21 11:45:01 ------------------------------------------------------------------------
2022-10-21 11:45:01 ---------------------INICIANDO MASTER POPPER EMBLUE---------------------
2022-10-21 11:45:01 ------------------------------------------------------------------------
2022-10-21 11:45:01 Conexion Establecida a POP3 Server!
2022-10-21 11:45:01 PROCESO POPPER EMBLUE CONCLUIDO!
2022-10-21 11:45:01 
2022-10-21 12:00:01 ------------------------------------------------------------------------
2022-10-21 12:00:01 ---------------------INICIANDO MASTER POPPER EMBLUE---------------------
2022-10-21 12:00:01 ------------------------------------------------------------------------
2022-10-21 12:00:01 Conexion Establecida a POP3 Server!
2022-10-21 12:00:01 PROCESO POPPER EMBLUE CONCLUIDO!
2022-10-21 12:00:01 
2022-10-21 12:15:01 ------------------------------------------------------------------------
2022-10-21 12:15:01 ---------------------INICIANDO MASTER POPPER EMBLUE---------------------
2022-10-21 12:15:01 ------------------------------------------------------------------------
2022-10-21 12:15:01 Conexion Establecida a POP3 Server!
2022-10-21 12:15:01 PROCESO POPPER EMBLUE CONCLUIDO!
2022-10-21 12:15:01 
2022-10-21 12:30:01 ------------------------------------------------------------------------
2022-10-21 12:30:01 ---------------------INICIANDO MASTER POPPER EMBLUE---------------------
2022-10-21 12:30:01 ------------------------------------------------------------------------
2022-10-21 12:30:01 Conexion Establecida a POP3 Server!
2022-10-21 12:30:01 PROCESO POPPER EMBLUE CONCLUIDO!
2022-10-21 12:30:01 
2022-10-21 12:45:02 ------------------------------------------------------------------------
2022-10-21 12:45:02 ---------------------INICIANDO MASTER POPPER EMBLUE---------------------
2022-10-21 12:45:02 ------------------------------------------------------------------------
2022-10-21 12:45:02 Conexion Establecida a POP3 Server!
2022-10-21 12:45:02 PROCESO POPPER EMBLUE CONCLUIDO!
2022-10-21 12:45:02 
2022-10-21 13:00:01 ------------------------------------------------------------------------
2022-10-21 13:00:01 ---------------------INICIANDO MASTER POPPER EMBLUE---------------------
2022-10-21 13:00:01 ------------------------------------------------------------------------
2022-10-21 13:00:01 Conexion Establecida a POP3 Server!
2022-10-21 13:00:01 PROCESO POPPER EMBLUE CONCLUIDO!
2022-10-21 13:00:01 
2022-10-21 13:15:02 ------------------------------------------------------------------------
2022-10-21 13:15:02 ---------------------INICIANDO MASTER POPPER EMBLUE---------------------
2022-10-21 13:15:02 ------------------------------------------------------------------------
2022-10-21 13:15:02 Conexion Establecida a POP3 Server!
2022-10-21 13:15:02 PROCESO POPPER EMBLUE CONCLUIDO!
2022-10-21 13:15:02 
2022-10-21 13:30:02 ------------------------------------------------------------------------
2022-10-21 13:30:02 ---------------------INICIANDO MASTER POPPER EMBLUE---------------------
2022-10-21 13:30:02 ------------------------------------------------------------------------
2022-10-21 13:30:02 Conexion Establecida a POP3 Server!
2022-10-21 13:30:02 PROCESO POPPER EMBLUE CONCLUIDO!
2022-10-21 13:30:02 
2022-10-21 13:45:01 ------------------------------------------------------------------------
2022-10-21 13:45:01 ---------------------INICIANDO MASTER POPPER EMBLUE---------------------
2022-10-21 13:45:01 ------------------------------------------------------------------------
2022-10-21 13:45:02 Conexion Establecida a POP3 Server!
2022-10-21 13:45:02 PROCESO POPPER EMBLUE CONCLUIDO!
2022-10-21 13:45:02 
2022-10-21 14:00:01 ------------------------------------------------------------------------
2022-10-21 14:00:01 ---------------------INICIANDO MASTER POPPER EMBLUE---------------------
2022-10-21 14:00:01 ------------------------------------------------------------------------
2022-10-21 14:00:01 Conexion Establecida a POP3 Server!
2022-10-21 14:00:01 PROCESO POPPER EMBLUE CONCLUIDO!
2022-10-21 14:00:01 
2022-10-21 14:15:01 ------------------------------------------------------------------------
2022-10-21 14:15:01 ---------------------INICIANDO MASTER POPPER EMBLUE---------------------
2022-10-21 14:15:01 ------------------------------------------------------------------------
2022-10-21 14:15:01 Conexion Establecida a POP3 Server!
2022-10-21 14:15:01 PROCESO POPPER EMBLUE CONCLUIDO!
2022-10-21 14:15:01 
2022-10-21 14:30:01 ------------------------------------------------------------------------
2022-10-21 14:30:01 ---------------------INICIANDO MASTER POPPER EMBLUE---------------------
2022-10-21 14:30:01 ------------------------------------------------------------------------
2022-10-21 14:30:02 Conexion Establecida a POP3 Server!
2022-10-21 14:30:02 PROCESO POPPER EMBLUE CONCLUIDO!
2022-10-21 14:30:02 
2022-10-21 14:45:02 ------------------------------------------------------------------------
2022-10-21 14:45:02 ---------------------INICIANDO MASTER POPPER EMBLUE---------------------
2022-10-21 14:45:02 ------------------------------------------------------------------------
2022-10-21 14:45:02 Conexion Establecida a POP3 Server!
2022-10-21 14:45:02 PROCESO POPPER EMBLUE CONCLUIDO!
2022-10-21 14:45:02 
2022-10-21 15:00:01 ------------------------------------------------------------------------
2022-10-21 15:00:01 ---------------------INICIANDO MASTER POPPER EMBLUE---------------------
2022-10-21 15:00:01 ------------------------------------------------------------------------
2022-10-21 15:00:01 Conexion Establecida a POP3 Server!
2022-10-21 15:00:01 PROCESO POPPER EMBLUE CONCLUIDO!
2022-10-21 15:00:01 
2022-10-21 15:15:02 ------------------------------------------------------------------------
2022-10-21 15:15:02 ---------------------INICIANDO MASTER POPPER EMBLUE---------------------
2022-10-21 15:15:02 ------------------------------------------------------------------------
2022-10-21 15:15:02 Conexion Establecida a POP3 Server!
2022-10-21 15:15:02 PROCESO POPPER EMBLUE CONCLUIDO!
2022-10-21 15:15:02 
2022-10-21 15:30:01 ------------------------------------------------------------------------
2022-10-21 15:30:01 ---------------------INICIANDO MASTER POPPER EMBLUE---------------------
2022-10-21 15:30:01 ------------------------------------------------------------------------
2022-10-21 15:30:02 Conexion Establecida a POP3 Server!
2022-10-21 15:30:02 PROCESO POPPER EMBLUE CONCLUIDO!
2022-10-21 15:30:02 
2022-10-21 15:45:01 ------------------------------------------------------------------------
2022-10-21 15:45:01 ---------------------INICIANDO MASTER POPPER EMBLUE---------------------
2022-10-21 15:45:01 ------------------------------------------------------------------------
2022-10-21 15:45:01 Conexion Establecida a POP3 Server!
2022-10-21 15:45:01 PROCESO POPPER EMBLUE CONCLUIDO!
2022-10-21 15:45:01 
2022-10-21 16:00:01 ------------------------------------------------------------------------
2022-10-21 16:00:01 ---------------------INICIANDO MASTER POPPER EMBLUE---------------------
2022-10-21 16:00:01 ------------------------------------------------------------------------
2022-10-21 16:00:01 Conexion Establecida a POP3 Server!
2022-10-21 16:00:01 PROCESO POPPER EMBLUE CONCLUIDO!
2022-10-21 16:00:01 
2022-10-21 16:15:02 ------------------------------------------------------------------------
2022-10-21 16:15:02 ---------------------INICIANDO MASTER POPPER EMBLUE---------------------
2022-10-21 16:15:02 ------------------------------------------------------------------------
2022-10-21 16:15:02 Conexion Establecida a POP3 Server!
2022-10-21 16:15:02 PROCESO POPPER EMBLUE CONCLUIDO!
2022-10-21 16:15:02 
2022-10-21 16:30:01 ------------------------------------------------------------------------
2022-10-21 16:30:01 ---------------------INICIANDO MASTER POPPER EMBLUE---------------------
2022-10-21 16:30:01 ------------------------------------------------------------------------
2022-10-21 16:30:01 Conexion Establecida a POP3 Server!
2022-10-21 16:30:01 PROCESO POPPER EMBLUE CONCLUIDO!
2022-10-21 16:30:01 
2022-10-21 16:45:01 ------------------------------------------------------------------------
2022-10-21 16:45:01 ---------------------INICIANDO MASTER POPPER EMBLUE---------------------
2022-10-21 16:45:01 ------------------------------------------------------------------------
2022-10-21 16:45:01 Conexion Establecida a POP3 Server!
2022-10-21 16:45:01 PROCESO POPPER EMBLUE CONCLUIDO!
2022-10-21 16:45:01 
2022-10-21 17:00:01 ------------------------------------------------------------------------
2022-10-21 17:00:01 ---------------------INICIANDO MASTER POPPER EMBLUE---------------------
2022-10-21 17:00:01 ------------------------------------------------------------------------
2022-10-21 17:00:01 Conexion Establecida a POP3 Server!
2022-10-21 17:00:01 PROCESO POPPER EMBLUE CONCLUIDO!
2022-10-21 17:00:01 
2022-10-21 17:15:01 ------------------------------------------------------------------------
2022-10-21 17:15:01 ---------------------INICIANDO MASTER POPPER EMBLUE---------------------
2022-10-21 17:15:01 ------------------------------------------------------------------------
2022-10-21 17:15:01 Conexion Establecida a POP3 Server!
2022-10-21 17:15:01 PROCESO POPPER EMBLUE CONCLUIDO!
2022-10-21 17:15:01 
2022-10-21 17:30:02 ------------------------------------------------------------------------
2022-10-21 17:30:02 ---------------------INICIANDO MASTER POPPER EMBLUE---------------------
2022-10-21 17:30:02 ------------------------------------------------------------------------
2022-10-21 17:30:02 Conexion Establecida a POP3 Server!
2022-10-21 17:30:02 PROCESO POPPER EMBLUE CONCLUIDO!
2022-10-21 17:30:02 
2022-10-21 17:45:02 ------------------------------------------------------------------------
2022-10-21 17:45:02 ---------------------INICIANDO MASTER POPPER EMBLUE---------------------
2022-10-21 17:45:02 ------------------------------------------------------------------------
2022-10-21 17:45:02 Conexion Establecida a POP3 Server!
2022-10-21 17:45:02 PROCESO POPPER EMBLUE CONCLUIDO!
2022-10-21 17:45:02 
2022-10-21 18:00:02 ------------------------------------------------------------------------
2022-10-21 18:00:02 ---------------------INICIANDO MASTER POPPER EMBLUE---------------------
2022-10-21 18:00:02 ------------------------------------------------------------------------
2022-10-21 18:00:02 Conexion Establecida a POP3 Server!
2022-10-21 18:00:02 PROCESO POPPER EMBLUE CONCLUIDO!
2022-10-21 18:00:02 
2022-10-21 18:15:01 ------------------------------------------------------------------------
2022-10-21 18:15:01 ---------------------INICIANDO MASTER POPPER EMBLUE---------------------
2022-10-21 18:15:01 ------------------------------------------------------------------------
2022-10-21 18:15:02 Conexion Establecida a POP3 Server!
2022-10-21 18:15:02 PROCESO POPPER EMBLUE CONCLUIDO!
2022-10-21 18:15:02 
2022-10-21 18:30:02 ------------------------------------------------------------------------
2022-10-21 18:30:02 ---------------------INICIANDO MASTER POPPER EMBLUE---------------------
2022-10-21 18:30:02 ------------------------------------------------------------------------
2022-10-21 18:30:02 Conexion Establecida a POP3 Server!
2022-10-21 18:30:02 PROCESO POPPER EMBLUE CONCLUIDO!
2022-10-21 18:30:02 
2022-10-21 18:45:02 ------------------------------------------------------------------------
2022-10-21 18:45:02 ---------------------INICIANDO MASTER POPPER EMBLUE---------------------
2022-10-21 18:45:02 ------------------------------------------------------------------------
2022-10-21 18:45:02 Conexion Establecida a POP3 Server!
2022-10-21 18:45:02 PROCESO POPPER EMBLUE CONCLUIDO!
2022-10-21 18:45:02 
2022-10-21 19:00:01 ------------------------------------------------------------------------
2022-10-21 19:00:01 ---------------------INICIANDO MASTER POPPER EMBLUE---------------------
2022-10-21 19:00:01 ------------------------------------------------------------------------
2022-10-21 19:00:01 Conexion Establecida a POP3 Server!
2022-10-21 19:00:01 PROCESO POPPER EMBLUE CONCLUIDO!
2022-10-21 19:00:01 
2022-10-21 19:15:02 ------------------------------------------------------------------------
2022-10-21 19:15:02 ---------------------INICIANDO MASTER POPPER EMBLUE---------------------
2022-10-21 19:15:02 ------------------------------------------------------------------------
2022-10-21 19:15:02 Conexion Establecida a POP3 Server!
2022-10-21 19:15:02 PROCESO POPPER EMBLUE CONCLUIDO!
2022-10-21 19:15:02 
2022-10-21 19:30:01 ------------------------------------------------------------------------
2022-10-21 19:30:01 ---------------------INICIANDO MASTER POPPER EMBLUE---------------------
2022-10-21 19:30:01 ------------------------------------------------------------------------
2022-10-21 19:30:01 Conexion Establecida a POP3 Server!
2022-10-21 19:30:01 PROCESO POPPER EMBLUE CONCLUIDO!
2022-10-21 19:30:01 
2022-10-21 19:45:02 ------------------------------------------------------------------------
2022-10-21 19:45:02 ---------------------INICIANDO MASTER POPPER EMBLUE---------------------
2022-10-21 19:45:02 ------------------------------------------------------------------------
2022-10-21 19:45:02 Conexion Establecida a POP3 Server!
2022-10-21 19:45:02 PROCESO POPPER EMBLUE CONCLUIDO!
2022-10-21 19:45:02 
2022-10-21 20:00:01 ------------------------------------------------------------------------
2022-10-21 20:00:01 ---------------------INICIANDO MASTER POPPER EMBLUE---------------------
2022-10-21 20:00:01 ------------------------------------------------------------------------
2022-10-21 20:00:01 Conexion Establecida a POP3 Server!
2022-10-21 20:00:01 PROCESO POPPER EMBLUE CONCLUIDO!
2022-10-21 20:00:01 
2022-10-21 20:15:01 ------------------------------------------------------------------------
2022-10-21 20:15:01 ---------------------INICIANDO MASTER POPPER EMBLUE---------------------
2022-10-21 20:15:01 ------------------------------------------------------------------------
2022-10-21 20:15:02 Conexion Establecida a POP3 Server!
2022-10-21 20:15:02 PROCESO POPPER EMBLUE CONCLUIDO!
2022-10-21 20:15:02 
2022-10-21 20:30:01 ------------------------------------------------------------------------
2022-10-21 20:30:01 ---------------------INICIANDO MASTER POPPER EMBLUE---------------------
2022-10-21 20:30:01 ------------------------------------------------------------------------
2022-10-21 20:30:02 Conexion Establecida a POP3 Server!
2022-10-21 20:30:02 PROCESO POPPER EMBLUE CONCLUIDO!
2022-10-21 20:30:02 
2022-10-21 20:45:01 ------------------------------------------------------------------------
2022-10-21 20:45:01 ---------------------INICIANDO MASTER POPPER EMBLUE---------------------
2022-10-21 20:45:01 ------------------------------------------------------------------------
2022-10-21 20:45:01 Conexion Establecida a POP3 Server!
2022-10-21 20:45:01 PROCESO POPPER EMBLUE CONCLUIDO!
2022-10-21 20:45:01 
2022-10-21 21:00:01 ------------------------------------------------------------------------
2022-10-21 21:00:01 ---------------------INICIANDO MASTER POPPER EMBLUE---------------------
2022-10-21 21:00:01 ------------------------------------------------------------------------
2022-10-21 21:00:01 Conexion Establecida a POP3 Server!
2022-10-21 21:00:01 PROCESO POPPER EMBLUE CONCLUIDO!
2022-10-21 21:00:01 
2022-10-21 21:15:02 ------------------------------------------------------------------------
2022-10-21 21:15:02 ---------------------INICIANDO MASTER POPPER EMBLUE---------------------
2022-10-21 21:15:02 ------------------------------------------------------------------------
2022-10-21 21:15:02 Conexion Establecida a POP3 Server!
2022-10-21 21:15:02 PROCESO POPPER EMBLUE CONCLUIDO!
2022-10-21 21:15:02 
2022-10-21 21:30:01 ------------------------------------------------------------------------
2022-10-21 21:30:01 ---------------------INICIANDO MASTER POPPER EMBLUE---------------------
2022-10-21 21:30:01 ------------------------------------------------------------------------
2022-10-21 21:30:01 Conexion Establecida a POP3 Server!
2022-10-21 21:30:01 PROCESO POPPER EMBLUE CONCLUIDO!
2022-10-21 21:30:01 
2022-10-21 21:45:01 ------------------------------------------------------------------------
2022-10-21 21:45:01 ---------------------INICIANDO MASTER POPPER EMBLUE---------------------
2022-10-21 21:45:01 ------------------------------------------------------------------------
2022-10-21 21:45:01 Conexion Establecida a POP3 Server!
2022-10-21 21:45:01 PROCESO POPPER EMBLUE CONCLUIDO!
2022-10-21 21:45:01 
2022-10-21 22:00:02 ------------------------------------------------------------------------
2022-10-21 22:00:02 ---------------------INICIANDO MASTER POPPER EMBLUE---------------------
2022-10-21 22:00:02 ------------------------------------------------------------------------
2022-10-21 22:00:02 Conexion Establecida a POP3 Server!
2022-10-21 22:00:02 PROCESO POPPER EMBLUE CONCLUIDO!
2022-10-21 22:00:02 
2022-10-21 22:15:01 ------------------------------------------------------------------------
2022-10-21 22:15:01 ---------------------INICIANDO MASTER POPPER EMBLUE---------------------
2022-10-21 22:15:01 ------------------------------------------------------------------------
2022-10-21 22:15:01 Conexion Establecida a POP3 Server!
2022-10-21 22:15:01 PROCESO POPPER EMBLUE CONCLUIDO!
2022-10-21 22:15:01 
2022-10-21 22:30:02 ------------------------------------------------------------------------
2022-10-21 22:30:02 ---------------------INICIANDO MASTER POPPER EMBLUE---------------------
2022-10-21 22:30:02 ------------------------------------------------------------------------
2022-10-21 22:30:02 Conexion Establecida a POP3 Server!
2022-10-21 22:30:02 PROCESO POPPER EMBLUE CONCLUIDO!
2022-10-21 22:30:02 
2022-10-21 22:45:01 ------------------------------------------------------------------------
2022-10-21 22:45:01 ---------------------INICIANDO MASTER POPPER EMBLUE---------------------
2022-10-21 22:45:01 ------------------------------------------------------------------------
2022-10-21 22:45:01 Conexion Establecida a POP3 Server!
2022-10-21 22:45:01 PROCESO POPPER EMBLUE CONCLUIDO!
2022-10-21 22:45:01 
2022-10-21 23:00:02 ------------------------------------------------------------------------
2022-10-21 23:00:02 ---------------------INICIANDO MASTER POPPER EMBLUE---------------------
2022-10-21 23:00:02 ------------------------------------------------------------------------
2022-10-21 23:00:02 Conexion Establecida a POP3 Server!
2022-10-21 23:00:02 PROCESO POPPER EMBLUE CONCLUIDO!
2022-10-21 23:00:02 
2022-10-21 23:15:01 ------------------------------------------------------------------------
2022-10-21 23:15:01 ---------------------INICIANDO MASTER POPPER EMBLUE---------------------
2022-10-21 23:15:01 ------------------------------------------------------------------------
2022-10-21 23:15:01 Conexion Establecida a POP3 Server!
2022-10-21 23:15:01 PROCESO POPPER EMBLUE CONCLUIDO!
2022-10-21 23:15:01 
2022-10-21 23:30:01 ------------------------------------------------------------------------
2022-10-21 23:30:01 ---------------------INICIANDO MASTER POPPER EMBLUE---------------------
2022-10-21 23:30:01 ------------------------------------------------------------------------
2022-10-21 23:30:01 Conexion Establecida a POP3 Server!
2022-10-21 23:30:01 PROCESO POPPER EMBLUE CONCLUIDO!
2022-10-21 23:30:01 
2022-10-21 23:45:01 ------------------------------------------------------------------------
2022-10-21 23:45:01 ---------------------INICIANDO MASTER POPPER EMBLUE---------------------
2022-10-21 23:45:01 ------------------------------------------------------------------------
2022-10-21 23:45:01 Conexion Establecida a POP3 Server!
2022-10-21 23:45:01 PROCESO POPPER EMBLUE CONCLUIDO!
2022-10-21 23:45:01 
