2022-10-14 00:00:02 ------------------------------------------------------------------------
2022-10-14 00:00:02 ---------------------INICIANDO MASTER POPPER EMBLUE---------------------
2022-10-14 00:00:02 ------------------------------------------------------------------------
2022-10-14 00:00:02 Conexion Establecida a POP3 Server!
2022-10-14 00:00:02 PROCESO POPPER EMBLUE CONCLUIDO!
2022-10-14 00:00:02 
2022-10-14 00:15:01 ------------------------------------------------------------------------
2022-10-14 00:15:01 ---------------------INICIANDO MASTER POPPER EMBLUE---------------------
2022-10-14 00:15:01 ------------------------------------------------------------------------
2022-10-14 00:15:01 Conexion Establecida a POP3 Server!
2022-10-14 00:15:01 PROCESO POPPER EMBLUE CONCLUIDO!
2022-10-14 00:15:01 
2022-10-14 00:30:01 ------------------------------------------------------------------------
2022-10-14 00:30:01 ---------------------INICIANDO MASTER POPPER EMBLUE---------------------
2022-10-14 00:30:01 ------------------------------------------------------------------------
2022-10-14 00:30:01 Conexion Establecida a POP3 Server!
2022-10-14 00:30:01 PROCESO POPPER EMBLUE CONCLUIDO!
2022-10-14 00:30:01 
2022-10-14 00:45:01 ------------------------------------------------------------------------
2022-10-14 00:45:01 ---------------------INICIANDO MASTER POPPER EMBLUE---------------------
2022-10-14 00:45:01 ------------------------------------------------------------------------
2022-10-14 00:45:01 Conexion Establecida a POP3 Server!
2022-10-14 00:45:01 PROCESO POPPER EMBLUE CONCLUIDO!
2022-10-14 00:45:01 
2022-10-14 01:00:02 ------------------------------------------------------------------------
2022-10-14 01:00:02 ---------------------INICIANDO MASTER POPPER EMBLUE---------------------
2022-10-14 01:00:02 ------------------------------------------------------------------------
2022-10-14 01:00:02 Conexion Establecida a POP3 Server!
2022-10-14 01:00:02 PROCESO POPPER EMBLUE CONCLUIDO!
2022-10-14 01:00:02 
2022-10-14 01:15:01 ------------------------------------------------------------------------
2022-10-14 01:15:01 ---------------------INICIANDO MASTER POPPER EMBLUE---------------------
2022-10-14 01:15:01 ------------------------------------------------------------------------
2022-10-14 01:15:01 Conexion Establecida a POP3 Server!
2022-10-14 01:15:01 PROCESO POPPER EMBLUE CONCLUIDO!
2022-10-14 01:15:01 
2022-10-14 01:30:02 ------------------------------------------------------------------------
2022-10-14 01:30:02 ---------------------INICIANDO MASTER POPPER EMBLUE---------------------
2022-10-14 01:30:02 ------------------------------------------------------------------------
2022-10-14 01:30:02 Conexion Establecida a POP3 Server!
2022-10-14 01:30:02 PROCESO POPPER EMBLUE CONCLUIDO!
2022-10-14 01:30:02 
2022-10-14 01:45:01 ------------------------------------------------------------------------
2022-10-14 01:45:01 ---------------------INICIANDO MASTER POPPER EMBLUE---------------------
2022-10-14 01:45:01 ------------------------------------------------------------------------
2022-10-14 01:45:01 Conexion Establecida a POP3 Server!
2022-10-14 01:45:01 PROCESO POPPER EMBLUE CONCLUIDO!
2022-10-14 01:45:01 
2022-10-14 02:00:01 ------------------------------------------------------------------------
2022-10-14 02:00:01 ---------------------INICIANDO MASTER POPPER EMBLUE---------------------
2022-10-14 02:00:01 ------------------------------------------------------------------------
2022-10-14 02:00:01 Conexion Establecida a POP3 Server!
2022-10-14 02:00:02 PROCESO POPPER EMBLUE CONCLUIDO!
2022-10-14 02:00:02 
2022-10-14 02:15:01 ------------------------------------------------------------------------
2022-10-14 02:15:01 ---------------------INICIANDO MASTER POPPER EMBLUE---------------------
2022-10-14 02:15:01 ------------------------------------------------------------------------
2022-10-14 02:15:01 Conexion Establecida a POP3 Server!
2022-10-14 02:15:01 PROCESO POPPER EMBLUE CONCLUIDO!
2022-10-14 02:15:01 
2022-10-14 02:30:01 ------------------------------------------------------------------------
2022-10-14 02:30:01 ---------------------INICIANDO MASTER POPPER EMBLUE---------------------
2022-10-14 02:30:01 ------------------------------------------------------------------------
2022-10-14 02:30:01 Conexion Establecida a POP3 Server!
2022-10-14 02:30:01 PROCESO POPPER EMBLUE CONCLUIDO!
2022-10-14 02:30:01 
2022-10-14 02:45:02 ------------------------------------------------------------------------
2022-10-14 02:45:02 ---------------------INICIANDO MASTER POPPER EMBLUE---------------------
2022-10-14 02:45:02 ------------------------------------------------------------------------
2022-10-14 02:45:02 Conexion Establecida a POP3 Server!
2022-10-14 02:45:02 PROCESO POPPER EMBLUE CONCLUIDO!
2022-10-14 02:45:02 
2022-10-14 03:00:01 ------------------------------------------------------------------------
2022-10-14 03:00:01 ---------------------INICIANDO MASTER POPPER EMBLUE---------------------
2022-10-14 03:00:01 ------------------------------------------------------------------------
2022-10-14 03:00:01 Conexion Establecida a POP3 Server!
2022-10-14 03:00:01 PROCESO POPPER EMBLUE CONCLUIDO!
2022-10-14 03:00:01 
2022-10-14 03:15:01 ------------------------------------------------------------------------
2022-10-14 03:15:01 ---------------------INICIANDO MASTER POPPER EMBLUE---------------------
2022-10-14 03:15:01 ------------------------------------------------------------------------
2022-10-14 03:15:01 Conexion Establecida a POP3 Server!
2022-10-14 03:15:01 PROCESO POPPER EMBLUE CONCLUIDO!
2022-10-14 03:15:01 
2022-10-14 03:30:01 ------------------------------------------------------------------------
2022-10-14 03:30:01 ---------------------INICIANDO MASTER POPPER EMBLUE---------------------
2022-10-14 03:30:01 ------------------------------------------------------------------------
2022-10-14 03:30:01 Conexion Establecida a POP3 Server!
2022-10-14 03:30:01 PROCESO POPPER EMBLUE CONCLUIDO!
2022-10-14 03:30:01 
2022-10-14 03:45:02 ------------------------------------------------------------------------
2022-10-14 03:45:02 ---------------------INICIANDO MASTER POPPER EMBLUE---------------------
2022-10-14 03:45:02 ------------------------------------------------------------------------
2022-10-14 03:45:02 Conexion Establecida a POP3 Server!
2022-10-14 03:45:02 PROCESO POPPER EMBLUE CONCLUIDO!
2022-10-14 03:45:02 
2022-10-14 04:00:01 ------------------------------------------------------------------------
2022-10-14 04:00:01 ---------------------INICIANDO MASTER POPPER EMBLUE---------------------
2022-10-14 04:00:01 ------------------------------------------------------------------------
2022-10-14 04:00:01 Conexion Establecida a POP3 Server!
2022-10-14 04:00:01 PROCESO POPPER EMBLUE CONCLUIDO!
2022-10-14 04:00:01 
2022-10-14 04:15:02 ------------------------------------------------------------------------
2022-10-14 04:15:02 ---------------------INICIANDO MASTER POPPER EMBLUE---------------------
2022-10-14 04:15:02 ------------------------------------------------------------------------
2022-10-14 04:15:02 Conexion Establecida a POP3 Server!
2022-10-14 04:15:02 PROCESO POPPER EMBLUE CONCLUIDO!
2022-10-14 04:15:02 
2022-10-14 04:30:01 ------------------------------------------------------------------------
2022-10-14 04:30:01 ---------------------INICIANDO MASTER POPPER EMBLUE---------------------
2022-10-14 04:30:01 ------------------------------------------------------------------------
2022-10-14 04:30:01 Conexion Establecida a POP3 Server!
2022-10-14 04:30:01 PROCESO POPPER EMBLUE CONCLUIDO!
2022-10-14 04:30:01 
2022-10-14 04:45:01 ------------------------------------------------------------------------
2022-10-14 04:45:01 ---------------------INICIANDO MASTER POPPER EMBLUE---------------------
2022-10-14 04:45:01 ------------------------------------------------------------------------
2022-10-14 04:45:01 Conexion Establecida a POP3 Server!
2022-10-14 04:45:01 PROCESO POPPER EMBLUE CONCLUIDO!
2022-10-14 04:45:01 
2022-10-14 05:00:01 ------------------------------------------------------------------------
2022-10-14 05:00:01 ---------------------INICIANDO MASTER POPPER EMBLUE---------------------
2022-10-14 05:00:01 ------------------------------------------------------------------------
2022-10-14 05:00:01 Conexion Establecida a POP3 Server!
2022-10-14 05:00:01 PROCESO POPPER EMBLUE CONCLUIDO!
2022-10-14 05:00:01 
2022-10-14 05:15:02 ------------------------------------------------------------------------
2022-10-14 05:15:02 ---------------------INICIANDO MASTER POPPER EMBLUE---------------------
2022-10-14 05:15:02 ------------------------------------------------------------------------
2022-10-14 05:15:02 Conexion Establecida a POP3 Server!
2022-10-14 05:15:02 PROCESO POPPER EMBLUE CONCLUIDO!
2022-10-14 05:15:02 
2022-10-14 05:30:02 ------------------------------------------------------------------------
2022-10-14 05:30:02 ---------------------INICIANDO MASTER POPPER EMBLUE---------------------
2022-10-14 05:30:02 ------------------------------------------------------------------------
2022-10-14 05:30:02 Conexion Establecida a POP3 Server!
2022-10-14 05:30:02 PROCESO POPPER EMBLUE CONCLUIDO!
2022-10-14 05:30:02 
2022-10-14 05:45:01 ------------------------------------------------------------------------
2022-10-14 05:45:01 ---------------------INICIANDO MASTER POPPER EMBLUE---------------------
2022-10-14 05:45:01 ------------------------------------------------------------------------
2022-10-14 05:45:02 Conexion Establecida a POP3 Server!
2022-10-14 05:45:02 PROCESO POPPER EMBLUE CONCLUIDO!
2022-10-14 05:45:02 
2022-10-14 06:00:01 ------------------------------------------------------------------------
2022-10-14 06:00:01 ---------------------INICIANDO MASTER POPPER EMBLUE---------------------
2022-10-14 06:00:01 ------------------------------------------------------------------------
2022-10-14 06:00:01 Conexion Establecida a POP3 Server!
2022-10-14 06:00:01 PROCESO POPPER EMBLUE CONCLUIDO!
2022-10-14 06:00:01 
2022-10-14 06:15:02 ------------------------------------------------------------------------
2022-10-14 06:15:02 ---------------------INICIANDO MASTER POPPER EMBLUE---------------------
2022-10-14 06:15:02 ------------------------------------------------------------------------
2022-10-14 06:15:02 Conexion Establecida a POP3 Server!
2022-10-14 06:15:02 PROCESO POPPER EMBLUE CONCLUIDO!
2022-10-14 06:15:02 
2022-10-14 06:30:01 ------------------------------------------------------------------------
2022-10-14 06:30:01 ---------------------INICIANDO MASTER POPPER EMBLUE---------------------
2022-10-14 06:30:01 ------------------------------------------------------------------------
2022-10-14 06:30:01 Conexion Establecida a POP3 Server!
2022-10-14 06:30:01 PROCESO POPPER EMBLUE CONCLUIDO!
2022-10-14 06:30:01 
2022-10-14 06:45:01 ------------------------------------------------------------------------
2022-10-14 06:45:01 ---------------------INICIANDO MASTER POPPER EMBLUE---------------------
2022-10-14 06:45:01 ------------------------------------------------------------------------
2022-10-14 06:45:01 Conexion Establecida a POP3 Server!
2022-10-14 06:45:01 PROCESO POPPER EMBLUE CONCLUIDO!
2022-10-14 06:45:01 
2022-10-14 07:00:01 ------------------------------------------------------------------------
2022-10-14 07:00:01 ---------------------INICIANDO MASTER POPPER EMBLUE---------------------
2022-10-14 07:00:01 ------------------------------------------------------------------------
2022-10-14 07:00:01 Conexion Establecida a POP3 Server!
2022-10-14 07:00:01 PROCESO POPPER EMBLUE CONCLUIDO!
2022-10-14 07:00:01 
2022-10-14 07:15:01 ------------------------------------------------------------------------
2022-10-14 07:15:01 ---------------------INICIANDO MASTER POPPER EMBLUE---------------------
2022-10-14 07:15:01 ------------------------------------------------------------------------
2022-10-14 07:15:01 Conexion Establecida a POP3 Server!
2022-10-14 07:15:01 PROCESO POPPER EMBLUE CONCLUIDO!
2022-10-14 07:15:01 
2022-10-14 07:30:02 ------------------------------------------------------------------------
2022-10-14 07:30:02 ---------------------INICIANDO MASTER POPPER EMBLUE---------------------
2022-10-14 07:30:02 ------------------------------------------------------------------------
2022-10-14 07:30:02 Conexion Establecida a POP3 Server!
2022-10-14 07:30:02 PROCESO POPPER EMBLUE CONCLUIDO!
2022-10-14 07:30:02 
2022-10-14 07:45:01 ------------------------------------------------------------------------
2022-10-14 07:45:01 ---------------------INICIANDO MASTER POPPER EMBLUE---------------------
2022-10-14 07:45:01 ------------------------------------------------------------------------
2022-10-14 07:45:01 Conexion Establecida a POP3 Server!
2022-10-14 07:45:01 PROCESO POPPER EMBLUE CONCLUIDO!
2022-10-14 07:45:01 
2022-10-14 08:00:01 ------------------------------------------------------------------------
2022-10-14 08:00:01 ---------------------INICIANDO MASTER POPPER EMBLUE---------------------
2022-10-14 08:00:01 ------------------------------------------------------------------------
2022-10-14 08:00:01 Conexion Establecida a POP3 Server!
2022-10-14 08:00:01 PROCESO POPPER EMBLUE CONCLUIDO!
2022-10-14 08:00:01 
2022-10-14 08:15:01 ------------------------------------------------------------------------
2022-10-14 08:15:01 ---------------------INICIANDO MASTER POPPER EMBLUE---------------------
2022-10-14 08:15:01 ------------------------------------------------------------------------
2022-10-14 08:15:01 Conexion Establecida a POP3 Server!
2022-10-14 08:15:01 PROCESO POPPER EMBLUE CONCLUIDO!
2022-10-14 08:15:01 
2022-10-14 08:30:02 ------------------------------------------------------------------------
2022-10-14 08:30:02 ---------------------INICIANDO MASTER POPPER EMBLUE---------------------
2022-10-14 08:30:02 ------------------------------------------------------------------------
2022-10-14 08:30:02 Conexion Establecida a POP3 Server!
2022-10-14 08:30:02 PROCESO POPPER EMBLUE CONCLUIDO!
2022-10-14 08:30:02 
2022-10-14 08:45:01 ------------------------------------------------------------------------
2022-10-14 08:45:01 ---------------------INICIANDO MASTER POPPER EMBLUE---------------------
2022-10-14 08:45:01 ------------------------------------------------------------------------
2022-10-14 08:45:01 Conexion Establecida a POP3 Server!
2022-10-14 08:45:01 PROCESO POPPER EMBLUE CONCLUIDO!
2022-10-14 08:45:01 
2022-10-14 09:00:01 ------------------------------------------------------------------------
2022-10-14 09:00:01 ---------------------INICIANDO MASTER POPPER EMBLUE---------------------
2022-10-14 09:00:01 ------------------------------------------------------------------------
2022-10-14 09:00:02 Conexion Establecida a POP3 Server!
2022-10-14 09:00:02 PROCESO POPPER EMBLUE CONCLUIDO!
2022-10-14 09:00:02 
2022-10-14 09:15:01 ------------------------------------------------------------------------
2022-10-14 09:15:01 ---------------------INICIANDO MASTER POPPER EMBLUE---------------------
2022-10-14 09:15:01 ------------------------------------------------------------------------
2022-10-14 09:15:01 Conexion Establecida a POP3 Server!
2022-10-14 09:15:01 PROCESO POPPER EMBLUE CONCLUIDO!
2022-10-14 09:15:01 
2022-10-14 09:30:01 ------------------------------------------------------------------------
2022-10-14 09:30:01 ---------------------INICIANDO MASTER POPPER EMBLUE---------------------
2022-10-14 09:30:01 ------------------------------------------------------------------------
2022-10-14 09:30:01 Conexion Establecida a POP3 Server!
2022-10-14 09:30:01 PROCESO POPPER EMBLUE CONCLUIDO!
2022-10-14 09:30:01 
2022-10-14 09:45:02 ------------------------------------------------------------------------
2022-10-14 09:45:02 ---------------------INICIANDO MASTER POPPER EMBLUE---------------------
2022-10-14 09:45:02 ------------------------------------------------------------------------
2022-10-14 09:45:02 Conexion Establecida a POP3 Server!
2022-10-14 09:45:02 PROCESO POPPER EMBLUE CONCLUIDO!
2022-10-14 09:45:02 
2022-10-14 10:00:01 ------------------------------------------------------------------------
2022-10-14 10:00:01 ---------------------INICIANDO MASTER POPPER EMBLUE---------------------
2022-10-14 10:00:01 ------------------------------------------------------------------------
2022-10-14 10:00:01 Conexion Establecida a POP3 Server!
2022-10-14 10:00:01 PROCESO POPPER EMBLUE CONCLUIDO!
2022-10-14 10:00:01 
2022-10-14 10:15:01 ------------------------------------------------------------------------
2022-10-14 10:15:01 ---------------------INICIANDO MASTER POPPER EMBLUE---------------------
2022-10-14 10:15:01 ------------------------------------------------------------------------
2022-10-14 10:15:01 Conexion Establecida a POP3 Server!
2022-10-14 10:15:01 PROCESO POPPER EMBLUE CONCLUIDO!
2022-10-14 10:15:01 
2022-10-14 10:30:01 ------------------------------------------------------------------------
2022-10-14 10:30:01 ---------------------INICIANDO MASTER POPPER EMBLUE---------------------
2022-10-14 10:30:01 ------------------------------------------------------------------------
2022-10-14 10:30:01 Conexion Establecida a POP3 Server!
2022-10-14 10:30:01 PROCESO POPPER EMBLUE CONCLUIDO!
2022-10-14 10:30:01 
2022-10-14 10:45:02 ------------------------------------------------------------------------
2022-10-14 10:45:02 ---------------------INICIANDO MASTER POPPER EMBLUE---------------------
2022-10-14 10:45:02 ------------------------------------------------------------------------
2022-10-14 10:45:02 Conexion Establecida a POP3 Server!
2022-10-14 10:45:02 PROCESO POPPER EMBLUE CONCLUIDO!
2022-10-14 10:45:02 
2022-10-14 11:00:02 ------------------------------------------------------------------------
2022-10-14 11:00:02 ---------------------INICIANDO MASTER POPPER EMBLUE---------------------
2022-10-14 11:00:02 ------------------------------------------------------------------------
2022-10-14 11:00:02 Conexion Establecida a POP3 Server!
2022-10-14 11:00:02 PROCESO POPPER EMBLUE CONCLUIDO!
2022-10-14 11:00:02 
2022-10-14 11:15:01 ------------------------------------------------------------------------
2022-10-14 11:15:01 ---------------------INICIANDO MASTER POPPER EMBLUE---------------------
2022-10-14 11:15:01 ------------------------------------------------------------------------
2022-10-14 11:15:02 Conexion Establecida a POP3 Server!
2022-10-14 11:15:02 PROCESO POPPER EMBLUE CONCLUIDO!
2022-10-14 11:15:02 
2022-10-14 11:30:01 ------------------------------------------------------------------------
2022-10-14 11:30:01 ---------------------INICIANDO MASTER POPPER EMBLUE---------------------
2022-10-14 11:30:01 ------------------------------------------------------------------------
2022-10-14 11:30:01 Conexion Establecida a POP3 Server!
2022-10-14 11:30:01 PROCESO POPPER EMBLUE CONCLUIDO!
2022-10-14 11:30:01 
2022-10-14 11:45:02 ------------------------------------------------------------------------
2022-10-14 11:45:02 ---------------------INICIANDO MASTER POPPER EMBLUE---------------------
2022-10-14 11:45:02 ------------------------------------------------------------------------
2022-10-14 11:45:02 Conexion Establecida a POP3 Server!
2022-10-14 11:45:02 PROCESO POPPER EMBLUE CONCLUIDO!
2022-10-14 11:45:02 
2022-10-14 12:00:01 ------------------------------------------------------------------------
2022-10-14 12:00:01 ---------------------INICIANDO MASTER POPPER EMBLUE---------------------
2022-10-14 12:00:01 ------------------------------------------------------------------------
2022-10-14 12:00:01 Conexion Establecida a POP3 Server!
2022-10-14 12:00:01 PROCESO POPPER EMBLUE CONCLUIDO!
2022-10-14 12:00:01 
2022-10-14 12:15:02 ------------------------------------------------------------------------
2022-10-14 12:15:02 ---------------------INICIANDO MASTER POPPER EMBLUE---------------------
2022-10-14 12:15:02 ------------------------------------------------------------------------
2022-10-14 12:15:02 Conexion Establecida a POP3 Server!
2022-10-14 12:15:02 PROCESO POPPER EMBLUE CONCLUIDO!
2022-10-14 12:15:02 
2022-10-14 12:30:01 ------------------------------------------------------------------------
2022-10-14 12:30:01 ---------------------INICIANDO MASTER POPPER EMBLUE---------------------
2022-10-14 12:30:01 ------------------------------------------------------------------------
2022-10-14 12:30:01 Conexion Establecida a POP3 Server!
2022-10-14 12:30:01 PROCESO POPPER EMBLUE CONCLUIDO!
2022-10-14 12:30:01 
2022-10-14 12:45:01 ------------------------------------------------------------------------
2022-10-14 12:45:01 ---------------------INICIANDO MASTER POPPER EMBLUE---------------------
2022-10-14 12:45:01 ------------------------------------------------------------------------
2022-10-14 12:45:01 Conexion Establecida a POP3 Server!
2022-10-14 12:45:01 PROCESO POPPER EMBLUE CONCLUIDO!
2022-10-14 12:45:01 
2022-10-14 13:00:01 ------------------------------------------------------------------------
2022-10-14 13:00:01 ---------------------INICIANDO MASTER POPPER EMBLUE---------------------
2022-10-14 13:00:01 ------------------------------------------------------------------------
2022-10-14 13:00:01 Conexion Establecida a POP3 Server!
2022-10-14 13:00:01 PROCESO POPPER EMBLUE CONCLUIDO!
2022-10-14 13:00:01 
2022-10-14 13:15:02 ------------------------------------------------------------------------
2022-10-14 13:15:02 ---------------------INICIANDO MASTER POPPER EMBLUE---------------------
2022-10-14 13:15:02 ------------------------------------------------------------------------
2022-10-14 13:15:02 Conexion Establecida a POP3 Server!
2022-10-14 13:15:02 PROCESO POPPER EMBLUE CONCLUIDO!
2022-10-14 13:15:02 
2022-10-14 13:30:01 ------------------------------------------------------------------------
2022-10-14 13:30:01 ---------------------INICIANDO MASTER POPPER EMBLUE---------------------
2022-10-14 13:30:01 ------------------------------------------------------------------------
2022-10-14 13:30:01 Conexion Establecida a POP3 Server!
2022-10-14 13:30:01 PROCESO POPPER EMBLUE CONCLUIDO!
2022-10-14 13:30:01 
2022-10-14 13:45:01 ------------------------------------------------------------------------
2022-10-14 13:45:01 ---------------------INICIANDO MASTER POPPER EMBLUE---------------------
2022-10-14 13:45:01 ------------------------------------------------------------------------
2022-10-14 13:45:01 Conexion Establecida a POP3 Server!
2022-10-14 13:45:01 PROCESO POPPER EMBLUE CONCLUIDO!
2022-10-14 13:45:01 
2022-10-14 14:00:01 ------------------------------------------------------------------------
2022-10-14 14:00:01 ---------------------INICIANDO MASTER POPPER EMBLUE---------------------
2022-10-14 14:00:01 ------------------------------------------------------------------------
2022-10-14 14:00:01 Conexion Establecida a POP3 Server!
2022-10-14 14:00:01 PROCESO POPPER EMBLUE CONCLUIDO!
2022-10-14 14:00:01 
2022-10-14 14:15:01 ------------------------------------------------------------------------
2022-10-14 14:15:01 ---------------------INICIANDO MASTER POPPER EMBLUE---------------------
2022-10-14 14:15:01 ------------------------------------------------------------------------
2022-10-14 14:15:01 Conexion Establecida a POP3 Server!
2022-10-14 14:15:01 PROCESO POPPER EMBLUE CONCLUIDO!
2022-10-14 14:15:01 
2022-10-14 14:30:01 ------------------------------------------------------------------------
2022-10-14 14:30:01 ---------------------INICIANDO MASTER POPPER EMBLUE---------------------
2022-10-14 14:30:01 ------------------------------------------------------------------------
2022-10-14 14:30:01 Conexion Establecida a POP3 Server!
2022-10-14 14:30:01 PROCESO POPPER EMBLUE CONCLUIDO!
2022-10-14 14:30:01 
2022-10-14 14:45:01 ------------------------------------------------------------------------
2022-10-14 14:45:01 ---------------------INICIANDO MASTER POPPER EMBLUE---------------------
2022-10-14 14:45:01 ------------------------------------------------------------------------
2022-10-14 14:45:01 Conexion Establecida a POP3 Server!
2022-10-14 14:45:01 PROCESO POPPER EMBLUE CONCLUIDO!
2022-10-14 14:45:01 
2022-10-14 15:00:01 ------------------------------------------------------------------------
2022-10-14 15:00:01 ---------------------INICIANDO MASTER POPPER EMBLUE---------------------
2022-10-14 15:00:01 ------------------------------------------------------------------------
2022-10-14 15:00:01 Conexion Establecida a POP3 Server!
2022-10-14 15:00:01 PROCESO POPPER EMBLUE CONCLUIDO!
2022-10-14 15:00:01 
2022-10-14 15:15:02 ------------------------------------------------------------------------
2022-10-14 15:15:02 ---------------------INICIANDO MASTER POPPER EMBLUE---------------------
2022-10-14 15:15:02 ------------------------------------------------------------------------
2022-10-14 15:15:02 Conexion Establecida a POP3 Server!
2022-10-14 15:15:02 PROCESO POPPER EMBLUE CONCLUIDO!
2022-10-14 15:15:02 
2022-10-14 15:30:01 ------------------------------------------------------------------------
2022-10-14 15:30:01 ---------------------INICIANDO MASTER POPPER EMBLUE---------------------
2022-10-14 15:30:01 ------------------------------------------------------------------------
2022-10-14 15:30:01 Conexion Establecida a POP3 Server!
2022-10-14 15:30:01 PROCESO POPPER EMBLUE CONCLUIDO!
2022-10-14 15:30:01 
2022-10-14 15:45:01 ------------------------------------------------------------------------
2022-10-14 15:45:01 ---------------------INICIANDO MASTER POPPER EMBLUE---------------------
2022-10-14 15:45:01 ------------------------------------------------------------------------
2022-10-14 15:45:01 Conexion Establecida a POP3 Server!
2022-10-14 15:45:01 PROCESO POPPER EMBLUE CONCLUIDO!
2022-10-14 15:45:01 
2022-10-14 16:00:01 ------------------------------------------------------------------------
2022-10-14 16:00:01 ---------------------INICIANDO MASTER POPPER EMBLUE---------------------
2022-10-14 16:00:01 ------------------------------------------------------------------------
2022-10-14 16:00:01 Conexion Establecida a POP3 Server!
2022-10-14 16:00:02 PROCESO POPPER EMBLUE CONCLUIDO!
2022-10-14 16:00:02 
2022-10-14 16:15:01 ------------------------------------------------------------------------
2022-10-14 16:15:01 ---------------------INICIANDO MASTER POPPER EMBLUE---------------------
2022-10-14 16:15:01 ------------------------------------------------------------------------
2022-10-14 16:15:01 Conexion Establecida a POP3 Server!
2022-10-14 16:15:01 PROCESO POPPER EMBLUE CONCLUIDO!
2022-10-14 16:15:01 
2022-10-14 16:30:02 ------------------------------------------------------------------------
2022-10-14 16:30:02 ---------------------INICIANDO MASTER POPPER EMBLUE---------------------
2022-10-14 16:30:02 ------------------------------------------------------------------------
2022-10-14 16:30:02 Conexion Establecida a POP3 Server!
2022-10-14 16:30:02 PROCESO POPPER EMBLUE CONCLUIDO!
2022-10-14 16:30:02 
2022-10-14 16:45:02 ------------------------------------------------------------------------
2022-10-14 16:45:02 ---------------------INICIANDO MASTER POPPER EMBLUE---------------------
2022-10-14 16:45:02 ------------------------------------------------------------------------
2022-10-14 16:45:02 Conexion Establecida a POP3 Server!
2022-10-14 16:45:02 PROCESO POPPER EMBLUE CONCLUIDO!
2022-10-14 16:45:02 
2022-10-14 17:00:01 ------------------------------------------------------------------------
2022-10-14 17:00:01 ---------------------INICIANDO MASTER POPPER EMBLUE---------------------
2022-10-14 17:00:01 ------------------------------------------------------------------------
2022-10-14 17:00:01 Conexion Establecida a POP3 Server!
2022-10-14 17:00:01 PROCESO POPPER EMBLUE CONCLUIDO!
2022-10-14 17:00:01 
2022-10-14 17:15:01 ------------------------------------------------------------------------
2022-10-14 17:15:01 ---------------------INICIANDO MASTER POPPER EMBLUE---------------------
2022-10-14 17:15:01 ------------------------------------------------------------------------
2022-10-14 17:15:01 Conexion Establecida a POP3 Server!
2022-10-14 17:15:01 PROCESO POPPER EMBLUE CONCLUIDO!
2022-10-14 17:15:01 
2022-10-14 17:30:01 ------------------------------------------------------------------------
2022-10-14 17:30:01 ---------------------INICIANDO MASTER POPPER EMBLUE---------------------
2022-10-14 17:30:01 ------------------------------------------------------------------------
2022-10-14 17:30:02 Conexion Establecida a POP3 Server!
2022-10-14 17:30:02 PROCESO POPPER EMBLUE CONCLUIDO!
2022-10-14 17:30:02 
2022-10-14 17:45:02 ------------------------------------------------------------------------
2022-10-14 17:45:02 ---------------------INICIANDO MASTER POPPER EMBLUE---------------------
2022-10-14 17:45:02 ------------------------------------------------------------------------
2022-10-14 17:45:02 Conexion Establecida a POP3 Server!
2022-10-14 17:45:02 PROCESO POPPER EMBLUE CONCLUIDO!
2022-10-14 17:45:02 
2022-10-14 18:00:01 ------------------------------------------------------------------------
2022-10-14 18:00:01 ---------------------INICIANDO MASTER POPPER EMBLUE---------------------
2022-10-14 18:00:01 ------------------------------------------------------------------------
2022-10-14 18:00:01 Conexion Establecida a POP3 Server!
2022-10-14 18:00:01 PROCESO POPPER EMBLUE CONCLUIDO!
2022-10-14 18:00:01 
2022-10-14 18:15:02 ------------------------------------------------------------------------
2022-10-14 18:15:02 ---------------------INICIANDO MASTER POPPER EMBLUE---------------------
2022-10-14 18:15:02 ------------------------------------------------------------------------
2022-10-14 18:15:02 Conexion Establecida a POP3 Server!
2022-10-14 18:15:02 PROCESO POPPER EMBLUE CONCLUIDO!
2022-10-14 18:15:02 
2022-10-14 18:30:01 ------------------------------------------------------------------------
2022-10-14 18:30:01 ---------------------INICIANDO MASTER POPPER EMBLUE---------------------
2022-10-14 18:30:01 ------------------------------------------------------------------------
2022-10-14 18:30:01 Conexion Establecida a POP3 Server!
2022-10-14 18:30:01 PROCESO POPPER EMBLUE CONCLUIDO!
2022-10-14 18:30:01 
2022-10-14 18:45:02 ------------------------------------------------------------------------
2022-10-14 18:45:02 ---------------------INICIANDO MASTER POPPER EMBLUE---------------------
2022-10-14 18:45:02 ------------------------------------------------------------------------
2022-10-14 18:45:02 Conexion Establecida a POP3 Server!
2022-10-14 18:45:02 PROCESO POPPER EMBLUE CONCLUIDO!
2022-10-14 18:45:02 
2022-10-14 19:00:02 ------------------------------------------------------------------------
2022-10-14 19:00:02 ---------------------INICIANDO MASTER POPPER EMBLUE---------------------
2022-10-14 19:00:02 ------------------------------------------------------------------------
2022-10-14 19:00:02 Conexion Establecida a POP3 Server!
2022-10-14 19:00:02 PROCESO POPPER EMBLUE CONCLUIDO!
2022-10-14 19:00:02 
2022-10-14 19:15:02 ------------------------------------------------------------------------
2022-10-14 19:15:02 ---------------------INICIANDO MASTER POPPER EMBLUE---------------------
2022-10-14 19:15:02 ------------------------------------------------------------------------
2022-10-14 19:15:02 Conexion Establecida a POP3 Server!
2022-10-14 19:15:02 PROCESO POPPER EMBLUE CONCLUIDO!
2022-10-14 19:15:02 
2022-10-14 19:30:01 ------------------------------------------------------------------------
2022-10-14 19:30:01 ---------------------INICIANDO MASTER POPPER EMBLUE---------------------
2022-10-14 19:30:01 ------------------------------------------------------------------------
2022-10-14 19:30:02 Conexion Establecida a POP3 Server!
2022-10-14 19:30:02 PROCESO POPPER EMBLUE CONCLUIDO!
2022-10-14 19:30:02 
2022-10-14 19:45:01 ------------------------------------------------------------------------
2022-10-14 19:45:01 ---------------------INICIANDO MASTER POPPER EMBLUE---------------------
2022-10-14 19:45:01 ------------------------------------------------------------------------
2022-10-14 19:45:01 Conexion Establecida a POP3 Server!
2022-10-14 19:45:01 PROCESO POPPER EMBLUE CONCLUIDO!
2022-10-14 19:45:01 
2022-10-14 20:00:01 ------------------------------------------------------------------------
2022-10-14 20:00:01 ---------------------INICIANDO MASTER POPPER EMBLUE---------------------
2022-10-14 20:00:01 ------------------------------------------------------------------------
2022-10-14 20:00:01 Conexion Establecida a POP3 Server!
2022-10-14 20:00:01 PROCESO POPPER EMBLUE CONCLUIDO!
2022-10-14 20:00:01 
2022-10-14 20:15:02 ------------------------------------------------------------------------
2022-10-14 20:15:02 ---------------------INICIANDO MASTER POPPER EMBLUE---------------------
2022-10-14 20:15:02 ------------------------------------------------------------------------
2022-10-14 20:15:02 Conexion Establecida a POP3 Server!
2022-10-14 20:15:02 PROCESO POPPER EMBLUE CONCLUIDO!
2022-10-14 20:15:02 
2022-10-14 20:30:02 ------------------------------------------------------------------------
2022-10-14 20:30:02 ---------------------INICIANDO MASTER POPPER EMBLUE---------------------
2022-10-14 20:30:02 ------------------------------------------------------------------------
2022-10-14 20:30:02 Conexion Establecida a POP3 Server!
2022-10-14 20:30:02 PROCESO POPPER EMBLUE CONCLUIDO!
2022-10-14 20:30:02 
2022-10-14 20:45:01 ------------------------------------------------------------------------
2022-10-14 20:45:01 ---------------------INICIANDO MASTER POPPER EMBLUE---------------------
2022-10-14 20:45:01 ------------------------------------------------------------------------
2022-10-14 20:45:01 Conexion Establecida a POP3 Server!
2022-10-14 20:45:01 PROCESO POPPER EMBLUE CONCLUIDO!
2022-10-14 20:45:01 
2022-10-14 21:00:01 ------------------------------------------------------------------------
2022-10-14 21:00:01 ---------------------INICIANDO MASTER POPPER EMBLUE---------------------
2022-10-14 21:00:01 ------------------------------------------------------------------------
2022-10-14 21:00:02 Conexion Establecida a POP3 Server!
2022-10-14 21:00:02 PROCESO POPPER EMBLUE CONCLUIDO!
2022-10-14 21:00:02 
2022-10-14 21:15:02 ------------------------------------------------------------------------
2022-10-14 21:15:02 ---------------------INICIANDO MASTER POPPER EMBLUE---------------------
2022-10-14 21:15:02 ------------------------------------------------------------------------
2022-10-14 21:15:02 Conexion Establecida a POP3 Server!
2022-10-14 21:15:02 PROCESO POPPER EMBLUE CONCLUIDO!
2022-10-14 21:15:02 
2022-10-14 21:30:01 ------------------------------------------------------------------------
2022-10-14 21:30:01 ---------------------INICIANDO MASTER POPPER EMBLUE---------------------
2022-10-14 21:30:01 ------------------------------------------------------------------------
2022-10-14 21:30:01 Conexion Establecida a POP3 Server!
2022-10-14 21:30:01 PROCESO POPPER EMBLUE CONCLUIDO!
2022-10-14 21:30:01 
2022-10-14 21:45:01 ------------------------------------------------------------------------
2022-10-14 21:45:01 ---------------------INICIANDO MASTER POPPER EMBLUE---------------------
2022-10-14 21:45:01 ------------------------------------------------------------------------
2022-10-14 21:45:01 Conexion Establecida a POP3 Server!
2022-10-14 21:45:01 PROCESO POPPER EMBLUE CONCLUIDO!
2022-10-14 21:45:01 
2022-10-14 22:00:02 ------------------------------------------------------------------------
2022-10-14 22:00:02 ---------------------INICIANDO MASTER POPPER EMBLUE---------------------
2022-10-14 22:00:02 ------------------------------------------------------------------------
2022-10-14 22:00:02 Conexion Establecida a POP3 Server!
2022-10-14 22:00:02 PROCESO POPPER EMBLUE CONCLUIDO!
2022-10-14 22:00:02 
2022-10-14 22:15:01 ------------------------------------------------------------------------
2022-10-14 22:15:01 ---------------------INICIANDO MASTER POPPER EMBLUE---------------------
2022-10-14 22:15:01 ------------------------------------------------------------------------
2022-10-14 22:15:01 Conexion Establecida a POP3 Server!
2022-10-14 22:15:01 PROCESO POPPER EMBLUE CONCLUIDO!
2022-10-14 22:15:01 
2022-10-14 22:30:02 ------------------------------------------------------------------------
2022-10-14 22:30:02 ---------------------INICIANDO MASTER POPPER EMBLUE---------------------
2022-10-14 22:30:02 ------------------------------------------------------------------------
2022-10-14 22:30:02 Conexion Establecida a POP3 Server!
2022-10-14 22:30:02 PROCESO POPPER EMBLUE CONCLUIDO!
2022-10-14 22:30:02 
2022-10-14 22:45:01 ------------------------------------------------------------------------
2022-10-14 22:45:01 ---------------------INICIANDO MASTER POPPER EMBLUE---------------------
2022-10-14 22:45:01 ------------------------------------------------------------------------
2022-10-14 22:45:01 Conexion Establecida a POP3 Server!
2022-10-14 22:45:01 PROCESO POPPER EMBLUE CONCLUIDO!
2022-10-14 22:45:01 
2022-10-14 23:00:02 ------------------------------------------------------------------------
2022-10-14 23:00:02 ---------------------INICIANDO MASTER POPPER EMBLUE---------------------
2022-10-14 23:00:02 ------------------------------------------------------------------------
2022-10-14 23:00:02 Conexion Establecida a POP3 Server!
2022-10-14 23:00:02 PROCESO POPPER EMBLUE CONCLUIDO!
2022-10-14 23:00:02 
2022-10-14 23:15:02 ------------------------------------------------------------------------
2022-10-14 23:15:02 ---------------------INICIANDO MASTER POPPER EMBLUE---------------------
2022-10-14 23:15:02 ------------------------------------------------------------------------
2022-10-14 23:15:02 Conexion Establecida a POP3 Server!
2022-10-14 23:15:02 PROCESO POPPER EMBLUE CONCLUIDO!
2022-10-14 23:15:02 
2022-10-14 23:30:02 ------------------------------------------------------------------------
2022-10-14 23:30:02 ---------------------INICIANDO MASTER POPPER EMBLUE---------------------
2022-10-14 23:30:02 ------------------------------------------------------------------------
2022-10-14 23:30:02 Conexion Establecida a POP3 Server!
2022-10-14 23:30:02 PROCESO POPPER EMBLUE CONCLUIDO!
2022-10-14 23:30:02 
2022-10-14 23:45:02 ------------------------------------------------------------------------
2022-10-14 23:45:02 ---------------------INICIANDO MASTER POPPER EMBLUE---------------------
2022-10-14 23:45:02 ------------------------------------------------------------------------
2022-10-14 23:45:02 Conexion Establecida a POP3 Server!
2022-10-14 23:45:02 PROCESO POPPER EMBLUE CONCLUIDO!
2022-10-14 23:45:02 
