2022-10-13 00:00:01 ------------------------------------------------------------------------
2022-10-13 00:00:01 ---------------------INICIANDO MASTER POPPER EMBLUE---------------------
2022-10-13 00:00:01 ------------------------------------------------------------------------
2022-10-13 00:00:01 Conexion Establecida a POP3 Server!
2022-10-13 00:00:01 PROCESO POPPER EMBLUE CONCLUIDO!
2022-10-13 00:00:01 
2022-10-13 00:15:01 ------------------------------------------------------------------------
2022-10-13 00:15:01 ---------------------INICIANDO MASTER POPPER EMBLUE---------------------
2022-10-13 00:15:01 ------------------------------------------------------------------------
2022-10-13 00:15:02 Conexion Establecida a POP3 Server!
2022-10-13 00:15:02 PROCESO POPPER EMBLUE CONCLUIDO!
2022-10-13 00:15:02 
2022-10-13 00:30:01 ------------------------------------------------------------------------
2022-10-13 00:30:01 ---------------------INICIANDO MASTER POPPER EMBLUE---------------------
2022-10-13 00:30:01 ------------------------------------------------------------------------
2022-10-13 00:30:01 Conexion Establecida a POP3 Server!
2022-10-13 00:30:01 PROCESO POPPER EMBLUE CONCLUIDO!
2022-10-13 00:30:01 
2022-10-13 00:45:01 ------------------------------------------------------------------------
2022-10-13 00:45:01 ---------------------INICIANDO MASTER POPPER EMBLUE---------------------
2022-10-13 00:45:01 ------------------------------------------------------------------------
2022-10-13 00:45:01 Conexion Establecida a POP3 Server!
2022-10-13 00:45:01 PROCESO POPPER EMBLUE CONCLUIDO!
2022-10-13 00:45:01 
2022-10-13 01:00:02 ------------------------------------------------------------------------
2022-10-13 01:00:02 ---------------------INICIANDO MASTER POPPER EMBLUE---------------------
2022-10-13 01:00:02 ------------------------------------------------------------------------
2022-10-13 01:00:02 Conexion Establecida a POP3 Server!
2022-10-13 01:00:02 PROCESO POPPER EMBLUE CONCLUIDO!
2022-10-13 01:00:02 
2022-10-13 01:15:01 ------------------------------------------------------------------------
2022-10-13 01:15:01 ---------------------INICIANDO MASTER POPPER EMBLUE---------------------
2022-10-13 01:15:01 ------------------------------------------------------------------------
2022-10-13 01:15:02 Conexion Establecida a POP3 Server!
2022-10-13 01:15:02 PROCESO POPPER EMBLUE CONCLUIDO!
2022-10-13 01:15:02 
2022-10-13 01:30:01 ------------------------------------------------------------------------
2022-10-13 01:30:01 ---------------------INICIANDO MASTER POPPER EMBLUE---------------------
2022-10-13 01:30:01 ------------------------------------------------------------------------
2022-10-13 01:30:01 Conexion Establecida a POP3 Server!
2022-10-13 01:30:01 PROCESO POPPER EMBLUE CONCLUIDO!
2022-10-13 01:30:01 
2022-10-13 01:45:01 ------------------------------------------------------------------------
2022-10-13 01:45:01 ---------------------INICIANDO MASTER POPPER EMBLUE---------------------
2022-10-13 01:45:01 ------------------------------------------------------------------------
2022-10-13 01:45:01 Conexion Establecida a POP3 Server!
2022-10-13 01:45:01 PROCESO POPPER EMBLUE CONCLUIDO!
2022-10-13 01:45:01 
2022-10-13 02:00:02 ------------------------------------------------------------------------
2022-10-13 02:00:02 ---------------------INICIANDO MASTER POPPER EMBLUE---------------------
2022-10-13 02:00:02 ------------------------------------------------------------------------
2022-10-13 02:00:02 Conexion Establecida a POP3 Server!
2022-10-13 02:00:02 PROCESO POPPER EMBLUE CONCLUIDO!
2022-10-13 02:00:02 
2022-10-13 02:15:01 ------------------------------------------------------------------------
2022-10-13 02:15:01 ---------------------INICIANDO MASTER POPPER EMBLUE---------------------
2022-10-13 02:15:01 ------------------------------------------------------------------------
2022-10-13 02:15:01 Conexion Establecida a POP3 Server!
2022-10-13 02:15:01 PROCESO POPPER EMBLUE CONCLUIDO!
2022-10-13 02:15:01 
2022-10-13 02:30:01 ------------------------------------------------------------------------
2022-10-13 02:30:01 ---------------------INICIANDO MASTER POPPER EMBLUE---------------------
2022-10-13 02:30:01 ------------------------------------------------------------------------
2022-10-13 02:30:01 Conexion Establecida a POP3 Server!
2022-10-13 02:30:01 PROCESO POPPER EMBLUE CONCLUIDO!
2022-10-13 02:30:01 
2022-10-13 02:45:01 ------------------------------------------------------------------------
2022-10-13 02:45:01 ---------------------INICIANDO MASTER POPPER EMBLUE---------------------
2022-10-13 02:45:01 ------------------------------------------------------------------------
2022-10-13 02:45:01 Conexion Establecida a POP3 Server!
2022-10-13 02:45:01 PROCESO POPPER EMBLUE CONCLUIDO!
2022-10-13 02:45:01 
2022-10-13 03:00:01 ------------------------------------------------------------------------
2022-10-13 03:00:01 ---------------------INICIANDO MASTER POPPER EMBLUE---------------------
2022-10-13 03:00:01 ------------------------------------------------------------------------
2022-10-13 03:00:01 Conexion Establecida a POP3 Server!
2022-10-13 03:00:01 PROCESO POPPER EMBLUE CONCLUIDO!
2022-10-13 03:00:01 
2022-10-13 03:15:01 ------------------------------------------------------------------------
2022-10-13 03:15:01 ---------------------INICIANDO MASTER POPPER EMBLUE---------------------
2022-10-13 03:15:01 ------------------------------------------------------------------------
2022-10-13 03:15:01 Conexion Establecida a POP3 Server!
2022-10-13 03:15:01 PROCESO POPPER EMBLUE CONCLUIDO!
2022-10-13 03:15:01 
2022-10-13 03:30:01 ------------------------------------------------------------------------
2022-10-13 03:30:01 ---------------------INICIANDO MASTER POPPER EMBLUE---------------------
2022-10-13 03:30:01 ------------------------------------------------------------------------
2022-10-13 03:30:01 Conexion Establecida a POP3 Server!
2022-10-13 03:30:01 PROCESO POPPER EMBLUE CONCLUIDO!
2022-10-13 03:30:01 
2022-10-13 03:45:01 ------------------------------------------------------------------------
2022-10-13 03:45:01 ---------------------INICIANDO MASTER POPPER EMBLUE---------------------
2022-10-13 03:45:01 ------------------------------------------------------------------------
2022-10-13 03:45:01 Conexion Establecida a POP3 Server!
2022-10-13 03:45:01 PROCESO POPPER EMBLUE CONCLUIDO!
2022-10-13 03:45:01 
2022-10-13 04:00:01 ------------------------------------------------------------------------
2022-10-13 04:00:01 ---------------------INICIANDO MASTER POPPER EMBLUE---------------------
2022-10-13 04:00:01 ------------------------------------------------------------------------
2022-10-13 04:00:01 Conexion Establecida a POP3 Server!
2022-10-13 04:00:01 PROCESO POPPER EMBLUE CONCLUIDO!
2022-10-13 04:00:01 
2022-10-13 04:15:01 ------------------------------------------------------------------------
2022-10-13 04:15:01 ---------------------INICIANDO MASTER POPPER EMBLUE---------------------
2022-10-13 04:15:01 ------------------------------------------------------------------------
2022-10-13 04:15:01 Conexion Establecida a POP3 Server!
2022-10-13 04:15:01 PROCESO POPPER EMBLUE CONCLUIDO!
2022-10-13 04:15:01 
2022-10-13 04:30:01 ------------------------------------------------------------------------
2022-10-13 04:30:01 ---------------------INICIANDO MASTER POPPER EMBLUE---------------------
2022-10-13 04:30:01 ------------------------------------------------------------------------
2022-10-13 04:30:01 Conexion Establecida a POP3 Server!
2022-10-13 04:30:01 PROCESO POPPER EMBLUE CONCLUIDO!
2022-10-13 04:30:01 
2022-10-13 04:45:02 ------------------------------------------------------------------------
2022-10-13 04:45:02 ---------------------INICIANDO MASTER POPPER EMBLUE---------------------
2022-10-13 04:45:02 ------------------------------------------------------------------------
2022-10-13 04:45:02 Conexion Establecida a POP3 Server!
2022-10-13 04:45:02 PROCESO POPPER EMBLUE CONCLUIDO!
2022-10-13 04:45:02 
2022-10-13 05:00:01 ------------------------------------------------------------------------
2022-10-13 05:00:01 ---------------------INICIANDO MASTER POPPER EMBLUE---------------------
2022-10-13 05:00:01 ------------------------------------------------------------------------
2022-10-13 05:00:01 Conexion Establecida a POP3 Server!
2022-10-13 05:00:01 PROCESO POPPER EMBLUE CONCLUIDO!
2022-10-13 05:00:01 
2022-10-13 05:15:01 ------------------------------------------------------------------------
2022-10-13 05:15:01 ---------------------INICIANDO MASTER POPPER EMBLUE---------------------
2022-10-13 05:15:01 ------------------------------------------------------------------------
2022-10-13 05:15:01 Conexion Establecida a POP3 Server!
2022-10-13 05:15:01 PROCESO POPPER EMBLUE CONCLUIDO!
2022-10-13 05:15:01 
2022-10-13 05:30:01 ------------------------------------------------------------------------
2022-10-13 05:30:01 ---------------------INICIANDO MASTER POPPER EMBLUE---------------------
2022-10-13 05:30:01 ------------------------------------------------------------------------
2022-10-13 05:30:01 Conexion Establecida a POP3 Server!
2022-10-13 05:30:01 PROCESO POPPER EMBLUE CONCLUIDO!
2022-10-13 05:30:01 
2022-10-13 05:45:01 ------------------------------------------------------------------------
2022-10-13 05:45:01 ---------------------INICIANDO MASTER POPPER EMBLUE---------------------
2022-10-13 05:45:01 ------------------------------------------------------------------------
2022-10-13 05:45:01 Conexion Establecida a POP3 Server!
2022-10-13 05:45:01 PROCESO POPPER EMBLUE CONCLUIDO!
2022-10-13 05:45:01 
2022-10-13 06:00:01 ------------------------------------------------------------------------
2022-10-13 06:00:01 ---------------------INICIANDO MASTER POPPER EMBLUE---------------------
2022-10-13 06:00:01 ------------------------------------------------------------------------
2022-10-13 06:00:01 Conexion Establecida a POP3 Server!
2022-10-13 06:00:01 PROCESO POPPER EMBLUE CONCLUIDO!
2022-10-13 06:00:01 
2022-10-13 06:15:01 ------------------------------------------------------------------------
2022-10-13 06:15:01 ---------------------INICIANDO MASTER POPPER EMBLUE---------------------
2022-10-13 06:15:01 ------------------------------------------------------------------------
2022-10-13 06:15:01 Conexion Establecida a POP3 Server!
2022-10-13 06:15:01 PROCESO POPPER EMBLUE CONCLUIDO!
2022-10-13 06:15:01 
2022-10-13 06:30:01 ------------------------------------------------------------------------
2022-10-13 06:30:01 ---------------------INICIANDO MASTER POPPER EMBLUE---------------------
2022-10-13 06:30:01 ------------------------------------------------------------------------
2022-10-13 06:30:01 Conexion Establecida a POP3 Server!
2022-10-13 06:30:01 PROCESO POPPER EMBLUE CONCLUIDO!
2022-10-13 06:30:01 
2022-10-13 06:45:01 ------------------------------------------------------------------------
2022-10-13 06:45:01 ---------------------INICIANDO MASTER POPPER EMBLUE---------------------
2022-10-13 06:45:01 ------------------------------------------------------------------------
2022-10-13 06:45:01 Conexion Establecida a POP3 Server!
2022-10-13 06:45:01 PROCESO POPPER EMBLUE CONCLUIDO!
2022-10-13 06:45:01 
2022-10-13 07:00:01 ------------------------------------------------------------------------
2022-10-13 07:00:01 ---------------------INICIANDO MASTER POPPER EMBLUE---------------------
2022-10-13 07:00:01 ------------------------------------------------------------------------
2022-10-13 07:00:01 Conexion Establecida a POP3 Server!
2022-10-13 07:00:01 PROCESO POPPER EMBLUE CONCLUIDO!
2022-10-13 07:00:01 
2022-10-13 07:15:01 ------------------------------------------------------------------------
2022-10-13 07:15:01 ---------------------INICIANDO MASTER POPPER EMBLUE---------------------
2022-10-13 07:15:01 ------------------------------------------------------------------------
2022-10-13 07:15:01 Conexion Establecida a POP3 Server!
2022-10-13 07:15:01 PROCESO POPPER EMBLUE CONCLUIDO!
2022-10-13 07:15:01 
2022-10-13 07:30:02 ------------------------------------------------------------------------
2022-10-13 07:30:02 ---------------------INICIANDO MASTER POPPER EMBLUE---------------------
2022-10-13 07:30:02 ------------------------------------------------------------------------
2022-10-13 07:30:02 Conexion Establecida a POP3 Server!
2022-10-13 07:30:02 PROCESO POPPER EMBLUE CONCLUIDO!
2022-10-13 07:30:02 
2022-10-13 07:45:02 ------------------------------------------------------------------------
2022-10-13 07:45:02 ---------------------INICIANDO MASTER POPPER EMBLUE---------------------
2022-10-13 07:45:02 ------------------------------------------------------------------------
2022-10-13 07:45:02 Conexion Establecida a POP3 Server!
2022-10-13 07:45:02 PROCESO POPPER EMBLUE CONCLUIDO!
2022-10-13 07:45:02 
2022-10-13 08:00:02 ------------------------------------------------------------------------
2022-10-13 08:00:02 ---------------------INICIANDO MASTER POPPER EMBLUE---------------------
2022-10-13 08:00:02 ------------------------------------------------------------------------
2022-10-13 08:00:02 Conexion Establecida a POP3 Server!
2022-10-13 08:00:02 PROCESO POPPER EMBLUE CONCLUIDO!
2022-10-13 08:00:02 
2022-10-13 08:15:01 ------------------------------------------------------------------------
2022-10-13 08:15:01 ---------------------INICIANDO MASTER POPPER EMBLUE---------------------
2022-10-13 08:15:01 ------------------------------------------------------------------------
2022-10-13 08:15:02 Conexion Establecida a POP3 Server!
2022-10-13 08:15:02 PROCESO POPPER EMBLUE CONCLUIDO!
2022-10-13 08:15:02 
2022-10-13 08:30:01 ------------------------------------------------------------------------
2022-10-13 08:30:01 ---------------------INICIANDO MASTER POPPER EMBLUE---------------------
2022-10-13 08:30:01 ------------------------------------------------------------------------
2022-10-13 08:30:01 Conexion Establecida a POP3 Server!
2022-10-13 08:30:01 PROCESO POPPER EMBLUE CONCLUIDO!
2022-10-13 08:30:01 
2022-10-13 08:45:03 ------------------------------------------------------------------------
2022-10-13 08:45:03 ---------------------INICIANDO MASTER POPPER EMBLUE---------------------
2022-10-13 08:45:03 ------------------------------------------------------------------------
2022-10-13 08:45:03 Conexion Establecida a POP3 Server!
2022-10-13 08:45:03 PROCESO POPPER EMBLUE CONCLUIDO!
2022-10-13 08:45:03 
2022-10-13 09:00:02 ------------------------------------------------------------------------
2022-10-13 09:00:02 ---------------------INICIANDO MASTER POPPER EMBLUE---------------------
2022-10-13 09:00:02 ------------------------------------------------------------------------
2022-10-13 09:00:02 Conexion Establecida a POP3 Server!
2022-10-13 09:00:02 PROCESO POPPER EMBLUE CONCLUIDO!
2022-10-13 09:00:02 
2022-10-13 09:15:01 ------------------------------------------------------------------------
2022-10-13 09:15:01 ---------------------INICIANDO MASTER POPPER EMBLUE---------------------
2022-10-13 09:15:01 ------------------------------------------------------------------------
2022-10-13 09:15:01 Conexion Establecida a POP3 Server!
2022-10-13 09:15:01 PROCESO POPPER EMBLUE CONCLUIDO!
2022-10-13 09:15:01 
2022-10-13 09:30:01 ------------------------------------------------------------------------
2022-10-13 09:30:01 ---------------------INICIANDO MASTER POPPER EMBLUE---------------------
2022-10-13 09:30:01 ------------------------------------------------------------------------
2022-10-13 09:30:01 Conexion Establecida a POP3 Server!
2022-10-13 09:30:01 PROCESO POPPER EMBLUE CONCLUIDO!
2022-10-13 09:30:01 
2022-10-13 09:45:02 ------------------------------------------------------------------------
2022-10-13 09:45:02 ---------------------INICIANDO MASTER POPPER EMBLUE---------------------
2022-10-13 09:45:02 ------------------------------------------------------------------------
2022-10-13 09:45:02 Conexion Establecida a POP3 Server!
2022-10-13 09:45:02 PROCESO POPPER EMBLUE CONCLUIDO!
2022-10-13 09:45:02 
2022-10-13 10:00:01 ------------------------------------------------------------------------
2022-10-13 10:00:01 ---------------------INICIANDO MASTER POPPER EMBLUE---------------------
2022-10-13 10:00:01 ------------------------------------------------------------------------
2022-10-13 10:00:01 Conexion Establecida a POP3 Server!
2022-10-13 10:00:01 PROCESO POPPER EMBLUE CONCLUIDO!
2022-10-13 10:00:01 
2022-10-13 10:15:02 ------------------------------------------------------------------------
2022-10-13 10:15:02 ---------------------INICIANDO MASTER POPPER EMBLUE---------------------
2022-10-13 10:15:02 ------------------------------------------------------------------------
2022-10-13 10:15:02 Conexion Establecida a POP3 Server!
2022-10-13 10:15:02 PROCESO POPPER EMBLUE CONCLUIDO!
2022-10-13 10:15:02 
2022-10-13 10:30:01 ------------------------------------------------------------------------
2022-10-13 10:30:01 ---------------------INICIANDO MASTER POPPER EMBLUE---------------------
2022-10-13 10:30:01 ------------------------------------------------------------------------
2022-10-13 10:30:01 Conexion Establecida a POP3 Server!
2022-10-13 10:30:01 PROCESO POPPER EMBLUE CONCLUIDO!
2022-10-13 10:30:01 
2022-10-13 10:45:01 ------------------------------------------------------------------------
2022-10-13 10:45:01 ---------------------INICIANDO MASTER POPPER EMBLUE---------------------
2022-10-13 10:45:01 ------------------------------------------------------------------------
2022-10-13 10:45:01 Conexion Establecida a POP3 Server!
2022-10-13 10:45:01 PROCESO POPPER EMBLUE CONCLUIDO!
2022-10-13 10:45:01 
2022-10-13 11:00:02 ------------------------------------------------------------------------
2022-10-13 11:00:02 ---------------------INICIANDO MASTER POPPER EMBLUE---------------------
2022-10-13 11:00:02 ------------------------------------------------------------------------
2022-10-13 11:00:02 Conexion Establecida a POP3 Server!
2022-10-13 11:00:02 PROCESO POPPER EMBLUE CONCLUIDO!
2022-10-13 11:00:02 
2022-10-13 11:15:01 ------------------------------------------------------------------------
2022-10-13 11:15:01 ---------------------INICIANDO MASTER POPPER EMBLUE---------------------
2022-10-13 11:15:01 ------------------------------------------------------------------------
2022-10-13 11:15:01 Conexion Establecida a POP3 Server!
2022-10-13 11:15:01 PROCESO POPPER EMBLUE CONCLUIDO!
2022-10-13 11:15:01 
2022-10-13 11:30:02 ------------------------------------------------------------------------
2022-10-13 11:30:02 ---------------------INICIANDO MASTER POPPER EMBLUE---------------------
2022-10-13 11:30:02 ------------------------------------------------------------------------
2022-10-13 11:30:02 Conexion Establecida a POP3 Server!
2022-10-13 11:30:02 PROCESO POPPER EMBLUE CONCLUIDO!
2022-10-13 11:30:02 
2022-10-13 11:45:02 ------------------------------------------------------------------------
2022-10-13 11:45:02 ---------------------INICIANDO MASTER POPPER EMBLUE---------------------
2022-10-13 11:45:02 ------------------------------------------------------------------------
2022-10-13 11:45:02 Conexion Establecida a POP3 Server!
2022-10-13 11:45:02 PROCESO POPPER EMBLUE CONCLUIDO!
2022-10-13 11:45:02 
2022-10-13 12:00:01 ------------------------------------------------------------------------
2022-10-13 12:00:01 ---------------------INICIANDO MASTER POPPER EMBLUE---------------------
2022-10-13 12:00:01 ------------------------------------------------------------------------
2022-10-13 12:00:01 Conexion Establecida a POP3 Server!
2022-10-13 12:00:01 PROCESO POPPER EMBLUE CONCLUIDO!
2022-10-13 12:00:01 
2022-10-13 12:15:01 ------------------------------------------------------------------------
2022-10-13 12:15:01 ---------------------INICIANDO MASTER POPPER EMBLUE---------------------
2022-10-13 12:15:01 ------------------------------------------------------------------------
2022-10-13 12:15:01 Conexion Establecida a POP3 Server!
2022-10-13 12:15:01 PROCESO POPPER EMBLUE CONCLUIDO!
2022-10-13 12:15:01 
2022-10-13 12:30:01 ------------------------------------------------------------------------
2022-10-13 12:30:01 ---------------------INICIANDO MASTER POPPER EMBLUE---------------------
2022-10-13 12:30:01 ------------------------------------------------------------------------
2022-10-13 12:30:01 Conexion Establecida a POP3 Server!
2022-10-13 12:30:01 PROCESO POPPER EMBLUE CONCLUIDO!
2022-10-13 12:30:01 
2022-10-13 12:45:01 ------------------------------------------------------------------------
2022-10-13 12:45:01 ---------------------INICIANDO MASTER POPPER EMBLUE---------------------
2022-10-13 12:45:01 ------------------------------------------------------------------------
2022-10-13 12:45:01 Conexion Establecida a POP3 Server!
2022-10-13 12:45:01 PROCESO POPPER EMBLUE CONCLUIDO!
2022-10-13 12:45:01 
2022-10-13 13:00:02 ------------------------------------------------------------------------
2022-10-13 13:00:02 ---------------------INICIANDO MASTER POPPER EMBLUE---------------------
2022-10-13 13:00:02 ------------------------------------------------------------------------
2022-10-13 13:00:02 Conexion Establecida a POP3 Server!
2022-10-13 13:00:02 PROCESO POPPER EMBLUE CONCLUIDO!
2022-10-13 13:00:02 
2022-10-13 13:15:02 ------------------------------------------------------------------------
2022-10-13 13:15:02 ---------------------INICIANDO MASTER POPPER EMBLUE---------------------
2022-10-13 13:15:02 ------------------------------------------------------------------------
2022-10-13 13:15:02 Conexion Establecida a POP3 Server!
2022-10-13 13:15:02 PROCESO POPPER EMBLUE CONCLUIDO!
2022-10-13 13:15:02 
2022-10-13 13:30:01 ------------------------------------------------------------------------
2022-10-13 13:30:01 ---------------------INICIANDO MASTER POPPER EMBLUE---------------------
2022-10-13 13:30:01 ------------------------------------------------------------------------
2022-10-13 13:30:01 Conexion Establecida a POP3 Server!
2022-10-13 13:30:01 PROCESO POPPER EMBLUE CONCLUIDO!
2022-10-13 13:30:01 
2022-10-13 13:45:01 ------------------------------------------------------------------------
2022-10-13 13:45:01 ---------------------INICIANDO MASTER POPPER EMBLUE---------------------
2022-10-13 13:45:01 ------------------------------------------------------------------------
2022-10-13 13:45:01 Conexion Establecida a POP3 Server!
2022-10-13 13:45:01 PROCESO POPPER EMBLUE CONCLUIDO!
2022-10-13 13:45:01 
2022-10-13 14:00:01 ------------------------------------------------------------------------
2022-10-13 14:00:01 ---------------------INICIANDO MASTER POPPER EMBLUE---------------------
2022-10-13 14:00:01 ------------------------------------------------------------------------
2022-10-13 14:00:01 Conexion Establecida a POP3 Server!
2022-10-13 14:00:01 PROCESO POPPER EMBLUE CONCLUIDO!
2022-10-13 14:00:01 
2022-10-13 14:15:02 ------------------------------------------------------------------------
2022-10-13 14:15:02 ---------------------INICIANDO MASTER POPPER EMBLUE---------------------
2022-10-13 14:15:02 ------------------------------------------------------------------------
2022-10-13 14:15:02 Conexion Establecida a POP3 Server!
2022-10-13 14:15:02 PROCESO POPPER EMBLUE CONCLUIDO!
2022-10-13 14:15:02 
2022-10-13 14:30:02 ------------------------------------------------------------------------
2022-10-13 14:30:02 ---------------------INICIANDO MASTER POPPER EMBLUE---------------------
2022-10-13 14:30:02 ------------------------------------------------------------------------
2022-10-13 14:30:02 Conexion Establecida a POP3 Server!
2022-10-13 14:30:02 PROCESO POPPER EMBLUE CONCLUIDO!
2022-10-13 14:30:02 
2022-10-13 14:45:01 ------------------------------------------------------------------------
2022-10-13 14:45:01 ---------------------INICIANDO MASTER POPPER EMBLUE---------------------
2022-10-13 14:45:01 ------------------------------------------------------------------------
2022-10-13 14:45:01 Conexion Establecida a POP3 Server!
2022-10-13 14:45:01 PROCESO POPPER EMBLUE CONCLUIDO!
2022-10-13 14:45:01 
2022-10-13 15:00:02 ------------------------------------------------------------------------
2022-10-13 15:00:02 ---------------------INICIANDO MASTER POPPER EMBLUE---------------------
2022-10-13 15:00:02 ------------------------------------------------------------------------
2022-10-13 15:00:02 Conexion Establecida a POP3 Server!
2022-10-13 15:00:02 PROCESO POPPER EMBLUE CONCLUIDO!
2022-10-13 15:00:02 
2022-10-13 15:15:01 ------------------------------------------------------------------------
2022-10-13 15:15:01 ---------------------INICIANDO MASTER POPPER EMBLUE---------------------
2022-10-13 15:15:01 ------------------------------------------------------------------------
2022-10-13 15:15:02 Conexion Establecida a POP3 Server!
2022-10-13 15:15:02 PROCESO POPPER EMBLUE CONCLUIDO!
2022-10-13 15:15:02 
2022-10-13 15:30:02 ------------------------------------------------------------------------
2022-10-13 15:30:02 ---------------------INICIANDO MASTER POPPER EMBLUE---------------------
2022-10-13 15:30:02 ------------------------------------------------------------------------
2022-10-13 15:30:02 Conexion Establecida a POP3 Server!
2022-10-13 15:30:02 PROCESO POPPER EMBLUE CONCLUIDO!
2022-10-13 15:30:02 
2022-10-13 15:45:01 ------------------------------------------------------------------------
2022-10-13 15:45:01 ---------------------INICIANDO MASTER POPPER EMBLUE---------------------
2022-10-13 15:45:01 ------------------------------------------------------------------------
2022-10-13 15:45:02 Conexion Establecida a POP3 Server!
2022-10-13 15:45:02 PROCESO POPPER EMBLUE CONCLUIDO!
2022-10-13 15:45:02 
2022-10-13 16:00:02 ------------------------------------------------------------------------
2022-10-13 16:00:02 ---------------------INICIANDO MASTER POPPER EMBLUE---------------------
2022-10-13 16:00:02 ------------------------------------------------------------------------
2022-10-13 16:00:02 Conexion Establecida a POP3 Server!
2022-10-13 16:00:02 PROCESO POPPER EMBLUE CONCLUIDO!
2022-10-13 16:00:02 
2022-10-13 16:15:02 ------------------------------------------------------------------------
2022-10-13 16:15:02 ---------------------INICIANDO MASTER POPPER EMBLUE---------------------
2022-10-13 16:15:02 ------------------------------------------------------------------------
2022-10-13 16:15:02 Conexion Establecida a POP3 Server!
2022-10-13 16:15:02 PROCESO POPPER EMBLUE CONCLUIDO!
2022-10-13 16:15:02 
2022-10-13 16:30:01 ------------------------------------------------------------------------
2022-10-13 16:30:01 ---------------------INICIANDO MASTER POPPER EMBLUE---------------------
2022-10-13 16:30:01 ------------------------------------------------------------------------
2022-10-13 16:30:02 Conexion Establecida a POP3 Server!
2022-10-13 16:30:02 PROCESO POPPER EMBLUE CONCLUIDO!
2022-10-13 16:30:02 
2022-10-13 16:45:01 ------------------------------------------------------------------------
2022-10-13 16:45:01 ---------------------INICIANDO MASTER POPPER EMBLUE---------------------
2022-10-13 16:45:01 ------------------------------------------------------------------------
2022-10-13 16:45:01 Conexion Establecida a POP3 Server!
2022-10-13 16:45:01 PROCESO POPPER EMBLUE CONCLUIDO!
2022-10-13 16:45:01 
2022-10-13 17:00:01 ------------------------------------------------------------------------
2022-10-13 17:00:01 ---------------------INICIANDO MASTER POPPER EMBLUE---------------------
2022-10-13 17:00:01 ------------------------------------------------------------------------
2022-10-13 17:00:01 Conexion Establecida a POP3 Server!
2022-10-13 17:00:01 PROCESO POPPER EMBLUE CONCLUIDO!
2022-10-13 17:00:01 
2022-10-13 17:15:03 ------------------------------------------------------------------------
2022-10-13 17:15:03 ---------------------INICIANDO MASTER POPPER EMBLUE---------------------
2022-10-13 17:15:03 ------------------------------------------------------------------------
2022-10-13 17:15:03 Conexion Establecida a POP3 Server!
2022-10-13 17:15:03 PROCESO POPPER EMBLUE CONCLUIDO!
2022-10-13 17:15:03 
2022-10-13 17:30:03 ------------------------------------------------------------------------
2022-10-13 17:30:03 ---------------------INICIANDO MASTER POPPER EMBLUE---------------------
2022-10-13 17:30:03 ------------------------------------------------------------------------
2022-10-13 17:30:03 Conexion Establecida a POP3 Server!
2022-10-13 17:30:03 PROCESO POPPER EMBLUE CONCLUIDO!
2022-10-13 17:30:03 
2022-10-13 17:45:03 ------------------------------------------------------------------------
2022-10-13 17:45:03 ---------------------INICIANDO MASTER POPPER EMBLUE---------------------
2022-10-13 17:45:03 ------------------------------------------------------------------------
2022-10-13 17:45:03 Conexion Establecida a POP3 Server!
2022-10-13 17:45:03 PROCESO POPPER EMBLUE CONCLUIDO!
2022-10-13 17:45:03 
2022-10-13 18:00:02 ------------------------------------------------------------------------
2022-10-13 18:00:02 ---------------------INICIANDO MASTER POPPER EMBLUE---------------------
2022-10-13 18:00:02 ------------------------------------------------------------------------
2022-10-13 18:00:02 Conexion Establecida a POP3 Server!
2022-10-13 18:00:02 PROCESO POPPER EMBLUE CONCLUIDO!
2022-10-13 18:00:02 
2022-10-13 18:15:01 ------------------------------------------------------------------------
2022-10-13 18:15:01 ---------------------INICIANDO MASTER POPPER EMBLUE---------------------
2022-10-13 18:15:01 ------------------------------------------------------------------------
2022-10-13 18:15:01 Conexion Establecida a POP3 Server!
2022-10-13 18:15:01 PROCESO POPPER EMBLUE CONCLUIDO!
2022-10-13 18:15:01 
2022-10-13 18:30:01 ------------------------------------------------------------------------
2022-10-13 18:30:01 ---------------------INICIANDO MASTER POPPER EMBLUE---------------------
2022-10-13 18:30:01 ------------------------------------------------------------------------
2022-10-13 18:30:01 Conexion Establecida a POP3 Server!
2022-10-13 18:30:01 PROCESO POPPER EMBLUE CONCLUIDO!
2022-10-13 18:30:01 
2022-10-13 18:45:01 ------------------------------------------------------------------------
2022-10-13 18:45:01 ---------------------INICIANDO MASTER POPPER EMBLUE---------------------
2022-10-13 18:45:01 ------------------------------------------------------------------------
2022-10-13 18:45:02 Conexion Establecida a POP3 Server!
2022-10-13 18:45:02 PROCESO POPPER EMBLUE CONCLUIDO!
2022-10-13 18:45:02 
2022-10-13 19:00:02 ------------------------------------------------------------------------
2022-10-13 19:00:02 ---------------------INICIANDO MASTER POPPER EMBLUE---------------------
2022-10-13 19:00:02 ------------------------------------------------------------------------
2022-10-13 19:00:02 Conexion Establecida a POP3 Server!
2022-10-13 19:00:02 PROCESO POPPER EMBLUE CONCLUIDO!
2022-10-13 19:00:02 
2022-10-13 19:15:01 ------------------------------------------------------------------------
2022-10-13 19:15:01 ---------------------INICIANDO MASTER POPPER EMBLUE---------------------
2022-10-13 19:15:01 ------------------------------------------------------------------------
2022-10-13 19:15:01 Conexion Establecida a POP3 Server!
2022-10-13 19:15:01 PROCESO POPPER EMBLUE CONCLUIDO!
2022-10-13 19:15:01 
2022-10-13 19:30:01 ------------------------------------------------------------------------
2022-10-13 19:30:01 ---------------------INICIANDO MASTER POPPER EMBLUE---------------------
2022-10-13 19:30:01 ------------------------------------------------------------------------
2022-10-13 19:30:01 Conexion Establecida a POP3 Server!
2022-10-13 19:30:01 PROCESO POPPER EMBLUE CONCLUIDO!
2022-10-13 19:30:01 
2022-10-13 19:45:04 ------------------------------------------------------------------------
2022-10-13 19:45:04 ---------------------INICIANDO MASTER POPPER EMBLUE---------------------
2022-10-13 19:45:04 ------------------------------------------------------------------------
2022-10-13 19:45:04 Conexion Establecida a POP3 Server!
2022-10-13 19:45:04 PROCESO POPPER EMBLUE CONCLUIDO!
2022-10-13 19:45:04 
2022-10-13 20:00:01 ------------------------------------------------------------------------
2022-10-13 20:00:01 ---------------------INICIANDO MASTER POPPER EMBLUE---------------------
2022-10-13 20:00:01 ------------------------------------------------------------------------
2022-10-13 20:00:01 Conexion Establecida a POP3 Server!
2022-10-13 20:00:01 PROCESO POPPER EMBLUE CONCLUIDO!
2022-10-13 20:00:01 
2022-10-13 20:15:01 ------------------------------------------------------------------------
2022-10-13 20:15:01 ---------------------INICIANDO MASTER POPPER EMBLUE---------------------
2022-10-13 20:15:01 ------------------------------------------------------------------------
2022-10-13 20:15:01 Conexion Establecida a POP3 Server!
2022-10-13 20:15:01 PROCESO POPPER EMBLUE CONCLUIDO!
2022-10-13 20:15:01 
2022-10-13 20:30:01 ------------------------------------------------------------------------
2022-10-13 20:30:01 ---------------------INICIANDO MASTER POPPER EMBLUE---------------------
2022-10-13 20:30:01 ------------------------------------------------------------------------
2022-10-13 20:30:01 Conexion Establecida a POP3 Server!
2022-10-13 20:30:01 PROCESO POPPER EMBLUE CONCLUIDO!
2022-10-13 20:30:01 
2022-10-13 20:45:01 ------------------------------------------------------------------------
2022-10-13 20:45:01 ---------------------INICIANDO MASTER POPPER EMBLUE---------------------
2022-10-13 20:45:01 ------------------------------------------------------------------------
2022-10-13 20:45:01 Conexion Establecida a POP3 Server!
2022-10-13 20:45:01 PROCESO POPPER EMBLUE CONCLUIDO!
2022-10-13 20:45:01 
2022-10-13 21:00:01 ------------------------------------------------------------------------
2022-10-13 21:00:01 ---------------------INICIANDO MASTER POPPER EMBLUE---------------------
2022-10-13 21:00:01 ------------------------------------------------------------------------
2022-10-13 21:00:01 Conexion Establecida a POP3 Server!
2022-10-13 21:00:01 PROCESO POPPER EMBLUE CONCLUIDO!
2022-10-13 21:00:01 
2022-10-13 21:15:01 ------------------------------------------------------------------------
2022-10-13 21:15:01 ---------------------INICIANDO MASTER POPPER EMBLUE---------------------
2022-10-13 21:15:01 ------------------------------------------------------------------------
2022-10-13 21:15:01 Conexion Establecida a POP3 Server!
2022-10-13 21:15:01 PROCESO POPPER EMBLUE CONCLUIDO!
2022-10-13 21:15:01 
2022-10-13 21:30:02 ------------------------------------------------------------------------
2022-10-13 21:30:02 ---------------------INICIANDO MASTER POPPER EMBLUE---------------------
2022-10-13 21:30:02 ------------------------------------------------------------------------
2022-10-13 21:30:02 Conexion Establecida a POP3 Server!
2022-10-13 21:30:02 PROCESO POPPER EMBLUE CONCLUIDO!
2022-10-13 21:30:02 
2022-10-13 21:45:01 ------------------------------------------------------------------------
2022-10-13 21:45:01 ---------------------INICIANDO MASTER POPPER EMBLUE---------------------
2022-10-13 21:45:01 ------------------------------------------------------------------------
2022-10-13 21:45:01 Conexion Establecida a POP3 Server!
2022-10-13 21:45:01 PROCESO POPPER EMBLUE CONCLUIDO!
2022-10-13 21:45:01 
2022-10-13 22:00:01 ------------------------------------------------------------------------
2022-10-13 22:00:01 ---------------------INICIANDO MASTER POPPER EMBLUE---------------------
2022-10-13 22:00:01 ------------------------------------------------------------------------
2022-10-13 22:00:01 Conexion Establecida a POP3 Server!
2022-10-13 22:00:01 PROCESO POPPER EMBLUE CONCLUIDO!
2022-10-13 22:00:01 
2022-10-13 22:15:02 ------------------------------------------------------------------------
2022-10-13 22:15:02 ---------------------INICIANDO MASTER POPPER EMBLUE---------------------
2022-10-13 22:15:02 ------------------------------------------------------------------------
2022-10-13 22:15:02 Conexion Establecida a POP3 Server!
2022-10-13 22:15:02 PROCESO POPPER EMBLUE CONCLUIDO!
2022-10-13 22:15:02 
2022-10-13 22:30:01 ------------------------------------------------------------------------
2022-10-13 22:30:01 ---------------------INICIANDO MASTER POPPER EMBLUE---------------------
2022-10-13 22:30:01 ------------------------------------------------------------------------
2022-10-13 22:30:01 Conexion Establecida a POP3 Server!
2022-10-13 22:30:01 PROCESO POPPER EMBLUE CONCLUIDO!
2022-10-13 22:30:01 
2022-10-13 22:45:01 ------------------------------------------------------------------------
2022-10-13 22:45:01 ---------------------INICIANDO MASTER POPPER EMBLUE---------------------
2022-10-13 22:45:01 ------------------------------------------------------------------------
2022-10-13 22:45:01 Conexion Establecida a POP3 Server!
2022-10-13 22:45:01 PROCESO POPPER EMBLUE CONCLUIDO!
2022-10-13 22:45:01 
2022-10-13 23:00:02 ------------------------------------------------------------------------
2022-10-13 23:00:02 ---------------------INICIANDO MASTER POPPER EMBLUE---------------------
2022-10-13 23:00:02 ------------------------------------------------------------------------
2022-10-13 23:00:02 Conexion Establecida a POP3 Server!
2022-10-13 23:00:02 PROCESO POPPER EMBLUE CONCLUIDO!
2022-10-13 23:00:02 
2022-10-13 23:15:01 ------------------------------------------------------------------------
2022-10-13 23:15:01 ---------------------INICIANDO MASTER POPPER EMBLUE---------------------
2022-10-13 23:15:01 ------------------------------------------------------------------------
2022-10-13 23:15:01 Conexion Establecida a POP3 Server!
2022-10-13 23:15:01 PROCESO POPPER EMBLUE CONCLUIDO!
2022-10-13 23:15:01 
2022-10-13 23:30:02 ------------------------------------------------------------------------
2022-10-13 23:30:02 ---------------------INICIANDO MASTER POPPER EMBLUE---------------------
2022-10-13 23:30:02 ------------------------------------------------------------------------
2022-10-13 23:30:02 Conexion Establecida a POP3 Server!
2022-10-13 23:30:02 PROCESO POPPER EMBLUE CONCLUIDO!
2022-10-13 23:30:02 
2022-10-13 23:45:01 ------------------------------------------------------------------------
2022-10-13 23:45:01 ---------------------INICIANDO MASTER POPPER EMBLUE---------------------
2022-10-13 23:45:01 ------------------------------------------------------------------------
2022-10-13 23:45:01 Conexion Establecida a POP3 Server!
2022-10-13 23:45:01 PROCESO POPPER EMBLUE CONCLUIDO!
2022-10-13 23:45:01 
