2022-10-26 00:00:02 ------------------------------------------------------------------------
2022-10-26 00:00:02 ---------------------INICIANDO MASTER POPPER EMBLUE---------------------
2022-10-26 00:00:02 ------------------------------------------------------------------------
2022-10-26 00:00:02 Conexion Establecida a POP3 Server!
2022-10-26 00:00:02 PROCESO POPPER EMBLUE CONCLUIDO!
2022-10-26 00:00:02 
2022-10-26 00:15:01 ------------------------------------------------------------------------
2022-10-26 00:15:01 ---------------------INICIANDO MASTER POPPER EMBLUE---------------------
2022-10-26 00:15:01 ------------------------------------------------------------------------
2022-10-26 00:15:01 Conexion Establecida a POP3 Server!
2022-10-26 00:15:01 PROCESO POPPER EMBLUE CONCLUIDO!
2022-10-26 00:15:01 
2022-10-26 00:30:02 ------------------------------------------------------------------------
2022-10-26 00:30:02 ---------------------INICIANDO MASTER POPPER EMBLUE---------------------
2022-10-26 00:30:02 ------------------------------------------------------------------------
2022-10-26 00:30:02 Conexion Establecida a POP3 Server!
2022-10-26 00:30:02 PROCESO POPPER EMBLUE CONCLUIDO!
2022-10-26 00:30:02 
2022-10-26 00:45:01 ------------------------------------------------------------------------
2022-10-26 00:45:01 ---------------------INICIANDO MASTER POPPER EMBLUE---------------------
2022-10-26 00:45:01 ------------------------------------------------------------------------
2022-10-26 00:45:01 Conexion Establecida a POP3 Server!
2022-10-26 00:45:01 PROCESO POPPER EMBLUE CONCLUIDO!
2022-10-26 00:45:01 
2022-10-26 01:00:01 ------------------------------------------------------------------------
2022-10-26 01:00:01 ---------------------INICIANDO MASTER POPPER EMBLUE---------------------
2022-10-26 01:00:01 ------------------------------------------------------------------------
2022-10-26 01:00:01 Conexion Establecida a POP3 Server!
2022-10-26 01:00:01 PROCESO POPPER EMBLUE CONCLUIDO!
2022-10-26 01:00:01 
2022-10-26 01:15:01 ------------------------------------------------------------------------
2022-10-26 01:15:01 ---------------------INICIANDO MASTER POPPER EMBLUE---------------------
2022-10-26 01:15:01 ------------------------------------------------------------------------
2022-10-26 01:15:01 Conexion Establecida a POP3 Server!
2022-10-26 01:15:01 PROCESO POPPER EMBLUE CONCLUIDO!
2022-10-26 01:15:01 
2022-10-26 01:30:01 ------------------------------------------------------------------------
2022-10-26 01:30:01 ---------------------INICIANDO MASTER POPPER EMBLUE---------------------
2022-10-26 01:30:01 ------------------------------------------------------------------------
2022-10-26 01:30:02 Conexion Establecida a POP3 Server!
2022-10-26 01:30:02 PROCESO POPPER EMBLUE CONCLUIDO!
2022-10-26 01:30:02 
2022-10-26 01:45:01 ------------------------------------------------------------------------
2022-10-26 01:45:01 ---------------------INICIANDO MASTER POPPER EMBLUE---------------------
2022-10-26 01:45:01 ------------------------------------------------------------------------
2022-10-26 01:45:01 Conexion Establecida a POP3 Server!
2022-10-26 01:45:01 PROCESO POPPER EMBLUE CONCLUIDO!
2022-10-26 01:45:01 
2022-10-26 02:00:01 ------------------------------------------------------------------------
2022-10-26 02:00:01 ---------------------INICIANDO MASTER POPPER EMBLUE---------------------
2022-10-26 02:00:01 ------------------------------------------------------------------------
2022-10-26 02:00:01 Conexion Establecida a POP3 Server!
2022-10-26 02:00:01 PROCESO POPPER EMBLUE CONCLUIDO!
2022-10-26 02:00:01 
2022-10-26 02:15:01 ------------------------------------------------------------------------
2022-10-26 02:15:01 ---------------------INICIANDO MASTER POPPER EMBLUE---------------------
2022-10-26 02:15:01 ------------------------------------------------------------------------
2022-10-26 02:15:01 Conexion Establecida a POP3 Server!
2022-10-26 02:15:01 PROCESO POPPER EMBLUE CONCLUIDO!
2022-10-26 02:15:01 
2022-10-26 02:30:01 ------------------------------------------------------------------------
2022-10-26 02:30:01 ---------------------INICIANDO MASTER POPPER EMBLUE---------------------
2022-10-26 02:30:01 ------------------------------------------------------------------------
2022-10-26 02:30:01 Conexion Establecida a POP3 Server!
2022-10-26 02:30:01 PROCESO POPPER EMBLUE CONCLUIDO!
2022-10-26 02:30:01 
2022-10-26 02:45:01 ------------------------------------------------------------------------
2022-10-26 02:45:01 ---------------------INICIANDO MASTER POPPER EMBLUE---------------------
2022-10-26 02:45:01 ------------------------------------------------------------------------
2022-10-26 02:45:02 Conexion Establecida a POP3 Server!
2022-10-26 02:45:02 PROCESO POPPER EMBLUE CONCLUIDO!
2022-10-26 02:45:02 
2022-10-26 03:00:02 ------------------------------------------------------------------------
2022-10-26 03:00:02 ---------------------INICIANDO MASTER POPPER EMBLUE---------------------
2022-10-26 03:00:02 ------------------------------------------------------------------------
2022-10-26 03:00:02 Conexion Establecida a POP3 Server!
2022-10-26 03:00:02 PROCESO POPPER EMBLUE CONCLUIDO!
2022-10-26 03:00:02 
2022-10-26 03:15:01 ------------------------------------------------------------------------
2022-10-26 03:15:01 ---------------------INICIANDO MASTER POPPER EMBLUE---------------------
2022-10-26 03:15:01 ------------------------------------------------------------------------
2022-10-26 03:15:01 Conexion Establecida a POP3 Server!
2022-10-26 03:15:01 PROCESO POPPER EMBLUE CONCLUIDO!
2022-10-26 03:15:01 
2022-10-26 03:30:02 ------------------------------------------------------------------------
2022-10-26 03:30:02 ---------------------INICIANDO MASTER POPPER EMBLUE---------------------
2022-10-26 03:30:02 ------------------------------------------------------------------------
2022-10-26 03:30:02 Conexion Establecida a POP3 Server!
2022-10-26 03:30:02 PROCESO POPPER EMBLUE CONCLUIDO!
2022-10-26 03:30:02 
2022-10-26 03:45:01 ------------------------------------------------------------------------
2022-10-26 03:45:01 ---------------------INICIANDO MASTER POPPER EMBLUE---------------------
2022-10-26 03:45:01 ------------------------------------------------------------------------
2022-10-26 03:45:01 Conexion Establecida a POP3 Server!
2022-10-26 03:45:01 PROCESO POPPER EMBLUE CONCLUIDO!
2022-10-26 03:45:01 
2022-10-26 04:00:01 ------------------------------------------------------------------------
2022-10-26 04:00:01 ---------------------INICIANDO MASTER POPPER EMBLUE---------------------
2022-10-26 04:00:01 ------------------------------------------------------------------------
2022-10-26 04:00:01 Conexion Establecida a POP3 Server!
2022-10-26 04:00:01 PROCESO POPPER EMBLUE CONCLUIDO!
2022-10-26 04:00:01 
2022-10-26 04:15:01 ------------------------------------------------------------------------
2022-10-26 04:15:01 ---------------------INICIANDO MASTER POPPER EMBLUE---------------------
2022-10-26 04:15:01 ------------------------------------------------------------------------
2022-10-26 04:15:01 Conexion Establecida a POP3 Server!
2022-10-26 04:15:01 PROCESO POPPER EMBLUE CONCLUIDO!
2022-10-26 04:15:01 
2022-10-26 04:30:01 ------------------------------------------------------------------------
2022-10-26 04:30:01 ---------------------INICIANDO MASTER POPPER EMBLUE---------------------
2022-10-26 04:30:01 ------------------------------------------------------------------------
2022-10-26 04:30:01 Conexion Establecida a POP3 Server!
2022-10-26 04:30:02 PROCESO POPPER EMBLUE CONCLUIDO!
2022-10-26 04:30:02 
2022-10-26 04:45:01 ------------------------------------------------------------------------
2022-10-26 04:45:01 ---------------------INICIANDO MASTER POPPER EMBLUE---------------------
2022-10-26 04:45:01 ------------------------------------------------------------------------
2022-10-26 04:45:01 Conexion Establecida a POP3 Server!
2022-10-26 04:45:01 PROCESO POPPER EMBLUE CONCLUIDO!
2022-10-26 04:45:01 
2022-10-26 05:00:01 ------------------------------------------------------------------------
2022-10-26 05:00:01 ---------------------INICIANDO MASTER POPPER EMBLUE---------------------
2022-10-26 05:00:01 ------------------------------------------------------------------------
2022-10-26 05:00:01 Conexion Establecida a POP3 Server!
2022-10-26 05:00:02 PROCESO POPPER EMBLUE CONCLUIDO!
2022-10-26 05:00:02 
2022-10-26 05:15:02 ------------------------------------------------------------------------
2022-10-26 05:15:02 ---------------------INICIANDO MASTER POPPER EMBLUE---------------------
2022-10-26 05:15:02 ------------------------------------------------------------------------
2022-10-26 05:15:02 Conexion Establecida a POP3 Server!
2022-10-26 05:15:02 PROCESO POPPER EMBLUE CONCLUIDO!
2022-10-26 05:15:02 
2022-10-26 05:30:01 ------------------------------------------------------------------------
2022-10-26 05:30:01 ---------------------INICIANDO MASTER POPPER EMBLUE---------------------
2022-10-26 05:30:01 ------------------------------------------------------------------------
2022-10-26 05:30:01 Conexion Establecida a POP3 Server!
2022-10-26 05:30:01 PROCESO POPPER EMBLUE CONCLUIDO!
2022-10-26 05:30:01 
2022-10-26 05:45:02 ------------------------------------------------------------------------
2022-10-26 05:45:02 ---------------------INICIANDO MASTER POPPER EMBLUE---------------------
2022-10-26 05:45:02 ------------------------------------------------------------------------
2022-10-26 05:46:02 No pudo conectarse a la Base. Error: (20002, 'DB-Lib error message 20003, severity 6:\nAdaptive Server connection timed out\nOperating System error during Operation now in progress (115)\nDB-Lib error message 20002, severity 9:\nAdaptive Server connection failed\n')
2022-10-26 05:46:02 PROCESO POPPER EMBLUE CONCLUIDO!
2022-10-26 05:46:02 
2022-10-26 06:00:01 ------------------------------------------------------------------------
2022-10-26 06:00:01 ---------------------INICIANDO MASTER POPPER EMBLUE---------------------
2022-10-26 06:00:01 ------------------------------------------------------------------------
2022-10-26 06:01:01 No pudo conectarse a la Base. Error: (20002, 'DB-Lib error message 20003, severity 6:\nAdaptive Server connection timed out\nOperating System error during Operation now in progress (115)\nDB-Lib error message 20002, severity 9:\nAdaptive Server connection failed\n')
2022-10-26 06:01:01 PROCESO POPPER EMBLUE CONCLUIDO!
2022-10-26 06:01:01 
2022-10-26 06:15:02 ------------------------------------------------------------------------
2022-10-26 06:15:02 ---------------------INICIANDO MASTER POPPER EMBLUE---------------------
2022-10-26 06:15:02 ------------------------------------------------------------------------
2022-10-26 06:16:02 No pudo conectarse a la Base. Error: (20002, 'DB-Lib error message 20003, severity 6:\nAdaptive Server connection timed out\nOperating System error during Operation now in progress (115)\nDB-Lib error message 20002, severity 9:\nAdaptive Server connection failed\n')
2022-10-26 06:16:02 PROCESO POPPER EMBLUE CONCLUIDO!
2022-10-26 06:16:02 
2022-10-26 06:30:01 ------------------------------------------------------------------------
2022-10-26 06:30:01 ---------------------INICIANDO MASTER POPPER EMBLUE---------------------
2022-10-26 06:30:01 ------------------------------------------------------------------------
2022-10-26 06:31:02 No pudo conectarse a la Base. Error: (20009, 'DB-Lib error message 20009, severity 9:\nUnable to connect: Adaptive Server is unavailable or does not exist\nNet-Lib error during Operation now in progress (115)\n')
2022-10-26 06:31:02 PROCESO POPPER EMBLUE CONCLUIDO!
2022-10-26 06:31:02 
2022-10-26 06:45:02 ------------------------------------------------------------------------
2022-10-26 06:45:02 ---------------------INICIANDO MASTER POPPER EMBLUE---------------------
2022-10-26 06:45:02 ------------------------------------------------------------------------
2022-10-26 06:46:02 No pudo conectarse a la Base. Error: (20009, 'DB-Lib error message 20009, severity 9:\nUnable to connect: Adaptive Server is unavailable or does not exist\nNet-Lib error during Operation now in progress (115)\n')
2022-10-26 06:46:02 PROCESO POPPER EMBLUE CONCLUIDO!
2022-10-26 06:46:02 
2022-10-26 07:00:01 ------------------------------------------------------------------------
2022-10-26 07:00:01 ---------------------INICIANDO MASTER POPPER EMBLUE---------------------
2022-10-26 07:00:01 ------------------------------------------------------------------------
2022-10-26 07:01:01 No pudo conectarse a la Base. Error: (20009, 'DB-Lib error message 20009, severity 9:\nUnable to connect: Adaptive Server is unavailable or does not exist\nNet-Lib error during Operation now in progress (115)\n')
2022-10-26 07:01:01 PROCESO POPPER EMBLUE CONCLUIDO!
2022-10-26 07:01:01 
2022-10-26 07:15:02 ------------------------------------------------------------------------
2022-10-26 07:15:02 ---------------------INICIANDO MASTER POPPER EMBLUE---------------------
2022-10-26 07:15:02 ------------------------------------------------------------------------
2022-10-26 07:16:02 No pudo conectarse a la Base. Error: (20009, 'DB-Lib error message 20009, severity 9:\nUnable to connect: Adaptive Server is unavailable or does not exist\nNet-Lib error during Operation now in progress (115)\n')
2022-10-26 07:16:02 PROCESO POPPER EMBLUE CONCLUIDO!
2022-10-26 07:16:02 
2022-10-26 07:30:01 ------------------------------------------------------------------------
2022-10-26 07:30:01 ---------------------INICIANDO MASTER POPPER EMBLUE---------------------
2022-10-26 07:30:01 ------------------------------------------------------------------------
2022-10-26 07:31:01 No pudo conectarse a la Base. Error: (20009, 'DB-Lib error message 20009, severity 9:\nUnable to connect: Adaptive Server is unavailable or does not exist\nNet-Lib error during Operation now in progress (115)\n')
2022-10-26 07:31:01 PROCESO POPPER EMBLUE CONCLUIDO!
2022-10-26 07:31:01 
2022-10-26 07:45:02 ------------------------------------------------------------------------
2022-10-26 07:45:02 ---------------------INICIANDO MASTER POPPER EMBLUE---------------------
2022-10-26 07:45:02 ------------------------------------------------------------------------
2022-10-26 07:45:02 Conexion Establecida a POP3 Server!
2022-10-26 07:45:02 PROCESO POPPER EMBLUE CONCLUIDO!
2022-10-26 07:45:02 
2022-10-26 08:00:01 ------------------------------------------------------------------------
2022-10-26 08:00:01 ---------------------INICIANDO MASTER POPPER EMBLUE---------------------
2022-10-26 08:00:01 ------------------------------------------------------------------------
2022-10-26 08:00:01 Conexion Establecida a POP3 Server!
2022-10-26 08:00:01 PROCESO POPPER EMBLUE CONCLUIDO!
2022-10-26 08:00:01 
2022-10-26 08:15:01 ------------------------------------------------------------------------
2022-10-26 08:15:01 ---------------------INICIANDO MASTER POPPER EMBLUE---------------------
2022-10-26 08:15:01 ------------------------------------------------------------------------
2022-10-26 08:15:01 Conexion Establecida a POP3 Server!
2022-10-26 08:15:01 PROCESO POPPER EMBLUE CONCLUIDO!
2022-10-26 08:15:01 
2022-10-26 08:30:01 ------------------------------------------------------------------------
2022-10-26 08:30:01 ---------------------INICIANDO MASTER POPPER EMBLUE---------------------
2022-10-26 08:30:01 ------------------------------------------------------------------------
2022-10-26 08:30:01 Conexion Establecida a POP3 Server!
2022-10-26 08:30:01 PROCESO POPPER EMBLUE CONCLUIDO!
2022-10-26 08:30:01 
2022-10-26 08:45:01 ------------------------------------------------------------------------
2022-10-26 08:45:01 ---------------------INICIANDO MASTER POPPER EMBLUE---------------------
2022-10-26 08:45:01 ------------------------------------------------------------------------
2022-10-26 08:45:01 Conexion Establecida a POP3 Server!
2022-10-26 08:45:01 PROCESO POPPER EMBLUE CONCLUIDO!
2022-10-26 08:45:01 
2022-10-26 09:00:01 ------------------------------------------------------------------------
2022-10-26 09:00:01 ---------------------INICIANDO MASTER POPPER EMBLUE---------------------
2022-10-26 09:00:01 ------------------------------------------------------------------------
2022-10-26 09:00:01 Conexion Establecida a POP3 Server!
2022-10-26 09:00:01 PROCESO POPPER EMBLUE CONCLUIDO!
2022-10-26 09:00:01 
2022-10-26 09:15:02 ------------------------------------------------------------------------
2022-10-26 09:15:02 ---------------------INICIANDO MASTER POPPER EMBLUE---------------------
2022-10-26 09:15:02 ------------------------------------------------------------------------
2022-10-26 09:15:02 Conexion Establecida a POP3 Server!
2022-10-26 09:15:02 PROCESO POPPER EMBLUE CONCLUIDO!
2022-10-26 09:15:02 
2022-10-26 09:30:02 ------------------------------------------------------------------------
2022-10-26 09:30:02 ---------------------INICIANDO MASTER POPPER EMBLUE---------------------
2022-10-26 09:30:02 ------------------------------------------------------------------------
2022-10-26 09:30:02 Conexion Establecida a POP3 Server!
2022-10-26 09:30:02 PROCESO POPPER EMBLUE CONCLUIDO!
2022-10-26 09:30:02 
2022-10-26 09:45:01 ------------------------------------------------------------------------
2022-10-26 09:45:01 ---------------------INICIANDO MASTER POPPER EMBLUE---------------------
2022-10-26 09:45:01 ------------------------------------------------------------------------
2022-10-26 09:45:01 Conexion Establecida a POP3 Server!
2022-10-26 09:45:01 PROCESO POPPER EMBLUE CONCLUIDO!
2022-10-26 09:45:01 
2022-10-26 10:00:02 ------------------------------------------------------------------------
2022-10-26 10:00:02 ---------------------INICIANDO MASTER POPPER EMBLUE---------------------
2022-10-26 10:00:02 ------------------------------------------------------------------------
2022-10-26 10:00:02 Conexion Establecida a POP3 Server!
2022-10-26 10:00:02 PROCESO POPPER EMBLUE CONCLUIDO!
2022-10-26 10:00:02 
2022-10-26 10:15:01 ------------------------------------------------------------------------
2022-10-26 10:15:01 ---------------------INICIANDO MASTER POPPER EMBLUE---------------------
2022-10-26 10:15:01 ------------------------------------------------------------------------
2022-10-26 10:15:01 Conexion Establecida a POP3 Server!
2022-10-26 10:15:01 PROCESO POPPER EMBLUE CONCLUIDO!
2022-10-26 10:15:01 
2022-10-26 10:30:01 ------------------------------------------------------------------------
2022-10-26 10:30:01 ---------------------INICIANDO MASTER POPPER EMBLUE---------------------
2022-10-26 10:30:01 ------------------------------------------------------------------------
2022-10-26 10:30:02 Conexion Establecida a POP3 Server!
2022-10-26 10:30:02 PROCESO POPPER EMBLUE CONCLUIDO!
2022-10-26 10:30:02 
2022-10-26 10:45:01 ------------------------------------------------------------------------
2022-10-26 10:45:01 ---------------------INICIANDO MASTER POPPER EMBLUE---------------------
2022-10-26 10:45:01 ------------------------------------------------------------------------
2022-10-26 10:45:01 Conexion Establecida a POP3 Server!
2022-10-26 10:45:01 PROCESO POPPER EMBLUE CONCLUIDO!
2022-10-26 10:45:01 
2022-10-26 11:00:02 ------------------------------------------------------------------------
2022-10-26 11:00:02 ---------------------INICIANDO MASTER POPPER EMBLUE---------------------
2022-10-26 11:00:02 ------------------------------------------------------------------------
2022-10-26 11:00:02 Conexion Establecida a POP3 Server!
2022-10-26 11:00:02 PROCESO POPPER EMBLUE CONCLUIDO!
2022-10-26 11:00:02 
2022-10-26 11:15:01 ------------------------------------------------------------------------
2022-10-26 11:15:01 ---------------------INICIANDO MASTER POPPER EMBLUE---------------------
2022-10-26 11:15:01 ------------------------------------------------------------------------
2022-10-26 11:15:01 Conexion Establecida a POP3 Server!
2022-10-26 11:15:01 PROCESO POPPER EMBLUE CONCLUIDO!
2022-10-26 11:15:01 
2022-10-26 11:30:02 ------------------------------------------------------------------------
2022-10-26 11:30:02 ---------------------INICIANDO MASTER POPPER EMBLUE---------------------
2022-10-26 11:30:02 ------------------------------------------------------------------------
2022-10-26 11:30:02 Conexion Establecida a POP3 Server!
2022-10-26 11:30:02 PROCESO POPPER EMBLUE CONCLUIDO!
2022-10-26 11:30:02 
2022-10-26 11:45:01 ------------------------------------------------------------------------
2022-10-26 11:45:01 ---------------------INICIANDO MASTER POPPER EMBLUE---------------------
2022-10-26 11:45:01 ------------------------------------------------------------------------
2022-10-26 11:45:02 Conexion Establecida a POP3 Server!
2022-10-26 11:45:02 PROCESO POPPER EMBLUE CONCLUIDO!
2022-10-26 11:45:02 
2022-10-26 12:00:02 ------------------------------------------------------------------------
2022-10-26 12:00:02 ---------------------INICIANDO MASTER POPPER EMBLUE---------------------
2022-10-26 12:00:02 ------------------------------------------------------------------------
2022-10-26 12:00:02 Conexion Establecida a POP3 Server!
2022-10-26 12:00:02 PROCESO POPPER EMBLUE CONCLUIDO!
2022-10-26 12:00:02 
2022-10-26 12:15:01 ------------------------------------------------------------------------
2022-10-26 12:15:01 ---------------------INICIANDO MASTER POPPER EMBLUE---------------------
2022-10-26 12:15:01 ------------------------------------------------------------------------
2022-10-26 12:15:01 Conexion Establecida a POP3 Server!
2022-10-26 12:15:01 PROCESO POPPER EMBLUE CONCLUIDO!
2022-10-26 12:15:01 
2022-10-26 12:30:01 ------------------------------------------------------------------------
2022-10-26 12:30:01 ---------------------INICIANDO MASTER POPPER EMBLUE---------------------
2022-10-26 12:30:01 ------------------------------------------------------------------------
2022-10-26 12:30:02 Conexion Establecida a POP3 Server!
2022-10-26 12:30:02 PROCESO POPPER EMBLUE CONCLUIDO!
2022-10-26 12:30:02 
2022-10-26 12:45:01 ------------------------------------------------------------------------
2022-10-26 12:45:01 ---------------------INICIANDO MASTER POPPER EMBLUE---------------------
2022-10-26 12:45:01 ------------------------------------------------------------------------
2022-10-26 12:45:02 Conexion Establecida a POP3 Server!
2022-10-26 12:45:02 PROCESO POPPER EMBLUE CONCLUIDO!
2022-10-26 12:45:02 
2022-10-26 13:00:02 ------------------------------------------------------------------------
2022-10-26 13:00:02 ---------------------INICIANDO MASTER POPPER EMBLUE---------------------
2022-10-26 13:00:02 ------------------------------------------------------------------------
2022-10-26 13:00:02 Conexion Establecida a POP3 Server!
2022-10-26 13:00:02 PROCESO POPPER EMBLUE CONCLUIDO!
2022-10-26 13:00:02 
2022-10-26 13:15:01 ------------------------------------------------------------------------
2022-10-26 13:15:01 ---------------------INICIANDO MASTER POPPER EMBLUE---------------------
2022-10-26 13:15:01 ------------------------------------------------------------------------
2022-10-26 13:15:01 Conexion Establecida a POP3 Server!
2022-10-26 13:15:01 PROCESO POPPER EMBLUE CONCLUIDO!
2022-10-26 13:15:01 
2022-10-26 13:30:02 ------------------------------------------------------------------------
2022-10-26 13:30:02 ---------------------INICIANDO MASTER POPPER EMBLUE---------------------
2022-10-26 13:30:02 ------------------------------------------------------------------------
2022-10-26 13:30:02 Conexion Establecida a POP3 Server!
2022-10-26 13:30:02 PROCESO POPPER EMBLUE CONCLUIDO!
2022-10-26 13:30:02 
2022-10-26 13:45:02 ------------------------------------------------------------------------
2022-10-26 13:45:02 ---------------------INICIANDO MASTER POPPER EMBLUE---------------------
2022-10-26 13:45:02 ------------------------------------------------------------------------
2022-10-26 13:45:02 Conexion Establecida a POP3 Server!
2022-10-26 13:45:02 PROCESO POPPER EMBLUE CONCLUIDO!
2022-10-26 13:45:02 
2022-10-26 14:00:02 ------------------------------------------------------------------------
2022-10-26 14:00:02 ---------------------INICIANDO MASTER POPPER EMBLUE---------------------
2022-10-26 14:00:02 ------------------------------------------------------------------------
2022-10-26 14:00:02 Conexion Establecida a POP3 Server!
2022-10-26 14:00:02 PROCESO POPPER EMBLUE CONCLUIDO!
2022-10-26 14:00:02 
2022-10-26 14:15:01 ------------------------------------------------------------------------
2022-10-26 14:15:01 ---------------------INICIANDO MASTER POPPER EMBLUE---------------------
2022-10-26 14:15:01 ------------------------------------------------------------------------
2022-10-26 14:15:01 Conexion Establecida a POP3 Server!
2022-10-26 14:15:01 PROCESO POPPER EMBLUE CONCLUIDO!
2022-10-26 14:15:01 
2022-10-26 14:30:01 ------------------------------------------------------------------------
2022-10-26 14:30:01 ---------------------INICIANDO MASTER POPPER EMBLUE---------------------
2022-10-26 14:30:01 ------------------------------------------------------------------------
2022-10-26 14:30:01 Conexion Establecida a POP3 Server!
2022-10-26 14:30:01 PROCESO POPPER EMBLUE CONCLUIDO!
2022-10-26 14:30:01 
2022-10-26 14:45:01 ------------------------------------------------------------------------
2022-10-26 14:45:01 ---------------------INICIANDO MASTER POPPER EMBLUE---------------------
2022-10-26 14:45:01 ------------------------------------------------------------------------
2022-10-26 14:45:01 Conexion Establecida a POP3 Server!
2022-10-26 14:45:01 PROCESO POPPER EMBLUE CONCLUIDO!
2022-10-26 14:45:01 
2022-10-26 15:00:01 ------------------------------------------------------------------------
2022-10-26 15:00:01 ---------------------INICIANDO MASTER POPPER EMBLUE---------------------
2022-10-26 15:00:01 ------------------------------------------------------------------------
2022-10-26 15:00:01 Conexion Establecida a POP3 Server!
2022-10-26 15:00:01 PROCESO POPPER EMBLUE CONCLUIDO!
2022-10-26 15:00:01 
2022-10-26 15:15:01 ------------------------------------------------------------------------
2022-10-26 15:15:01 ---------------------INICIANDO MASTER POPPER EMBLUE---------------------
2022-10-26 15:15:01 ------------------------------------------------------------------------
2022-10-26 15:15:01 Conexion Establecida a POP3 Server!
2022-10-26 15:15:01 PROCESO POPPER EMBLUE CONCLUIDO!
2022-10-26 15:15:01 
2022-10-26 15:30:01 ------------------------------------------------------------------------
2022-10-26 15:30:01 ---------------------INICIANDO MASTER POPPER EMBLUE---------------------
2022-10-26 15:30:01 ------------------------------------------------------------------------
2022-10-26 15:30:01 Conexion Establecida a POP3 Server!
2022-10-26 15:30:01 PROCESO POPPER EMBLUE CONCLUIDO!
2022-10-26 15:30:01 
2022-10-26 15:45:02 ------------------------------------------------------------------------
2022-10-26 15:45:02 ---------------------INICIANDO MASTER POPPER EMBLUE---------------------
2022-10-26 15:45:02 ------------------------------------------------------------------------
2022-10-26 15:45:02 Conexion Establecida a POP3 Server!
2022-10-26 15:45:02 PROCESO POPPER EMBLUE CONCLUIDO!
2022-10-26 15:45:02 
2022-10-26 16:00:01 ------------------------------------------------------------------------
2022-10-26 16:00:01 ---------------------INICIANDO MASTER POPPER EMBLUE---------------------
2022-10-26 16:00:01 ------------------------------------------------------------------------
2022-10-26 16:00:01 Conexion Establecida a POP3 Server!
2022-10-26 16:00:01 PROCESO POPPER EMBLUE CONCLUIDO!
2022-10-26 16:00:01 
2022-10-26 16:15:01 ------------------------------------------------------------------------
2022-10-26 16:15:01 ---------------------INICIANDO MASTER POPPER EMBLUE---------------------
2022-10-26 16:15:01 ------------------------------------------------------------------------
2022-10-26 16:15:01 Conexion Establecida a POP3 Server!
2022-10-26 16:15:01 PROCESO POPPER EMBLUE CONCLUIDO!
2022-10-26 16:15:01 
2022-10-26 16:30:01 ------------------------------------------------------------------------
2022-10-26 16:30:01 ---------------------INICIANDO MASTER POPPER EMBLUE---------------------
2022-10-26 16:30:01 ------------------------------------------------------------------------
2022-10-26 16:30:01 Conexion Establecida a POP3 Server!
2022-10-26 16:30:01 PROCESO POPPER EMBLUE CONCLUIDO!
2022-10-26 16:30:01 
2022-10-26 16:45:01 ------------------------------------------------------------------------
2022-10-26 16:45:01 ---------------------INICIANDO MASTER POPPER EMBLUE---------------------
2022-10-26 16:45:01 ------------------------------------------------------------------------
2022-10-26 16:45:01 Conexion Establecida a POP3 Server!
2022-10-26 16:45:01 PROCESO POPPER EMBLUE CONCLUIDO!
2022-10-26 16:45:01 
2022-10-26 17:00:01 ------------------------------------------------------------------------
2022-10-26 17:00:01 ---------------------INICIANDO MASTER POPPER EMBLUE---------------------
2022-10-26 17:00:01 ------------------------------------------------------------------------
2022-10-26 17:00:01 Conexion Establecida a POP3 Server!
2022-10-26 17:00:01 PROCESO POPPER EMBLUE CONCLUIDO!
2022-10-26 17:00:01 
2022-10-26 17:15:01 ------------------------------------------------------------------------
2022-10-26 17:15:01 ---------------------INICIANDO MASTER POPPER EMBLUE---------------------
2022-10-26 17:15:01 ------------------------------------------------------------------------
2022-10-26 17:15:01 Conexion Establecida a POP3 Server!
2022-10-26 17:15:01 PROCESO POPPER EMBLUE CONCLUIDO!
2022-10-26 17:15:01 
2022-10-26 17:30:02 ------------------------------------------------------------------------
2022-10-26 17:30:02 ---------------------INICIANDO MASTER POPPER EMBLUE---------------------
2022-10-26 17:30:02 ------------------------------------------------------------------------
2022-10-26 17:30:02 Conexion Establecida a POP3 Server!
2022-10-26 17:30:02 PROCESO POPPER EMBLUE CONCLUIDO!
2022-10-26 17:30:02 
2022-10-26 17:45:02 ------------------------------------------------------------------------
2022-10-26 17:45:02 ---------------------INICIANDO MASTER POPPER EMBLUE---------------------
2022-10-26 17:45:02 ------------------------------------------------------------------------
2022-10-26 17:45:02 Conexion Establecida a POP3 Server!
2022-10-26 17:45:02 PROCESO POPPER EMBLUE CONCLUIDO!
2022-10-26 17:45:02 
2022-10-26 18:00:02 ------------------------------------------------------------------------
2022-10-26 18:00:02 ---------------------INICIANDO MASTER POPPER EMBLUE---------------------
2022-10-26 18:00:02 ------------------------------------------------------------------------
2022-10-26 18:00:02 Conexion Establecida a POP3 Server!
2022-10-26 18:00:02 PROCESO POPPER EMBLUE CONCLUIDO!
2022-10-26 18:00:02 
2022-10-26 18:15:01 ------------------------------------------------------------------------
2022-10-26 18:15:01 ---------------------INICIANDO MASTER POPPER EMBLUE---------------------
2022-10-26 18:15:01 ------------------------------------------------------------------------
2022-10-26 18:15:01 Conexion Establecida a POP3 Server!
2022-10-26 18:15:01 PROCESO POPPER EMBLUE CONCLUIDO!
2022-10-26 18:15:01 
2022-10-26 18:30:01 ------------------------------------------------------------------------
2022-10-26 18:30:01 ---------------------INICIANDO MASTER POPPER EMBLUE---------------------
2022-10-26 18:30:01 ------------------------------------------------------------------------
2022-10-26 18:30:02 Conexion Establecida a POP3 Server!
2022-10-26 18:30:02 PROCESO POPPER EMBLUE CONCLUIDO!
2022-10-26 18:30:02 
2022-10-26 18:45:02 ------------------------------------------------------------------------
2022-10-26 18:45:02 ---------------------INICIANDO MASTER POPPER EMBLUE---------------------
2022-10-26 18:45:02 ------------------------------------------------------------------------
2022-10-26 18:45:02 Conexion Establecida a POP3 Server!
2022-10-26 18:45:02 PROCESO POPPER EMBLUE CONCLUIDO!
2022-10-26 18:45:02 
2022-10-26 19:00:01 ------------------------------------------------------------------------
2022-10-26 19:00:01 ---------------------INICIANDO MASTER POPPER EMBLUE---------------------
2022-10-26 19:00:01 ------------------------------------------------------------------------
2022-10-26 19:00:01 Conexion Establecida a POP3 Server!
2022-10-26 19:00:01 PROCESO POPPER EMBLUE CONCLUIDO!
2022-10-26 19:00:01 
2022-10-26 19:15:01 ------------------------------------------------------------------------
2022-10-26 19:15:01 ---------------------INICIANDO MASTER POPPER EMBLUE---------------------
2022-10-26 19:15:01 ------------------------------------------------------------------------
2022-10-26 19:15:01 Conexion Establecida a POP3 Server!
2022-10-26 19:15:01 PROCESO POPPER EMBLUE CONCLUIDO!
2022-10-26 19:15:01 
2022-10-26 19:30:02 ------------------------------------------------------------------------
2022-10-26 19:30:02 ---------------------INICIANDO MASTER POPPER EMBLUE---------------------
2022-10-26 19:30:02 ------------------------------------------------------------------------
2022-10-26 19:30:02 Conexion Establecida a POP3 Server!
2022-10-26 19:30:02 PROCESO POPPER EMBLUE CONCLUIDO!
2022-10-26 19:30:02 
2022-10-26 19:45:02 ------------------------------------------------------------------------
2022-10-26 19:45:02 ---------------------INICIANDO MASTER POPPER EMBLUE---------------------
2022-10-26 19:45:02 ------------------------------------------------------------------------
2022-10-26 19:45:02 Conexion Establecida a POP3 Server!
2022-10-26 19:45:02 PROCESO POPPER EMBLUE CONCLUIDO!
2022-10-26 19:45:02 
2022-10-26 20:00:02 ------------------------------------------------------------------------
2022-10-26 20:00:02 ---------------------INICIANDO MASTER POPPER EMBLUE---------------------
2022-10-26 20:00:02 ------------------------------------------------------------------------
2022-10-26 20:00:02 Conexion Establecida a POP3 Server!
2022-10-26 20:00:02 PROCESO POPPER EMBLUE CONCLUIDO!
2022-10-26 20:00:02 
2022-10-26 20:15:01 ------------------------------------------------------------------------
2022-10-26 20:15:01 ---------------------INICIANDO MASTER POPPER EMBLUE---------------------
2022-10-26 20:15:01 ------------------------------------------------------------------------
2022-10-26 20:15:01 Conexion Establecida a POP3 Server!
2022-10-26 20:15:01 PROCESO POPPER EMBLUE CONCLUIDO!
2022-10-26 20:15:01 
2022-10-26 20:30:01 ------------------------------------------------------------------------
2022-10-26 20:30:01 ---------------------INICIANDO MASTER POPPER EMBLUE---------------------
2022-10-26 20:30:01 ------------------------------------------------------------------------
2022-10-26 20:30:02 Conexion Establecida a POP3 Server!
2022-10-26 20:30:02 PROCESO POPPER EMBLUE CONCLUIDO!
2022-10-26 20:30:02 
2022-10-26 20:45:01 ------------------------------------------------------------------------
2022-10-26 20:45:01 ---------------------INICIANDO MASTER POPPER EMBLUE---------------------
2022-10-26 20:45:01 ------------------------------------------------------------------------
2022-10-26 20:45:01 Conexion Establecida a POP3 Server!
2022-10-26 20:45:01 PROCESO POPPER EMBLUE CONCLUIDO!
2022-10-26 20:45:01 
2022-10-26 21:00:01 ------------------------------------------------------------------------
2022-10-26 21:00:01 ---------------------INICIANDO MASTER POPPER EMBLUE---------------------
2022-10-26 21:00:01 ------------------------------------------------------------------------
2022-10-26 21:00:01 Conexion Establecida a POP3 Server!
2022-10-26 21:00:01 PROCESO POPPER EMBLUE CONCLUIDO!
2022-10-26 21:00:01 
2022-10-26 21:15:01 ------------------------------------------------------------------------
2022-10-26 21:15:01 ---------------------INICIANDO MASTER POPPER EMBLUE---------------------
2022-10-26 21:15:01 ------------------------------------------------------------------------
2022-10-26 21:15:01 Conexion Establecida a POP3 Server!
2022-10-26 21:15:01 PROCESO POPPER EMBLUE CONCLUIDO!
2022-10-26 21:15:01 
2022-10-26 21:30:02 ------------------------------------------------------------------------
2022-10-26 21:30:02 ---------------------INICIANDO MASTER POPPER EMBLUE---------------------
2022-10-26 21:30:02 ------------------------------------------------------------------------
2022-10-26 21:30:02 Conexion Establecida a POP3 Server!
2022-10-26 21:30:02 PROCESO POPPER EMBLUE CONCLUIDO!
2022-10-26 21:30:02 
2022-10-26 21:45:02 ------------------------------------------------------------------------
2022-10-26 21:45:02 ---------------------INICIANDO MASTER POPPER EMBLUE---------------------
2022-10-26 21:45:02 ------------------------------------------------------------------------
2022-10-26 21:45:02 Conexion Establecida a POP3 Server!
2022-10-26 21:45:02 PROCESO POPPER EMBLUE CONCLUIDO!
2022-10-26 21:45:02 
2022-10-26 22:00:02 ------------------------------------------------------------------------
2022-10-26 22:00:02 ---------------------INICIANDO MASTER POPPER EMBLUE---------------------
2022-10-26 22:00:02 ------------------------------------------------------------------------
2022-10-26 22:00:02 Conexion Establecida a POP3 Server!
2022-10-26 22:00:02 PROCESO POPPER EMBLUE CONCLUIDO!
2022-10-26 22:00:02 
2022-10-26 22:15:01 ------------------------------------------------------------------------
2022-10-26 22:15:01 ---------------------INICIANDO MASTER POPPER EMBLUE---------------------
2022-10-26 22:15:01 ------------------------------------------------------------------------
2022-10-26 22:15:01 Conexion Establecida a POP3 Server!
2022-10-26 22:15:01 PROCESO POPPER EMBLUE CONCLUIDO!
2022-10-26 22:15:01 
2022-10-26 22:30:01 ------------------------------------------------------------------------
2022-10-26 22:30:01 ---------------------INICIANDO MASTER POPPER EMBLUE---------------------
2022-10-26 22:30:01 ------------------------------------------------------------------------
2022-10-26 22:30:01 Conexion Establecida a POP3 Server!
2022-10-26 22:30:01 PROCESO POPPER EMBLUE CONCLUIDO!
2022-10-26 22:30:01 
2022-10-26 22:45:02 ------------------------------------------------------------------------
2022-10-26 22:45:02 ---------------------INICIANDO MASTER POPPER EMBLUE---------------------
2022-10-26 22:45:02 ------------------------------------------------------------------------
2022-10-26 22:45:02 Conexion Establecida a POP3 Server!
2022-10-26 22:45:02 PROCESO POPPER EMBLUE CONCLUIDO!
2022-10-26 22:45:02 
2022-10-26 23:00:01 ------------------------------------------------------------------------
2022-10-26 23:00:01 ---------------------INICIANDO MASTER POPPER EMBLUE---------------------
2022-10-26 23:00:01 ------------------------------------------------------------------------
2022-10-26 23:00:01 Conexion Establecida a POP3 Server!
2022-10-26 23:00:01 PROCESO POPPER EMBLUE CONCLUIDO!
2022-10-26 23:00:01 
2022-10-26 23:15:02 ------------------------------------------------------------------------
2022-10-26 23:15:02 ---------------------INICIANDO MASTER POPPER EMBLUE---------------------
2022-10-26 23:15:02 ------------------------------------------------------------------------
2022-10-26 23:15:02 Conexion Establecida a POP3 Server!
2022-10-26 23:15:02 PROCESO POPPER EMBLUE CONCLUIDO!
2022-10-26 23:15:02 
2022-10-26 23:30:01 ------------------------------------------------------------------------
2022-10-26 23:30:01 ---------------------INICIANDO MASTER POPPER EMBLUE---------------------
2022-10-26 23:30:01 ------------------------------------------------------------------------
2022-10-26 23:30:01 Conexion Establecida a POP3 Server!
2022-10-26 23:30:01 PROCESO POPPER EMBLUE CONCLUIDO!
2022-10-26 23:30:01 
2022-10-26 23:45:02 ------------------------------------------------------------------------
2022-10-26 23:45:02 ---------------------INICIANDO MASTER POPPER EMBLUE---------------------
2022-10-26 23:45:02 ------------------------------------------------------------------------
2022-10-26 23:45:02 Conexion Establecida a POP3 Server!
2022-10-26 23:45:02 PROCESO POPPER EMBLUE CONCLUIDO!
2022-10-26 23:45:02 
