2022-10-16 00:00:01 ------------------------------------------------------------------------
2022-10-16 00:00:01 ---------------------INICIANDO MASTER POPPER EMBLUE---------------------
2022-10-16 00:00:01 ------------------------------------------------------------------------
2022-10-16 00:00:02 Conexion Establecida a POP3 Server!
2022-10-16 00:00:02 PROCESO POPPER EMBLUE CONCLUIDO!
2022-10-16 00:00:02 
2022-10-16 00:15:01 ------------------------------------------------------------------------
2022-10-16 00:15:01 ---------------------INICIANDO MASTER POPPER EMBLUE---------------------
2022-10-16 00:15:01 ------------------------------------------------------------------------
2022-10-16 00:15:01 Conexion Establecida a POP3 Server!
2022-10-16 00:15:01 PROCESO POPPER EMBLUE CONCLUIDO!
2022-10-16 00:15:01 
2022-10-16 00:30:01 ------------------------------------------------------------------------
2022-10-16 00:30:01 ---------------------INICIANDO MASTER POPPER EMBLUE---------------------
2022-10-16 00:30:01 ------------------------------------------------------------------------
2022-10-16 00:30:01 Conexion Establecida a POP3 Server!
2022-10-16 00:30:01 PROCESO POPPER EMBLUE CONCLUIDO!
2022-10-16 00:30:01 
2022-10-16 00:45:02 ------------------------------------------------------------------------
2022-10-16 00:45:02 ---------------------INICIANDO MASTER POPPER EMBLUE---------------------
2022-10-16 00:45:02 ------------------------------------------------------------------------
2022-10-16 00:45:02 Conexion Establecida a POP3 Server!
2022-10-16 00:45:02 PROCESO POPPER EMBLUE CONCLUIDO!
2022-10-16 00:45:02 
2022-10-16 01:00:02 ------------------------------------------------------------------------
2022-10-16 01:00:02 ---------------------INICIANDO MASTER POPPER EMBLUE---------------------
2022-10-16 01:00:02 ------------------------------------------------------------------------
2022-10-16 01:00:02 Conexion Establecida a POP3 Server!
2022-10-16 01:00:02 PROCESO POPPER EMBLUE CONCLUIDO!
2022-10-16 01:00:02 
2022-10-16 01:15:01 ------------------------------------------------------------------------
2022-10-16 01:15:01 ---------------------INICIANDO MASTER POPPER EMBLUE---------------------
2022-10-16 01:15:01 ------------------------------------------------------------------------
2022-10-16 01:15:01 Conexion Establecida a POP3 Server!
2022-10-16 01:15:01 PROCESO POPPER EMBLUE CONCLUIDO!
2022-10-16 01:15:01 
2022-10-16 01:30:02 ------------------------------------------------------------------------
2022-10-16 01:30:02 ---------------------INICIANDO MASTER POPPER EMBLUE---------------------
2022-10-16 01:30:02 ------------------------------------------------------------------------
2022-10-16 01:30:02 Conexion Establecida a POP3 Server!
2022-10-16 01:30:02 PROCESO POPPER EMBLUE CONCLUIDO!
2022-10-16 01:30:02 
2022-10-16 01:45:01 ------------------------------------------------------------------------
2022-10-16 01:45:01 ---------------------INICIANDO MASTER POPPER EMBLUE---------------------
2022-10-16 01:45:01 ------------------------------------------------------------------------
2022-10-16 01:45:01 Conexion Establecida a POP3 Server!
2022-10-16 01:45:01 PROCESO POPPER EMBLUE CONCLUIDO!
2022-10-16 01:45:01 
2022-10-16 02:00:01 ------------------------------------------------------------------------
2022-10-16 02:00:01 ---------------------INICIANDO MASTER POPPER EMBLUE---------------------
2022-10-16 02:00:01 ------------------------------------------------------------------------
2022-10-16 02:00:01 Conexion Establecida a POP3 Server!
2022-10-16 02:00:01 PROCESO POPPER EMBLUE CONCLUIDO!
2022-10-16 02:00:01 
2022-10-16 02:15:01 ------------------------------------------------------------------------
2022-10-16 02:15:01 ---------------------INICIANDO MASTER POPPER EMBLUE---------------------
2022-10-16 02:15:01 ------------------------------------------------------------------------
2022-10-16 02:15:01 Conexion Establecida a POP3 Server!
2022-10-16 02:15:01 PROCESO POPPER EMBLUE CONCLUIDO!
2022-10-16 02:15:01 
2022-10-16 02:30:01 ------------------------------------------------------------------------
2022-10-16 02:30:01 ---------------------INICIANDO MASTER POPPER EMBLUE---------------------
2022-10-16 02:30:01 ------------------------------------------------------------------------
2022-10-16 02:30:01 Conexion Establecida a POP3 Server!
2022-10-16 02:30:01 PROCESO POPPER EMBLUE CONCLUIDO!
2022-10-16 02:30:01 
2022-10-16 02:45:02 ------------------------------------------------------------------------
2022-10-16 02:45:02 ---------------------INICIANDO MASTER POPPER EMBLUE---------------------
2022-10-16 02:45:02 ------------------------------------------------------------------------
2022-10-16 02:45:02 Conexion Establecida a POP3 Server!
2022-10-16 02:45:02 PROCESO POPPER EMBLUE CONCLUIDO!
2022-10-16 02:45:02 
2022-10-16 03:00:01 ------------------------------------------------------------------------
2022-10-16 03:00:01 ---------------------INICIANDO MASTER POPPER EMBLUE---------------------
2022-10-16 03:00:01 ------------------------------------------------------------------------
2022-10-16 03:00:01 Conexion Establecida a POP3 Server!
2022-10-16 03:00:01 PROCESO POPPER EMBLUE CONCLUIDO!
2022-10-16 03:00:01 
2022-10-16 03:15:01 ------------------------------------------------------------------------
2022-10-16 03:15:01 ---------------------INICIANDO MASTER POPPER EMBLUE---------------------
2022-10-16 03:15:01 ------------------------------------------------------------------------
2022-10-16 03:15:01 Conexion Establecida a POP3 Server!
2022-10-16 03:15:01 PROCESO POPPER EMBLUE CONCLUIDO!
2022-10-16 03:15:01 
2022-10-16 03:30:02 ------------------------------------------------------------------------
2022-10-16 03:30:02 ---------------------INICIANDO MASTER POPPER EMBLUE---------------------
2022-10-16 03:30:02 ------------------------------------------------------------------------
2022-10-16 03:30:02 Conexion Establecida a POP3 Server!
2022-10-16 03:30:02 PROCESO POPPER EMBLUE CONCLUIDO!
2022-10-16 03:30:02 
2022-10-16 03:45:02 ------------------------------------------------------------------------
2022-10-16 03:45:02 ---------------------INICIANDO MASTER POPPER EMBLUE---------------------
2022-10-16 03:45:02 ------------------------------------------------------------------------
2022-10-16 03:45:02 Conexion Establecida a POP3 Server!
2022-10-16 03:45:02 PROCESO POPPER EMBLUE CONCLUIDO!
2022-10-16 03:45:02 
2022-10-16 04:00:01 ------------------------------------------------------------------------
2022-10-16 04:00:01 ---------------------INICIANDO MASTER POPPER EMBLUE---------------------
2022-10-16 04:00:01 ------------------------------------------------------------------------
2022-10-16 04:00:01 Conexion Establecida a POP3 Server!
2022-10-16 04:00:01 PROCESO POPPER EMBLUE CONCLUIDO!
2022-10-16 04:00:01 
2022-10-16 04:15:01 ------------------------------------------------------------------------
2022-10-16 04:15:01 ---------------------INICIANDO MASTER POPPER EMBLUE---------------------
2022-10-16 04:15:01 ------------------------------------------------------------------------
2022-10-16 04:15:01 Conexion Establecida a POP3 Server!
2022-10-16 04:15:01 PROCESO POPPER EMBLUE CONCLUIDO!
2022-10-16 04:15:01 
2022-10-16 04:30:01 ------------------------------------------------------------------------
2022-10-16 04:30:01 ---------------------INICIANDO MASTER POPPER EMBLUE---------------------
2022-10-16 04:30:01 ------------------------------------------------------------------------
2022-10-16 04:30:02 Conexion Establecida a POP3 Server!
2022-10-16 04:30:02 PROCESO POPPER EMBLUE CONCLUIDO!
2022-10-16 04:30:02 
2022-10-16 04:45:01 ------------------------------------------------------------------------
2022-10-16 04:45:01 ---------------------INICIANDO MASTER POPPER EMBLUE---------------------
2022-10-16 04:45:01 ------------------------------------------------------------------------
2022-10-16 04:45:01 Conexion Establecida a POP3 Server!
2022-10-16 04:45:01 PROCESO POPPER EMBLUE CONCLUIDO!
2022-10-16 04:45:01 
2022-10-16 05:00:01 ------------------------------------------------------------------------
2022-10-16 05:00:01 ---------------------INICIANDO MASTER POPPER EMBLUE---------------------
2022-10-16 05:00:01 ------------------------------------------------------------------------
2022-10-16 05:00:01 Conexion Establecida a POP3 Server!
2022-10-16 05:00:01 PROCESO POPPER EMBLUE CONCLUIDO!
2022-10-16 05:00:01 
2022-10-16 05:15:01 ------------------------------------------------------------------------
2022-10-16 05:15:01 ---------------------INICIANDO MASTER POPPER EMBLUE---------------------
2022-10-16 05:15:01 ------------------------------------------------------------------------
2022-10-16 05:15:01 Conexion Establecida a POP3 Server!
2022-10-16 05:15:01 PROCESO POPPER EMBLUE CONCLUIDO!
2022-10-16 05:15:01 
2022-10-16 05:30:02 ------------------------------------------------------------------------
2022-10-16 05:30:02 ---------------------INICIANDO MASTER POPPER EMBLUE---------------------
2022-10-16 05:30:02 ------------------------------------------------------------------------
2022-10-16 05:30:02 Conexion Establecida a POP3 Server!
2022-10-16 05:30:02 PROCESO POPPER EMBLUE CONCLUIDO!
2022-10-16 05:30:02 
2022-10-16 05:45:01 ------------------------------------------------------------------------
2022-10-16 05:45:01 ---------------------INICIANDO MASTER POPPER EMBLUE---------------------
2022-10-16 05:45:01 ------------------------------------------------------------------------
2022-10-16 05:45:01 Conexion Establecida a POP3 Server!
2022-10-16 05:45:01 PROCESO POPPER EMBLUE CONCLUIDO!
2022-10-16 05:45:01 
2022-10-16 06:00:02 ------------------------------------------------------------------------
2022-10-16 06:00:02 ---------------------INICIANDO MASTER POPPER EMBLUE---------------------
2022-10-16 06:00:02 ------------------------------------------------------------------------
2022-10-16 06:00:02 Conexion Establecida a POP3 Server!
2022-10-16 06:00:02 PROCESO POPPER EMBLUE CONCLUIDO!
2022-10-16 06:00:02 
2022-10-16 06:15:01 ------------------------------------------------------------------------
2022-10-16 06:15:01 ---------------------INICIANDO MASTER POPPER EMBLUE---------------------
2022-10-16 06:15:01 ------------------------------------------------------------------------
2022-10-16 06:15:01 Conexion Establecida a POP3 Server!
2022-10-16 06:15:01 PROCESO POPPER EMBLUE CONCLUIDO!
2022-10-16 06:15:01 
2022-10-16 06:30:01 ------------------------------------------------------------------------
2022-10-16 06:30:01 ---------------------INICIANDO MASTER POPPER EMBLUE---------------------
2022-10-16 06:30:01 ------------------------------------------------------------------------
2022-10-16 06:30:01 Conexion Establecida a POP3 Server!
2022-10-16 06:30:01 PROCESO POPPER EMBLUE CONCLUIDO!
2022-10-16 06:30:01 
2022-10-16 06:45:01 ------------------------------------------------------------------------
2022-10-16 06:45:01 ---------------------INICIANDO MASTER POPPER EMBLUE---------------------
2022-10-16 06:45:01 ------------------------------------------------------------------------
2022-10-16 06:45:02 Conexion Establecida a POP3 Server!
2022-10-16 06:45:02 PROCESO POPPER EMBLUE CONCLUIDO!
2022-10-16 06:45:02 
2022-10-16 07:00:01 ------------------------------------------------------------------------
2022-10-16 07:00:01 ---------------------INICIANDO MASTER POPPER EMBLUE---------------------
2022-10-16 07:00:01 ------------------------------------------------------------------------
2022-10-16 07:00:01 Conexion Establecida a POP3 Server!
2022-10-16 07:00:01 PROCESO POPPER EMBLUE CONCLUIDO!
2022-10-16 07:00:01 
2022-10-16 07:15:01 ------------------------------------------------------------------------
2022-10-16 07:15:01 ---------------------INICIANDO MASTER POPPER EMBLUE---------------------
2022-10-16 07:15:01 ------------------------------------------------------------------------
2022-10-16 07:15:01 Conexion Establecida a POP3 Server!
2022-10-16 07:15:01 PROCESO POPPER EMBLUE CONCLUIDO!
2022-10-16 07:15:01 
2022-10-16 07:30:02 ------------------------------------------------------------------------
2022-10-16 07:30:02 ---------------------INICIANDO MASTER POPPER EMBLUE---------------------
2022-10-16 07:30:02 ------------------------------------------------------------------------
2022-10-16 07:30:02 Conexion Establecida a POP3 Server!
2022-10-16 07:30:02 PROCESO POPPER EMBLUE CONCLUIDO!
2022-10-16 07:30:02 
2022-10-16 07:45:01 ------------------------------------------------------------------------
2022-10-16 07:45:01 ---------------------INICIANDO MASTER POPPER EMBLUE---------------------
2022-10-16 07:45:01 ------------------------------------------------------------------------
2022-10-16 07:45:01 Conexion Establecida a POP3 Server!
2022-10-16 07:45:01 PROCESO POPPER EMBLUE CONCLUIDO!
2022-10-16 07:45:01 
2022-10-16 08:00:01 ------------------------------------------------------------------------
2022-10-16 08:00:01 ---------------------INICIANDO MASTER POPPER EMBLUE---------------------
2022-10-16 08:00:01 ------------------------------------------------------------------------
2022-10-16 08:00:01 Conexion Establecida a POP3 Server!
2022-10-16 08:00:01 PROCESO POPPER EMBLUE CONCLUIDO!
2022-10-16 08:00:01 
2022-10-16 08:15:02 ------------------------------------------------------------------------
2022-10-16 08:15:02 ---------------------INICIANDO MASTER POPPER EMBLUE---------------------
2022-10-16 08:15:02 ------------------------------------------------------------------------
2022-10-16 08:15:02 Conexion Establecida a POP3 Server!
2022-10-16 08:15:02 PROCESO POPPER EMBLUE CONCLUIDO!
2022-10-16 08:15:02 
2022-10-16 08:30:01 ------------------------------------------------------------------------
2022-10-16 08:30:01 ---------------------INICIANDO MASTER POPPER EMBLUE---------------------
2022-10-16 08:30:01 ------------------------------------------------------------------------
2022-10-16 08:30:01 Conexion Establecida a POP3 Server!
2022-10-16 08:30:01 PROCESO POPPER EMBLUE CONCLUIDO!
2022-10-16 08:30:01 
2022-10-16 08:45:01 ------------------------------------------------------------------------
2022-10-16 08:45:01 ---------------------INICIANDO MASTER POPPER EMBLUE---------------------
2022-10-16 08:45:01 ------------------------------------------------------------------------
2022-10-16 08:45:01 Conexion Establecida a POP3 Server!
2022-10-16 08:45:01 PROCESO POPPER EMBLUE CONCLUIDO!
2022-10-16 08:45:01 
2022-10-16 09:00:01 ------------------------------------------------------------------------
2022-10-16 09:00:01 ---------------------INICIANDO MASTER POPPER EMBLUE---------------------
2022-10-16 09:00:01 ------------------------------------------------------------------------
2022-10-16 09:00:01 Conexion Establecida a POP3 Server!
2022-10-16 09:00:01 PROCESO POPPER EMBLUE CONCLUIDO!
2022-10-16 09:00:01 
2022-10-16 09:15:02 ------------------------------------------------------------------------
2022-10-16 09:15:02 ---------------------INICIANDO MASTER POPPER EMBLUE---------------------
2022-10-16 09:15:02 ------------------------------------------------------------------------
2022-10-16 09:15:02 Conexion Establecida a POP3 Server!
2022-10-16 09:15:02 PROCESO POPPER EMBLUE CONCLUIDO!
2022-10-16 09:15:02 
2022-10-16 09:30:01 ------------------------------------------------------------------------
2022-10-16 09:30:01 ---------------------INICIANDO MASTER POPPER EMBLUE---------------------
2022-10-16 09:30:01 ------------------------------------------------------------------------
2022-10-16 09:30:01 Conexion Establecida a POP3 Server!
2022-10-16 09:30:01 PROCESO POPPER EMBLUE CONCLUIDO!
2022-10-16 09:30:01 
2022-10-16 09:45:01 ------------------------------------------------------------------------
2022-10-16 09:45:01 ---------------------INICIANDO MASTER POPPER EMBLUE---------------------
2022-10-16 09:45:01 ------------------------------------------------------------------------
2022-10-16 09:45:01 Conexion Establecida a POP3 Server!
2022-10-16 09:45:01 PROCESO POPPER EMBLUE CONCLUIDO!
2022-10-16 09:45:01 
2022-10-16 10:00:01 ------------------------------------------------------------------------
2022-10-16 10:00:01 ---------------------INICIANDO MASTER POPPER EMBLUE---------------------
2022-10-16 10:00:01 ------------------------------------------------------------------------
2022-10-16 10:00:01 Conexion Establecida a POP3 Server!
2022-10-16 10:00:01 PROCESO POPPER EMBLUE CONCLUIDO!
2022-10-16 10:00:01 
2022-10-16 10:15:01 ------------------------------------------------------------------------
2022-10-16 10:15:01 ---------------------INICIANDO MASTER POPPER EMBLUE---------------------
2022-10-16 10:15:01 ------------------------------------------------------------------------
2022-10-16 10:15:01 Conexion Establecida a POP3 Server!
2022-10-16 10:15:01 PROCESO POPPER EMBLUE CONCLUIDO!
2022-10-16 10:15:01 
2022-10-16 10:30:01 ------------------------------------------------------------------------
2022-10-16 10:30:01 ---------------------INICIANDO MASTER POPPER EMBLUE---------------------
2022-10-16 10:30:01 ------------------------------------------------------------------------
2022-10-16 10:30:01 Conexion Establecida a POP3 Server!
2022-10-16 10:30:01 PROCESO POPPER EMBLUE CONCLUIDO!
2022-10-16 10:30:01 
2022-10-16 10:45:01 ------------------------------------------------------------------------
2022-10-16 10:45:01 ---------------------INICIANDO MASTER POPPER EMBLUE---------------------
2022-10-16 10:45:01 ------------------------------------------------------------------------
2022-10-16 10:45:01 Conexion Establecida a POP3 Server!
2022-10-16 10:45:01 PROCESO POPPER EMBLUE CONCLUIDO!
2022-10-16 10:45:01 
2022-10-16 11:00:01 ------------------------------------------------------------------------
2022-10-16 11:00:01 ---------------------INICIANDO MASTER POPPER EMBLUE---------------------
2022-10-16 11:00:01 ------------------------------------------------------------------------
2022-10-16 11:00:02 Conexion Establecida a POP3 Server!
2022-10-16 11:00:02 PROCESO POPPER EMBLUE CONCLUIDO!
2022-10-16 11:00:02 
2022-10-16 11:15:01 ------------------------------------------------------------------------
2022-10-16 11:15:01 ---------------------INICIANDO MASTER POPPER EMBLUE---------------------
2022-10-16 11:15:01 ------------------------------------------------------------------------
2022-10-16 11:15:01 Conexion Establecida a POP3 Server!
2022-10-16 11:15:01 PROCESO POPPER EMBLUE CONCLUIDO!
2022-10-16 11:15:01 
2022-10-16 11:30:02 ------------------------------------------------------------------------
2022-10-16 11:30:02 ---------------------INICIANDO MASTER POPPER EMBLUE---------------------
2022-10-16 11:30:02 ------------------------------------------------------------------------
2022-10-16 11:30:02 Conexion Establecida a POP3 Server!
2022-10-16 11:30:02 PROCESO POPPER EMBLUE CONCLUIDO!
2022-10-16 11:30:02 
2022-10-16 11:45:01 ------------------------------------------------------------------------
2022-10-16 11:45:01 ---------------------INICIANDO MASTER POPPER EMBLUE---------------------
2022-10-16 11:45:01 ------------------------------------------------------------------------
2022-10-16 11:45:01 Conexion Establecida a POP3 Server!
2022-10-16 11:45:01 PROCESO POPPER EMBLUE CONCLUIDO!
2022-10-16 11:45:01 
2022-10-16 12:00:01 ------------------------------------------------------------------------
2022-10-16 12:00:01 ---------------------INICIANDO MASTER POPPER EMBLUE---------------------
2022-10-16 12:00:01 ------------------------------------------------------------------------
2022-10-16 12:00:02 Conexion Establecida a POP3 Server!
2022-10-16 12:00:02 PROCESO POPPER EMBLUE CONCLUIDO!
2022-10-16 12:00:02 
2022-10-16 12:15:01 ------------------------------------------------------------------------
2022-10-16 12:15:01 ---------------------INICIANDO MASTER POPPER EMBLUE---------------------
2022-10-16 12:15:01 ------------------------------------------------------------------------
2022-10-16 12:15:01 Conexion Establecida a POP3 Server!
2022-10-16 12:15:01 PROCESO POPPER EMBLUE CONCLUIDO!
2022-10-16 12:15:01 
2022-10-16 12:30:02 ------------------------------------------------------------------------
2022-10-16 12:30:02 ---------------------INICIANDO MASTER POPPER EMBLUE---------------------
2022-10-16 12:30:02 ------------------------------------------------------------------------
2022-10-16 12:30:02 Conexion Establecida a POP3 Server!
2022-10-16 12:30:02 PROCESO POPPER EMBLUE CONCLUIDO!
2022-10-16 12:30:02 
2022-10-16 12:45:01 ------------------------------------------------------------------------
2022-10-16 12:45:01 ---------------------INICIANDO MASTER POPPER EMBLUE---------------------
2022-10-16 12:45:01 ------------------------------------------------------------------------
2022-10-16 12:45:01 Conexion Establecida a POP3 Server!
2022-10-16 12:45:01 PROCESO POPPER EMBLUE CONCLUIDO!
2022-10-16 12:45:01 
2022-10-16 13:00:01 ------------------------------------------------------------------------
2022-10-16 13:00:01 ---------------------INICIANDO MASTER POPPER EMBLUE---------------------
2022-10-16 13:00:01 ------------------------------------------------------------------------
2022-10-16 13:00:01 Conexion Establecida a POP3 Server!
2022-10-16 13:00:01 PROCESO POPPER EMBLUE CONCLUIDO!
2022-10-16 13:00:01 
2022-10-16 13:15:02 ------------------------------------------------------------------------
2022-10-16 13:15:02 ---------------------INICIANDO MASTER POPPER EMBLUE---------------------
2022-10-16 13:15:02 ------------------------------------------------------------------------
2022-10-16 13:15:02 Conexion Establecida a POP3 Server!
2022-10-16 13:15:02 PROCESO POPPER EMBLUE CONCLUIDO!
2022-10-16 13:15:02 
2022-10-16 13:30:01 ------------------------------------------------------------------------
2022-10-16 13:30:01 ---------------------INICIANDO MASTER POPPER EMBLUE---------------------
2022-10-16 13:30:01 ------------------------------------------------------------------------
2022-10-16 13:30:01 Conexion Establecida a POP3 Server!
2022-10-16 13:30:01 PROCESO POPPER EMBLUE CONCLUIDO!
2022-10-16 13:30:01 
2022-10-16 13:45:01 ------------------------------------------------------------------------
2022-10-16 13:45:01 ---------------------INICIANDO MASTER POPPER EMBLUE---------------------
2022-10-16 13:45:01 ------------------------------------------------------------------------
2022-10-16 13:45:01 Conexion Establecida a POP3 Server!
2022-10-16 13:45:01 PROCESO POPPER EMBLUE CONCLUIDO!
2022-10-16 13:45:01 
2022-10-16 14:00:01 ------------------------------------------------------------------------
2022-10-16 14:00:01 ---------------------INICIANDO MASTER POPPER EMBLUE---------------------
2022-10-16 14:00:01 ------------------------------------------------------------------------
2022-10-16 14:00:01 Conexion Establecida a POP3 Server!
2022-10-16 14:00:01 PROCESO POPPER EMBLUE CONCLUIDO!
2022-10-16 14:00:01 
2022-10-16 14:15:02 ------------------------------------------------------------------------
2022-10-16 14:15:02 ---------------------INICIANDO MASTER POPPER EMBLUE---------------------
2022-10-16 14:15:02 ------------------------------------------------------------------------
2022-10-16 14:15:02 Conexion Establecida a POP3 Server!
2022-10-16 14:15:02 PROCESO POPPER EMBLUE CONCLUIDO!
2022-10-16 14:15:02 
2022-10-16 14:30:01 ------------------------------------------------------------------------
2022-10-16 14:30:01 ---------------------INICIANDO MASTER POPPER EMBLUE---------------------
2022-10-16 14:30:01 ------------------------------------------------------------------------
2022-10-16 14:30:01 Conexion Establecida a POP3 Server!
2022-10-16 14:30:01 PROCESO POPPER EMBLUE CONCLUIDO!
2022-10-16 14:30:01 
2022-10-16 14:45:02 ------------------------------------------------------------------------
2022-10-16 14:45:02 ---------------------INICIANDO MASTER POPPER EMBLUE---------------------
2022-10-16 14:45:02 ------------------------------------------------------------------------
2022-10-16 14:45:02 Conexion Establecida a POP3 Server!
2022-10-16 14:45:02 PROCESO POPPER EMBLUE CONCLUIDO!
2022-10-16 14:45:02 
2022-10-16 15:00:02 ------------------------------------------------------------------------
2022-10-16 15:00:02 ---------------------INICIANDO MASTER POPPER EMBLUE---------------------
2022-10-16 15:00:02 ------------------------------------------------------------------------
2022-10-16 15:00:02 Conexion Establecida a POP3 Server!
2022-10-16 15:00:02 PROCESO POPPER EMBLUE CONCLUIDO!
2022-10-16 15:00:02 
2022-10-16 15:15:01 ------------------------------------------------------------------------
2022-10-16 15:15:01 ---------------------INICIANDO MASTER POPPER EMBLUE---------------------
2022-10-16 15:15:01 ------------------------------------------------------------------------
2022-10-16 15:15:01 Conexion Establecida a POP3 Server!
2022-10-16 15:15:01 PROCESO POPPER EMBLUE CONCLUIDO!
2022-10-16 15:15:01 
2022-10-16 15:30:02 ------------------------------------------------------------------------
2022-10-16 15:30:02 ---------------------INICIANDO MASTER POPPER EMBLUE---------------------
2022-10-16 15:30:02 ------------------------------------------------------------------------
2022-10-16 15:30:02 Conexion Establecida a POP3 Server!
2022-10-16 15:30:02 PROCESO POPPER EMBLUE CONCLUIDO!
2022-10-16 15:30:02 
2022-10-16 15:45:01 ------------------------------------------------------------------------
2022-10-16 15:45:01 ---------------------INICIANDO MASTER POPPER EMBLUE---------------------
2022-10-16 15:45:01 ------------------------------------------------------------------------
2022-10-16 15:45:01 Conexion Establecida a POP3 Server!
2022-10-16 15:45:01 PROCESO POPPER EMBLUE CONCLUIDO!
2022-10-16 15:45:01 
2022-10-16 16:00:01 ------------------------------------------------------------------------
2022-10-16 16:00:01 ---------------------INICIANDO MASTER POPPER EMBLUE---------------------
2022-10-16 16:00:01 ------------------------------------------------------------------------
2022-10-16 16:00:01 Conexion Establecida a POP3 Server!
2022-10-16 16:00:01 PROCESO POPPER EMBLUE CONCLUIDO!
2022-10-16 16:00:01 
2022-10-16 16:15:01 ------------------------------------------------------------------------
2022-10-16 16:15:01 ---------------------INICIANDO MASTER POPPER EMBLUE---------------------
2022-10-16 16:15:01 ------------------------------------------------------------------------
2022-10-16 16:15:01 Conexion Establecida a POP3 Server!
2022-10-16 16:15:01 PROCESO POPPER EMBLUE CONCLUIDO!
2022-10-16 16:15:01 
2022-10-16 16:30:02 ------------------------------------------------------------------------
2022-10-16 16:30:02 ---------------------INICIANDO MASTER POPPER EMBLUE---------------------
2022-10-16 16:30:02 ------------------------------------------------------------------------
2022-10-16 16:30:02 Conexion Establecida a POP3 Server!
2022-10-16 16:30:02 PROCESO POPPER EMBLUE CONCLUIDO!
2022-10-16 16:30:02 
2022-10-16 16:45:01 ------------------------------------------------------------------------
2022-10-16 16:45:01 ---------------------INICIANDO MASTER POPPER EMBLUE---------------------
2022-10-16 16:45:01 ------------------------------------------------------------------------
2022-10-16 16:45:01 Conexion Establecida a POP3 Server!
2022-10-16 16:45:01 PROCESO POPPER EMBLUE CONCLUIDO!
2022-10-16 16:45:01 
2022-10-16 17:00:01 ------------------------------------------------------------------------
2022-10-16 17:00:01 ---------------------INICIANDO MASTER POPPER EMBLUE---------------------
2022-10-16 17:00:01 ------------------------------------------------------------------------
2022-10-16 17:00:01 Conexion Establecida a POP3 Server!
2022-10-16 17:00:01 PROCESO POPPER EMBLUE CONCLUIDO!
2022-10-16 17:00:01 
2022-10-16 17:15:01 ------------------------------------------------------------------------
2022-10-16 17:15:01 ---------------------INICIANDO MASTER POPPER EMBLUE---------------------
2022-10-16 17:15:01 ------------------------------------------------------------------------
2022-10-16 17:15:01 Conexion Establecida a POP3 Server!
2022-10-16 17:15:01 PROCESO POPPER EMBLUE CONCLUIDO!
2022-10-16 17:15:01 
2022-10-16 17:30:01 ------------------------------------------------------------------------
2022-10-16 17:30:01 ---------------------INICIANDO MASTER POPPER EMBLUE---------------------
2022-10-16 17:30:01 ------------------------------------------------------------------------
2022-10-16 17:30:01 Conexion Establecida a POP3 Server!
2022-10-16 17:30:01 PROCESO POPPER EMBLUE CONCLUIDO!
2022-10-16 17:30:01 
2022-10-16 17:45:01 ------------------------------------------------------------------------
2022-10-16 17:45:01 ---------------------INICIANDO MASTER POPPER EMBLUE---------------------
2022-10-16 17:45:01 ------------------------------------------------------------------------
2022-10-16 17:45:01 Conexion Establecida a POP3 Server!
2022-10-16 17:45:01 PROCESO POPPER EMBLUE CONCLUIDO!
2022-10-16 17:45:01 
2022-10-16 18:00:01 ------------------------------------------------------------------------
2022-10-16 18:00:01 ---------------------INICIANDO MASTER POPPER EMBLUE---------------------
2022-10-16 18:00:01 ------------------------------------------------------------------------
2022-10-16 18:00:01 Conexion Establecida a POP3 Server!
2022-10-16 18:00:01 PROCESO POPPER EMBLUE CONCLUIDO!
2022-10-16 18:00:01 
2022-10-16 18:15:01 ------------------------------------------------------------------------
2022-10-16 18:15:01 ---------------------INICIANDO MASTER POPPER EMBLUE---------------------
2022-10-16 18:15:01 ------------------------------------------------------------------------
2022-10-16 18:15:01 Conexion Establecida a POP3 Server!
2022-10-16 18:15:01 PROCESO POPPER EMBLUE CONCLUIDO!
2022-10-16 18:15:01 
2022-10-16 18:30:02 ------------------------------------------------------------------------
2022-10-16 18:30:02 ---------------------INICIANDO MASTER POPPER EMBLUE---------------------
2022-10-16 18:30:02 ------------------------------------------------------------------------
2022-10-16 18:30:02 Conexion Establecida a POP3 Server!
2022-10-16 18:30:02 PROCESO POPPER EMBLUE CONCLUIDO!
2022-10-16 18:30:02 
2022-10-16 18:45:01 ------------------------------------------------------------------------
2022-10-16 18:45:01 ---------------------INICIANDO MASTER POPPER EMBLUE---------------------
2022-10-16 18:45:01 ------------------------------------------------------------------------
2022-10-16 18:45:01 Conexion Establecida a POP3 Server!
2022-10-16 18:45:01 PROCESO POPPER EMBLUE CONCLUIDO!
2022-10-16 18:45:01 
2022-10-16 19:00:01 ------------------------------------------------------------------------
2022-10-16 19:00:01 ---------------------INICIANDO MASTER POPPER EMBLUE---------------------
2022-10-16 19:00:01 ------------------------------------------------------------------------
2022-10-16 19:00:01 Conexion Establecida a POP3 Server!
2022-10-16 19:00:01 PROCESO POPPER EMBLUE CONCLUIDO!
2022-10-16 19:00:01 
2022-10-16 19:15:01 ------------------------------------------------------------------------
2022-10-16 19:15:01 ---------------------INICIANDO MASTER POPPER EMBLUE---------------------
2022-10-16 19:15:01 ------------------------------------------------------------------------
2022-10-16 19:15:01 Conexion Establecida a POP3 Server!
2022-10-16 19:15:01 PROCESO POPPER EMBLUE CONCLUIDO!
2022-10-16 19:15:01 
2022-10-16 19:30:01 ------------------------------------------------------------------------
2022-10-16 19:30:01 ---------------------INICIANDO MASTER POPPER EMBLUE---------------------
2022-10-16 19:30:01 ------------------------------------------------------------------------
2022-10-16 19:30:01 Conexion Establecida a POP3 Server!
2022-10-16 19:30:01 PROCESO POPPER EMBLUE CONCLUIDO!
2022-10-16 19:30:01 
2022-10-16 19:45:01 ------------------------------------------------------------------------
2022-10-16 19:45:01 ---------------------INICIANDO MASTER POPPER EMBLUE---------------------
2022-10-16 19:45:01 ------------------------------------------------------------------------
2022-10-16 19:45:01 Conexion Establecida a POP3 Server!
2022-10-16 19:45:01 PROCESO POPPER EMBLUE CONCLUIDO!
2022-10-16 19:45:01 
2022-10-16 20:00:01 ------------------------------------------------------------------------
2022-10-16 20:00:01 ---------------------INICIANDO MASTER POPPER EMBLUE---------------------
2022-10-16 20:00:01 ------------------------------------------------------------------------
2022-10-16 20:00:01 Conexion Establecida a POP3 Server!
2022-10-16 20:00:01 PROCESO POPPER EMBLUE CONCLUIDO!
2022-10-16 20:00:01 
2022-10-16 20:15:01 ------------------------------------------------------------------------
2022-10-16 20:15:01 ---------------------INICIANDO MASTER POPPER EMBLUE---------------------
2022-10-16 20:15:01 ------------------------------------------------------------------------
2022-10-16 20:15:01 Conexion Establecida a POP3 Server!
2022-10-16 20:15:01 PROCESO POPPER EMBLUE CONCLUIDO!
2022-10-16 20:15:01 
2022-10-16 20:30:02 ------------------------------------------------------------------------
2022-10-16 20:30:02 ---------------------INICIANDO MASTER POPPER EMBLUE---------------------
2022-10-16 20:30:02 ------------------------------------------------------------------------
2022-10-16 20:30:02 Conexion Establecida a POP3 Server!
2022-10-16 20:30:02 PROCESO POPPER EMBLUE CONCLUIDO!
2022-10-16 20:30:02 
2022-10-16 20:45:01 ------------------------------------------------------------------------
2022-10-16 20:45:01 ---------------------INICIANDO MASTER POPPER EMBLUE---------------------
2022-10-16 20:45:01 ------------------------------------------------------------------------
2022-10-16 20:45:01 Conexion Establecida a POP3 Server!
2022-10-16 20:45:01 PROCESO POPPER EMBLUE CONCLUIDO!
2022-10-16 20:45:01 
2022-10-16 21:00:01 ------------------------------------------------------------------------
2022-10-16 21:00:01 ---------------------INICIANDO MASTER POPPER EMBLUE---------------------
2022-10-16 21:00:01 ------------------------------------------------------------------------
2022-10-16 21:00:01 Conexion Establecida a POP3 Server!
2022-10-16 21:00:01 PROCESO POPPER EMBLUE CONCLUIDO!
2022-10-16 21:00:01 
2022-10-16 21:15:01 ------------------------------------------------------------------------
2022-10-16 21:15:01 ---------------------INICIANDO MASTER POPPER EMBLUE---------------------
2022-10-16 21:15:01 ------------------------------------------------------------------------
2022-10-16 21:15:01 Conexion Establecida a POP3 Server!
2022-10-16 21:15:01 PROCESO POPPER EMBLUE CONCLUIDO!
2022-10-16 21:15:01 
2022-10-16 21:30:02 ------------------------------------------------------------------------
2022-10-16 21:30:02 ---------------------INICIANDO MASTER POPPER EMBLUE---------------------
2022-10-16 21:30:02 ------------------------------------------------------------------------
2022-10-16 21:30:02 Conexion Establecida a POP3 Server!
2022-10-16 21:30:02 PROCESO POPPER EMBLUE CONCLUIDO!
2022-10-16 21:30:02 
2022-10-16 21:45:01 ------------------------------------------------------------------------
2022-10-16 21:45:01 ---------------------INICIANDO MASTER POPPER EMBLUE---------------------
2022-10-16 21:45:01 ------------------------------------------------------------------------
2022-10-16 21:45:01 Conexion Establecida a POP3 Server!
2022-10-16 21:45:01 PROCESO POPPER EMBLUE CONCLUIDO!
2022-10-16 21:45:01 
2022-10-16 22:00:01 ------------------------------------------------------------------------
2022-10-16 22:00:01 ---------------------INICIANDO MASTER POPPER EMBLUE---------------------
2022-10-16 22:00:01 ------------------------------------------------------------------------
2022-10-16 22:00:01 Conexion Establecida a POP3 Server!
2022-10-16 22:00:01 PROCESO POPPER EMBLUE CONCLUIDO!
2022-10-16 22:00:01 
2022-10-16 22:15:01 ------------------------------------------------------------------------
2022-10-16 22:15:01 ---------------------INICIANDO MASTER POPPER EMBLUE---------------------
2022-10-16 22:15:01 ------------------------------------------------------------------------
2022-10-16 22:15:01 Conexion Establecida a POP3 Server!
2022-10-16 22:15:01 PROCESO POPPER EMBLUE CONCLUIDO!
2022-10-16 22:15:01 
2022-10-16 22:30:01 ------------------------------------------------------------------------
2022-10-16 22:30:01 ---------------------INICIANDO MASTER POPPER EMBLUE---------------------
2022-10-16 22:30:01 ------------------------------------------------------------------------
2022-10-16 22:30:01 Conexion Establecida a POP3 Server!
2022-10-16 22:30:01 PROCESO POPPER EMBLUE CONCLUIDO!
2022-10-16 22:30:01 
2022-10-16 22:45:01 ------------------------------------------------------------------------
2022-10-16 22:45:01 ---------------------INICIANDO MASTER POPPER EMBLUE---------------------
2022-10-16 22:45:01 ------------------------------------------------------------------------
2022-10-16 22:45:01 Conexion Establecida a POP3 Server!
2022-10-16 22:45:01 PROCESO POPPER EMBLUE CONCLUIDO!
2022-10-16 22:45:01 
2022-10-16 23:00:01 ------------------------------------------------------------------------
2022-10-16 23:00:01 ---------------------INICIANDO MASTER POPPER EMBLUE---------------------
2022-10-16 23:00:01 ------------------------------------------------------------------------
2022-10-16 23:00:01 Conexion Establecida a POP3 Server!
2022-10-16 23:00:01 PROCESO POPPER EMBLUE CONCLUIDO!
2022-10-16 23:00:01 
2022-10-16 23:15:02 ------------------------------------------------------------------------
2022-10-16 23:15:02 ---------------------INICIANDO MASTER POPPER EMBLUE---------------------
2022-10-16 23:15:02 ------------------------------------------------------------------------
2022-10-16 23:15:02 Conexion Establecida a POP3 Server!
2022-10-16 23:15:02 PROCESO POPPER EMBLUE CONCLUIDO!
2022-10-16 23:15:02 
2022-10-16 23:30:01 ------------------------------------------------------------------------
2022-10-16 23:30:01 ---------------------INICIANDO MASTER POPPER EMBLUE---------------------
2022-10-16 23:30:01 ------------------------------------------------------------------------
2022-10-16 23:30:01 Conexion Establecida a POP3 Server!
2022-10-16 23:30:01 PROCESO POPPER EMBLUE CONCLUIDO!
2022-10-16 23:30:01 
2022-10-16 23:45:01 ------------------------------------------------------------------------
2022-10-16 23:45:01 ---------------------INICIANDO MASTER POPPER EMBLUE---------------------
2022-10-16 23:45:01 ------------------------------------------------------------------------
2022-10-16 23:45:01 Conexion Establecida a POP3 Server!
2022-10-16 23:45:01 PROCESO POPPER EMBLUE CONCLUIDO!
2022-10-16 23:45:01 
