2022-10-03 00:00:02 ------------------------------------------------------------------------
2022-10-03 00:00:02 ---------------------INICIANDO MASTER POPPER EMBLUE---------------------
2022-10-03 00:00:02 ------------------------------------------------------------------------
2022-10-03 00:00:02 Conexion Establecida a POP3 Server!
2022-10-03 00:00:02 PROCESO POPPER EMBLUE CONCLUIDO!
2022-10-03 00:00:02 
2022-10-03 00:15:01 ------------------------------------------------------------------------
2022-10-03 00:15:01 ---------------------INICIANDO MASTER POPPER EMBLUE---------------------
2022-10-03 00:15:01 ------------------------------------------------------------------------
2022-10-03 00:15:01 Conexion Establecida a POP3 Server!
2022-10-03 00:15:01 PROCESO POPPER EMBLUE CONCLUIDO!
2022-10-03 00:15:01 
2022-10-03 00:30:01 ------------------------------------------------------------------------
2022-10-03 00:30:01 ---------------------INICIANDO MASTER POPPER EMBLUE---------------------
2022-10-03 00:30:01 ------------------------------------------------------------------------
2022-10-03 00:30:01 Conexion Establecida a POP3 Server!
2022-10-03 00:30:01 PROCESO POPPER EMBLUE CONCLUIDO!
2022-10-03 00:30:01 
2022-10-03 00:45:01 ------------------------------------------------------------------------
2022-10-03 00:45:01 ---------------------INICIANDO MASTER POPPER EMBLUE---------------------
2022-10-03 00:45:01 ------------------------------------------------------------------------
2022-10-03 00:45:01 Conexion Establecida a POP3 Server!
2022-10-03 00:45:01 PROCESO POPPER EMBLUE CONCLUIDO!
2022-10-03 00:45:01 
2022-10-03 01:00:01 ------------------------------------------------------------------------
2022-10-03 01:00:01 ---------------------INICIANDO MASTER POPPER EMBLUE---------------------
2022-10-03 01:00:01 ------------------------------------------------------------------------
2022-10-03 01:00:01 Conexion Establecida a POP3 Server!
2022-10-03 01:00:01 PROCESO POPPER EMBLUE CONCLUIDO!
2022-10-03 01:00:01 
2022-10-03 01:15:01 ------------------------------------------------------------------------
2022-10-03 01:15:01 ---------------------INICIANDO MASTER POPPER EMBLUE---------------------
2022-10-03 01:15:01 ------------------------------------------------------------------------
2022-10-03 01:15:01 Conexion Establecida a POP3 Server!
2022-10-03 01:15:01 PROCESO POPPER EMBLUE CONCLUIDO!
2022-10-03 01:15:01 
2022-10-03 01:30:01 ------------------------------------------------------------------------
2022-10-03 01:30:01 ---------------------INICIANDO MASTER POPPER EMBLUE---------------------
2022-10-03 01:30:01 ------------------------------------------------------------------------
2022-10-03 01:30:01 Conexion Establecida a POP3 Server!
2022-10-03 01:30:01 PROCESO POPPER EMBLUE CONCLUIDO!
2022-10-03 01:30:01 
2022-10-03 01:45:01 ------------------------------------------------------------------------
2022-10-03 01:45:01 ---------------------INICIANDO MASTER POPPER EMBLUE---------------------
2022-10-03 01:45:01 ------------------------------------------------------------------------
2022-10-03 01:45:01 Conexion Establecida a POP3 Server!
2022-10-03 01:45:01 PROCESO POPPER EMBLUE CONCLUIDO!
2022-10-03 01:45:01 
2022-10-03 02:00:02 ------------------------------------------------------------------------
2022-10-03 02:00:02 ---------------------INICIANDO MASTER POPPER EMBLUE---------------------
2022-10-03 02:00:02 ------------------------------------------------------------------------
2022-10-03 02:00:02 Conexion Establecida a POP3 Server!
2022-10-03 02:00:02 PROCESO POPPER EMBLUE CONCLUIDO!
2022-10-03 02:00:02 
2022-10-03 02:15:01 ------------------------------------------------------------------------
2022-10-03 02:15:01 ---------------------INICIANDO MASTER POPPER EMBLUE---------------------
2022-10-03 02:15:01 ------------------------------------------------------------------------
2022-10-03 02:15:01 Conexion Establecida a POP3 Server!
2022-10-03 02:15:01 PROCESO POPPER EMBLUE CONCLUIDO!
2022-10-03 02:15:01 
2022-10-03 02:30:02 ------------------------------------------------------------------------
2022-10-03 02:30:02 ---------------------INICIANDO MASTER POPPER EMBLUE---------------------
2022-10-03 02:30:02 ------------------------------------------------------------------------
2022-10-03 02:30:02 Conexion Establecida a POP3 Server!
2022-10-03 02:30:02 PROCESO POPPER EMBLUE CONCLUIDO!
2022-10-03 02:30:02 
2022-10-03 02:45:01 ------------------------------------------------------------------------
2022-10-03 02:45:01 ---------------------INICIANDO MASTER POPPER EMBLUE---------------------
2022-10-03 02:45:01 ------------------------------------------------------------------------
2022-10-03 02:45:01 Conexion Establecida a POP3 Server!
2022-10-03 02:45:01 PROCESO POPPER EMBLUE CONCLUIDO!
2022-10-03 02:45:01 
2022-10-03 03:00:01 ------------------------------------------------------------------------
2022-10-03 03:00:01 ---------------------INICIANDO MASTER POPPER EMBLUE---------------------
2022-10-03 03:00:01 ------------------------------------------------------------------------
2022-10-03 03:00:01 Conexion Establecida a POP3 Server!
2022-10-03 03:00:01 PROCESO POPPER EMBLUE CONCLUIDO!
2022-10-03 03:00:01 
2022-10-03 03:15:02 ------------------------------------------------------------------------
2022-10-03 03:15:02 ---------------------INICIANDO MASTER POPPER EMBLUE---------------------
2022-10-03 03:15:02 ------------------------------------------------------------------------
2022-10-03 03:15:02 Conexion Establecida a POP3 Server!
2022-10-03 03:15:02 PROCESO POPPER EMBLUE CONCLUIDO!
2022-10-03 03:15:02 
2022-10-03 03:30:01 ------------------------------------------------------------------------
2022-10-03 03:30:01 ---------------------INICIANDO MASTER POPPER EMBLUE---------------------
2022-10-03 03:30:01 ------------------------------------------------------------------------
2022-10-03 03:30:01 Conexion Establecida a POP3 Server!
2022-10-03 03:30:01 PROCESO POPPER EMBLUE CONCLUIDO!
2022-10-03 03:30:01 
2022-10-03 03:45:02 ------------------------------------------------------------------------
2022-10-03 03:45:02 ---------------------INICIANDO MASTER POPPER EMBLUE---------------------
2022-10-03 03:45:02 ------------------------------------------------------------------------
2022-10-03 03:45:02 Conexion Establecida a POP3 Server!
2022-10-03 03:45:02 PROCESO POPPER EMBLUE CONCLUIDO!
2022-10-03 03:45:02 
2022-10-03 04:00:01 ------------------------------------------------------------------------
2022-10-03 04:00:01 ---------------------INICIANDO MASTER POPPER EMBLUE---------------------
2022-10-03 04:00:01 ------------------------------------------------------------------------
2022-10-03 04:00:01 Conexion Establecida a POP3 Server!
2022-10-03 04:00:01 PROCESO POPPER EMBLUE CONCLUIDO!
2022-10-03 04:00:01 
2022-10-03 04:15:01 ------------------------------------------------------------------------
2022-10-03 04:15:01 ---------------------INICIANDO MASTER POPPER EMBLUE---------------------
2022-10-03 04:15:01 ------------------------------------------------------------------------
2022-10-03 04:15:01 Conexion Establecida a POP3 Server!
2022-10-03 04:15:01 PROCESO POPPER EMBLUE CONCLUIDO!
2022-10-03 04:15:01 
2022-10-03 04:30:01 ------------------------------------------------------------------------
2022-10-03 04:30:01 ---------------------INICIANDO MASTER POPPER EMBLUE---------------------
2022-10-03 04:30:01 ------------------------------------------------------------------------
2022-10-03 04:30:01 Conexion Establecida a POP3 Server!
2022-10-03 04:30:01 PROCESO POPPER EMBLUE CONCLUIDO!
2022-10-03 04:30:01 
2022-10-03 04:45:02 ------------------------------------------------------------------------
2022-10-03 04:45:02 ---------------------INICIANDO MASTER POPPER EMBLUE---------------------
2022-10-03 04:45:02 ------------------------------------------------------------------------
2022-10-03 04:45:02 Conexion Establecida a POP3 Server!
2022-10-03 04:45:02 PROCESO POPPER EMBLUE CONCLUIDO!
2022-10-03 04:45:02 
2022-10-03 05:00:01 ------------------------------------------------------------------------
2022-10-03 05:00:01 ---------------------INICIANDO MASTER POPPER EMBLUE---------------------
2022-10-03 05:00:01 ------------------------------------------------------------------------
2022-10-03 05:00:01 Conexion Establecida a POP3 Server!
2022-10-03 05:00:01 PROCESO POPPER EMBLUE CONCLUIDO!
2022-10-03 05:00:01 
2022-10-03 05:15:01 ------------------------------------------------------------------------
2022-10-03 05:15:01 ---------------------INICIANDO MASTER POPPER EMBLUE---------------------
2022-10-03 05:15:01 ------------------------------------------------------------------------
2022-10-03 05:15:01 Conexion Establecida a POP3 Server!
2022-10-03 05:15:01 PROCESO POPPER EMBLUE CONCLUIDO!
2022-10-03 05:15:01 
2022-10-03 05:30:01 ------------------------------------------------------------------------
2022-10-03 05:30:01 ---------------------INICIANDO MASTER POPPER EMBLUE---------------------
2022-10-03 05:30:01 ------------------------------------------------------------------------
2022-10-03 05:30:01 Conexion Establecida a POP3 Server!
2022-10-03 05:30:01 PROCESO POPPER EMBLUE CONCLUIDO!
2022-10-03 05:30:01 
2022-10-03 05:45:02 ------------------------------------------------------------------------
2022-10-03 05:45:02 ---------------------INICIANDO MASTER POPPER EMBLUE---------------------
2022-10-03 05:45:02 ------------------------------------------------------------------------
2022-10-03 05:45:02 Conexion Establecida a POP3 Server!
2022-10-03 05:45:02 PROCESO POPPER EMBLUE CONCLUIDO!
2022-10-03 05:45:02 
2022-10-03 06:00:01 ------------------------------------------------------------------------
2022-10-03 06:00:01 ---------------------INICIANDO MASTER POPPER EMBLUE---------------------
2022-10-03 06:00:01 ------------------------------------------------------------------------
2022-10-03 06:00:01 Conexion Establecida a POP3 Server!
2022-10-03 06:00:01 PROCESO POPPER EMBLUE CONCLUIDO!
2022-10-03 06:00:01 
2022-10-03 06:15:01 ------------------------------------------------------------------------
2022-10-03 06:15:01 ---------------------INICIANDO MASTER POPPER EMBLUE---------------------
2022-10-03 06:15:01 ------------------------------------------------------------------------
2022-10-03 06:15:01 Conexion Establecida a POP3 Server!
2022-10-03 06:15:01 PROCESO POPPER EMBLUE CONCLUIDO!
2022-10-03 06:15:01 
2022-10-03 06:30:02 ------------------------------------------------------------------------
2022-10-03 06:30:02 ---------------------INICIANDO MASTER POPPER EMBLUE---------------------
2022-10-03 06:30:02 ------------------------------------------------------------------------
2022-10-03 06:30:02 Conexion Establecida a POP3 Server!
2022-10-03 06:30:02 PROCESO POPPER EMBLUE CONCLUIDO!
2022-10-03 06:30:02 
2022-10-03 06:45:01 ------------------------------------------------------------------------
2022-10-03 06:45:01 ---------------------INICIANDO MASTER POPPER EMBLUE---------------------
2022-10-03 06:45:01 ------------------------------------------------------------------------
2022-10-03 06:45:01 Conexion Establecida a POP3 Server!
2022-10-03 06:45:01 PROCESO POPPER EMBLUE CONCLUIDO!
2022-10-03 06:45:01 
2022-10-03 07:00:01 ------------------------------------------------------------------------
2022-10-03 07:00:01 ---------------------INICIANDO MASTER POPPER EMBLUE---------------------
2022-10-03 07:00:01 ------------------------------------------------------------------------
2022-10-03 07:00:01 Conexion Establecida a POP3 Server!
2022-10-03 07:00:01 PROCESO POPPER EMBLUE CONCLUIDO!
2022-10-03 07:00:01 
2022-10-03 07:15:02 ------------------------------------------------------------------------
2022-10-03 07:15:02 ---------------------INICIANDO MASTER POPPER EMBLUE---------------------
2022-10-03 07:15:02 ------------------------------------------------------------------------
2022-10-03 07:15:02 Conexion Establecida a POP3 Server!
2022-10-03 07:15:02 PROCESO POPPER EMBLUE CONCLUIDO!
2022-10-03 07:15:02 
2022-10-03 07:30:01 ------------------------------------------------------------------------
2022-10-03 07:30:01 ---------------------INICIANDO MASTER POPPER EMBLUE---------------------
2022-10-03 07:30:01 ------------------------------------------------------------------------
2022-10-03 07:30:01 Conexion Establecida a POP3 Server!
2022-10-03 07:30:01 PROCESO POPPER EMBLUE CONCLUIDO!
2022-10-03 07:30:01 
2022-10-03 07:45:01 ------------------------------------------------------------------------
2022-10-03 07:45:01 ---------------------INICIANDO MASTER POPPER EMBLUE---------------------
2022-10-03 07:45:01 ------------------------------------------------------------------------
2022-10-03 07:45:02 Conexion Establecida a POP3 Server!
2022-10-03 07:45:02 PROCESO POPPER EMBLUE CONCLUIDO!
2022-10-03 07:45:02 
2022-10-03 08:00:01 ------------------------------------------------------------------------
2022-10-03 08:00:01 ---------------------INICIANDO MASTER POPPER EMBLUE---------------------
2022-10-03 08:00:01 ------------------------------------------------------------------------
2022-10-03 08:00:01 Conexion Establecida a POP3 Server!
2022-10-03 08:00:01 PROCESO POPPER EMBLUE CONCLUIDO!
2022-10-03 08:00:01 
2022-10-03 08:15:02 ------------------------------------------------------------------------
2022-10-03 08:15:02 ---------------------INICIANDO MASTER POPPER EMBLUE---------------------
2022-10-03 08:15:02 ------------------------------------------------------------------------
2022-10-03 08:15:02 Conexion Establecida a POP3 Server!
2022-10-03 08:15:02 PROCESO POPPER EMBLUE CONCLUIDO!
2022-10-03 08:15:02 
2022-10-03 08:30:02 ------------------------------------------------------------------------
2022-10-03 08:30:02 ---------------------INICIANDO MASTER POPPER EMBLUE---------------------
2022-10-03 08:30:02 ------------------------------------------------------------------------
2022-10-03 08:30:02 Conexion Establecida a POP3 Server!
2022-10-03 08:30:02 PROCESO POPPER EMBLUE CONCLUIDO!
2022-10-03 08:30:02 
2022-10-03 08:45:01 ------------------------------------------------------------------------
2022-10-03 08:45:01 ---------------------INICIANDO MASTER POPPER EMBLUE---------------------
2022-10-03 08:45:01 ------------------------------------------------------------------------
2022-10-03 08:45:01 Conexion Establecida a POP3 Server!
2022-10-03 08:45:01 PROCESO POPPER EMBLUE CONCLUIDO!
2022-10-03 08:45:01 
2022-10-03 09:00:01 ------------------------------------------------------------------------
2022-10-03 09:00:01 ---------------------INICIANDO MASTER POPPER EMBLUE---------------------
2022-10-03 09:00:01 ------------------------------------------------------------------------
2022-10-03 09:00:01 Conexion Establecida a POP3 Server!
2022-10-03 09:00:01 PROCESO POPPER EMBLUE CONCLUIDO!
2022-10-03 09:00:01 
2022-10-03 09:15:01 ------------------------------------------------------------------------
2022-10-03 09:15:01 ---------------------INICIANDO MASTER POPPER EMBLUE---------------------
2022-10-03 09:15:01 ------------------------------------------------------------------------
2022-10-03 09:15:01 Conexion Establecida a POP3 Server!
2022-10-03 09:15:01 PROCESO POPPER EMBLUE CONCLUIDO!
2022-10-03 09:15:01 
2022-10-03 09:30:01 ------------------------------------------------------------------------
2022-10-03 09:30:01 ---------------------INICIANDO MASTER POPPER EMBLUE---------------------
2022-10-03 09:30:01 ------------------------------------------------------------------------
2022-10-03 09:30:01 Conexion Establecida a POP3 Server!
2022-10-03 09:30:01 PROCESO POPPER EMBLUE CONCLUIDO!
2022-10-03 09:30:01 
2022-10-03 09:45:01 ------------------------------------------------------------------------
2022-10-03 09:45:01 ---------------------INICIANDO MASTER POPPER EMBLUE---------------------
2022-10-03 09:45:01 ------------------------------------------------------------------------
2022-10-03 09:45:01 Conexion Establecida a POP3 Server!
2022-10-03 09:45:01 PROCESO POPPER EMBLUE CONCLUIDO!
2022-10-03 09:45:01 
2022-10-03 10:00:02 ------------------------------------------------------------------------
2022-10-03 10:00:02 ---------------------INICIANDO MASTER POPPER EMBLUE---------------------
2022-10-03 10:00:02 ------------------------------------------------------------------------
2022-10-03 10:00:02 Conexion Establecida a POP3 Server!
2022-10-03 10:00:02 PROCESO POPPER EMBLUE CONCLUIDO!
2022-10-03 10:00:02 
2022-10-03 10:15:01 ------------------------------------------------------------------------
2022-10-03 10:15:01 ---------------------INICIANDO MASTER POPPER EMBLUE---------------------
2022-10-03 10:15:01 ------------------------------------------------------------------------
2022-10-03 10:15:01 Conexion Establecida a POP3 Server!
2022-10-03 10:15:01 PROCESO POPPER EMBLUE CONCLUIDO!
2022-10-03 10:15:01 
2022-10-03 10:30:02 ------------------------------------------------------------------------
2022-10-03 10:30:02 ---------------------INICIANDO MASTER POPPER EMBLUE---------------------
2022-10-03 10:30:02 ------------------------------------------------------------------------
2022-10-03 10:30:02 Conexion Establecida a POP3 Server!
2022-10-03 10:30:02 PROCESO POPPER EMBLUE CONCLUIDO!
2022-10-03 10:30:02 
2022-10-03 10:45:02 ------------------------------------------------------------------------
2022-10-03 10:45:02 ---------------------INICIANDO MASTER POPPER EMBLUE---------------------
2022-10-03 10:45:02 ------------------------------------------------------------------------
2022-10-03 10:45:02 Conexion Establecida a POP3 Server!
2022-10-03 10:45:02 PROCESO POPPER EMBLUE CONCLUIDO!
2022-10-03 10:45:02 
2022-10-03 11:00:02 ------------------------------------------------------------------------
2022-10-03 11:00:02 ---------------------INICIANDO MASTER POPPER EMBLUE---------------------
2022-10-03 11:00:02 ------------------------------------------------------------------------
2022-10-03 11:00:02 Conexion Establecida a POP3 Server!
2022-10-03 11:00:02 PROCESO POPPER EMBLUE CONCLUIDO!
2022-10-03 11:00:02 
2022-10-03 11:15:02 ------------------------------------------------------------------------
2022-10-03 11:15:02 ---------------------INICIANDO MASTER POPPER EMBLUE---------------------
2022-10-03 11:15:02 ------------------------------------------------------------------------
2022-10-03 11:15:02 Conexion Establecida a POP3 Server!
2022-10-03 11:15:02 PROCESO POPPER EMBLUE CONCLUIDO!
2022-10-03 11:15:02 
2022-10-03 11:30:02 ------------------------------------------------------------------------
2022-10-03 11:30:02 ---------------------INICIANDO MASTER POPPER EMBLUE---------------------
2022-10-03 11:30:02 ------------------------------------------------------------------------
2022-10-03 11:30:02 Conexion Establecida a POP3 Server!
2022-10-03 11:30:02 PROCESO POPPER EMBLUE CONCLUIDO!
2022-10-03 11:30:02 
2022-10-03 11:45:01 ------------------------------------------------------------------------
2022-10-03 11:45:01 ---------------------INICIANDO MASTER POPPER EMBLUE---------------------
2022-10-03 11:45:01 ------------------------------------------------------------------------
2022-10-03 11:45:01 Conexion Establecida a POP3 Server!
2022-10-03 11:45:01 PROCESO POPPER EMBLUE CONCLUIDO!
2022-10-03 11:45:01 
2022-10-03 12:00:01 ------------------------------------------------------------------------
2022-10-03 12:00:01 ---------------------INICIANDO MASTER POPPER EMBLUE---------------------
2022-10-03 12:00:01 ------------------------------------------------------------------------
2022-10-03 12:00:01 Conexion Establecida a POP3 Server!
2022-10-03 12:00:01 PROCESO POPPER EMBLUE CONCLUIDO!
2022-10-03 12:00:01 
2022-10-03 12:15:01 ------------------------------------------------------------------------
2022-10-03 12:15:01 ---------------------INICIANDO MASTER POPPER EMBLUE---------------------
2022-10-03 12:15:01 ------------------------------------------------------------------------
2022-10-03 12:15:02 Conexion Establecida a POP3 Server!
2022-10-03 12:15:02 PROCESO POPPER EMBLUE CONCLUIDO!
2022-10-03 12:15:02 
2022-10-03 12:30:01 ------------------------------------------------------------------------
2022-10-03 12:30:01 ---------------------INICIANDO MASTER POPPER EMBLUE---------------------
2022-10-03 12:30:01 ------------------------------------------------------------------------
2022-10-03 12:30:01 Conexion Establecida a POP3 Server!
2022-10-03 12:30:01 PROCESO POPPER EMBLUE CONCLUIDO!
2022-10-03 12:30:01 
2022-10-03 12:45:02 ------------------------------------------------------------------------
2022-10-03 12:45:02 ---------------------INICIANDO MASTER POPPER EMBLUE---------------------
2022-10-03 12:45:02 ------------------------------------------------------------------------
2022-10-03 12:45:02 Conexion Establecida a POP3 Server!
2022-10-03 12:45:02 PROCESO POPPER EMBLUE CONCLUIDO!
2022-10-03 12:45:02 
2022-10-03 13:00:01 ------------------------------------------------------------------------
2022-10-03 13:00:01 ---------------------INICIANDO MASTER POPPER EMBLUE---------------------
2022-10-03 13:00:01 ------------------------------------------------------------------------
2022-10-03 13:00:01 Conexion Establecida a POP3 Server!
2022-10-03 13:00:01 PROCESO POPPER EMBLUE CONCLUIDO!
2022-10-03 13:00:01 
2022-10-03 13:15:01 ------------------------------------------------------------------------
2022-10-03 13:15:01 ---------------------INICIANDO MASTER POPPER EMBLUE---------------------
2022-10-03 13:15:01 ------------------------------------------------------------------------
2022-10-03 13:15:02 Conexion Establecida a POP3 Server!
2022-10-03 13:15:02 PROCESO POPPER EMBLUE CONCLUIDO!
2022-10-03 13:15:02 
2022-10-03 13:30:01 ------------------------------------------------------------------------
2022-10-03 13:30:01 ---------------------INICIANDO MASTER POPPER EMBLUE---------------------
2022-10-03 13:30:01 ------------------------------------------------------------------------
2022-10-03 13:30:01 Conexion Establecida a POP3 Server!
2022-10-03 13:30:01 PROCESO POPPER EMBLUE CONCLUIDO!
2022-10-03 13:30:01 
2022-10-03 13:45:02 ------------------------------------------------------------------------
2022-10-03 13:45:02 ---------------------INICIANDO MASTER POPPER EMBLUE---------------------
2022-10-03 13:45:02 ------------------------------------------------------------------------
2022-10-03 13:45:02 Conexion Establecida a POP3 Server!
2022-10-03 13:45:02 PROCESO POPPER EMBLUE CONCLUIDO!
2022-10-03 13:45:02 
2022-10-03 14:00:02 ------------------------------------------------------------------------
2022-10-03 14:00:02 ---------------------INICIANDO MASTER POPPER EMBLUE---------------------
2022-10-03 14:00:02 ------------------------------------------------------------------------
2022-10-03 14:00:02 Conexion Establecida a POP3 Server!
2022-10-03 14:00:02 PROCESO POPPER EMBLUE CONCLUIDO!
2022-10-03 14:00:02 
2022-10-03 14:15:01 ------------------------------------------------------------------------
2022-10-03 14:15:01 ---------------------INICIANDO MASTER POPPER EMBLUE---------------------
2022-10-03 14:15:01 ------------------------------------------------------------------------
2022-10-03 14:15:01 Conexion Establecida a POP3 Server!
2022-10-03 14:15:01 PROCESO POPPER EMBLUE CONCLUIDO!
2022-10-03 14:15:01 
2022-10-03 14:30:02 ------------------------------------------------------------------------
2022-10-03 14:30:02 ---------------------INICIANDO MASTER POPPER EMBLUE---------------------
2022-10-03 14:30:02 ------------------------------------------------------------------------
2022-10-03 14:30:02 Conexion Establecida a POP3 Server!
2022-10-03 14:30:02 PROCESO POPPER EMBLUE CONCLUIDO!
2022-10-03 14:30:02 
2022-10-03 14:45:01 ------------------------------------------------------------------------
2022-10-03 14:45:01 ---------------------INICIANDO MASTER POPPER EMBLUE---------------------
2022-10-03 14:45:01 ------------------------------------------------------------------------
2022-10-03 14:45:01 Conexion Establecida a POP3 Server!
2022-10-03 14:45:01 PROCESO POPPER EMBLUE CONCLUIDO!
2022-10-03 14:45:01 
2022-10-03 15:00:01 ------------------------------------------------------------------------
2022-10-03 15:00:01 ---------------------INICIANDO MASTER POPPER EMBLUE---------------------
2022-10-03 15:00:01 ------------------------------------------------------------------------
2022-10-03 15:00:01 Conexion Establecida a POP3 Server!
2022-10-03 15:00:01 PROCESO POPPER EMBLUE CONCLUIDO!
2022-10-03 15:00:01 
2022-10-03 15:15:02 ------------------------------------------------------------------------
2022-10-03 15:15:02 ---------------------INICIANDO MASTER POPPER EMBLUE---------------------
2022-10-03 15:15:02 ------------------------------------------------------------------------
2022-10-03 15:15:02 Conexion Establecida a POP3 Server!
2022-10-03 15:15:02 PROCESO POPPER EMBLUE CONCLUIDO!
2022-10-03 15:15:02 
2022-10-03 15:30:01 ------------------------------------------------------------------------
2022-10-03 15:30:01 ---------------------INICIANDO MASTER POPPER EMBLUE---------------------
2022-10-03 15:30:01 ------------------------------------------------------------------------
2022-10-03 15:30:02 Conexion Establecida a POP3 Server!
2022-10-03 15:30:02 PROCESO POPPER EMBLUE CONCLUIDO!
2022-10-03 15:30:02 
2022-10-03 15:45:01 ------------------------------------------------------------------------
2022-10-03 15:45:01 ---------------------INICIANDO MASTER POPPER EMBLUE---------------------
2022-10-03 15:45:01 ------------------------------------------------------------------------
2022-10-03 15:45:01 Conexion Establecida a POP3 Server!
2022-10-03 15:45:01 PROCESO POPPER EMBLUE CONCLUIDO!
2022-10-03 15:45:01 
2022-10-03 16:00:01 ------------------------------------------------------------------------
2022-10-03 16:00:01 ---------------------INICIANDO MASTER POPPER EMBLUE---------------------
2022-10-03 16:00:01 ------------------------------------------------------------------------
2022-10-03 16:00:01 Conexion Establecida a POP3 Server!
2022-10-03 16:00:01 PROCESO POPPER EMBLUE CONCLUIDO!
2022-10-03 16:00:01 
2022-10-03 16:15:01 ------------------------------------------------------------------------
2022-10-03 16:15:01 ---------------------INICIANDO MASTER POPPER EMBLUE---------------------
2022-10-03 16:15:01 ------------------------------------------------------------------------
2022-10-03 16:15:01 Conexion Establecida a POP3 Server!
2022-10-03 16:15:01 PROCESO POPPER EMBLUE CONCLUIDO!
2022-10-03 16:15:01 
2022-10-03 16:30:02 ------------------------------------------------------------------------
2022-10-03 16:30:02 ---------------------INICIANDO MASTER POPPER EMBLUE---------------------
2022-10-03 16:30:02 ------------------------------------------------------------------------
2022-10-03 16:30:02 Conexion Establecida a POP3 Server!
2022-10-03 16:30:02 PROCESO POPPER EMBLUE CONCLUIDO!
2022-10-03 16:30:02 
2022-10-03 16:45:01 ------------------------------------------------------------------------
2022-10-03 16:45:01 ---------------------INICIANDO MASTER POPPER EMBLUE---------------------
2022-10-03 16:45:01 ------------------------------------------------------------------------
2022-10-03 16:45:01 Conexion Establecida a POP3 Server!
2022-10-03 16:45:01 PROCESO POPPER EMBLUE CONCLUIDO!
2022-10-03 16:45:01 
2022-10-03 17:00:01 ------------------------------------------------------------------------
2022-10-03 17:00:01 ---------------------INICIANDO MASTER POPPER EMBLUE---------------------
2022-10-03 17:00:01 ------------------------------------------------------------------------
2022-10-03 17:00:02 Conexion Establecida a POP3 Server!
2022-10-03 17:00:02 PROCESO POPPER EMBLUE CONCLUIDO!
2022-10-03 17:00:02 
2022-10-03 17:15:01 ------------------------------------------------------------------------
2022-10-03 17:15:01 ---------------------INICIANDO MASTER POPPER EMBLUE---------------------
2022-10-03 17:15:01 ------------------------------------------------------------------------
2022-10-03 17:15:01 Conexion Establecida a POP3 Server!
2022-10-03 17:15:01 PROCESO POPPER EMBLUE CONCLUIDO!
2022-10-03 17:15:01 
2022-10-03 17:30:02 ------------------------------------------------------------------------
2022-10-03 17:30:02 ---------------------INICIANDO MASTER POPPER EMBLUE---------------------
2022-10-03 17:30:02 ------------------------------------------------------------------------
2022-10-03 17:30:02 Conexion Establecida a POP3 Server!
2022-10-03 17:30:02 PROCESO POPPER EMBLUE CONCLUIDO!
2022-10-03 17:30:02 
2022-10-03 17:45:01 ------------------------------------------------------------------------
2022-10-03 17:45:01 ---------------------INICIANDO MASTER POPPER EMBLUE---------------------
2022-10-03 17:45:01 ------------------------------------------------------------------------
2022-10-03 17:45:01 Conexion Establecida a POP3 Server!
2022-10-03 17:45:01 PROCESO POPPER EMBLUE CONCLUIDO!
2022-10-03 17:45:01 
2022-10-03 18:00:01 ------------------------------------------------------------------------
2022-10-03 18:00:01 ---------------------INICIANDO MASTER POPPER EMBLUE---------------------
2022-10-03 18:00:01 ------------------------------------------------------------------------
2022-10-03 18:00:01 Conexion Establecida a POP3 Server!
2022-10-03 18:00:01 PROCESO POPPER EMBLUE CONCLUIDO!
2022-10-03 18:00:01 
2022-10-03 18:15:01 ------------------------------------------------------------------------
2022-10-03 18:15:01 ---------------------INICIANDO MASTER POPPER EMBLUE---------------------
2022-10-03 18:15:01 ------------------------------------------------------------------------
2022-10-03 18:15:01 Conexion Establecida a POP3 Server!
2022-10-03 18:15:01 PROCESO POPPER EMBLUE CONCLUIDO!
2022-10-03 18:15:01 
2022-10-03 18:30:02 ------------------------------------------------------------------------
2022-10-03 18:30:02 ---------------------INICIANDO MASTER POPPER EMBLUE---------------------
2022-10-03 18:30:02 ------------------------------------------------------------------------
2022-10-03 18:30:02 Conexion Establecida a POP3 Server!
2022-10-03 18:30:02 PROCESO POPPER EMBLUE CONCLUIDO!
2022-10-03 18:30:02 
2022-10-03 18:45:01 ------------------------------------------------------------------------
2022-10-03 18:45:01 ---------------------INICIANDO MASTER POPPER EMBLUE---------------------
2022-10-03 18:45:01 ------------------------------------------------------------------------
2022-10-03 18:45:01 Conexion Establecida a POP3 Server!
2022-10-03 18:45:01 PROCESO POPPER EMBLUE CONCLUIDO!
2022-10-03 18:45:01 
2022-10-03 19:00:02 ------------------------------------------------------------------------
2022-10-03 19:00:02 ---------------------INICIANDO MASTER POPPER EMBLUE---------------------
2022-10-03 19:00:02 ------------------------------------------------------------------------
2022-10-03 19:00:02 Conexion Establecida a POP3 Server!
2022-10-03 19:00:02 PROCESO POPPER EMBLUE CONCLUIDO!
2022-10-03 19:00:02 
2022-10-03 19:15:01 ------------------------------------------------------------------------
2022-10-03 19:15:01 ---------------------INICIANDO MASTER POPPER EMBLUE---------------------
2022-10-03 19:15:01 ------------------------------------------------------------------------
2022-10-03 19:15:01 Conexion Establecida a POP3 Server!
2022-10-03 19:15:01 PROCESO POPPER EMBLUE CONCLUIDO!
2022-10-03 19:15:01 
2022-10-03 19:30:01 ------------------------------------------------------------------------
2022-10-03 19:30:01 ---------------------INICIANDO MASTER POPPER EMBLUE---------------------
2022-10-03 19:30:01 ------------------------------------------------------------------------
2022-10-03 19:30:01 Conexion Establecida a POP3 Server!
2022-10-03 19:30:01 PROCESO POPPER EMBLUE CONCLUIDO!
2022-10-03 19:30:01 
2022-10-03 19:45:02 ------------------------------------------------------------------------
2022-10-03 19:45:02 ---------------------INICIANDO MASTER POPPER EMBLUE---------------------
2022-10-03 19:45:02 ------------------------------------------------------------------------
2022-10-03 19:45:02 Conexion Establecida a POP3 Server!
2022-10-03 19:45:02 PROCESO POPPER EMBLUE CONCLUIDO!
2022-10-03 19:45:02 
2022-10-03 20:00:01 ------------------------------------------------------------------------
2022-10-03 20:00:01 ---------------------INICIANDO MASTER POPPER EMBLUE---------------------
2022-10-03 20:00:01 ------------------------------------------------------------------------
2022-10-03 20:00:01 Conexion Establecida a POP3 Server!
2022-10-03 20:00:01 PROCESO POPPER EMBLUE CONCLUIDO!
2022-10-03 20:00:01 
2022-10-03 20:15:02 ------------------------------------------------------------------------
2022-10-03 20:15:02 ---------------------INICIANDO MASTER POPPER EMBLUE---------------------
2022-10-03 20:15:02 ------------------------------------------------------------------------
2022-10-03 20:15:02 Conexion Establecida a POP3 Server!
2022-10-03 20:15:02 PROCESO POPPER EMBLUE CONCLUIDO!
2022-10-03 20:15:02 
2022-10-03 20:30:01 ------------------------------------------------------------------------
2022-10-03 20:30:01 ---------------------INICIANDO MASTER POPPER EMBLUE---------------------
2022-10-03 20:30:01 ------------------------------------------------------------------------
2022-10-03 20:30:01 Conexion Establecida a POP3 Server!
2022-10-03 20:30:01 PROCESO POPPER EMBLUE CONCLUIDO!
2022-10-03 20:30:01 
2022-10-03 20:45:01 ------------------------------------------------------------------------
2022-10-03 20:45:01 ---------------------INICIANDO MASTER POPPER EMBLUE---------------------
2022-10-03 20:45:01 ------------------------------------------------------------------------
2022-10-03 20:45:02 Conexion Establecida a POP3 Server!
2022-10-03 20:45:02 PROCESO POPPER EMBLUE CONCLUIDO!
2022-10-03 20:45:02 
2022-10-03 21:00:01 ------------------------------------------------------------------------
2022-10-03 21:00:01 ---------------------INICIANDO MASTER POPPER EMBLUE---------------------
2022-10-03 21:00:01 ------------------------------------------------------------------------
2022-10-03 21:00:01 Conexion Establecida a POP3 Server!
2022-10-03 21:00:01 PROCESO POPPER EMBLUE CONCLUIDO!
2022-10-03 21:00:01 
2022-10-03 21:15:01 ------------------------------------------------------------------------
2022-10-03 21:15:01 ---------------------INICIANDO MASTER POPPER EMBLUE---------------------
2022-10-03 21:15:01 ------------------------------------------------------------------------
2022-10-03 21:15:02 Conexion Establecida a POP3 Server!
2022-10-03 21:15:02 PROCESO POPPER EMBLUE CONCLUIDO!
2022-10-03 21:15:02 
2022-10-03 21:30:01 ------------------------------------------------------------------------
2022-10-03 21:30:01 ---------------------INICIANDO MASTER POPPER EMBLUE---------------------
2022-10-03 21:30:01 ------------------------------------------------------------------------
2022-10-03 21:30:01 Conexion Establecida a POP3 Server!
2022-10-03 21:30:01 PROCESO POPPER EMBLUE CONCLUIDO!
2022-10-03 21:30:01 
2022-10-03 21:45:01 ------------------------------------------------------------------------
2022-10-03 21:45:01 ---------------------INICIANDO MASTER POPPER EMBLUE---------------------
2022-10-03 21:45:01 ------------------------------------------------------------------------
2022-10-03 21:45:01 Conexion Establecida a POP3 Server!
2022-10-03 21:45:01 PROCESO POPPER EMBLUE CONCLUIDO!
2022-10-03 21:45:01 
2022-10-03 22:00:01 ------------------------------------------------------------------------
2022-10-03 22:00:01 ---------------------INICIANDO MASTER POPPER EMBLUE---------------------
2022-10-03 22:00:01 ------------------------------------------------------------------------
2022-10-03 22:00:01 Conexion Establecida a POP3 Server!
2022-10-03 22:00:01 PROCESO POPPER EMBLUE CONCLUIDO!
2022-10-03 22:00:01 
2022-10-03 22:15:01 ------------------------------------------------------------------------
2022-10-03 22:15:01 ---------------------INICIANDO MASTER POPPER EMBLUE---------------------
2022-10-03 22:15:01 ------------------------------------------------------------------------
2022-10-03 22:15:01 Conexion Establecida a POP3 Server!
2022-10-03 22:15:01 PROCESO POPPER EMBLUE CONCLUIDO!
2022-10-03 22:15:01 
2022-10-03 22:30:02 ------------------------------------------------------------------------
2022-10-03 22:30:02 ---------------------INICIANDO MASTER POPPER EMBLUE---------------------
2022-10-03 22:30:02 ------------------------------------------------------------------------
2022-10-03 22:30:02 Conexion Establecida a POP3 Server!
2022-10-03 22:30:02 PROCESO POPPER EMBLUE CONCLUIDO!
2022-10-03 22:30:02 
2022-10-03 22:45:02 ------------------------------------------------------------------------
2022-10-03 22:45:02 ---------------------INICIANDO MASTER POPPER EMBLUE---------------------
2022-10-03 22:45:02 ------------------------------------------------------------------------
2022-10-03 22:45:02 Conexion Establecida a POP3 Server!
2022-10-03 22:45:02 PROCESO POPPER EMBLUE CONCLUIDO!
2022-10-03 22:45:02 
2022-10-03 23:00:01 ------------------------------------------------------------------------
2022-10-03 23:00:01 ---------------------INICIANDO MASTER POPPER EMBLUE---------------------
2022-10-03 23:00:01 ------------------------------------------------------------------------
2022-10-03 23:00:01 Conexion Establecida a POP3 Server!
2022-10-03 23:00:01 PROCESO POPPER EMBLUE CONCLUIDO!
2022-10-03 23:00:01 
2022-10-03 23:15:01 ------------------------------------------------------------------------
2022-10-03 23:15:01 ---------------------INICIANDO MASTER POPPER EMBLUE---------------------
2022-10-03 23:15:01 ------------------------------------------------------------------------
2022-10-03 23:15:01 Conexion Establecida a POP3 Server!
2022-10-03 23:15:01 PROCESO POPPER EMBLUE CONCLUIDO!
2022-10-03 23:15:01 
2022-10-03 23:30:02 ------------------------------------------------------------------------
2022-10-03 23:30:02 ---------------------INICIANDO MASTER POPPER EMBLUE---------------------
2022-10-03 23:30:02 ------------------------------------------------------------------------
2022-10-03 23:30:02 Conexion Establecida a POP3 Server!
2022-10-03 23:30:02 PROCESO POPPER EMBLUE CONCLUIDO!
2022-10-03 23:30:02 
2022-10-03 23:45:01 ------------------------------------------------------------------------
2022-10-03 23:45:01 ---------------------INICIANDO MASTER POPPER EMBLUE---------------------
2022-10-03 23:45:01 ------------------------------------------------------------------------
2022-10-03 23:45:01 Conexion Establecida a POP3 Server!
2022-10-03 23:45:01 PROCESO POPPER EMBLUE CONCLUIDO!
2022-10-03 23:45:01 
