2022-10-22 00:00:01 ------------------------------------------------------------------------
2022-10-22 00:00:01 ---------------------INICIANDO MASTER POPPER EMBLUE---------------------
2022-10-22 00:00:01 ------------------------------------------------------------------------
2022-10-22 00:00:01 Conexion Establecida a POP3 Server!
2022-10-22 00:00:01 PROCESO POPPER EMBLUE CONCLUIDO!
2022-10-22 00:00:01 
2022-10-22 00:15:02 ------------------------------------------------------------------------
2022-10-22 00:15:02 ---------------------INICIANDO MASTER POPPER EMBLUE---------------------
2022-10-22 00:15:02 ------------------------------------------------------------------------
2022-10-22 00:15:02 Conexion Establecida a POP3 Server!
2022-10-22 00:15:02 PROCESO POPPER EMBLUE CONCLUIDO!
2022-10-22 00:15:02 
2022-10-22 00:30:01 ------------------------------------------------------------------------
2022-10-22 00:30:01 ---------------------INICIANDO MASTER POPPER EMBLUE---------------------
2022-10-22 00:30:01 ------------------------------------------------------------------------
2022-10-22 00:30:01 Conexion Establecida a POP3 Server!
2022-10-22 00:30:01 PROCESO POPPER EMBLUE CONCLUIDO!
2022-10-22 00:30:01 
2022-10-22 00:45:02 ------------------------------------------------------------------------
2022-10-22 00:45:02 ---------------------INICIANDO MASTER POPPER EMBLUE---------------------
2022-10-22 00:45:02 ------------------------------------------------------------------------
2022-10-22 00:45:02 Conexion Establecida a POP3 Server!
2022-10-22 00:45:02 PROCESO POPPER EMBLUE CONCLUIDO!
2022-10-22 00:45:02 
2022-10-22 01:00:02 ------------------------------------------------------------------------
2022-10-22 01:00:02 ---------------------INICIANDO MASTER POPPER EMBLUE---------------------
2022-10-22 01:00:02 ------------------------------------------------------------------------
2022-10-22 01:00:02 Conexion Establecida a POP3 Server!
2022-10-22 01:00:02 PROCESO POPPER EMBLUE CONCLUIDO!
2022-10-22 01:00:02 
2022-10-22 01:15:01 ------------------------------------------------------------------------
2022-10-22 01:15:01 ---------------------INICIANDO MASTER POPPER EMBLUE---------------------
2022-10-22 01:15:01 ------------------------------------------------------------------------
2022-10-22 01:15:01 Conexion Establecida a POP3 Server!
2022-10-22 01:15:01 PROCESO POPPER EMBLUE CONCLUIDO!
2022-10-22 01:15:01 
2022-10-22 01:30:01 ------------------------------------------------------------------------
2022-10-22 01:30:01 ---------------------INICIANDO MASTER POPPER EMBLUE---------------------
2022-10-22 01:30:01 ------------------------------------------------------------------------
2022-10-22 01:30:01 Conexion Establecida a POP3 Server!
2022-10-22 01:30:01 PROCESO POPPER EMBLUE CONCLUIDO!
2022-10-22 01:30:01 
2022-10-22 01:45:01 ------------------------------------------------------------------------
2022-10-22 01:45:01 ---------------------INICIANDO MASTER POPPER EMBLUE---------------------
2022-10-22 01:45:01 ------------------------------------------------------------------------
2022-10-22 01:45:01 Conexion Establecida a POP3 Server!
2022-10-22 01:45:01 PROCESO POPPER EMBLUE CONCLUIDO!
2022-10-22 01:45:01 
2022-10-22 02:00:01 ------------------------------------------------------------------------
2022-10-22 02:00:01 ---------------------INICIANDO MASTER POPPER EMBLUE---------------------
2022-10-22 02:00:01 ------------------------------------------------------------------------
2022-10-22 02:00:01 Conexion Establecida a POP3 Server!
2022-10-22 02:00:01 PROCESO POPPER EMBLUE CONCLUIDO!
2022-10-22 02:00:01 
2022-10-22 02:15:01 ------------------------------------------------------------------------
2022-10-22 02:15:01 ---------------------INICIANDO MASTER POPPER EMBLUE---------------------
2022-10-22 02:15:01 ------------------------------------------------------------------------
2022-10-22 02:15:02 Conexion Establecida a POP3 Server!
2022-10-22 02:15:02 PROCESO POPPER EMBLUE CONCLUIDO!
2022-10-22 02:15:02 
2022-10-22 02:30:01 ------------------------------------------------------------------------
2022-10-22 02:30:01 ---------------------INICIANDO MASTER POPPER EMBLUE---------------------
2022-10-22 02:30:01 ------------------------------------------------------------------------
2022-10-22 02:30:01 Conexion Establecida a POP3 Server!
2022-10-22 02:30:01 PROCESO POPPER EMBLUE CONCLUIDO!
2022-10-22 02:30:01 
2022-10-22 02:45:01 ------------------------------------------------------------------------
2022-10-22 02:45:01 ---------------------INICIANDO MASTER POPPER EMBLUE---------------------
2022-10-22 02:45:01 ------------------------------------------------------------------------
2022-10-22 02:45:01 Conexion Establecida a POP3 Server!
2022-10-22 02:45:01 PROCESO POPPER EMBLUE CONCLUIDO!
2022-10-22 02:45:01 
2022-10-22 03:00:01 ------------------------------------------------------------------------
2022-10-22 03:00:01 ---------------------INICIANDO MASTER POPPER EMBLUE---------------------
2022-10-22 03:00:01 ------------------------------------------------------------------------
2022-10-22 03:00:01 Conexion Establecida a POP3 Server!
2022-10-22 03:00:01 PROCESO POPPER EMBLUE CONCLUIDO!
2022-10-22 03:00:01 
2022-10-22 03:15:01 ------------------------------------------------------------------------
2022-10-22 03:15:01 ---------------------INICIANDO MASTER POPPER EMBLUE---------------------
2022-10-22 03:15:01 ------------------------------------------------------------------------
2022-10-22 03:15:02 Conexion Establecida a POP3 Server!
2022-10-22 03:15:02 PROCESO POPPER EMBLUE CONCLUIDO!
2022-10-22 03:15:02 
2022-10-22 03:30:01 ------------------------------------------------------------------------
2022-10-22 03:30:01 ---------------------INICIANDO MASTER POPPER EMBLUE---------------------
2022-10-22 03:30:01 ------------------------------------------------------------------------
2022-10-22 03:30:01 Conexion Establecida a POP3 Server!
2022-10-22 03:30:01 PROCESO POPPER EMBLUE CONCLUIDO!
2022-10-22 03:30:01 
2022-10-22 03:45:02 ------------------------------------------------------------------------
2022-10-22 03:45:02 ---------------------INICIANDO MASTER POPPER EMBLUE---------------------
2022-10-22 03:45:02 ------------------------------------------------------------------------
2022-10-22 03:45:02 Conexion Establecida a POP3 Server!
2022-10-22 03:45:02 PROCESO POPPER EMBLUE CONCLUIDO!
2022-10-22 03:45:02 
2022-10-22 04:00:01 ------------------------------------------------------------------------
2022-10-22 04:00:01 ---------------------INICIANDO MASTER POPPER EMBLUE---------------------
2022-10-22 04:00:01 ------------------------------------------------------------------------
2022-10-22 04:00:01 Conexion Establecida a POP3 Server!
2022-10-22 04:00:01 PROCESO POPPER EMBLUE CONCLUIDO!
2022-10-22 04:00:01 
2022-10-22 04:15:02 ------------------------------------------------------------------------
2022-10-22 04:15:02 ---------------------INICIANDO MASTER POPPER EMBLUE---------------------
2022-10-22 04:15:02 ------------------------------------------------------------------------
2022-10-22 04:15:02 Conexion Establecida a POP3 Server!
2022-10-22 04:15:02 PROCESO POPPER EMBLUE CONCLUIDO!
2022-10-22 04:15:02 
2022-10-22 04:30:01 ------------------------------------------------------------------------
2022-10-22 04:30:01 ---------------------INICIANDO MASTER POPPER EMBLUE---------------------
2022-10-22 04:30:01 ------------------------------------------------------------------------
2022-10-22 04:30:01 Conexion Establecida a POP3 Server!
2022-10-22 04:30:01 PROCESO POPPER EMBLUE CONCLUIDO!
2022-10-22 04:30:01 
2022-10-22 04:45:01 ------------------------------------------------------------------------
2022-10-22 04:45:01 ---------------------INICIANDO MASTER POPPER EMBLUE---------------------
2022-10-22 04:45:01 ------------------------------------------------------------------------
2022-10-22 04:45:02 Conexion Establecida a POP3 Server!
2022-10-22 04:45:02 PROCESO POPPER EMBLUE CONCLUIDO!
2022-10-22 04:45:02 
2022-10-22 05:00:01 ------------------------------------------------------------------------
2022-10-22 05:00:01 ---------------------INICIANDO MASTER POPPER EMBLUE---------------------
2022-10-22 05:00:01 ------------------------------------------------------------------------
2022-10-22 05:00:01 Conexion Establecida a POP3 Server!
2022-10-22 05:00:01 PROCESO POPPER EMBLUE CONCLUIDO!
2022-10-22 05:00:01 
2022-10-22 05:15:01 ------------------------------------------------------------------------
2022-10-22 05:15:01 ---------------------INICIANDO MASTER POPPER EMBLUE---------------------
2022-10-22 05:15:01 ------------------------------------------------------------------------
2022-10-22 05:15:01 Conexion Establecida a POP3 Server!
2022-10-22 05:15:01 PROCESO POPPER EMBLUE CONCLUIDO!
2022-10-22 05:15:01 
2022-10-22 05:30:01 ------------------------------------------------------------------------
2022-10-22 05:30:01 ---------------------INICIANDO MASTER POPPER EMBLUE---------------------
2022-10-22 05:30:01 ------------------------------------------------------------------------
2022-10-22 05:30:01 Conexion Establecida a POP3 Server!
2022-10-22 05:30:01 PROCESO POPPER EMBLUE CONCLUIDO!
2022-10-22 05:30:01 
2022-10-22 05:45:01 ------------------------------------------------------------------------
2022-10-22 05:45:01 ---------------------INICIANDO MASTER POPPER EMBLUE---------------------
2022-10-22 05:45:01 ------------------------------------------------------------------------
2022-10-22 05:45:01 Conexion Establecida a POP3 Server!
2022-10-22 05:45:01 PROCESO POPPER EMBLUE CONCLUIDO!
2022-10-22 05:45:01 
2022-10-22 06:00:02 ------------------------------------------------------------------------
2022-10-22 06:00:02 ---------------------INICIANDO MASTER POPPER EMBLUE---------------------
2022-10-22 06:00:02 ------------------------------------------------------------------------
2022-10-22 06:00:02 Conexion Establecida a POP3 Server!
2022-10-22 06:00:02 PROCESO POPPER EMBLUE CONCLUIDO!
2022-10-22 06:00:02 
2022-10-22 06:15:02 ------------------------------------------------------------------------
2022-10-22 06:15:02 ---------------------INICIANDO MASTER POPPER EMBLUE---------------------
2022-10-22 06:15:02 ------------------------------------------------------------------------
2022-10-22 06:15:02 Conexion Establecida a POP3 Server!
2022-10-22 06:15:02 PROCESO POPPER EMBLUE CONCLUIDO!
2022-10-22 06:15:02 
2022-10-22 06:30:01 ------------------------------------------------------------------------
2022-10-22 06:30:01 ---------------------INICIANDO MASTER POPPER EMBLUE---------------------
2022-10-22 06:30:01 ------------------------------------------------------------------------
2022-10-22 06:30:01 Conexion Establecida a POP3 Server!
2022-10-22 06:30:01 PROCESO POPPER EMBLUE CONCLUIDO!
2022-10-22 06:30:01 
2022-10-22 06:45:02 ------------------------------------------------------------------------
2022-10-22 06:45:02 ---------------------INICIANDO MASTER POPPER EMBLUE---------------------
2022-10-22 06:45:02 ------------------------------------------------------------------------
2022-10-22 06:45:02 Conexion Establecida a POP3 Server!
2022-10-22 06:45:02 PROCESO POPPER EMBLUE CONCLUIDO!
2022-10-22 06:45:02 
2022-10-22 07:00:01 ------------------------------------------------------------------------
2022-10-22 07:00:01 ---------------------INICIANDO MASTER POPPER EMBLUE---------------------
2022-10-22 07:00:01 ------------------------------------------------------------------------
2022-10-22 07:00:02 Conexion Establecida a POP3 Server!
2022-10-22 07:00:02 PROCESO POPPER EMBLUE CONCLUIDO!
2022-10-22 07:00:02 
2022-10-22 07:15:01 ------------------------------------------------------------------------
2022-10-22 07:15:01 ---------------------INICIANDO MASTER POPPER EMBLUE---------------------
2022-10-22 07:15:01 ------------------------------------------------------------------------
2022-10-22 07:15:01 Conexion Establecida a POP3 Server!
2022-10-22 07:15:01 PROCESO POPPER EMBLUE CONCLUIDO!
2022-10-22 07:15:01 
2022-10-22 07:30:01 ------------------------------------------------------------------------
2022-10-22 07:30:01 ---------------------INICIANDO MASTER POPPER EMBLUE---------------------
2022-10-22 07:30:01 ------------------------------------------------------------------------
2022-10-22 07:30:01 Conexion Establecida a POP3 Server!
2022-10-22 07:30:01 PROCESO POPPER EMBLUE CONCLUIDO!
2022-10-22 07:30:01 
2022-10-22 07:45:01 ------------------------------------------------------------------------
2022-10-22 07:45:01 ---------------------INICIANDO MASTER POPPER EMBLUE---------------------
2022-10-22 07:45:01 ------------------------------------------------------------------------
2022-10-22 07:45:01 Conexion Establecida a POP3 Server!
2022-10-22 07:45:01 PROCESO POPPER EMBLUE CONCLUIDO!
2022-10-22 07:45:01 
2022-10-22 08:00:01 ------------------------------------------------------------------------
2022-10-22 08:00:01 ---------------------INICIANDO MASTER POPPER EMBLUE---------------------
2022-10-22 08:00:01 ------------------------------------------------------------------------
2022-10-22 08:00:01 Conexion Establecida a POP3 Server!
2022-10-22 08:00:01 PROCESO POPPER EMBLUE CONCLUIDO!
2022-10-22 08:00:01 
2022-10-22 08:15:02 ------------------------------------------------------------------------
2022-10-22 08:15:02 ---------------------INICIANDO MASTER POPPER EMBLUE---------------------
2022-10-22 08:15:02 ------------------------------------------------------------------------
2022-10-22 08:15:02 Conexion Establecida a POP3 Server!
2022-10-22 08:15:02 PROCESO POPPER EMBLUE CONCLUIDO!
2022-10-22 08:15:02 
2022-10-22 08:30:01 ------------------------------------------------------------------------
2022-10-22 08:30:01 ---------------------INICIANDO MASTER POPPER EMBLUE---------------------
2022-10-22 08:30:01 ------------------------------------------------------------------------
2022-10-22 08:30:01 Conexion Establecida a POP3 Server!
2022-10-22 08:30:01 PROCESO POPPER EMBLUE CONCLUIDO!
2022-10-22 08:30:01 
2022-10-22 08:45:02 ------------------------------------------------------------------------
2022-10-22 08:45:02 ---------------------INICIANDO MASTER POPPER EMBLUE---------------------
2022-10-22 08:45:02 ------------------------------------------------------------------------
2022-10-22 08:45:02 Conexion Establecida a POP3 Server!
2022-10-22 08:45:02 PROCESO POPPER EMBLUE CONCLUIDO!
2022-10-22 08:45:02 
2022-10-22 09:00:01 ------------------------------------------------------------------------
2022-10-22 09:00:01 ---------------------INICIANDO MASTER POPPER EMBLUE---------------------
2022-10-22 09:00:01 ------------------------------------------------------------------------
2022-10-22 09:00:01 Conexion Establecida a POP3 Server!
2022-10-22 09:00:01 PROCESO POPPER EMBLUE CONCLUIDO!
2022-10-22 09:00:01 
2022-10-22 09:15:01 ------------------------------------------------------------------------
2022-10-22 09:15:01 ---------------------INICIANDO MASTER POPPER EMBLUE---------------------
2022-10-22 09:15:01 ------------------------------------------------------------------------
2022-10-22 09:15:01 Conexion Establecida a POP3 Server!
2022-10-22 09:15:01 PROCESO POPPER EMBLUE CONCLUIDO!
2022-10-22 09:15:01 
2022-10-22 09:30:01 ------------------------------------------------------------------------
2022-10-22 09:30:01 ---------------------INICIANDO MASTER POPPER EMBLUE---------------------
2022-10-22 09:30:01 ------------------------------------------------------------------------
2022-10-22 09:30:01 Conexion Establecida a POP3 Server!
2022-10-22 09:30:01 PROCESO POPPER EMBLUE CONCLUIDO!
2022-10-22 09:30:01 
2022-10-22 09:45:02 ------------------------------------------------------------------------
2022-10-22 09:45:02 ---------------------INICIANDO MASTER POPPER EMBLUE---------------------
2022-10-22 09:45:02 ------------------------------------------------------------------------
2022-10-22 09:45:02 Conexion Establecida a POP3 Server!
2022-10-22 09:45:02 PROCESO POPPER EMBLUE CONCLUIDO!
2022-10-22 09:45:02 
2022-10-22 10:00:01 ------------------------------------------------------------------------
2022-10-22 10:00:01 ---------------------INICIANDO MASTER POPPER EMBLUE---------------------
2022-10-22 10:00:01 ------------------------------------------------------------------------
2022-10-22 10:00:01 Conexion Establecida a POP3 Server!
2022-10-22 10:00:01 PROCESO POPPER EMBLUE CONCLUIDO!
2022-10-22 10:00:01 
2022-10-22 10:15:01 ------------------------------------------------------------------------
2022-10-22 10:15:01 ---------------------INICIANDO MASTER POPPER EMBLUE---------------------
2022-10-22 10:15:01 ------------------------------------------------------------------------
2022-10-22 10:15:01 Conexion Establecida a POP3 Server!
2022-10-22 10:15:01 PROCESO POPPER EMBLUE CONCLUIDO!
2022-10-22 10:15:01 
2022-10-22 10:30:02 ------------------------------------------------------------------------
2022-10-22 10:30:02 ---------------------INICIANDO MASTER POPPER EMBLUE---------------------
2022-10-22 10:30:02 ------------------------------------------------------------------------
2022-10-22 10:30:02 Conexion Establecida a POP3 Server!
2022-10-22 10:30:02 PROCESO POPPER EMBLUE CONCLUIDO!
2022-10-22 10:30:02 
2022-10-22 10:45:01 ------------------------------------------------------------------------
2022-10-22 10:45:01 ---------------------INICIANDO MASTER POPPER EMBLUE---------------------
2022-10-22 10:45:01 ------------------------------------------------------------------------
2022-10-22 10:45:01 Conexion Establecida a POP3 Server!
2022-10-22 10:45:01 PROCESO POPPER EMBLUE CONCLUIDO!
2022-10-22 10:45:01 
2022-10-22 11:00:01 ------------------------------------------------------------------------
2022-10-22 11:00:01 ---------------------INICIANDO MASTER POPPER EMBLUE---------------------
2022-10-22 11:00:01 ------------------------------------------------------------------------
2022-10-22 11:00:01 Conexion Establecida a POP3 Server!
2022-10-22 11:00:01 PROCESO POPPER EMBLUE CONCLUIDO!
2022-10-22 11:00:01 
2022-10-22 11:15:01 ------------------------------------------------------------------------
2022-10-22 11:15:01 ---------------------INICIANDO MASTER POPPER EMBLUE---------------------
2022-10-22 11:15:01 ------------------------------------------------------------------------
2022-10-22 11:15:01 Conexion Establecida a POP3 Server!
2022-10-22 11:15:01 PROCESO POPPER EMBLUE CONCLUIDO!
2022-10-22 11:15:01 
2022-10-22 11:30:01 ------------------------------------------------------------------------
2022-10-22 11:30:01 ---------------------INICIANDO MASTER POPPER EMBLUE---------------------
2022-10-22 11:30:01 ------------------------------------------------------------------------
2022-10-22 11:30:01 Conexion Establecida a POP3 Server!
2022-10-22 11:30:01 PROCESO POPPER EMBLUE CONCLUIDO!
2022-10-22 11:30:01 
2022-10-22 11:45:01 ------------------------------------------------------------------------
2022-10-22 11:45:01 ---------------------INICIANDO MASTER POPPER EMBLUE---------------------
2022-10-22 11:45:01 ------------------------------------------------------------------------
2022-10-22 11:45:02 Conexion Establecida a POP3 Server!
2022-10-22 11:45:02 PROCESO POPPER EMBLUE CONCLUIDO!
2022-10-22 11:45:02 
2022-10-22 12:00:02 ------------------------------------------------------------------------
2022-10-22 12:00:02 ---------------------INICIANDO MASTER POPPER EMBLUE---------------------
2022-10-22 12:00:02 ------------------------------------------------------------------------
2022-10-22 12:00:02 Conexion Establecida a POP3 Server!
2022-10-22 12:00:02 PROCESO POPPER EMBLUE CONCLUIDO!
2022-10-22 12:00:02 
2022-10-22 12:15:01 ------------------------------------------------------------------------
2022-10-22 12:15:01 ---------------------INICIANDO MASTER POPPER EMBLUE---------------------
2022-10-22 12:15:01 ------------------------------------------------------------------------
2022-10-22 12:15:01 Conexion Establecida a POP3 Server!
2022-10-22 12:15:01 PROCESO POPPER EMBLUE CONCLUIDO!
2022-10-22 12:15:01 
2022-10-22 12:30:01 ------------------------------------------------------------------------
2022-10-22 12:30:01 ---------------------INICIANDO MASTER POPPER EMBLUE---------------------
2022-10-22 12:30:01 ------------------------------------------------------------------------
2022-10-22 12:30:01 Conexion Establecida a POP3 Server!
2022-10-22 12:30:01 PROCESO POPPER EMBLUE CONCLUIDO!
2022-10-22 12:30:01 
2022-10-22 12:45:02 ------------------------------------------------------------------------
2022-10-22 12:45:02 ---------------------INICIANDO MASTER POPPER EMBLUE---------------------
2022-10-22 12:45:02 ------------------------------------------------------------------------
2022-10-22 12:45:02 Conexion Establecida a POP3 Server!
2022-10-22 12:45:02 PROCESO POPPER EMBLUE CONCLUIDO!
2022-10-22 12:45:02 
2022-10-22 13:00:01 ------------------------------------------------------------------------
2022-10-22 13:00:01 ---------------------INICIANDO MASTER POPPER EMBLUE---------------------
2022-10-22 13:00:01 ------------------------------------------------------------------------
2022-10-22 13:00:01 Conexion Establecida a POP3 Server!
2022-10-22 13:00:01 PROCESO POPPER EMBLUE CONCLUIDO!
2022-10-22 13:00:01 
2022-10-22 13:15:01 ------------------------------------------------------------------------
2022-10-22 13:15:01 ---------------------INICIANDO MASTER POPPER EMBLUE---------------------
2022-10-22 13:15:01 ------------------------------------------------------------------------
2022-10-22 13:15:01 Conexion Establecida a POP3 Server!
2022-10-22 13:15:01 PROCESO POPPER EMBLUE CONCLUIDO!
2022-10-22 13:15:01 
2022-10-22 13:30:02 ------------------------------------------------------------------------
2022-10-22 13:30:02 ---------------------INICIANDO MASTER POPPER EMBLUE---------------------
2022-10-22 13:30:02 ------------------------------------------------------------------------
2022-10-22 13:30:02 Conexion Establecida a POP3 Server!
2022-10-22 13:30:02 PROCESO POPPER EMBLUE CONCLUIDO!
2022-10-22 13:30:02 
2022-10-22 13:45:01 ------------------------------------------------------------------------
2022-10-22 13:45:01 ---------------------INICIANDO MASTER POPPER EMBLUE---------------------
2022-10-22 13:45:01 ------------------------------------------------------------------------
2022-10-22 13:45:01 Conexion Establecida a POP3 Server!
2022-10-22 13:45:01 PROCESO POPPER EMBLUE CONCLUIDO!
2022-10-22 13:45:01 
2022-10-22 14:00:02 ------------------------------------------------------------------------
2022-10-22 14:00:02 ---------------------INICIANDO MASTER POPPER EMBLUE---------------------
2022-10-22 14:00:02 ------------------------------------------------------------------------
2022-10-22 14:00:02 Conexion Establecida a POP3 Server!
2022-10-22 14:00:02 PROCESO POPPER EMBLUE CONCLUIDO!
2022-10-22 14:00:02 
2022-10-22 14:15:01 ------------------------------------------------------------------------
2022-10-22 14:15:01 ---------------------INICIANDO MASTER POPPER EMBLUE---------------------
2022-10-22 14:15:01 ------------------------------------------------------------------------
2022-10-22 14:15:01 Conexion Establecida a POP3 Server!
2022-10-22 14:15:01 PROCESO POPPER EMBLUE CONCLUIDO!
2022-10-22 14:15:01 
2022-10-22 14:30:01 ------------------------------------------------------------------------
2022-10-22 14:30:01 ---------------------INICIANDO MASTER POPPER EMBLUE---------------------
2022-10-22 14:30:01 ------------------------------------------------------------------------
2022-10-22 14:30:01 Conexion Establecida a POP3 Server!
2022-10-22 14:30:01 PROCESO POPPER EMBLUE CONCLUIDO!
2022-10-22 14:30:01 
2022-10-22 14:45:02 ------------------------------------------------------------------------
2022-10-22 14:45:02 ---------------------INICIANDO MASTER POPPER EMBLUE---------------------
2022-10-22 14:45:02 ------------------------------------------------------------------------
2022-10-22 14:45:02 Conexion Establecida a POP3 Server!
2022-10-22 14:45:02 PROCESO POPPER EMBLUE CONCLUIDO!
2022-10-22 14:45:02 
2022-10-22 15:00:01 ------------------------------------------------------------------------
2022-10-22 15:00:01 ---------------------INICIANDO MASTER POPPER EMBLUE---------------------
2022-10-22 15:00:01 ------------------------------------------------------------------------
2022-10-22 15:00:01 Conexion Establecida a POP3 Server!
2022-10-22 15:00:01 PROCESO POPPER EMBLUE CONCLUIDO!
2022-10-22 15:00:01 
2022-10-22 15:15:01 ------------------------------------------------------------------------
2022-10-22 15:15:01 ---------------------INICIANDO MASTER POPPER EMBLUE---------------------
2022-10-22 15:15:01 ------------------------------------------------------------------------
2022-10-22 15:15:01 Conexion Establecida a POP3 Server!
2022-10-22 15:15:01 PROCESO POPPER EMBLUE CONCLUIDO!
2022-10-22 15:15:01 
2022-10-22 15:30:01 ------------------------------------------------------------------------
2022-10-22 15:30:01 ---------------------INICIANDO MASTER POPPER EMBLUE---------------------
2022-10-22 15:30:01 ------------------------------------------------------------------------
2022-10-22 15:30:01 Conexion Establecida a POP3 Server!
2022-10-22 15:30:01 PROCESO POPPER EMBLUE CONCLUIDO!
2022-10-22 15:30:01 
2022-10-22 15:45:01 ------------------------------------------------------------------------
2022-10-22 15:45:01 ---------------------INICIANDO MASTER POPPER EMBLUE---------------------
2022-10-22 15:45:01 ------------------------------------------------------------------------
2022-10-22 15:45:01 Conexion Establecida a POP3 Server!
2022-10-22 15:45:01 PROCESO POPPER EMBLUE CONCLUIDO!
2022-10-22 15:45:01 
2022-10-22 16:00:01 ------------------------------------------------------------------------
2022-10-22 16:00:01 ---------------------INICIANDO MASTER POPPER EMBLUE---------------------
2022-10-22 16:00:01 ------------------------------------------------------------------------
2022-10-22 16:00:01 Conexion Establecida a POP3 Server!
2022-10-22 16:00:01 PROCESO POPPER EMBLUE CONCLUIDO!
2022-10-22 16:00:01 
2022-10-22 16:15:02 ------------------------------------------------------------------------
2022-10-22 16:15:02 ---------------------INICIANDO MASTER POPPER EMBLUE---------------------
2022-10-22 16:15:02 ------------------------------------------------------------------------
2022-10-22 16:15:02 Conexion Establecida a POP3 Server!
2022-10-22 16:15:02 PROCESO POPPER EMBLUE CONCLUIDO!
2022-10-22 16:15:02 
2022-10-22 16:30:01 ------------------------------------------------------------------------
2022-10-22 16:30:01 ---------------------INICIANDO MASTER POPPER EMBLUE---------------------
2022-10-22 16:30:01 ------------------------------------------------------------------------
2022-10-22 16:30:01 Conexion Establecida a POP3 Server!
2022-10-22 16:30:01 PROCESO POPPER EMBLUE CONCLUIDO!
2022-10-22 16:30:01 
2022-10-22 16:45:02 ------------------------------------------------------------------------
2022-10-22 16:45:02 ---------------------INICIANDO MASTER POPPER EMBLUE---------------------
2022-10-22 16:45:02 ------------------------------------------------------------------------
2022-10-22 16:45:02 Conexion Establecida a POP3 Server!
2022-10-22 16:45:02 PROCESO POPPER EMBLUE CONCLUIDO!
2022-10-22 16:45:02 
2022-10-22 17:00:01 ------------------------------------------------------------------------
2022-10-22 17:00:01 ---------------------INICIANDO MASTER POPPER EMBLUE---------------------
2022-10-22 17:00:01 ------------------------------------------------------------------------
2022-10-22 17:00:01 Conexion Establecida a POP3 Server!
2022-10-22 17:00:01 PROCESO POPPER EMBLUE CONCLUIDO!
2022-10-22 17:00:01 
2022-10-22 17:15:02 ------------------------------------------------------------------------
2022-10-22 17:15:02 ---------------------INICIANDO MASTER POPPER EMBLUE---------------------
2022-10-22 17:15:02 ------------------------------------------------------------------------
2022-10-22 17:15:02 Conexion Establecida a POP3 Server!
2022-10-22 17:15:02 PROCESO POPPER EMBLUE CONCLUIDO!
2022-10-22 17:15:02 
2022-10-22 17:30:01 ------------------------------------------------------------------------
2022-10-22 17:30:01 ---------------------INICIANDO MASTER POPPER EMBLUE---------------------
2022-10-22 17:30:01 ------------------------------------------------------------------------
2022-10-22 17:30:01 Conexion Establecida a POP3 Server!
2022-10-22 17:30:01 PROCESO POPPER EMBLUE CONCLUIDO!
2022-10-22 17:30:01 
2022-10-22 17:45:01 ------------------------------------------------------------------------
2022-10-22 17:45:01 ---------------------INICIANDO MASTER POPPER EMBLUE---------------------
2022-10-22 17:45:01 ------------------------------------------------------------------------
2022-10-22 17:45:02 Conexion Establecida a POP3 Server!
2022-10-22 17:45:02 PROCESO POPPER EMBLUE CONCLUIDO!
2022-10-22 17:45:02 
2022-10-22 18:00:01 ------------------------------------------------------------------------
2022-10-22 18:00:01 ---------------------INICIANDO MASTER POPPER EMBLUE---------------------
2022-10-22 18:00:01 ------------------------------------------------------------------------
2022-10-22 18:00:01 Conexion Establecida a POP3 Server!
2022-10-22 18:00:01 PROCESO POPPER EMBLUE CONCLUIDO!
2022-10-22 18:00:01 
2022-10-22 18:15:01 ------------------------------------------------------------------------
2022-10-22 18:15:01 ---------------------INICIANDO MASTER POPPER EMBLUE---------------------
2022-10-22 18:15:01 ------------------------------------------------------------------------
2022-10-22 18:15:01 Conexion Establecida a POP3 Server!
2022-10-22 18:15:01 PROCESO POPPER EMBLUE CONCLUIDO!
2022-10-22 18:15:01 
2022-10-22 18:30:02 ------------------------------------------------------------------------
2022-10-22 18:30:02 ---------------------INICIANDO MASTER POPPER EMBLUE---------------------
2022-10-22 18:30:02 ------------------------------------------------------------------------
2022-10-22 18:30:02 Conexion Establecida a POP3 Server!
2022-10-22 18:30:02 PROCESO POPPER EMBLUE CONCLUIDO!
2022-10-22 18:30:02 
2022-10-22 18:45:01 ------------------------------------------------------------------------
2022-10-22 18:45:01 ---------------------INICIANDO MASTER POPPER EMBLUE---------------------
2022-10-22 18:45:01 ------------------------------------------------------------------------
2022-10-22 18:45:01 Conexion Establecida a POP3 Server!
2022-10-22 18:45:01 PROCESO POPPER EMBLUE CONCLUIDO!
2022-10-22 18:45:01 
2022-10-22 19:00:01 ------------------------------------------------------------------------
2022-10-22 19:00:01 ---------------------INICIANDO MASTER POPPER EMBLUE---------------------
2022-10-22 19:00:01 ------------------------------------------------------------------------
2022-10-22 19:00:02 Conexion Establecida a POP3 Server!
2022-10-22 19:00:02 PROCESO POPPER EMBLUE CONCLUIDO!
2022-10-22 19:00:02 
2022-10-22 19:15:01 ------------------------------------------------------------------------
2022-10-22 19:15:01 ---------------------INICIANDO MASTER POPPER EMBLUE---------------------
2022-10-22 19:15:01 ------------------------------------------------------------------------
2022-10-22 19:15:01 Conexion Establecida a POP3 Server!
2022-10-22 19:15:01 PROCESO POPPER EMBLUE CONCLUIDO!
2022-10-22 19:15:01 
2022-10-22 19:30:01 ------------------------------------------------------------------------
2022-10-22 19:30:01 ---------------------INICIANDO MASTER POPPER EMBLUE---------------------
2022-10-22 19:30:01 ------------------------------------------------------------------------
2022-10-22 19:30:01 Conexion Establecida a POP3 Server!
2022-10-22 19:30:01 PROCESO POPPER EMBLUE CONCLUIDO!
2022-10-22 19:30:01 
2022-10-22 19:45:01 ------------------------------------------------------------------------
2022-10-22 19:45:01 ---------------------INICIANDO MASTER POPPER EMBLUE---------------------
2022-10-22 19:45:01 ------------------------------------------------------------------------
2022-10-22 19:45:01 Conexion Establecida a POP3 Server!
2022-10-22 19:45:01 PROCESO POPPER EMBLUE CONCLUIDO!
2022-10-22 19:45:01 
2022-10-22 20:00:01 ------------------------------------------------------------------------
2022-10-22 20:00:01 ---------------------INICIANDO MASTER POPPER EMBLUE---------------------
2022-10-22 20:00:01 ------------------------------------------------------------------------
2022-10-22 20:00:01 Conexion Establecida a POP3 Server!
2022-10-22 20:00:01 PROCESO POPPER EMBLUE CONCLUIDO!
2022-10-22 20:00:01 
2022-10-22 20:15:01 ------------------------------------------------------------------------
2022-10-22 20:15:01 ---------------------INICIANDO MASTER POPPER EMBLUE---------------------
2022-10-22 20:15:01 ------------------------------------------------------------------------
2022-10-22 20:15:01 Conexion Establecida a POP3 Server!
2022-10-22 20:15:01 PROCESO POPPER EMBLUE CONCLUIDO!
2022-10-22 20:15:01 
2022-10-22 20:30:01 ------------------------------------------------------------------------
2022-10-22 20:30:01 ---------------------INICIANDO MASTER POPPER EMBLUE---------------------
2022-10-22 20:30:01 ------------------------------------------------------------------------
2022-10-22 20:30:02 Conexion Establecida a POP3 Server!
2022-10-22 20:30:02 PROCESO POPPER EMBLUE CONCLUIDO!
2022-10-22 20:30:02 
2022-10-22 20:45:01 ------------------------------------------------------------------------
2022-10-22 20:45:01 ---------------------INICIANDO MASTER POPPER EMBLUE---------------------
2022-10-22 20:45:01 ------------------------------------------------------------------------
2022-10-22 20:45:01 Conexion Establecida a POP3 Server!
2022-10-22 20:45:01 PROCESO POPPER EMBLUE CONCLUIDO!
2022-10-22 20:45:01 
2022-10-22 21:00:01 ------------------------------------------------------------------------
2022-10-22 21:00:01 ---------------------INICIANDO MASTER POPPER EMBLUE---------------------
2022-10-22 21:00:01 ------------------------------------------------------------------------
2022-10-22 21:00:01 Conexion Establecida a POP3 Server!
2022-10-22 21:00:01 PROCESO POPPER EMBLUE CONCLUIDO!
2022-10-22 21:00:01 
2022-10-22 21:15:02 ------------------------------------------------------------------------
2022-10-22 21:15:02 ---------------------INICIANDO MASTER POPPER EMBLUE---------------------
2022-10-22 21:15:02 ------------------------------------------------------------------------
2022-10-22 21:15:02 Conexion Establecida a POP3 Server!
2022-10-22 21:15:02 PROCESO POPPER EMBLUE CONCLUIDO!
2022-10-22 21:15:02 
2022-10-22 21:30:01 ------------------------------------------------------------------------
2022-10-22 21:30:01 ---------------------INICIANDO MASTER POPPER EMBLUE---------------------
2022-10-22 21:30:01 ------------------------------------------------------------------------
2022-10-22 21:30:01 Conexion Establecida a POP3 Server!
2022-10-22 21:30:01 PROCESO POPPER EMBLUE CONCLUIDO!
2022-10-22 21:30:01 
2022-10-22 21:45:01 ------------------------------------------------------------------------
2022-10-22 21:45:01 ---------------------INICIANDO MASTER POPPER EMBLUE---------------------
2022-10-22 21:45:01 ------------------------------------------------------------------------
2022-10-22 21:45:01 Conexion Establecida a POP3 Server!
2022-10-22 21:45:01 PROCESO POPPER EMBLUE CONCLUIDO!
2022-10-22 21:45:01 
2022-10-22 22:00:02 ------------------------------------------------------------------------
2022-10-22 22:00:02 ---------------------INICIANDO MASTER POPPER EMBLUE---------------------
2022-10-22 22:00:02 ------------------------------------------------------------------------
2022-10-22 22:00:02 Conexion Establecida a POP3 Server!
2022-10-22 22:00:02 PROCESO POPPER EMBLUE CONCLUIDO!
2022-10-22 22:00:02 
2022-10-22 22:15:01 ------------------------------------------------------------------------
2022-10-22 22:15:01 ---------------------INICIANDO MASTER POPPER EMBLUE---------------------
2022-10-22 22:15:01 ------------------------------------------------------------------------
2022-10-22 22:15:01 Conexion Establecida a POP3 Server!
2022-10-22 22:15:01 PROCESO POPPER EMBLUE CONCLUIDO!
2022-10-22 22:15:01 
2022-10-22 22:30:01 ------------------------------------------------------------------------
2022-10-22 22:30:01 ---------------------INICIANDO MASTER POPPER EMBLUE---------------------
2022-10-22 22:30:01 ------------------------------------------------------------------------
2022-10-22 22:30:01 Conexion Establecida a POP3 Server!
2022-10-22 22:30:01 PROCESO POPPER EMBLUE CONCLUIDO!
2022-10-22 22:30:01 
2022-10-22 22:45:02 ------------------------------------------------------------------------
2022-10-22 22:45:02 ---------------------INICIANDO MASTER POPPER EMBLUE---------------------
2022-10-22 22:45:02 ------------------------------------------------------------------------
2022-10-22 22:45:02 Conexion Establecida a POP3 Server!
2022-10-22 22:45:02 PROCESO POPPER EMBLUE CONCLUIDO!
2022-10-22 22:45:02 
2022-10-22 23:00:01 ------------------------------------------------------------------------
2022-10-22 23:00:01 ---------------------INICIANDO MASTER POPPER EMBLUE---------------------
2022-10-22 23:00:01 ------------------------------------------------------------------------
2022-10-22 23:00:01 Conexion Establecida a POP3 Server!
2022-10-22 23:00:01 PROCESO POPPER EMBLUE CONCLUIDO!
2022-10-22 23:00:01 
2022-10-22 23:15:01 ------------------------------------------------------------------------
2022-10-22 23:15:01 ---------------------INICIANDO MASTER POPPER EMBLUE---------------------
2022-10-22 23:15:01 ------------------------------------------------------------------------
2022-10-22 23:15:01 Conexion Establecida a POP3 Server!
2022-10-22 23:15:01 PROCESO POPPER EMBLUE CONCLUIDO!
2022-10-22 23:15:01 
2022-10-22 23:30:01 ------------------------------------------------------------------------
2022-10-22 23:30:01 ---------------------INICIANDO MASTER POPPER EMBLUE---------------------
2022-10-22 23:30:01 ------------------------------------------------------------------------
2022-10-22 23:30:02 Conexion Establecida a POP3 Server!
2022-10-22 23:30:02 PROCESO POPPER EMBLUE CONCLUIDO!
2022-10-22 23:30:02 
2022-10-22 23:45:01 ------------------------------------------------------------------------
2022-10-22 23:45:01 ---------------------INICIANDO MASTER POPPER EMBLUE---------------------
2022-10-22 23:45:01 ------------------------------------------------------------------------
2022-10-22 23:45:01 Conexion Establecida a POP3 Server!
2022-10-22 23:45:01 PROCESO POPPER EMBLUE CONCLUIDO!
2022-10-22 23:45:01 
