2022-10-20 00:00:01 ------------------------------------------------------------------------
2022-10-20 00:00:01 ---------------------INICIANDO MASTER POPPER EMBLUE---------------------
2022-10-20 00:00:01 ------------------------------------------------------------------------
2022-10-20 00:00:01 Conexion Establecida a POP3 Server!
2022-10-20 00:00:01 PROCESO POPPER EMBLUE CONCLUIDO!
2022-10-20 00:00:01 
2022-10-20 00:15:01 ------------------------------------------------------------------------
2022-10-20 00:15:01 ---------------------INICIANDO MASTER POPPER EMBLUE---------------------
2022-10-20 00:15:01 ------------------------------------------------------------------------
2022-10-20 00:15:01 Conexion Establecida a POP3 Server!
2022-10-20 00:15:01 PROCESO POPPER EMBLUE CONCLUIDO!
2022-10-20 00:15:01 
2022-10-20 00:30:01 ------------------------------------------------------------------------
2022-10-20 00:30:01 ---------------------INICIANDO MASTER POPPER EMBLUE---------------------
2022-10-20 00:30:01 ------------------------------------------------------------------------
2022-10-20 00:30:01 Conexion Establecida a POP3 Server!
2022-10-20 00:30:01 PROCESO POPPER EMBLUE CONCLUIDO!
2022-10-20 00:30:01 
2022-10-20 00:45:02 ------------------------------------------------------------------------
2022-10-20 00:45:02 ---------------------INICIANDO MASTER POPPER EMBLUE---------------------
2022-10-20 00:45:02 ------------------------------------------------------------------------
2022-10-20 00:45:02 Conexion Establecida a POP3 Server!
2022-10-20 00:45:02 PROCESO POPPER EMBLUE CONCLUIDO!
2022-10-20 00:45:02 
2022-10-20 01:00:02 ------------------------------------------------------------------------
2022-10-20 01:00:02 ---------------------INICIANDO MASTER POPPER EMBLUE---------------------
2022-10-20 01:00:02 ------------------------------------------------------------------------
2022-10-20 01:00:02 Conexion Establecida a POP3 Server!
2022-10-20 01:00:02 PROCESO POPPER EMBLUE CONCLUIDO!
2022-10-20 01:00:02 
2022-10-20 01:15:01 ------------------------------------------------------------------------
2022-10-20 01:15:01 ---------------------INICIANDO MASTER POPPER EMBLUE---------------------
2022-10-20 01:15:01 ------------------------------------------------------------------------
2022-10-20 01:15:01 Conexion Establecida a POP3 Server!
2022-10-20 01:15:01 PROCESO POPPER EMBLUE CONCLUIDO!
2022-10-20 01:15:01 
2022-10-20 01:30:01 ------------------------------------------------------------------------
2022-10-20 01:30:01 ---------------------INICIANDO MASTER POPPER EMBLUE---------------------
2022-10-20 01:30:01 ------------------------------------------------------------------------
2022-10-20 01:30:01 Conexion Establecida a POP3 Server!
2022-10-20 01:30:01 PROCESO POPPER EMBLUE CONCLUIDO!
2022-10-20 01:30:01 
2022-10-20 01:45:02 ------------------------------------------------------------------------
2022-10-20 01:45:02 ---------------------INICIANDO MASTER POPPER EMBLUE---------------------
2022-10-20 01:45:02 ------------------------------------------------------------------------
2022-10-20 01:45:02 Conexion Establecida a POP3 Server!
2022-10-20 01:45:02 PROCESO POPPER EMBLUE CONCLUIDO!
2022-10-20 01:45:02 
2022-10-20 02:00:01 ------------------------------------------------------------------------
2022-10-20 02:00:01 ---------------------INICIANDO MASTER POPPER EMBLUE---------------------
2022-10-20 02:00:01 ------------------------------------------------------------------------
2022-10-20 02:00:01 Conexion Establecida a POP3 Server!
2022-10-20 02:00:01 PROCESO POPPER EMBLUE CONCLUIDO!
2022-10-20 02:00:01 
2022-10-20 02:15:01 ------------------------------------------------------------------------
2022-10-20 02:15:01 ---------------------INICIANDO MASTER POPPER EMBLUE---------------------
2022-10-20 02:15:01 ------------------------------------------------------------------------
2022-10-20 02:15:01 Conexion Establecida a POP3 Server!
2022-10-20 02:15:01 PROCESO POPPER EMBLUE CONCLUIDO!
2022-10-20 02:15:01 
2022-10-20 02:30:02 ------------------------------------------------------------------------
2022-10-20 02:30:02 ---------------------INICIANDO MASTER POPPER EMBLUE---------------------
2022-10-20 02:30:02 ------------------------------------------------------------------------
2022-10-20 02:30:02 Conexion Establecida a POP3 Server!
2022-10-20 02:30:02 PROCESO POPPER EMBLUE CONCLUIDO!
2022-10-20 02:30:02 
2022-10-20 02:45:01 ------------------------------------------------------------------------
2022-10-20 02:45:01 ---------------------INICIANDO MASTER POPPER EMBLUE---------------------
2022-10-20 02:45:01 ------------------------------------------------------------------------
2022-10-20 02:45:01 Conexion Establecida a POP3 Server!
2022-10-20 02:45:01 PROCESO POPPER EMBLUE CONCLUIDO!
2022-10-20 02:45:01 
2022-10-20 03:00:01 ------------------------------------------------------------------------
2022-10-20 03:00:01 ---------------------INICIANDO MASTER POPPER EMBLUE---------------------
2022-10-20 03:00:01 ------------------------------------------------------------------------
2022-10-20 03:00:01 Conexion Establecida a POP3 Server!
2022-10-20 03:00:01 PROCESO POPPER EMBLUE CONCLUIDO!
2022-10-20 03:00:01 
2022-10-20 03:15:01 ------------------------------------------------------------------------
2022-10-20 03:15:01 ---------------------INICIANDO MASTER POPPER EMBLUE---------------------
2022-10-20 03:15:01 ------------------------------------------------------------------------
2022-10-20 03:15:01 Conexion Establecida a POP3 Server!
2022-10-20 03:15:01 PROCESO POPPER EMBLUE CONCLUIDO!
2022-10-20 03:15:01 
2022-10-20 03:30:02 ------------------------------------------------------------------------
2022-10-20 03:30:02 ---------------------INICIANDO MASTER POPPER EMBLUE---------------------
2022-10-20 03:30:02 ------------------------------------------------------------------------
2022-10-20 03:30:02 Conexion Establecida a POP3 Server!
2022-10-20 03:30:02 PROCESO POPPER EMBLUE CONCLUIDO!
2022-10-20 03:30:02 
2022-10-20 03:45:01 ------------------------------------------------------------------------
2022-10-20 03:45:01 ---------------------INICIANDO MASTER POPPER EMBLUE---------------------
2022-10-20 03:45:01 ------------------------------------------------------------------------
2022-10-20 03:45:01 Conexion Establecida a POP3 Server!
2022-10-20 03:45:01 PROCESO POPPER EMBLUE CONCLUIDO!
2022-10-20 03:45:01 
2022-10-20 04:00:01 ------------------------------------------------------------------------
2022-10-20 04:00:01 ---------------------INICIANDO MASTER POPPER EMBLUE---------------------
2022-10-20 04:00:01 ------------------------------------------------------------------------
2022-10-20 04:00:01 Conexion Establecida a POP3 Server!
2022-10-20 04:00:01 PROCESO POPPER EMBLUE CONCLUIDO!
2022-10-20 04:00:01 
2022-10-20 04:15:02 ------------------------------------------------------------------------
2022-10-20 04:15:02 ---------------------INICIANDO MASTER POPPER EMBLUE---------------------
2022-10-20 04:15:02 ------------------------------------------------------------------------
2022-10-20 04:15:02 Conexion Establecida a POP3 Server!
2022-10-20 04:15:02 PROCESO POPPER EMBLUE CONCLUIDO!
2022-10-20 04:15:02 
2022-10-20 04:30:02 ------------------------------------------------------------------------
2022-10-20 04:30:02 ---------------------INICIANDO MASTER POPPER EMBLUE---------------------
2022-10-20 04:30:02 ------------------------------------------------------------------------
2022-10-20 04:30:02 Conexion Establecida a POP3 Server!
2022-10-20 04:30:02 PROCESO POPPER EMBLUE CONCLUIDO!
2022-10-20 04:30:02 
2022-10-20 04:45:01 ------------------------------------------------------------------------
2022-10-20 04:45:01 ---------------------INICIANDO MASTER POPPER EMBLUE---------------------
2022-10-20 04:45:01 ------------------------------------------------------------------------
2022-10-20 04:45:01 Conexion Establecida a POP3 Server!
2022-10-20 04:45:01 PROCESO POPPER EMBLUE CONCLUIDO!
2022-10-20 04:45:01 
2022-10-20 05:00:01 ------------------------------------------------------------------------
2022-10-20 05:00:01 ---------------------INICIANDO MASTER POPPER EMBLUE---------------------
2022-10-20 05:00:01 ------------------------------------------------------------------------
2022-10-20 05:00:01 Conexion Establecida a POP3 Server!
2022-10-20 05:00:01 PROCESO POPPER EMBLUE CONCLUIDO!
2022-10-20 05:00:01 
2022-10-20 05:15:01 ------------------------------------------------------------------------
2022-10-20 05:15:01 ---------------------INICIANDO MASTER POPPER EMBLUE---------------------
2022-10-20 05:15:01 ------------------------------------------------------------------------
2022-10-20 05:15:01 Conexion Establecida a POP3 Server!
2022-10-20 05:15:01 PROCESO POPPER EMBLUE CONCLUIDO!
2022-10-20 05:15:01 
2022-10-20 05:30:01 ------------------------------------------------------------------------
2022-10-20 05:30:01 ---------------------INICIANDO MASTER POPPER EMBLUE---------------------
2022-10-20 05:30:01 ------------------------------------------------------------------------
2022-10-20 05:30:01 Conexion Establecida a POP3 Server!
2022-10-20 05:30:01 PROCESO POPPER EMBLUE CONCLUIDO!
2022-10-20 05:30:01 
2022-10-20 05:45:01 ------------------------------------------------------------------------
2022-10-20 05:45:01 ---------------------INICIANDO MASTER POPPER EMBLUE---------------------
2022-10-20 05:45:01 ------------------------------------------------------------------------
2022-10-20 05:45:01 Conexion Establecida a POP3 Server!
2022-10-20 05:45:01 PROCESO POPPER EMBLUE CONCLUIDO!
2022-10-20 05:45:01 
2022-10-20 06:00:01 ------------------------------------------------------------------------
2022-10-20 06:00:01 ---------------------INICIANDO MASTER POPPER EMBLUE---------------------
2022-10-20 06:00:01 ------------------------------------------------------------------------
2022-10-20 06:00:01 Conexion Establecida a POP3 Server!
2022-10-20 06:00:01 PROCESO POPPER EMBLUE CONCLUIDO!
2022-10-20 06:00:01 
2022-10-20 06:15:01 ------------------------------------------------------------------------
2022-10-20 06:15:01 ---------------------INICIANDO MASTER POPPER EMBLUE---------------------
2022-10-20 06:15:01 ------------------------------------------------------------------------
2022-10-20 06:15:01 Conexion Establecida a POP3 Server!
2022-10-20 06:15:01 PROCESO POPPER EMBLUE CONCLUIDO!
2022-10-20 06:15:01 
2022-10-20 06:30:02 ------------------------------------------------------------------------
2022-10-20 06:30:02 ---------------------INICIANDO MASTER POPPER EMBLUE---------------------
2022-10-20 06:30:02 ------------------------------------------------------------------------
2022-10-20 06:30:02 Conexion Establecida a POP3 Server!
2022-10-20 06:30:02 PROCESO POPPER EMBLUE CONCLUIDO!
2022-10-20 06:30:02 
2022-10-20 06:45:01 ------------------------------------------------------------------------
2022-10-20 06:45:01 ---------------------INICIANDO MASTER POPPER EMBLUE---------------------
2022-10-20 06:45:01 ------------------------------------------------------------------------
2022-10-20 06:45:01 Conexion Establecida a POP3 Server!
2022-10-20 06:45:01 PROCESO POPPER EMBLUE CONCLUIDO!
2022-10-20 06:45:01 
2022-10-20 07:00:01 ------------------------------------------------------------------------
2022-10-20 07:00:01 ---------------------INICIANDO MASTER POPPER EMBLUE---------------------
2022-10-20 07:00:01 ------------------------------------------------------------------------
2022-10-20 07:00:01 Conexion Establecida a POP3 Server!
2022-10-20 07:00:01 PROCESO POPPER EMBLUE CONCLUIDO!
2022-10-20 07:00:01 
2022-10-20 07:15:01 ------------------------------------------------------------------------
2022-10-20 07:15:01 ---------------------INICIANDO MASTER POPPER EMBLUE---------------------
2022-10-20 07:15:01 ------------------------------------------------------------------------
2022-10-20 07:15:01 Conexion Establecida a POP3 Server!
2022-10-20 07:15:01 PROCESO POPPER EMBLUE CONCLUIDO!
2022-10-20 07:15:01 
2022-10-20 07:30:01 ------------------------------------------------------------------------
2022-10-20 07:30:01 ---------------------INICIANDO MASTER POPPER EMBLUE---------------------
2022-10-20 07:30:01 ------------------------------------------------------------------------
2022-10-20 07:30:01 Conexion Establecida a POP3 Server!
2022-10-20 07:30:01 PROCESO POPPER EMBLUE CONCLUIDO!
2022-10-20 07:30:01 
2022-10-20 07:45:01 ------------------------------------------------------------------------
2022-10-20 07:45:01 ---------------------INICIANDO MASTER POPPER EMBLUE---------------------
2022-10-20 07:45:01 ------------------------------------------------------------------------
2022-10-20 07:45:01 Conexion Establecida a POP3 Server!
2022-10-20 07:45:02 PROCESO POPPER EMBLUE CONCLUIDO!
2022-10-20 07:45:02 
2022-10-20 08:00:02 ------------------------------------------------------------------------
2022-10-20 08:00:02 ---------------------INICIANDO MASTER POPPER EMBLUE---------------------
2022-10-20 08:00:02 ------------------------------------------------------------------------
2022-10-20 08:00:02 Conexion Establecida a POP3 Server!
2022-10-20 08:00:02 PROCESO POPPER EMBLUE CONCLUIDO!
2022-10-20 08:00:02 
2022-10-20 08:15:02 ------------------------------------------------------------------------
2022-10-20 08:15:02 ---------------------INICIANDO MASTER POPPER EMBLUE---------------------
2022-10-20 08:15:02 ------------------------------------------------------------------------
2022-10-20 08:15:02 Conexion Establecida a POP3 Server!
2022-10-20 08:15:02 PROCESO POPPER EMBLUE CONCLUIDO!
2022-10-20 08:15:02 
2022-10-20 08:30:02 ------------------------------------------------------------------------
2022-10-20 08:30:02 ---------------------INICIANDO MASTER POPPER EMBLUE---------------------
2022-10-20 08:30:02 ------------------------------------------------------------------------
2022-10-20 08:30:02 Conexion Establecida a POP3 Server!
2022-10-20 08:30:02 PROCESO POPPER EMBLUE CONCLUIDO!
2022-10-20 08:30:02 
2022-10-20 08:45:02 ------------------------------------------------------------------------
2022-10-20 08:45:02 ---------------------INICIANDO MASTER POPPER EMBLUE---------------------
2022-10-20 08:45:02 ------------------------------------------------------------------------
2022-10-20 08:45:02 Conexion Establecida a POP3 Server!
2022-10-20 08:45:02 PROCESO POPPER EMBLUE CONCLUIDO!
2022-10-20 08:45:02 
2022-10-20 09:00:02 ------------------------------------------------------------------------
2022-10-20 09:00:02 ---------------------INICIANDO MASTER POPPER EMBLUE---------------------
2022-10-20 09:00:02 ------------------------------------------------------------------------
2022-10-20 09:00:02 Conexion Establecida a POP3 Server!
2022-10-20 09:00:02 PROCESO POPPER EMBLUE CONCLUIDO!
2022-10-20 09:00:02 
2022-10-20 09:15:02 ------------------------------------------------------------------------
2022-10-20 09:15:02 ---------------------INICIANDO MASTER POPPER EMBLUE---------------------
2022-10-20 09:15:02 ------------------------------------------------------------------------
2022-10-20 09:15:03 Conexion Establecida a POP3 Server!
2022-10-20 09:15:03 PROCESO POPPER EMBLUE CONCLUIDO!
2022-10-20 09:15:03 
2022-10-20 09:30:02 ------------------------------------------------------------------------
2022-10-20 09:30:02 ---------------------INICIANDO MASTER POPPER EMBLUE---------------------
2022-10-20 09:30:02 ------------------------------------------------------------------------
2022-10-20 09:30:02 Conexion Establecida a POP3 Server!
2022-10-20 09:30:02 PROCESO POPPER EMBLUE CONCLUIDO!
2022-10-20 09:30:02 
2022-10-20 09:45:01 ------------------------------------------------------------------------
2022-10-20 09:45:01 ---------------------INICIANDO MASTER POPPER EMBLUE---------------------
2022-10-20 09:45:01 ------------------------------------------------------------------------
2022-10-20 09:45:01 Conexion Establecida a POP3 Server!
2022-10-20 09:45:01 PROCESO POPPER EMBLUE CONCLUIDO!
2022-10-20 09:45:01 
2022-10-20 10:00:02 ------------------------------------------------------------------------
2022-10-20 10:00:02 ---------------------INICIANDO MASTER POPPER EMBLUE---------------------
2022-10-20 10:00:02 ------------------------------------------------------------------------
2022-10-20 10:00:02 Conexion Establecida a POP3 Server!
2022-10-20 10:00:02 PROCESO POPPER EMBLUE CONCLUIDO!
2022-10-20 10:00:02 
2022-10-20 10:15:01 ------------------------------------------------------------------------
2022-10-20 10:15:01 ---------------------INICIANDO MASTER POPPER EMBLUE---------------------
2022-10-20 10:15:01 ------------------------------------------------------------------------
2022-10-20 10:15:01 Conexion Establecida a POP3 Server!
2022-10-20 10:15:01 PROCESO POPPER EMBLUE CONCLUIDO!
2022-10-20 10:15:01 
2022-10-20 10:30:01 ------------------------------------------------------------------------
2022-10-20 10:30:01 ---------------------INICIANDO MASTER POPPER EMBLUE---------------------
2022-10-20 10:30:01 ------------------------------------------------------------------------
2022-10-20 10:30:01 Conexion Establecida a POP3 Server!
2022-10-20 10:30:01 PROCESO POPPER EMBLUE CONCLUIDO!
2022-10-20 10:30:01 
2022-10-20 10:45:01 ------------------------------------------------------------------------
2022-10-20 10:45:01 ---------------------INICIANDO MASTER POPPER EMBLUE---------------------
2022-10-20 10:45:01 ------------------------------------------------------------------------
2022-10-20 10:45:01 Conexion Establecida a POP3 Server!
2022-10-20 10:45:01 PROCESO POPPER EMBLUE CONCLUIDO!
2022-10-20 10:45:01 
2022-10-20 11:00:02 ------------------------------------------------------------------------
2022-10-20 11:00:02 ---------------------INICIANDO MASTER POPPER EMBLUE---------------------
2022-10-20 11:00:02 ------------------------------------------------------------------------
2022-10-20 11:00:02 Conexion Establecida a POP3 Server!
2022-10-20 11:00:02 PROCESO POPPER EMBLUE CONCLUIDO!
2022-10-20 11:00:02 
2022-10-20 11:15:01 ------------------------------------------------------------------------
2022-10-20 11:15:01 ---------------------INICIANDO MASTER POPPER EMBLUE---------------------
2022-10-20 11:15:01 ------------------------------------------------------------------------
2022-10-20 11:15:01 Conexion Establecida a POP3 Server!
2022-10-20 11:15:01 PROCESO POPPER EMBLUE CONCLUIDO!
2022-10-20 11:15:01 
2022-10-20 11:30:01 ------------------------------------------------------------------------
2022-10-20 11:30:01 ---------------------INICIANDO MASTER POPPER EMBLUE---------------------
2022-10-20 11:30:01 ------------------------------------------------------------------------
2022-10-20 11:30:02 Conexion Establecida a POP3 Server!
2022-10-20 11:30:02 PROCESO POPPER EMBLUE CONCLUIDO!
2022-10-20 11:30:02 
2022-10-20 11:45:01 ------------------------------------------------------------------------
2022-10-20 11:45:01 ---------------------INICIANDO MASTER POPPER EMBLUE---------------------
2022-10-20 11:45:01 ------------------------------------------------------------------------
2022-10-20 11:45:01 Conexion Establecida a POP3 Server!
2022-10-20 11:45:01 PROCESO POPPER EMBLUE CONCLUIDO!
2022-10-20 11:45:01 
2022-10-20 12:00:01 ------------------------------------------------------------------------
2022-10-20 12:00:01 ---------------------INICIANDO MASTER POPPER EMBLUE---------------------
2022-10-20 12:00:01 ------------------------------------------------------------------------
2022-10-20 12:00:01 Conexion Establecida a POP3 Server!
2022-10-20 12:00:01 PROCESO POPPER EMBLUE CONCLUIDO!
2022-10-20 12:00:01 
2022-10-20 12:15:01 ------------------------------------------------------------------------
2022-10-20 12:15:01 ---------------------INICIANDO MASTER POPPER EMBLUE---------------------
2022-10-20 12:15:01 ------------------------------------------------------------------------
2022-10-20 12:15:01 Conexion Establecida a POP3 Server!
2022-10-20 12:15:01 PROCESO POPPER EMBLUE CONCLUIDO!
2022-10-20 12:15:01 
2022-10-20 12:30:02 ------------------------------------------------------------------------
2022-10-20 12:30:02 ---------------------INICIANDO MASTER POPPER EMBLUE---------------------
2022-10-20 12:30:02 ------------------------------------------------------------------------
2022-10-20 12:30:02 Conexion Establecida a POP3 Server!
2022-10-20 12:30:02 PROCESO POPPER EMBLUE CONCLUIDO!
2022-10-20 12:30:02 
2022-10-20 12:45:01 ------------------------------------------------------------------------
2022-10-20 12:45:01 ---------------------INICIANDO MASTER POPPER EMBLUE---------------------
2022-10-20 12:45:01 ------------------------------------------------------------------------
2022-10-20 12:45:01 Conexion Establecida a POP3 Server!
2022-10-20 12:45:01 PROCESO POPPER EMBLUE CONCLUIDO!
2022-10-20 12:45:01 
2022-10-20 13:00:01 ------------------------------------------------------------------------
2022-10-20 13:00:01 ---------------------INICIANDO MASTER POPPER EMBLUE---------------------
2022-10-20 13:00:01 ------------------------------------------------------------------------
2022-10-20 13:00:01 Conexion Establecida a POP3 Server!
2022-10-20 13:00:01 PROCESO POPPER EMBLUE CONCLUIDO!
2022-10-20 13:00:01 
2022-10-20 13:15:02 ------------------------------------------------------------------------
2022-10-20 13:15:02 ---------------------INICIANDO MASTER POPPER EMBLUE---------------------
2022-10-20 13:15:02 ------------------------------------------------------------------------
2022-10-20 13:15:02 Conexion Establecida a POP3 Server!
2022-10-20 13:15:02 PROCESO POPPER EMBLUE CONCLUIDO!
2022-10-20 13:15:02 
2022-10-20 13:30:01 ------------------------------------------------------------------------
2022-10-20 13:30:01 ---------------------INICIANDO MASTER POPPER EMBLUE---------------------
2022-10-20 13:30:01 ------------------------------------------------------------------------
2022-10-20 13:30:01 Conexion Establecida a POP3 Server!
2022-10-20 13:30:01 PROCESO POPPER EMBLUE CONCLUIDO!
2022-10-20 13:30:01 
2022-10-20 13:45:02 ------------------------------------------------------------------------
2022-10-20 13:45:02 ---------------------INICIANDO MASTER POPPER EMBLUE---------------------
2022-10-20 13:45:02 ------------------------------------------------------------------------
2022-10-20 13:45:02 Conexion Establecida a POP3 Server!
2022-10-20 13:45:02 PROCESO POPPER EMBLUE CONCLUIDO!
2022-10-20 13:45:02 
2022-10-20 14:00:01 ------------------------------------------------------------------------
2022-10-20 14:00:01 ---------------------INICIANDO MASTER POPPER EMBLUE---------------------
2022-10-20 14:00:01 ------------------------------------------------------------------------
2022-10-20 14:00:02 Conexion Establecida a POP3 Server!
2022-10-20 14:00:02 PROCESO POPPER EMBLUE CONCLUIDO!
2022-10-20 14:00:02 
2022-10-20 14:15:02 ------------------------------------------------------------------------
2022-10-20 14:15:02 ---------------------INICIANDO MASTER POPPER EMBLUE---------------------
2022-10-20 14:15:02 ------------------------------------------------------------------------
2022-10-20 14:15:02 Conexion Establecida a POP3 Server!
2022-10-20 14:15:02 PROCESO POPPER EMBLUE CONCLUIDO!
2022-10-20 14:15:02 
2022-10-20 14:30:02 ------------------------------------------------------------------------
2022-10-20 14:30:02 ---------------------INICIANDO MASTER POPPER EMBLUE---------------------
2022-10-20 14:30:02 ------------------------------------------------------------------------
2022-10-20 14:30:02 Conexion Establecida a POP3 Server!
2022-10-20 14:30:02 PROCESO POPPER EMBLUE CONCLUIDO!
2022-10-20 14:30:02 
2022-10-20 14:45:02 ------------------------------------------------------------------------
2022-10-20 14:45:02 ---------------------INICIANDO MASTER POPPER EMBLUE---------------------
2022-10-20 14:45:02 ------------------------------------------------------------------------
2022-10-20 14:45:02 Conexion Establecida a POP3 Server!
2022-10-20 14:45:02 PROCESO POPPER EMBLUE CONCLUIDO!
2022-10-20 14:45:02 
2022-10-20 15:00:02 ------------------------------------------------------------------------
2022-10-20 15:00:02 ---------------------INICIANDO MASTER POPPER EMBLUE---------------------
2022-10-20 15:00:02 ------------------------------------------------------------------------
2022-10-20 15:00:02 Conexion Establecida a POP3 Server!
2022-10-20 15:00:02 PROCESO POPPER EMBLUE CONCLUIDO!
2022-10-20 15:00:02 
2022-10-20 15:15:03 ------------------------------------------------------------------------
2022-10-20 15:15:03 ---------------------INICIANDO MASTER POPPER EMBLUE---------------------
2022-10-20 15:15:03 ------------------------------------------------------------------------
2022-10-20 15:15:03 Conexion Establecida a POP3 Server!
2022-10-20 15:15:03 PROCESO POPPER EMBLUE CONCLUIDO!
2022-10-20 15:15:03 
2022-10-20 15:30:01 ------------------------------------------------------------------------
2022-10-20 15:30:01 ---------------------INICIANDO MASTER POPPER EMBLUE---------------------
2022-10-20 15:30:01 ------------------------------------------------------------------------
2022-10-20 15:30:02 Conexion Establecida a POP3 Server!
2022-10-20 15:30:02 PROCESO POPPER EMBLUE CONCLUIDO!
2022-10-20 15:30:02 
2022-10-20 15:45:01 ------------------------------------------------------------------------
2022-10-20 15:45:01 ---------------------INICIANDO MASTER POPPER EMBLUE---------------------
2022-10-20 15:45:01 ------------------------------------------------------------------------
2022-10-20 15:45:01 Conexion Establecida a POP3 Server!
2022-10-20 15:45:01 PROCESO POPPER EMBLUE CONCLUIDO!
2022-10-20 15:45:01 
2022-10-20 16:00:02 ------------------------------------------------------------------------
2022-10-20 16:00:02 ---------------------INICIANDO MASTER POPPER EMBLUE---------------------
2022-10-20 16:00:02 ------------------------------------------------------------------------
2022-10-20 16:00:02 Conexion Establecida a POP3 Server!
2022-10-20 16:00:02 PROCESO POPPER EMBLUE CONCLUIDO!
2022-10-20 16:00:02 
2022-10-20 16:15:02 ------------------------------------------------------------------------
2022-10-20 16:15:02 ---------------------INICIANDO MASTER POPPER EMBLUE---------------------
2022-10-20 16:15:02 ------------------------------------------------------------------------
2022-10-20 16:15:02 Conexion Establecida a POP3 Server!
2022-10-20 16:15:02 PROCESO POPPER EMBLUE CONCLUIDO!
2022-10-20 16:15:02 
2022-10-20 16:30:02 ------------------------------------------------------------------------
2022-10-20 16:30:02 ---------------------INICIANDO MASTER POPPER EMBLUE---------------------
2022-10-20 16:30:02 ------------------------------------------------------------------------
2022-10-20 16:30:02 Conexion Establecida a POP3 Server!
2022-10-20 16:30:02 PROCESO POPPER EMBLUE CONCLUIDO!
2022-10-20 16:30:02 
2022-10-20 16:45:02 ------------------------------------------------------------------------
2022-10-20 16:45:02 ---------------------INICIANDO MASTER POPPER EMBLUE---------------------
2022-10-20 16:45:02 ------------------------------------------------------------------------
2022-10-20 16:45:02 Conexion Establecida a POP3 Server!
2022-10-20 16:45:02 PROCESO POPPER EMBLUE CONCLUIDO!
2022-10-20 16:45:02 
2022-10-20 17:00:01 ------------------------------------------------------------------------
2022-10-20 17:00:01 ---------------------INICIANDO MASTER POPPER EMBLUE---------------------
2022-10-20 17:00:01 ------------------------------------------------------------------------
2022-10-20 17:00:01 Conexion Establecida a POP3 Server!
2022-10-20 17:00:01 PROCESO POPPER EMBLUE CONCLUIDO!
2022-10-20 17:00:01 
2022-10-20 17:15:02 ------------------------------------------------------------------------
2022-10-20 17:15:02 ---------------------INICIANDO MASTER POPPER EMBLUE---------------------
2022-10-20 17:15:02 ------------------------------------------------------------------------
2022-10-20 17:15:02 Conexion Establecida a POP3 Server!
2022-10-20 17:15:02 PROCESO POPPER EMBLUE CONCLUIDO!
2022-10-20 17:15:02 
2022-10-20 17:30:01 ------------------------------------------------------------------------
2022-10-20 17:30:01 ---------------------INICIANDO MASTER POPPER EMBLUE---------------------
2022-10-20 17:30:01 ------------------------------------------------------------------------
2022-10-20 17:30:01 Conexion Establecida a POP3 Server!
2022-10-20 17:30:01 PROCESO POPPER EMBLUE CONCLUIDO!
2022-10-20 17:30:01 
2022-10-20 17:45:01 ------------------------------------------------------------------------
2022-10-20 17:45:01 ---------------------INICIANDO MASTER POPPER EMBLUE---------------------
2022-10-20 17:45:01 ------------------------------------------------------------------------
2022-10-20 17:45:01 Conexion Establecida a POP3 Server!
2022-10-20 17:45:01 PROCESO POPPER EMBLUE CONCLUIDO!
2022-10-20 17:45:01 
2022-10-20 18:00:01 ------------------------------------------------------------------------
2022-10-20 18:00:01 ---------------------INICIANDO MASTER POPPER EMBLUE---------------------
2022-10-20 18:00:01 ------------------------------------------------------------------------
2022-10-20 18:00:01 Conexion Establecida a POP3 Server!
2022-10-20 18:00:01 PROCESO POPPER EMBLUE CONCLUIDO!
2022-10-20 18:00:01 
2022-10-20 18:15:01 ------------------------------------------------------------------------
2022-10-20 18:15:01 ---------------------INICIANDO MASTER POPPER EMBLUE---------------------
2022-10-20 18:15:01 ------------------------------------------------------------------------
2022-10-20 18:15:01 Conexion Establecida a POP3 Server!
2022-10-20 18:15:01 PROCESO POPPER EMBLUE CONCLUIDO!
2022-10-20 18:15:01 
2022-10-20 18:30:01 ------------------------------------------------------------------------
2022-10-20 18:30:01 ---------------------INICIANDO MASTER POPPER EMBLUE---------------------
2022-10-20 18:30:01 ------------------------------------------------------------------------
2022-10-20 18:30:01 Conexion Establecida a POP3 Server!
2022-10-20 18:30:01 PROCESO POPPER EMBLUE CONCLUIDO!
2022-10-20 18:30:01 
2022-10-20 18:45:02 ------------------------------------------------------------------------
2022-10-20 18:45:02 ---------------------INICIANDO MASTER POPPER EMBLUE---------------------
2022-10-20 18:45:02 ------------------------------------------------------------------------
2022-10-20 18:45:02 Conexion Establecida a POP3 Server!
2022-10-20 18:45:02 PROCESO POPPER EMBLUE CONCLUIDO!
2022-10-20 18:45:02 
2022-10-20 19:00:01 ------------------------------------------------------------------------
2022-10-20 19:00:01 ---------------------INICIANDO MASTER POPPER EMBLUE---------------------
2022-10-20 19:00:01 ------------------------------------------------------------------------
2022-10-20 19:00:01 Conexion Establecida a POP3 Server!
2022-10-20 19:00:01 PROCESO POPPER EMBLUE CONCLUIDO!
2022-10-20 19:00:01 
2022-10-20 19:15:01 ------------------------------------------------------------------------
2022-10-20 19:15:01 ---------------------INICIANDO MASTER POPPER EMBLUE---------------------
2022-10-20 19:15:01 ------------------------------------------------------------------------
2022-10-20 19:15:01 Conexion Establecida a POP3 Server!
2022-10-20 19:15:01 PROCESO POPPER EMBLUE CONCLUIDO!
2022-10-20 19:15:01 
2022-10-20 19:30:01 ------------------------------------------------------------------------
2022-10-20 19:30:01 ---------------------INICIANDO MASTER POPPER EMBLUE---------------------
2022-10-20 19:30:01 ------------------------------------------------------------------------
2022-10-20 19:30:01 Conexion Establecida a POP3 Server!
2022-10-20 19:30:01 PROCESO POPPER EMBLUE CONCLUIDO!
2022-10-20 19:30:01 
2022-10-20 19:45:01 ------------------------------------------------------------------------
2022-10-20 19:45:01 ---------------------INICIANDO MASTER POPPER EMBLUE---------------------
2022-10-20 19:45:01 ------------------------------------------------------------------------
2022-10-20 19:45:01 Conexion Establecida a POP3 Server!
2022-10-20 19:45:01 PROCESO POPPER EMBLUE CONCLUIDO!
2022-10-20 19:45:01 
2022-10-20 20:00:02 ------------------------------------------------------------------------
2022-10-20 20:00:02 ---------------------INICIANDO MASTER POPPER EMBLUE---------------------
2022-10-20 20:00:02 ------------------------------------------------------------------------
2022-10-20 20:00:02 Conexion Establecida a POP3 Server!
2022-10-20 20:00:02 PROCESO POPPER EMBLUE CONCLUIDO!
2022-10-20 20:00:02 
2022-10-20 20:15:01 ------------------------------------------------------------------------
2022-10-20 20:15:01 ---------------------INICIANDO MASTER POPPER EMBLUE---------------------
2022-10-20 20:15:01 ------------------------------------------------------------------------
2022-10-20 20:15:01 Conexion Establecida a POP3 Server!
2022-10-20 20:15:01 PROCESO POPPER EMBLUE CONCLUIDO!
2022-10-20 20:15:01 
2022-10-20 20:30:01 ------------------------------------------------------------------------
2022-10-20 20:30:01 ---------------------INICIANDO MASTER POPPER EMBLUE---------------------
2022-10-20 20:30:01 ------------------------------------------------------------------------
2022-10-20 20:30:01 Conexion Establecida a POP3 Server!
2022-10-20 20:30:01 PROCESO POPPER EMBLUE CONCLUIDO!
2022-10-20 20:30:01 
2022-10-20 20:45:01 ------------------------------------------------------------------------
2022-10-20 20:45:01 ---------------------INICIANDO MASTER POPPER EMBLUE---------------------
2022-10-20 20:45:01 ------------------------------------------------------------------------
2022-10-20 20:45:02 Conexion Establecida a POP3 Server!
2022-10-20 20:45:02 PROCESO POPPER EMBLUE CONCLUIDO!
2022-10-20 20:45:02 
2022-10-20 21:00:01 ------------------------------------------------------------------------
2022-10-20 21:00:01 ---------------------INICIANDO MASTER POPPER EMBLUE---------------------
2022-10-20 21:00:01 ------------------------------------------------------------------------
2022-10-20 21:00:01 Conexion Establecida a POP3 Server!
2022-10-20 21:00:01 PROCESO POPPER EMBLUE CONCLUIDO!
2022-10-20 21:00:01 
2022-10-20 21:15:01 ------------------------------------------------------------------------
2022-10-20 21:15:01 ---------------------INICIANDO MASTER POPPER EMBLUE---------------------
2022-10-20 21:15:01 ------------------------------------------------------------------------
2022-10-20 21:15:01 Conexion Establecida a POP3 Server!
2022-10-20 21:15:01 PROCESO POPPER EMBLUE CONCLUIDO!
2022-10-20 21:15:01 
2022-10-20 21:30:02 ------------------------------------------------------------------------
2022-10-20 21:30:02 ---------------------INICIANDO MASTER POPPER EMBLUE---------------------
2022-10-20 21:30:02 ------------------------------------------------------------------------
2022-10-20 21:30:02 Conexion Establecida a POP3 Server!
2022-10-20 21:30:02 PROCESO POPPER EMBLUE CONCLUIDO!
2022-10-20 21:30:02 
2022-10-20 21:45:01 ------------------------------------------------------------------------
2022-10-20 21:45:01 ---------------------INICIANDO MASTER POPPER EMBLUE---------------------
2022-10-20 21:45:01 ------------------------------------------------------------------------
2022-10-20 21:45:01 Conexion Establecida a POP3 Server!
2022-10-20 21:45:01 PROCESO POPPER EMBLUE CONCLUIDO!
2022-10-20 21:45:01 
2022-10-20 22:00:01 ------------------------------------------------------------------------
2022-10-20 22:00:01 ---------------------INICIANDO MASTER POPPER EMBLUE---------------------
2022-10-20 22:00:01 ------------------------------------------------------------------------
2022-10-20 22:00:01 Conexion Establecida a POP3 Server!
2022-10-20 22:00:01 PROCESO POPPER EMBLUE CONCLUIDO!
2022-10-20 22:00:01 
2022-10-20 22:15:02 ------------------------------------------------------------------------
2022-10-20 22:15:02 ---------------------INICIANDO MASTER POPPER EMBLUE---------------------
2022-10-20 22:15:02 ------------------------------------------------------------------------
2022-10-20 22:15:02 Conexion Establecida a POP3 Server!
2022-10-20 22:15:02 PROCESO POPPER EMBLUE CONCLUIDO!
2022-10-20 22:15:02 
2022-10-20 22:30:01 ------------------------------------------------------------------------
2022-10-20 22:30:01 ---------------------INICIANDO MASTER POPPER EMBLUE---------------------
2022-10-20 22:30:01 ------------------------------------------------------------------------
2022-10-20 22:30:01 Conexion Establecida a POP3 Server!
2022-10-20 22:30:01 PROCESO POPPER EMBLUE CONCLUIDO!
2022-10-20 22:30:01 
2022-10-20 22:45:01 ------------------------------------------------------------------------
2022-10-20 22:45:01 ---------------------INICIANDO MASTER POPPER EMBLUE---------------------
2022-10-20 22:45:01 ------------------------------------------------------------------------
2022-10-20 22:45:01 Conexion Establecida a POP3 Server!
2022-10-20 22:45:01 PROCESO POPPER EMBLUE CONCLUIDO!
2022-10-20 22:45:01 
2022-10-20 23:00:01 ------------------------------------------------------------------------
2022-10-20 23:00:01 ---------------------INICIANDO MASTER POPPER EMBLUE---------------------
2022-10-20 23:00:01 ------------------------------------------------------------------------
2022-10-20 23:00:01 Conexion Establecida a POP3 Server!
2022-10-20 23:00:01 PROCESO POPPER EMBLUE CONCLUIDO!
2022-10-20 23:00:01 
2022-10-20 23:15:02 ------------------------------------------------------------------------
2022-10-20 23:15:02 ---------------------INICIANDO MASTER POPPER EMBLUE---------------------
2022-10-20 23:15:02 ------------------------------------------------------------------------
2022-10-20 23:15:02 Conexion Establecida a POP3 Server!
2022-10-20 23:15:02 PROCESO POPPER EMBLUE CONCLUIDO!
2022-10-20 23:15:02 
2022-10-20 23:30:01 ------------------------------------------------------------------------
2022-10-20 23:30:01 ---------------------INICIANDO MASTER POPPER EMBLUE---------------------
2022-10-20 23:30:01 ------------------------------------------------------------------------
2022-10-20 23:30:01 Conexion Establecida a POP3 Server!
2022-10-20 23:30:01 PROCESO POPPER EMBLUE CONCLUIDO!
2022-10-20 23:30:01 
2022-10-20 23:45:02 ------------------------------------------------------------------------
2022-10-20 23:45:02 ---------------------INICIANDO MASTER POPPER EMBLUE---------------------
2022-10-20 23:45:02 ------------------------------------------------------------------------
2022-10-20 23:45:02 Conexion Establecida a POP3 Server!
2022-10-20 23:45:02 PROCESO POPPER EMBLUE CONCLUIDO!
2022-10-20 23:45:02 
