2022-10-11 00:00:01 ------------------------------------------------------------------------
2022-10-11 00:00:01 ---------------------INICIANDO MASTER POPPER EMBLUE---------------------
2022-10-11 00:00:01 ------------------------------------------------------------------------
2022-10-11 00:00:01 Conexion Establecida a POP3 Server!
2022-10-11 00:00:01 PROCESO POPPER EMBLUE CONCLUIDO!
2022-10-11 00:00:01 
2022-10-11 00:15:01 ------------------------------------------------------------------------
2022-10-11 00:15:01 ---------------------INICIANDO MASTER POPPER EMBLUE---------------------
2022-10-11 00:15:01 ------------------------------------------------------------------------
2022-10-11 00:15:01 Conexion Establecida a POP3 Server!
2022-10-11 00:15:01 PROCESO POPPER EMBLUE CONCLUIDO!
2022-10-11 00:15:01 
2022-10-11 00:30:01 ------------------------------------------------------------------------
2022-10-11 00:30:01 ---------------------INICIANDO MASTER POPPER EMBLUE---------------------
2022-10-11 00:30:01 ------------------------------------------------------------------------
2022-10-11 00:30:01 Conexion Establecida a POP3 Server!
2022-10-11 00:30:01 PROCESO POPPER EMBLUE CONCLUIDO!
2022-10-11 00:30:01 
2022-10-11 00:45:01 ------------------------------------------------------------------------
2022-10-11 00:45:01 ---------------------INICIANDO MASTER POPPER EMBLUE---------------------
2022-10-11 00:45:01 ------------------------------------------------------------------------
2022-10-11 00:45:02 Conexion Establecida a POP3 Server!
2022-10-11 00:45:02 PROCESO POPPER EMBLUE CONCLUIDO!
2022-10-11 00:45:02 
2022-10-11 01:00:01 ------------------------------------------------------------------------
2022-10-11 01:00:01 ---------------------INICIANDO MASTER POPPER EMBLUE---------------------
2022-10-11 01:00:01 ------------------------------------------------------------------------
2022-10-11 01:00:01 Conexion Establecida a POP3 Server!
2022-10-11 01:00:01 PROCESO POPPER EMBLUE CONCLUIDO!
2022-10-11 01:00:01 
2022-10-11 01:15:01 ------------------------------------------------------------------------
2022-10-11 01:15:01 ---------------------INICIANDO MASTER POPPER EMBLUE---------------------
2022-10-11 01:15:01 ------------------------------------------------------------------------
2022-10-11 01:15:02 Conexion Establecida a POP3 Server!
2022-10-11 01:15:02 PROCESO POPPER EMBLUE CONCLUIDO!
2022-10-11 01:15:02 
2022-10-11 01:30:01 ------------------------------------------------------------------------
2022-10-11 01:30:01 ---------------------INICIANDO MASTER POPPER EMBLUE---------------------
2022-10-11 01:30:01 ------------------------------------------------------------------------
2022-10-11 01:30:01 Conexion Establecida a POP3 Server!
2022-10-11 01:30:01 PROCESO POPPER EMBLUE CONCLUIDO!
2022-10-11 01:30:01 
2022-10-11 01:45:01 ------------------------------------------------------------------------
2022-10-11 01:45:01 ---------------------INICIANDO MASTER POPPER EMBLUE---------------------
2022-10-11 01:45:01 ------------------------------------------------------------------------
2022-10-11 01:45:01 Conexion Establecida a POP3 Server!
2022-10-11 01:45:01 PROCESO POPPER EMBLUE CONCLUIDO!
2022-10-11 01:45:01 
2022-10-11 02:00:02 ------------------------------------------------------------------------
2022-10-11 02:00:02 ---------------------INICIANDO MASTER POPPER EMBLUE---------------------
2022-10-11 02:00:02 ------------------------------------------------------------------------
2022-10-11 02:00:02 Conexion Establecida a POP3 Server!
2022-10-11 02:00:02 PROCESO POPPER EMBLUE CONCLUIDO!
2022-10-11 02:00:02 
2022-10-11 02:15:01 ------------------------------------------------------------------------
2022-10-11 02:15:01 ---------------------INICIANDO MASTER POPPER EMBLUE---------------------
2022-10-11 02:15:01 ------------------------------------------------------------------------
2022-10-11 02:15:01 Conexion Establecida a POP3 Server!
2022-10-11 02:15:01 PROCESO POPPER EMBLUE CONCLUIDO!
2022-10-11 02:15:01 
2022-10-11 02:30:02 ------------------------------------------------------------------------
2022-10-11 02:30:02 ---------------------INICIANDO MASTER POPPER EMBLUE---------------------
2022-10-11 02:30:02 ------------------------------------------------------------------------
2022-10-11 02:30:02 Conexion Establecida a POP3 Server!
2022-10-11 02:30:02 PROCESO POPPER EMBLUE CONCLUIDO!
2022-10-11 02:30:02 
2022-10-11 02:45:01 ------------------------------------------------------------------------
2022-10-11 02:45:01 ---------------------INICIANDO MASTER POPPER EMBLUE---------------------
2022-10-11 02:45:01 ------------------------------------------------------------------------
2022-10-11 02:45:01 Conexion Establecida a POP3 Server!
2022-10-11 02:45:01 PROCESO POPPER EMBLUE CONCLUIDO!
2022-10-11 02:45:01 
2022-10-11 03:00:01 ------------------------------------------------------------------------
2022-10-11 03:00:01 ---------------------INICIANDO MASTER POPPER EMBLUE---------------------
2022-10-11 03:00:01 ------------------------------------------------------------------------
2022-10-11 03:00:02 Conexion Establecida a POP3 Server!
2022-10-11 03:00:02 PROCESO POPPER EMBLUE CONCLUIDO!
2022-10-11 03:00:02 
2022-10-11 03:15:01 ------------------------------------------------------------------------
2022-10-11 03:15:01 ---------------------INICIANDO MASTER POPPER EMBLUE---------------------
2022-10-11 03:15:01 ------------------------------------------------------------------------
2022-10-11 03:15:01 Conexion Establecida a POP3 Server!
2022-10-11 03:15:01 PROCESO POPPER EMBLUE CONCLUIDO!
2022-10-11 03:15:01 
2022-10-11 03:30:01 ------------------------------------------------------------------------
2022-10-11 03:30:01 ---------------------INICIANDO MASTER POPPER EMBLUE---------------------
2022-10-11 03:30:01 ------------------------------------------------------------------------
2022-10-11 03:30:01 Conexion Establecida a POP3 Server!
2022-10-11 03:30:01 PROCESO POPPER EMBLUE CONCLUIDO!
2022-10-11 03:30:01 
2022-10-11 03:45:02 ------------------------------------------------------------------------
2022-10-11 03:45:02 ---------------------INICIANDO MASTER POPPER EMBLUE---------------------
2022-10-11 03:45:02 ------------------------------------------------------------------------
2022-10-11 03:45:02 Conexion Establecida a POP3 Server!
2022-10-11 03:45:02 PROCESO POPPER EMBLUE CONCLUIDO!
2022-10-11 03:45:02 
2022-10-11 04:00:01 ------------------------------------------------------------------------
2022-10-11 04:00:01 ---------------------INICIANDO MASTER POPPER EMBLUE---------------------
2022-10-11 04:00:01 ------------------------------------------------------------------------
2022-10-11 04:00:01 Conexion Establecida a POP3 Server!
2022-10-11 04:00:01 PROCESO POPPER EMBLUE CONCLUIDO!
2022-10-11 04:00:01 
2022-10-11 04:15:01 ------------------------------------------------------------------------
2022-10-11 04:15:01 ---------------------INICIANDO MASTER POPPER EMBLUE---------------------
2022-10-11 04:15:01 ------------------------------------------------------------------------
2022-10-11 04:15:02 Conexion Establecida a POP3 Server!
2022-10-11 04:15:02 PROCESO POPPER EMBLUE CONCLUIDO!
2022-10-11 04:15:02 
2022-10-11 04:30:01 ------------------------------------------------------------------------
2022-10-11 04:30:01 ---------------------INICIANDO MASTER POPPER EMBLUE---------------------
2022-10-11 04:30:01 ------------------------------------------------------------------------
2022-10-11 04:30:01 Conexion Establecida a POP3 Server!
2022-10-11 04:30:01 PROCESO POPPER EMBLUE CONCLUIDO!
2022-10-11 04:30:01 
2022-10-11 04:45:01 ------------------------------------------------------------------------
2022-10-11 04:45:01 ---------------------INICIANDO MASTER POPPER EMBLUE---------------------
2022-10-11 04:45:01 ------------------------------------------------------------------------
2022-10-11 04:45:01 Conexion Establecida a POP3 Server!
2022-10-11 04:45:01 PROCESO POPPER EMBLUE CONCLUIDO!
2022-10-11 04:45:01 
2022-10-11 05:00:01 ------------------------------------------------------------------------
2022-10-11 05:00:01 ---------------------INICIANDO MASTER POPPER EMBLUE---------------------
2022-10-11 05:00:01 ------------------------------------------------------------------------
2022-10-11 05:00:01 Conexion Establecida a POP3 Server!
2022-10-11 05:00:01 PROCESO POPPER EMBLUE CONCLUIDO!
2022-10-11 05:00:01 
2022-10-11 05:15:01 ------------------------------------------------------------------------
2022-10-11 05:15:01 ---------------------INICIANDO MASTER POPPER EMBLUE---------------------
2022-10-11 05:15:01 ------------------------------------------------------------------------
2022-10-11 05:15:01 Conexion Establecida a POP3 Server!
2022-10-11 05:15:01 PROCESO POPPER EMBLUE CONCLUIDO!
2022-10-11 05:15:01 
2022-10-11 05:30:01 ------------------------------------------------------------------------
2022-10-11 05:30:01 ---------------------INICIANDO MASTER POPPER EMBLUE---------------------
2022-10-11 05:30:01 ------------------------------------------------------------------------
2022-10-11 05:30:01 Conexion Establecida a POP3 Server!
2022-10-11 05:30:01 PROCESO POPPER EMBLUE CONCLUIDO!
2022-10-11 05:30:01 
2022-10-11 05:45:01 ------------------------------------------------------------------------
2022-10-11 05:45:01 ---------------------INICIANDO MASTER POPPER EMBLUE---------------------
2022-10-11 05:45:01 ------------------------------------------------------------------------
2022-10-11 05:45:02 Conexion Establecida a POP3 Server!
2022-10-11 05:45:02 PROCESO POPPER EMBLUE CONCLUIDO!
2022-10-11 05:45:02 
2022-10-11 06:00:01 ------------------------------------------------------------------------
2022-10-11 06:00:01 ---------------------INICIANDO MASTER POPPER EMBLUE---------------------
2022-10-11 06:00:01 ------------------------------------------------------------------------
2022-10-11 06:00:01 Conexion Establecida a POP3 Server!
2022-10-11 06:00:01 PROCESO POPPER EMBLUE CONCLUIDO!
2022-10-11 06:00:01 
2022-10-11 06:15:02 ------------------------------------------------------------------------
2022-10-11 06:15:02 ---------------------INICIANDO MASTER POPPER EMBLUE---------------------
2022-10-11 06:15:02 ------------------------------------------------------------------------
2022-10-11 06:15:02 Conexion Establecida a POP3 Server!
2022-10-11 06:15:02 PROCESO POPPER EMBLUE CONCLUIDO!
2022-10-11 06:15:02 
2022-10-11 06:30:01 ------------------------------------------------------------------------
2022-10-11 06:30:01 ---------------------INICIANDO MASTER POPPER EMBLUE---------------------
2022-10-11 06:30:01 ------------------------------------------------------------------------
2022-10-11 06:30:01 Conexion Establecida a POP3 Server!
2022-10-11 06:30:01 PROCESO POPPER EMBLUE CONCLUIDO!
2022-10-11 06:30:01 
2022-10-11 06:45:01 ------------------------------------------------------------------------
2022-10-11 06:45:01 ---------------------INICIANDO MASTER POPPER EMBLUE---------------------
2022-10-11 06:45:01 ------------------------------------------------------------------------
2022-10-11 06:45:01 Conexion Establecida a POP3 Server!
2022-10-11 06:45:01 PROCESO POPPER EMBLUE CONCLUIDO!
2022-10-11 06:45:01 
2022-10-11 07:00:02 ------------------------------------------------------------------------
2022-10-11 07:00:02 ---------------------INICIANDO MASTER POPPER EMBLUE---------------------
2022-10-11 07:00:02 ------------------------------------------------------------------------
2022-10-11 07:00:02 Conexion Establecida a POP3 Server!
2022-10-11 07:00:02 PROCESO POPPER EMBLUE CONCLUIDO!
2022-10-11 07:00:02 
2022-10-11 07:15:01 ------------------------------------------------------------------------
2022-10-11 07:15:01 ---------------------INICIANDO MASTER POPPER EMBLUE---------------------
2022-10-11 07:15:01 ------------------------------------------------------------------------
2022-10-11 07:15:01 Conexion Establecida a POP3 Server!
2022-10-11 07:15:01 PROCESO POPPER EMBLUE CONCLUIDO!
2022-10-11 07:15:01 
2022-10-11 07:30:01 ------------------------------------------------------------------------
2022-10-11 07:30:01 ---------------------INICIANDO MASTER POPPER EMBLUE---------------------
2022-10-11 07:30:01 ------------------------------------------------------------------------
2022-10-11 07:30:01 Conexion Establecida a POP3 Server!
2022-10-11 07:30:01 PROCESO POPPER EMBLUE CONCLUIDO!
2022-10-11 07:30:01 
2022-10-11 07:45:02 ------------------------------------------------------------------------
2022-10-11 07:45:02 ---------------------INICIANDO MASTER POPPER EMBLUE---------------------
2022-10-11 07:45:02 ------------------------------------------------------------------------
2022-10-11 07:45:02 Conexion Establecida a POP3 Server!
2022-10-11 07:45:02 PROCESO POPPER EMBLUE CONCLUIDO!
2022-10-11 07:45:02 
2022-10-11 08:00:01 ------------------------------------------------------------------------
2022-10-11 08:00:01 ---------------------INICIANDO MASTER POPPER EMBLUE---------------------
2022-10-11 08:00:01 ------------------------------------------------------------------------
2022-10-11 08:00:01 Conexion Establecida a POP3 Server!
2022-10-11 08:00:01 PROCESO POPPER EMBLUE CONCLUIDO!
2022-10-11 08:00:01 
2022-10-11 08:15:02 ------------------------------------------------------------------------
2022-10-11 08:15:02 ---------------------INICIANDO MASTER POPPER EMBLUE---------------------
2022-10-11 08:15:02 ------------------------------------------------------------------------
2022-10-11 08:15:02 Conexion Establecida a POP3 Server!
2022-10-11 08:15:02 PROCESO POPPER EMBLUE CONCLUIDO!
2022-10-11 08:15:02 
2022-10-11 08:30:01 ------------------------------------------------------------------------
2022-10-11 08:30:01 ---------------------INICIANDO MASTER POPPER EMBLUE---------------------
2022-10-11 08:30:01 ------------------------------------------------------------------------
2022-10-11 08:30:01 Conexion Establecida a POP3 Server!
2022-10-11 08:30:01 PROCESO POPPER EMBLUE CONCLUIDO!
2022-10-11 08:30:01 
2022-10-11 08:45:01 ------------------------------------------------------------------------
2022-10-11 08:45:01 ---------------------INICIANDO MASTER POPPER EMBLUE---------------------
2022-10-11 08:45:01 ------------------------------------------------------------------------
2022-10-11 08:45:01 Conexion Establecida a POP3 Server!
2022-10-11 08:45:01 PROCESO POPPER EMBLUE CONCLUIDO!
2022-10-11 08:45:01 
2022-10-11 09:00:02 ------------------------------------------------------------------------
2022-10-11 09:00:02 ---------------------INICIANDO MASTER POPPER EMBLUE---------------------
2022-10-11 09:00:02 ------------------------------------------------------------------------
2022-10-11 09:00:02 Conexion Establecida a POP3 Server!
2022-10-11 09:00:02 PROCESO POPPER EMBLUE CONCLUIDO!
2022-10-11 09:00:02 
2022-10-11 09:15:01 ------------------------------------------------------------------------
2022-10-11 09:15:01 ---------------------INICIANDO MASTER POPPER EMBLUE---------------------
2022-10-11 09:15:01 ------------------------------------------------------------------------
2022-10-11 09:15:01 Conexion Establecida a POP3 Server!
2022-10-11 09:15:01 PROCESO POPPER EMBLUE CONCLUIDO!
2022-10-11 09:15:01 
2022-10-11 09:30:01 ------------------------------------------------------------------------
2022-10-11 09:30:01 ---------------------INICIANDO MASTER POPPER EMBLUE---------------------
2022-10-11 09:30:01 ------------------------------------------------------------------------
2022-10-11 09:30:02 Conexion Establecida a POP3 Server!
2022-10-11 09:30:02 PROCESO POPPER EMBLUE CONCLUIDO!
2022-10-11 09:30:02 
2022-10-11 09:45:01 ------------------------------------------------------------------------
2022-10-11 09:45:01 ---------------------INICIANDO MASTER POPPER EMBLUE---------------------
2022-10-11 09:45:01 ------------------------------------------------------------------------
2022-10-11 09:45:01 Conexion Establecida a POP3 Server!
2022-10-11 09:45:01 PROCESO POPPER EMBLUE CONCLUIDO!
2022-10-11 09:45:01 
2022-10-11 10:00:02 ------------------------------------------------------------------------
2022-10-11 10:00:02 ---------------------INICIANDO MASTER POPPER EMBLUE---------------------
2022-10-11 10:00:02 ------------------------------------------------------------------------
2022-10-11 10:00:02 Conexion Establecida a POP3 Server!
2022-10-11 10:00:02 PROCESO POPPER EMBLUE CONCLUIDO!
2022-10-11 10:00:02 
2022-10-11 10:15:01 ------------------------------------------------------------------------
2022-10-11 10:15:01 ---------------------INICIANDO MASTER POPPER EMBLUE---------------------
2022-10-11 10:15:01 ------------------------------------------------------------------------
2022-10-11 10:15:01 Conexion Establecida a POP3 Server!
2022-10-11 10:15:01 PROCESO POPPER EMBLUE CONCLUIDO!
2022-10-11 10:15:01 
2022-10-11 10:30:01 ------------------------------------------------------------------------
2022-10-11 10:30:01 ---------------------INICIANDO MASTER POPPER EMBLUE---------------------
2022-10-11 10:30:01 ------------------------------------------------------------------------
2022-10-11 10:30:01 Conexion Establecida a POP3 Server!
2022-10-11 10:30:01 PROCESO POPPER EMBLUE CONCLUIDO!
2022-10-11 10:30:01 
2022-10-11 10:45:01 ------------------------------------------------------------------------
2022-10-11 10:45:01 ---------------------INICIANDO MASTER POPPER EMBLUE---------------------
2022-10-11 10:45:01 ------------------------------------------------------------------------
2022-10-11 10:45:02 Conexion Establecida a POP3 Server!
2022-10-11 10:45:02 PROCESO POPPER EMBLUE CONCLUIDO!
2022-10-11 10:45:02 
2022-10-11 11:00:01 ------------------------------------------------------------------------
2022-10-11 11:00:01 ---------------------INICIANDO MASTER POPPER EMBLUE---------------------
2022-10-11 11:00:01 ------------------------------------------------------------------------
2022-10-11 11:00:01 Conexion Establecida a POP3 Server!
2022-10-11 11:00:01 PROCESO POPPER EMBLUE CONCLUIDO!
2022-10-11 11:00:01 
2022-10-11 11:15:01 ------------------------------------------------------------------------
2022-10-11 11:15:01 ---------------------INICIANDO MASTER POPPER EMBLUE---------------------
2022-10-11 11:15:01 ------------------------------------------------------------------------
2022-10-11 11:15:01 Conexion Establecida a POP3 Server!
2022-10-11 11:15:01 PROCESO POPPER EMBLUE CONCLUIDO!
2022-10-11 11:15:01 
2022-10-11 11:30:01 ------------------------------------------------------------------------
2022-10-11 11:30:01 ---------------------INICIANDO MASTER POPPER EMBLUE---------------------
2022-10-11 11:30:01 ------------------------------------------------------------------------
2022-10-11 11:30:02 Conexion Establecida a POP3 Server!
2022-10-11 11:30:02 PROCESO POPPER EMBLUE CONCLUIDO!
2022-10-11 11:30:02 
2022-10-11 11:45:02 ------------------------------------------------------------------------
2022-10-11 11:45:02 ---------------------INICIANDO MASTER POPPER EMBLUE---------------------
2022-10-11 11:45:02 ------------------------------------------------------------------------
2022-10-11 11:45:02 Conexion Establecida a POP3 Server!
2022-10-11 11:45:02 PROCESO POPPER EMBLUE CONCLUIDO!
2022-10-11 11:45:02 
2022-10-11 12:00:01 ------------------------------------------------------------------------
2022-10-11 12:00:01 ---------------------INICIANDO MASTER POPPER EMBLUE---------------------
2022-10-11 12:00:01 ------------------------------------------------------------------------
2022-10-11 12:00:01 Conexion Establecida a POP3 Server!
2022-10-11 12:00:01 PROCESO POPPER EMBLUE CONCLUIDO!
2022-10-11 12:00:01 
2022-10-11 12:15:01 ------------------------------------------------------------------------
2022-10-11 12:15:01 ---------------------INICIANDO MASTER POPPER EMBLUE---------------------
2022-10-11 12:15:01 ------------------------------------------------------------------------
2022-10-11 12:15:01 Conexion Establecida a POP3 Server!
2022-10-11 12:15:01 PROCESO POPPER EMBLUE CONCLUIDO!
2022-10-11 12:15:01 
2022-10-11 12:30:01 ------------------------------------------------------------------------
2022-10-11 12:30:01 ---------------------INICIANDO MASTER POPPER EMBLUE---------------------
2022-10-11 12:30:01 ------------------------------------------------------------------------
2022-10-11 12:30:01 Conexion Establecida a POP3 Server!
2022-10-11 12:30:01 PROCESO POPPER EMBLUE CONCLUIDO!
2022-10-11 12:30:01 
2022-10-11 12:45:02 ------------------------------------------------------------------------
2022-10-11 12:45:02 ---------------------INICIANDO MASTER POPPER EMBLUE---------------------
2022-10-11 12:45:02 ------------------------------------------------------------------------
2022-10-11 12:45:02 Conexion Establecida a POP3 Server!
2022-10-11 12:45:02 PROCESO POPPER EMBLUE CONCLUIDO!
2022-10-11 12:45:02 
2022-10-11 13:00:01 ------------------------------------------------------------------------
2022-10-11 13:00:01 ---------------------INICIANDO MASTER POPPER EMBLUE---------------------
2022-10-11 13:00:01 ------------------------------------------------------------------------
2022-10-11 13:00:01 Conexion Establecida a POP3 Server!
2022-10-11 13:00:01 PROCESO POPPER EMBLUE CONCLUIDO!
2022-10-11 13:00:01 
2022-10-11 13:15:02 ------------------------------------------------------------------------
2022-10-11 13:15:02 ---------------------INICIANDO MASTER POPPER EMBLUE---------------------
2022-10-11 13:15:02 ------------------------------------------------------------------------
2022-10-11 13:15:02 Conexion Establecida a POP3 Server!
2022-10-11 13:15:02 PROCESO POPPER EMBLUE CONCLUIDO!
2022-10-11 13:15:02 
2022-10-11 13:30:01 ------------------------------------------------------------------------
2022-10-11 13:30:01 ---------------------INICIANDO MASTER POPPER EMBLUE---------------------
2022-10-11 13:30:01 ------------------------------------------------------------------------
2022-10-11 13:30:01 Conexion Establecida a POP3 Server!
2022-10-11 13:30:01 PROCESO POPPER EMBLUE CONCLUIDO!
2022-10-11 13:30:01 
2022-10-11 13:45:02 ------------------------------------------------------------------------
2022-10-11 13:45:02 ---------------------INICIANDO MASTER POPPER EMBLUE---------------------
2022-10-11 13:45:02 ------------------------------------------------------------------------
2022-10-11 13:45:02 Conexion Establecida a POP3 Server!
2022-10-11 13:45:02 PROCESO POPPER EMBLUE CONCLUIDO!
2022-10-11 13:45:02 
2022-10-11 14:00:01 ------------------------------------------------------------------------
2022-10-11 14:00:01 ---------------------INICIANDO MASTER POPPER EMBLUE---------------------
2022-10-11 14:00:01 ------------------------------------------------------------------------
2022-10-11 14:00:01 Conexion Establecida a POP3 Server!
2022-10-11 14:00:01 PROCESO POPPER EMBLUE CONCLUIDO!
2022-10-11 14:00:01 
2022-10-11 14:15:02 ------------------------------------------------------------------------
2022-10-11 14:15:02 ---------------------INICIANDO MASTER POPPER EMBLUE---------------------
2022-10-11 14:15:02 ------------------------------------------------------------------------
2022-10-11 14:15:02 Conexion Establecida a POP3 Server!
2022-10-11 14:15:02 PROCESO POPPER EMBLUE CONCLUIDO!
2022-10-11 14:15:02 
2022-10-11 14:30:02 ------------------------------------------------------------------------
2022-10-11 14:30:02 ---------------------INICIANDO MASTER POPPER EMBLUE---------------------
2022-10-11 14:30:02 ------------------------------------------------------------------------
2022-10-11 14:30:02 Conexion Establecida a POP3 Server!
2022-10-11 14:30:02 PROCESO POPPER EMBLUE CONCLUIDO!
2022-10-11 14:30:02 
2022-10-11 14:45:01 ------------------------------------------------------------------------
2022-10-11 14:45:01 ---------------------INICIANDO MASTER POPPER EMBLUE---------------------
2022-10-11 14:45:01 ------------------------------------------------------------------------
2022-10-11 14:45:01 Conexion Establecida a POP3 Server!
2022-10-11 14:45:01 PROCESO POPPER EMBLUE CONCLUIDO!
2022-10-11 14:45:01 
2022-10-11 15:00:01 ------------------------------------------------------------------------
2022-10-11 15:00:01 ---------------------INICIANDO MASTER POPPER EMBLUE---------------------
2022-10-11 15:00:01 ------------------------------------------------------------------------
2022-10-11 15:00:01 Conexion Establecida a POP3 Server!
2022-10-11 15:00:01 PROCESO POPPER EMBLUE CONCLUIDO!
2022-10-11 15:00:01 
2022-10-11 15:15:02 ------------------------------------------------------------------------
2022-10-11 15:15:02 ---------------------INICIANDO MASTER POPPER EMBLUE---------------------
2022-10-11 15:15:02 ------------------------------------------------------------------------
2022-10-11 15:15:02 Conexion Establecida a POP3 Server!
2022-10-11 15:15:02 PROCESO POPPER EMBLUE CONCLUIDO!
2022-10-11 15:15:02 
2022-10-11 15:30:01 ------------------------------------------------------------------------
2022-10-11 15:30:01 ---------------------INICIANDO MASTER POPPER EMBLUE---------------------
2022-10-11 15:30:01 ------------------------------------------------------------------------
2022-10-11 15:30:01 Conexion Establecida a POP3 Server!
2022-10-11 15:30:01 PROCESO POPPER EMBLUE CONCLUIDO!
2022-10-11 15:30:01 
2022-10-11 15:45:01 ------------------------------------------------------------------------
2022-10-11 15:45:01 ---------------------INICIANDO MASTER POPPER EMBLUE---------------------
2022-10-11 15:45:01 ------------------------------------------------------------------------
2022-10-11 15:45:01 Conexion Establecida a POP3 Server!
2022-10-11 15:45:01 PROCESO POPPER EMBLUE CONCLUIDO!
2022-10-11 15:45:01 
2022-10-11 16:00:02 ------------------------------------------------------------------------
2022-10-11 16:00:02 ---------------------INICIANDO MASTER POPPER EMBLUE---------------------
2022-10-11 16:00:02 ------------------------------------------------------------------------
2022-10-11 16:00:02 Conexion Establecida a POP3 Server!
2022-10-11 16:00:02 PROCESO POPPER EMBLUE CONCLUIDO!
2022-10-11 16:00:02 
2022-10-11 16:15:01 ------------------------------------------------------------------------
2022-10-11 16:15:01 ---------------------INICIANDO MASTER POPPER EMBLUE---------------------
2022-10-11 16:15:01 ------------------------------------------------------------------------
2022-10-11 16:15:01 Conexion Establecida a POP3 Server!
2022-10-11 16:15:01 PROCESO POPPER EMBLUE CONCLUIDO!
2022-10-11 16:15:01 
2022-10-11 16:30:02 ------------------------------------------------------------------------
2022-10-11 16:30:02 ---------------------INICIANDO MASTER POPPER EMBLUE---------------------
2022-10-11 16:30:02 ------------------------------------------------------------------------
2022-10-11 16:30:02 Conexion Establecida a POP3 Server!
2022-10-11 16:30:02 PROCESO POPPER EMBLUE CONCLUIDO!
2022-10-11 16:30:02 
2022-10-11 16:45:01 ------------------------------------------------------------------------
2022-10-11 16:45:01 ---------------------INICIANDO MASTER POPPER EMBLUE---------------------
2022-10-11 16:45:01 ------------------------------------------------------------------------
2022-10-11 16:45:01 Conexion Establecida a POP3 Server!
2022-10-11 16:45:01 PROCESO POPPER EMBLUE CONCLUIDO!
2022-10-11 16:45:01 
2022-10-11 17:00:01 ------------------------------------------------------------------------
2022-10-11 17:00:01 ---------------------INICIANDO MASTER POPPER EMBLUE---------------------
2022-10-11 17:00:01 ------------------------------------------------------------------------
2022-10-11 17:00:01 Conexion Establecida a POP3 Server!
2022-10-11 17:00:01 PROCESO POPPER EMBLUE CONCLUIDO!
2022-10-11 17:00:01 
2022-10-11 17:15:01 ------------------------------------------------------------------------
2022-10-11 17:15:01 ---------------------INICIANDO MASTER POPPER EMBLUE---------------------
2022-10-11 17:15:01 ------------------------------------------------------------------------
2022-10-11 17:15:01 Conexion Establecida a POP3 Server!
2022-10-11 17:15:01 PROCESO POPPER EMBLUE CONCLUIDO!
2022-10-11 17:15:01 
2022-10-11 17:30:01 ------------------------------------------------------------------------
2022-10-11 17:30:01 ---------------------INICIANDO MASTER POPPER EMBLUE---------------------
2022-10-11 17:30:01 ------------------------------------------------------------------------
2022-10-11 17:30:02 Conexion Establecida a POP3 Server!
2022-10-11 17:30:02 PROCESO POPPER EMBLUE CONCLUIDO!
2022-10-11 17:30:02 
2022-10-11 17:45:01 ------------------------------------------------------------------------
2022-10-11 17:45:01 ---------------------INICIANDO MASTER POPPER EMBLUE---------------------
2022-10-11 17:45:01 ------------------------------------------------------------------------
2022-10-11 17:45:01 Conexion Establecida a POP3 Server!
2022-10-11 17:45:01 PROCESO POPPER EMBLUE CONCLUIDO!
2022-10-11 17:45:01 
2022-10-11 18:00:02 ------------------------------------------------------------------------
2022-10-11 18:00:02 ---------------------INICIANDO MASTER POPPER EMBLUE---------------------
2022-10-11 18:00:02 ------------------------------------------------------------------------
2022-10-11 18:00:02 Conexion Establecida a POP3 Server!
2022-10-11 18:00:02 PROCESO POPPER EMBLUE CONCLUIDO!
2022-10-11 18:00:02 
2022-10-11 18:15:01 ------------------------------------------------------------------------
2022-10-11 18:15:01 ---------------------INICIANDO MASTER POPPER EMBLUE---------------------
2022-10-11 18:15:01 ------------------------------------------------------------------------
2022-10-11 18:15:01 Conexion Establecida a POP3 Server!
2022-10-11 18:15:01 PROCESO POPPER EMBLUE CONCLUIDO!
2022-10-11 18:15:01 
2022-10-11 18:30:01 ------------------------------------------------------------------------
2022-10-11 18:30:01 ---------------------INICIANDO MASTER POPPER EMBLUE---------------------
2022-10-11 18:30:01 ------------------------------------------------------------------------
2022-10-11 18:30:01 Conexion Establecida a POP3 Server!
2022-10-11 18:30:01 PROCESO POPPER EMBLUE CONCLUIDO!
2022-10-11 18:30:01 
2022-10-11 18:45:01 ------------------------------------------------------------------------
2022-10-11 18:45:01 ---------------------INICIANDO MASTER POPPER EMBLUE---------------------
2022-10-11 18:45:01 ------------------------------------------------------------------------
2022-10-11 18:45:01 Conexion Establecida a POP3 Server!
2022-10-11 18:45:01 PROCESO POPPER EMBLUE CONCLUIDO!
2022-10-11 18:45:01 
2022-10-11 19:00:01 ------------------------------------------------------------------------
2022-10-11 19:00:01 ---------------------INICIANDO MASTER POPPER EMBLUE---------------------
2022-10-11 19:00:01 ------------------------------------------------------------------------
2022-10-11 19:00:01 Conexion Establecida a POP3 Server!
2022-10-11 19:00:01 PROCESO POPPER EMBLUE CONCLUIDO!
2022-10-11 19:00:01 
2022-10-11 19:15:01 ------------------------------------------------------------------------
2022-10-11 19:15:01 ---------------------INICIANDO MASTER POPPER EMBLUE---------------------
2022-10-11 19:15:01 ------------------------------------------------------------------------
2022-10-11 19:15:01 Conexion Establecida a POP3 Server!
2022-10-11 19:15:01 PROCESO POPPER EMBLUE CONCLUIDO!
2022-10-11 19:15:01 
2022-10-11 19:30:02 ------------------------------------------------------------------------
2022-10-11 19:30:02 ---------------------INICIANDO MASTER POPPER EMBLUE---------------------
2022-10-11 19:30:02 ------------------------------------------------------------------------
2022-10-11 19:30:02 Conexion Establecida a POP3 Server!
2022-10-11 19:30:02 PROCESO POPPER EMBLUE CONCLUIDO!
2022-10-11 19:30:02 
2022-10-11 19:45:02 ------------------------------------------------------------------------
2022-10-11 19:45:02 ---------------------INICIANDO MASTER POPPER EMBLUE---------------------
2022-10-11 19:45:02 ------------------------------------------------------------------------
2022-10-11 19:45:02 Conexion Establecida a POP3 Server!
2022-10-11 19:45:02 PROCESO POPPER EMBLUE CONCLUIDO!
2022-10-11 19:45:02 
2022-10-11 20:00:02 ------------------------------------------------------------------------
2022-10-11 20:00:02 ---------------------INICIANDO MASTER POPPER EMBLUE---------------------
2022-10-11 20:00:02 ------------------------------------------------------------------------
2022-10-11 20:00:02 Conexion Establecida a POP3 Server!
2022-10-11 20:00:02 PROCESO POPPER EMBLUE CONCLUIDO!
2022-10-11 20:00:02 
2022-10-11 20:15:01 ------------------------------------------------------------------------
2022-10-11 20:15:01 ---------------------INICIANDO MASTER POPPER EMBLUE---------------------
2022-10-11 20:15:01 ------------------------------------------------------------------------
2022-10-11 20:15:01 Conexion Establecida a POP3 Server!
2022-10-11 20:15:01 PROCESO POPPER EMBLUE CONCLUIDO!
2022-10-11 20:15:01 
2022-10-11 20:30:01 ------------------------------------------------------------------------
2022-10-11 20:30:01 ---------------------INICIANDO MASTER POPPER EMBLUE---------------------
2022-10-11 20:30:01 ------------------------------------------------------------------------
2022-10-11 20:30:02 Conexion Establecida a POP3 Server!
2022-10-11 20:30:02 PROCESO POPPER EMBLUE CONCLUIDO!
2022-10-11 20:30:02 
2022-10-11 20:45:02 ------------------------------------------------------------------------
2022-10-11 20:45:02 ---------------------INICIANDO MASTER POPPER EMBLUE---------------------
2022-10-11 20:45:02 ------------------------------------------------------------------------
2022-10-11 20:45:02 Conexion Establecida a POP3 Server!
2022-10-11 20:45:02 PROCESO POPPER EMBLUE CONCLUIDO!
2022-10-11 20:45:02 
2022-10-11 21:00:01 ------------------------------------------------------------------------
2022-10-11 21:00:01 ---------------------INICIANDO MASTER POPPER EMBLUE---------------------
2022-10-11 21:00:01 ------------------------------------------------------------------------
2022-10-11 21:00:01 Conexion Establecida a POP3 Server!
2022-10-11 21:00:01 PROCESO POPPER EMBLUE CONCLUIDO!
2022-10-11 21:00:01 
2022-10-11 21:15:01 ------------------------------------------------------------------------
2022-10-11 21:15:01 ---------------------INICIANDO MASTER POPPER EMBLUE---------------------
2022-10-11 21:15:01 ------------------------------------------------------------------------
2022-10-11 21:15:02 Conexion Establecida a POP3 Server!
2022-10-11 21:15:02 PROCESO POPPER EMBLUE CONCLUIDO!
2022-10-11 21:15:02 
2022-10-11 21:30:01 ------------------------------------------------------------------------
2022-10-11 21:30:01 ---------------------INICIANDO MASTER POPPER EMBLUE---------------------
2022-10-11 21:30:01 ------------------------------------------------------------------------
2022-10-11 21:30:01 Conexion Establecida a POP3 Server!
2022-10-11 21:30:01 PROCESO POPPER EMBLUE CONCLUIDO!
2022-10-11 21:30:01 
2022-10-11 21:45:02 ------------------------------------------------------------------------
2022-10-11 21:45:02 ---------------------INICIANDO MASTER POPPER EMBLUE---------------------
2022-10-11 21:45:02 ------------------------------------------------------------------------
2022-10-11 21:45:02 Conexion Establecida a POP3 Server!
2022-10-11 21:45:02 PROCESO POPPER EMBLUE CONCLUIDO!
2022-10-11 21:45:02 
2022-10-11 22:00:01 ------------------------------------------------------------------------
2022-10-11 22:00:01 ---------------------INICIANDO MASTER POPPER EMBLUE---------------------
2022-10-11 22:00:01 ------------------------------------------------------------------------
2022-10-11 22:00:01 Conexion Establecida a POP3 Server!
2022-10-11 22:00:01 PROCESO POPPER EMBLUE CONCLUIDO!
2022-10-11 22:00:01 
2022-10-11 22:15:01 ------------------------------------------------------------------------
2022-10-11 22:15:01 ---------------------INICIANDO MASTER POPPER EMBLUE---------------------
2022-10-11 22:15:01 ------------------------------------------------------------------------
2022-10-11 22:15:01 Conexion Establecida a POP3 Server!
2022-10-11 22:15:01 PROCESO POPPER EMBLUE CONCLUIDO!
2022-10-11 22:15:01 
2022-10-11 22:30:01 ------------------------------------------------------------------------
2022-10-11 22:30:01 ---------------------INICIANDO MASTER POPPER EMBLUE---------------------
2022-10-11 22:30:01 ------------------------------------------------------------------------
2022-10-11 22:30:01 Conexion Establecida a POP3 Server!
2022-10-11 22:30:01 PROCESO POPPER EMBLUE CONCLUIDO!
2022-10-11 22:30:01 
2022-10-11 22:45:01 ------------------------------------------------------------------------
2022-10-11 22:45:01 ---------------------INICIANDO MASTER POPPER EMBLUE---------------------
2022-10-11 22:45:01 ------------------------------------------------------------------------
2022-10-11 22:45:01 Conexion Establecida a POP3 Server!
2022-10-11 22:45:01 PROCESO POPPER EMBLUE CONCLUIDO!
2022-10-11 22:45:01 
2022-10-11 23:00:01 ------------------------------------------------------------------------
2022-10-11 23:00:01 ---------------------INICIANDO MASTER POPPER EMBLUE---------------------
2022-10-11 23:00:01 ------------------------------------------------------------------------
2022-10-11 23:00:01 Conexion Establecida a POP3 Server!
2022-10-11 23:00:01 PROCESO POPPER EMBLUE CONCLUIDO!
2022-10-11 23:00:01 
2022-10-11 23:15:02 ------------------------------------------------------------------------
2022-10-11 23:15:02 ---------------------INICIANDO MASTER POPPER EMBLUE---------------------
2022-10-11 23:15:02 ------------------------------------------------------------------------
2022-10-11 23:15:02 Conexion Establecida a POP3 Server!
2022-10-11 23:15:02 PROCESO POPPER EMBLUE CONCLUIDO!
2022-10-11 23:15:02 
2022-10-11 23:30:01 ------------------------------------------------------------------------
2022-10-11 23:30:01 ---------------------INICIANDO MASTER POPPER EMBLUE---------------------
2022-10-11 23:30:01 ------------------------------------------------------------------------
2022-10-11 23:30:01 Conexion Establecida a POP3 Server!
2022-10-11 23:30:01 PROCESO POPPER EMBLUE CONCLUIDO!
2022-10-11 23:30:01 
2022-10-11 23:45:02 ------------------------------------------------------------------------
2022-10-11 23:45:02 ---------------------INICIANDO MASTER POPPER EMBLUE---------------------
2022-10-11 23:45:02 ------------------------------------------------------------------------
2022-10-11 23:45:02 Conexion Establecida a POP3 Server!
2022-10-11 23:45:02 PROCESO POPPER EMBLUE CONCLUIDO!
2022-10-11 23:45:02 
