2022-10-27 00:00:01 ------------------------------------------------------------------------
2022-10-27 00:00:01 ---------------------INICIANDO MASTER POPPER EMBLUE---------------------
2022-10-27 00:00:01 ------------------------------------------------------------------------
2022-10-27 00:00:01 Conexion Establecida a POP3 Server!
2022-10-27 00:00:01 PROCESO POPPER EMBLUE CONCLUIDO!
2022-10-27 00:00:01 
2022-10-27 00:15:01 ------------------------------------------------------------------------
2022-10-27 00:15:01 ---------------------INICIANDO MASTER POPPER EMBLUE---------------------
2022-10-27 00:15:01 ------------------------------------------------------------------------
2022-10-27 00:15:01 Conexion Establecida a POP3 Server!
2022-10-27 00:15:01 PROCESO POPPER EMBLUE CONCLUIDO!
2022-10-27 00:15:01 
2022-10-27 00:30:02 ------------------------------------------------------------------------
2022-10-27 00:30:02 ---------------------INICIANDO MASTER POPPER EMBLUE---------------------
2022-10-27 00:30:02 ------------------------------------------------------------------------
2022-10-27 00:30:02 Conexion Establecida a POP3 Server!
2022-10-27 00:30:02 PROCESO POPPER EMBLUE CONCLUIDO!
2022-10-27 00:30:02 
2022-10-27 00:45:01 ------------------------------------------------------------------------
2022-10-27 00:45:01 ---------------------INICIANDO MASTER POPPER EMBLUE---------------------
2022-10-27 00:45:01 ------------------------------------------------------------------------
2022-10-27 00:45:01 Conexion Establecida a POP3 Server!
2022-10-27 00:45:01 PROCESO POPPER EMBLUE CONCLUIDO!
2022-10-27 00:45:01 
2022-10-27 01:00:01 ------------------------------------------------------------------------
2022-10-27 01:00:01 ---------------------INICIANDO MASTER POPPER EMBLUE---------------------
2022-10-27 01:00:01 ------------------------------------------------------------------------
2022-10-27 01:00:01 Conexion Establecida a POP3 Server!
2022-10-27 01:00:01 PROCESO POPPER EMBLUE CONCLUIDO!
2022-10-27 01:00:01 
2022-10-27 01:15:01 ------------------------------------------------------------------------
2022-10-27 01:15:01 ---------------------INICIANDO MASTER POPPER EMBLUE---------------------
2022-10-27 01:15:01 ------------------------------------------------------------------------
2022-10-27 01:15:01 Conexion Establecida a POP3 Server!
2022-10-27 01:15:01 PROCESO POPPER EMBLUE CONCLUIDO!
2022-10-27 01:15:01 
2022-10-27 01:30:01 ------------------------------------------------------------------------
2022-10-27 01:30:01 ---------------------INICIANDO MASTER POPPER EMBLUE---------------------
2022-10-27 01:30:01 ------------------------------------------------------------------------
2022-10-27 01:30:01 Conexion Establecida a POP3 Server!
2022-10-27 01:30:01 PROCESO POPPER EMBLUE CONCLUIDO!
2022-10-27 01:30:01 
2022-10-27 01:45:01 ------------------------------------------------------------------------
2022-10-27 01:45:01 ---------------------INICIANDO MASTER POPPER EMBLUE---------------------
2022-10-27 01:45:01 ------------------------------------------------------------------------
2022-10-27 01:45:01 Conexion Establecida a POP3 Server!
2022-10-27 01:45:01 PROCESO POPPER EMBLUE CONCLUIDO!
2022-10-27 01:45:01 
2022-10-27 02:00:01 ------------------------------------------------------------------------
2022-10-27 02:00:01 ---------------------INICIANDO MASTER POPPER EMBLUE---------------------
2022-10-27 02:00:01 ------------------------------------------------------------------------
2022-10-27 02:00:02 Conexion Establecida a POP3 Server!
2022-10-27 02:00:02 PROCESO POPPER EMBLUE CONCLUIDO!
2022-10-27 02:00:02 
2022-10-27 02:15:01 ------------------------------------------------------------------------
2022-10-27 02:15:01 ---------------------INICIANDO MASTER POPPER EMBLUE---------------------
2022-10-27 02:15:01 ------------------------------------------------------------------------
2022-10-27 02:15:01 Conexion Establecida a POP3 Server!
2022-10-27 02:15:01 PROCESO POPPER EMBLUE CONCLUIDO!
2022-10-27 02:15:01 
2022-10-27 02:30:01 ------------------------------------------------------------------------
2022-10-27 02:30:01 ---------------------INICIANDO MASTER POPPER EMBLUE---------------------
2022-10-27 02:30:01 ------------------------------------------------------------------------
2022-10-27 02:30:01 Conexion Establecida a POP3 Server!
2022-10-27 02:30:01 PROCESO POPPER EMBLUE CONCLUIDO!
2022-10-27 02:30:01 
2022-10-27 02:45:02 ------------------------------------------------------------------------
2022-10-27 02:45:02 ---------------------INICIANDO MASTER POPPER EMBLUE---------------------
2022-10-27 02:45:02 ------------------------------------------------------------------------
2022-10-27 02:45:02 Conexion Establecida a POP3 Server!
2022-10-27 02:45:02 PROCESO POPPER EMBLUE CONCLUIDO!
2022-10-27 02:45:02 
2022-10-27 03:00:01 ------------------------------------------------------------------------
2022-10-27 03:00:01 ---------------------INICIANDO MASTER POPPER EMBLUE---------------------
2022-10-27 03:00:01 ------------------------------------------------------------------------
2022-10-27 03:00:01 Conexion Establecida a POP3 Server!
2022-10-27 03:00:01 PROCESO POPPER EMBLUE CONCLUIDO!
2022-10-27 03:00:01 
2022-10-27 03:15:01 ------------------------------------------------------------------------
2022-10-27 03:15:01 ---------------------INICIANDO MASTER POPPER EMBLUE---------------------
2022-10-27 03:15:01 ------------------------------------------------------------------------
2022-10-27 03:15:01 Conexion Establecida a POP3 Server!
2022-10-27 03:15:01 PROCESO POPPER EMBLUE CONCLUIDO!
2022-10-27 03:15:01 
2022-10-27 03:30:02 ------------------------------------------------------------------------
2022-10-27 03:30:02 ---------------------INICIANDO MASTER POPPER EMBLUE---------------------
2022-10-27 03:30:02 ------------------------------------------------------------------------
2022-10-27 03:30:02 Conexion Establecida a POP3 Server!
2022-10-27 03:30:02 PROCESO POPPER EMBLUE CONCLUIDO!
2022-10-27 03:30:02 
2022-10-27 03:45:01 ------------------------------------------------------------------------
2022-10-27 03:45:01 ---------------------INICIANDO MASTER POPPER EMBLUE---------------------
2022-10-27 03:45:01 ------------------------------------------------------------------------
2022-10-27 03:45:01 Conexion Establecida a POP3 Server!
2022-10-27 03:45:01 PROCESO POPPER EMBLUE CONCLUIDO!
2022-10-27 03:45:01 
2022-10-27 04:00:01 ------------------------------------------------------------------------
2022-10-27 04:00:01 ---------------------INICIANDO MASTER POPPER EMBLUE---------------------
2022-10-27 04:00:01 ------------------------------------------------------------------------
2022-10-27 04:00:01 Conexion Establecida a POP3 Server!
2022-10-27 04:00:01 PROCESO POPPER EMBLUE CONCLUIDO!
2022-10-27 04:00:01 
2022-10-27 04:15:01 ------------------------------------------------------------------------
2022-10-27 04:15:01 ---------------------INICIANDO MASTER POPPER EMBLUE---------------------
2022-10-27 04:15:01 ------------------------------------------------------------------------
2022-10-27 04:15:01 Conexion Establecida a POP3 Server!
2022-10-27 04:15:01 PROCESO POPPER EMBLUE CONCLUIDO!
2022-10-27 04:15:01 
2022-10-27 04:30:01 ------------------------------------------------------------------------
2022-10-27 04:30:01 ---------------------INICIANDO MASTER POPPER EMBLUE---------------------
2022-10-27 04:30:01 ------------------------------------------------------------------------
2022-10-27 04:30:01 Conexion Establecida a POP3 Server!
2022-10-27 04:30:01 PROCESO POPPER EMBLUE CONCLUIDO!
2022-10-27 04:30:01 
2022-10-27 04:45:02 ------------------------------------------------------------------------
2022-10-27 04:45:02 ---------------------INICIANDO MASTER POPPER EMBLUE---------------------
2022-10-27 04:45:02 ------------------------------------------------------------------------
2022-10-27 04:45:02 Conexion Establecida a POP3 Server!
2022-10-27 04:45:02 PROCESO POPPER EMBLUE CONCLUIDO!
2022-10-27 04:45:02 
2022-10-27 05:00:01 ------------------------------------------------------------------------
2022-10-27 05:00:01 ---------------------INICIANDO MASTER POPPER EMBLUE---------------------
2022-10-27 05:00:01 ------------------------------------------------------------------------
2022-10-27 05:00:01 Conexion Establecida a POP3 Server!
2022-10-27 05:00:02 PROCESO POPPER EMBLUE CONCLUIDO!
2022-10-27 05:00:02 
2022-10-27 05:15:01 ------------------------------------------------------------------------
2022-10-27 05:15:01 ---------------------INICIANDO MASTER POPPER EMBLUE---------------------
2022-10-27 05:15:01 ------------------------------------------------------------------------
2022-10-27 05:15:01 Conexion Establecida a POP3 Server!
2022-10-27 05:15:01 PROCESO POPPER EMBLUE CONCLUIDO!
2022-10-27 05:15:01 
2022-10-27 05:30:01 ------------------------------------------------------------------------
2022-10-27 05:30:01 ---------------------INICIANDO MASTER POPPER EMBLUE---------------------
2022-10-27 05:30:01 ------------------------------------------------------------------------
2022-10-27 05:30:01 Conexion Establecida a POP3 Server!
2022-10-27 05:30:01 PROCESO POPPER EMBLUE CONCLUIDO!
2022-10-27 05:30:01 
2022-10-27 05:45:01 ------------------------------------------------------------------------
2022-10-27 05:45:01 ---------------------INICIANDO MASTER POPPER EMBLUE---------------------
2022-10-27 05:45:01 ------------------------------------------------------------------------
2022-10-27 05:45:01 Conexion Establecida a POP3 Server!
2022-10-27 05:45:01 PROCESO POPPER EMBLUE CONCLUIDO!
2022-10-27 05:45:01 
2022-10-27 06:00:02 ------------------------------------------------------------------------
2022-10-27 06:00:02 ---------------------INICIANDO MASTER POPPER EMBLUE---------------------
2022-10-27 06:00:02 ------------------------------------------------------------------------
2022-10-27 06:00:02 Conexion Establecida a POP3 Server!
2022-10-27 06:00:02 PROCESO POPPER EMBLUE CONCLUIDO!
2022-10-27 06:00:02 
2022-10-27 06:15:01 ------------------------------------------------------------------------
2022-10-27 06:15:01 ---------------------INICIANDO MASTER POPPER EMBLUE---------------------
2022-10-27 06:15:01 ------------------------------------------------------------------------
2022-10-27 06:15:01 Conexion Establecida a POP3 Server!
2022-10-27 06:15:02 PROCESO POPPER EMBLUE CONCLUIDO!
2022-10-27 06:15:02 
2022-10-27 06:30:01 ------------------------------------------------------------------------
2022-10-27 06:30:01 ---------------------INICIANDO MASTER POPPER EMBLUE---------------------
2022-10-27 06:30:01 ------------------------------------------------------------------------
2022-10-27 06:30:01 Conexion Establecida a POP3 Server!
2022-10-27 06:30:01 PROCESO POPPER EMBLUE CONCLUIDO!
2022-10-27 06:30:01 
2022-10-27 06:45:01 ------------------------------------------------------------------------
2022-10-27 06:45:01 ---------------------INICIANDO MASTER POPPER EMBLUE---------------------
2022-10-27 06:45:01 ------------------------------------------------------------------------
2022-10-27 06:45:01 Conexion Establecida a POP3 Server!
2022-10-27 06:45:01 PROCESO POPPER EMBLUE CONCLUIDO!
2022-10-27 06:45:01 
2022-10-27 07:00:01 ------------------------------------------------------------------------
2022-10-27 07:00:01 ---------------------INICIANDO MASTER POPPER EMBLUE---------------------
2022-10-27 07:00:01 ------------------------------------------------------------------------
2022-10-27 07:00:01 Conexion Establecida a POP3 Server!
2022-10-27 07:00:01 PROCESO POPPER EMBLUE CONCLUIDO!
2022-10-27 07:00:01 
2022-10-27 07:15:01 ------------------------------------------------------------------------
2022-10-27 07:15:01 ---------------------INICIANDO MASTER POPPER EMBLUE---------------------
2022-10-27 07:15:01 ------------------------------------------------------------------------
2022-10-27 07:15:01 Conexion Establecida a POP3 Server!
2022-10-27 07:15:01 PROCESO POPPER EMBLUE CONCLUIDO!
2022-10-27 07:15:01 
2022-10-27 07:30:01 ------------------------------------------------------------------------
2022-10-27 07:30:01 ---------------------INICIANDO MASTER POPPER EMBLUE---------------------
2022-10-27 07:30:01 ------------------------------------------------------------------------
2022-10-27 07:30:02 Conexion Establecida a POP3 Server!
2022-10-27 07:30:02 PROCESO POPPER EMBLUE CONCLUIDO!
2022-10-27 07:30:02 
2022-10-27 07:45:01 ------------------------------------------------------------------------
2022-10-27 07:45:01 ---------------------INICIANDO MASTER POPPER EMBLUE---------------------
2022-10-27 07:45:01 ------------------------------------------------------------------------
2022-10-27 07:45:01 Conexion Establecida a POP3 Server!
2022-10-27 07:45:01 PROCESO POPPER EMBLUE CONCLUIDO!
2022-10-27 07:45:01 
2022-10-27 08:00:01 ------------------------------------------------------------------------
2022-10-27 08:00:01 ---------------------INICIANDO MASTER POPPER EMBLUE---------------------
2022-10-27 08:00:01 ------------------------------------------------------------------------
2022-10-27 08:00:01 Conexion Establecida a POP3 Server!
2022-10-27 08:00:01 PROCESO POPPER EMBLUE CONCLUIDO!
2022-10-27 08:00:01 
2022-10-27 08:15:01 ------------------------------------------------------------------------
2022-10-27 08:15:01 ---------------------INICIANDO MASTER POPPER EMBLUE---------------------
2022-10-27 08:15:01 ------------------------------------------------------------------------
2022-10-27 08:15:01 Conexion Establecida a POP3 Server!
2022-10-27 08:15:01 PROCESO POPPER EMBLUE CONCLUIDO!
2022-10-27 08:15:01 
2022-10-27 08:30:02 ------------------------------------------------------------------------
2022-10-27 08:30:02 ---------------------INICIANDO MASTER POPPER EMBLUE---------------------
2022-10-27 08:30:02 ------------------------------------------------------------------------
2022-10-27 08:30:02 Conexion Establecida a POP3 Server!
2022-10-27 08:30:02 PROCESO POPPER EMBLUE CONCLUIDO!
2022-10-27 08:30:02 
2022-10-27 08:45:01 ------------------------------------------------------------------------
2022-10-27 08:45:01 ---------------------INICIANDO MASTER POPPER EMBLUE---------------------
2022-10-27 08:45:01 ------------------------------------------------------------------------
2022-10-27 08:45:01 Conexion Establecida a POP3 Server!
2022-10-27 08:45:01 PROCESO POPPER EMBLUE CONCLUIDO!
2022-10-27 08:45:01 
2022-10-27 09:00:01 ------------------------------------------------------------------------
2022-10-27 09:00:01 ---------------------INICIANDO MASTER POPPER EMBLUE---------------------
2022-10-27 09:00:01 ------------------------------------------------------------------------
2022-10-27 09:00:01 Conexion Establecida a POP3 Server!
2022-10-27 09:00:01 PROCESO POPPER EMBLUE CONCLUIDO!
2022-10-27 09:00:01 
2022-10-27 09:15:02 ------------------------------------------------------------------------
2022-10-27 09:15:02 ---------------------INICIANDO MASTER POPPER EMBLUE---------------------
2022-10-27 09:15:02 ------------------------------------------------------------------------
2022-10-27 09:15:02 Conexion Establecida a POP3 Server!
2022-10-27 09:15:02 PROCESO POPPER EMBLUE CONCLUIDO!
2022-10-27 09:15:02 
2022-10-27 09:30:01 ------------------------------------------------------------------------
2022-10-27 09:30:01 ---------------------INICIANDO MASTER POPPER EMBLUE---------------------
2022-10-27 09:30:01 ------------------------------------------------------------------------
2022-10-27 09:30:01 Conexion Establecida a POP3 Server!
2022-10-27 09:30:01 PROCESO POPPER EMBLUE CONCLUIDO!
2022-10-27 09:30:01 
2022-10-27 09:45:01 ------------------------------------------------------------------------
2022-10-27 09:45:01 ---------------------INICIANDO MASTER POPPER EMBLUE---------------------
2022-10-27 09:45:01 ------------------------------------------------------------------------
2022-10-27 09:45:01 Conexion Establecida a POP3 Server!
2022-10-27 09:45:01 PROCESO POPPER EMBLUE CONCLUIDO!
2022-10-27 09:45:01 
2022-10-27 10:00:01 ------------------------------------------------------------------------
2022-10-27 10:00:01 ---------------------INICIANDO MASTER POPPER EMBLUE---------------------
2022-10-27 10:00:01 ------------------------------------------------------------------------
2022-10-27 10:00:01 Conexion Establecida a POP3 Server!
2022-10-27 10:00:01 PROCESO POPPER EMBLUE CONCLUIDO!
2022-10-27 10:00:01 
2022-10-27 10:15:01 ------------------------------------------------------------------------
2022-10-27 10:15:01 ---------------------INICIANDO MASTER POPPER EMBLUE---------------------
2022-10-27 10:15:01 ------------------------------------------------------------------------
2022-10-27 10:15:01 Conexion Establecida a POP3 Server!
2022-10-27 10:15:01 PROCESO POPPER EMBLUE CONCLUIDO!
2022-10-27 10:15:01 
2022-10-27 10:30:01 ------------------------------------------------------------------------
2022-10-27 10:30:01 ---------------------INICIANDO MASTER POPPER EMBLUE---------------------
2022-10-27 10:30:01 ------------------------------------------------------------------------
2022-10-27 10:30:01 Conexion Establecida a POP3 Server!
2022-10-27 10:30:01 PROCESO POPPER EMBLUE CONCLUIDO!
2022-10-27 10:30:01 
