2022-10-02 00:00:02 ------------------------------------------------------------------------
2022-10-02 00:00:02 ---------------------INICIANDO MASTER POPPER EMBLUE---------------------
2022-10-02 00:00:02 ------------------------------------------------------------------------
2022-10-02 00:00:02 Conexion Establecida a POP3 Server!
2022-10-02 00:00:02 PROCESO POPPER EMBLUE CONCLUIDO!
2022-10-02 00:00:02 
2022-10-02 00:15:01 ------------------------------------------------------------------------
2022-10-02 00:15:01 ---------------------INICIANDO MASTER POPPER EMBLUE---------------------
2022-10-02 00:15:01 ------------------------------------------------------------------------
2022-10-02 00:15:01 Conexion Establecida a POP3 Server!
2022-10-02 00:15:01 PROCESO POPPER EMBLUE CONCLUIDO!
2022-10-02 00:15:01 
2022-10-02 00:30:01 ------------------------------------------------------------------------
2022-10-02 00:30:01 ---------------------INICIANDO MASTER POPPER EMBLUE---------------------
2022-10-02 00:30:01 ------------------------------------------------------------------------
2022-10-02 00:30:01 Conexion Establecida a POP3 Server!
2022-10-02 00:30:01 PROCESO POPPER EMBLUE CONCLUIDO!
2022-10-02 00:30:01 
2022-10-02 00:45:01 ------------------------------------------------------------------------
2022-10-02 00:45:01 ---------------------INICIANDO MASTER POPPER EMBLUE---------------------
2022-10-02 00:45:01 ------------------------------------------------------------------------
2022-10-02 00:45:01 Conexion Establecida a POP3 Server!
2022-10-02 00:45:01 PROCESO POPPER EMBLUE CONCLUIDO!
2022-10-02 00:45:01 
2022-10-02 01:00:01 ------------------------------------------------------------------------
2022-10-02 01:00:01 ---------------------INICIANDO MASTER POPPER EMBLUE---------------------
2022-10-02 01:00:01 ------------------------------------------------------------------------
2022-10-02 01:00:01 Conexion Establecida a POP3 Server!
2022-10-02 01:00:01 PROCESO POPPER EMBLUE CONCLUIDO!
2022-10-02 01:00:01 
2022-10-02 01:15:01 ------------------------------------------------------------------------
2022-10-02 01:15:01 ---------------------INICIANDO MASTER POPPER EMBLUE---------------------
2022-10-02 01:15:01 ------------------------------------------------------------------------
2022-10-02 01:15:02 Conexion Establecida a POP3 Server!
2022-10-02 01:15:02 PROCESO POPPER EMBLUE CONCLUIDO!
2022-10-02 01:15:02 
2022-10-02 01:30:01 ------------------------------------------------------------------------
2022-10-02 01:30:01 ---------------------INICIANDO MASTER POPPER EMBLUE---------------------
2022-10-02 01:30:01 ------------------------------------------------------------------------
2022-10-02 01:30:01 Conexion Establecida a POP3 Server!
2022-10-02 01:30:01 PROCESO POPPER EMBLUE CONCLUIDO!
2022-10-02 01:30:01 
2022-10-02 01:45:01 ------------------------------------------------------------------------
2022-10-02 01:45:01 ---------------------INICIANDO MASTER POPPER EMBLUE---------------------
2022-10-02 01:45:01 ------------------------------------------------------------------------
2022-10-02 01:45:02 Conexion Establecida a POP3 Server!
2022-10-02 01:45:02 PROCESO POPPER EMBLUE CONCLUIDO!
2022-10-02 01:45:02 
2022-10-02 02:00:01 ------------------------------------------------------------------------
2022-10-02 02:00:01 ---------------------INICIANDO MASTER POPPER EMBLUE---------------------
2022-10-02 02:00:01 ------------------------------------------------------------------------
2022-10-02 02:00:01 Conexion Establecida a POP3 Server!
2022-10-02 02:00:01 PROCESO POPPER EMBLUE CONCLUIDO!
2022-10-02 02:00:01 
2022-10-02 02:15:01 ------------------------------------------------------------------------
2022-10-02 02:15:01 ---------------------INICIANDO MASTER POPPER EMBLUE---------------------
2022-10-02 02:15:01 ------------------------------------------------------------------------
2022-10-02 02:15:01 Conexion Establecida a POP3 Server!
2022-10-02 02:15:01 PROCESO POPPER EMBLUE CONCLUIDO!
2022-10-02 02:15:01 
2022-10-02 02:30:01 ------------------------------------------------------------------------
2022-10-02 02:30:01 ---------------------INICIANDO MASTER POPPER EMBLUE---------------------
2022-10-02 02:30:01 ------------------------------------------------------------------------
2022-10-02 02:30:01 Conexion Establecida a POP3 Server!
2022-10-02 02:30:01 PROCESO POPPER EMBLUE CONCLUIDO!
2022-10-02 02:30:01 
2022-10-02 02:45:02 ------------------------------------------------------------------------
2022-10-02 02:45:02 ---------------------INICIANDO MASTER POPPER EMBLUE---------------------
2022-10-02 02:45:02 ------------------------------------------------------------------------
2022-10-02 02:45:02 Conexion Establecida a POP3 Server!
2022-10-02 02:45:02 PROCESO POPPER EMBLUE CONCLUIDO!
2022-10-02 02:45:02 
2022-10-02 03:00:01 ------------------------------------------------------------------------
2022-10-02 03:00:01 ---------------------INICIANDO MASTER POPPER EMBLUE---------------------
2022-10-02 03:00:01 ------------------------------------------------------------------------
2022-10-02 03:00:01 Conexion Establecida a POP3 Server!
2022-10-02 03:00:01 PROCESO POPPER EMBLUE CONCLUIDO!
2022-10-02 03:00:01 
2022-10-02 03:15:01 ------------------------------------------------------------------------
2022-10-02 03:15:01 ---------------------INICIANDO MASTER POPPER EMBLUE---------------------
2022-10-02 03:15:01 ------------------------------------------------------------------------
2022-10-02 03:15:01 Conexion Establecida a POP3 Server!
2022-10-02 03:15:01 PROCESO POPPER EMBLUE CONCLUIDO!
2022-10-02 03:15:01 
2022-10-02 03:30:01 ------------------------------------------------------------------------
2022-10-02 03:30:01 ---------------------INICIANDO MASTER POPPER EMBLUE---------------------
2022-10-02 03:30:01 ------------------------------------------------------------------------
2022-10-02 03:30:01 Conexion Establecida a POP3 Server!
2022-10-02 03:30:01 PROCESO POPPER EMBLUE CONCLUIDO!
2022-10-02 03:30:01 
2022-10-02 03:45:02 ------------------------------------------------------------------------
2022-10-02 03:45:02 ---------------------INICIANDO MASTER POPPER EMBLUE---------------------
2022-10-02 03:45:02 ------------------------------------------------------------------------
2022-10-02 03:45:02 Conexion Establecida a POP3 Server!
2022-10-02 03:45:02 PROCESO POPPER EMBLUE CONCLUIDO!
2022-10-02 03:45:02 
2022-10-02 04:00:01 ------------------------------------------------------------------------
2022-10-02 04:00:01 ---------------------INICIANDO MASTER POPPER EMBLUE---------------------
2022-10-02 04:00:01 ------------------------------------------------------------------------
2022-10-02 04:00:01 Conexion Establecida a POP3 Server!
2022-10-02 04:00:01 PROCESO POPPER EMBLUE CONCLUIDO!
2022-10-02 04:00:01 
2022-10-02 04:15:01 ------------------------------------------------------------------------
2022-10-02 04:15:01 ---------------------INICIANDO MASTER POPPER EMBLUE---------------------
2022-10-02 04:15:01 ------------------------------------------------------------------------
2022-10-02 04:15:01 Conexion Establecida a POP3 Server!
2022-10-02 04:15:01 PROCESO POPPER EMBLUE CONCLUIDO!
2022-10-02 04:15:01 
2022-10-02 04:30:01 ------------------------------------------------------------------------
2022-10-02 04:30:01 ---------------------INICIANDO MASTER POPPER EMBLUE---------------------
2022-10-02 04:30:01 ------------------------------------------------------------------------
2022-10-02 04:30:01 Conexion Establecida a POP3 Server!
2022-10-02 04:30:01 PROCESO POPPER EMBLUE CONCLUIDO!
2022-10-02 04:30:01 
2022-10-02 04:45:02 ------------------------------------------------------------------------
2022-10-02 04:45:02 ---------------------INICIANDO MASTER POPPER EMBLUE---------------------
2022-10-02 04:45:02 ------------------------------------------------------------------------
2022-10-02 04:45:02 Conexion Establecida a POP3 Server!
2022-10-02 04:45:02 PROCESO POPPER EMBLUE CONCLUIDO!
2022-10-02 04:45:02 
2022-10-02 05:00:01 ------------------------------------------------------------------------
2022-10-02 05:00:01 ---------------------INICIANDO MASTER POPPER EMBLUE---------------------
2022-10-02 05:00:01 ------------------------------------------------------------------------
2022-10-02 05:00:01 Conexion Establecida a POP3 Server!
2022-10-02 05:00:01 PROCESO POPPER EMBLUE CONCLUIDO!
2022-10-02 05:00:01 
2022-10-02 05:15:01 ------------------------------------------------------------------------
2022-10-02 05:15:01 ---------------------INICIANDO MASTER POPPER EMBLUE---------------------
2022-10-02 05:15:01 ------------------------------------------------------------------------
2022-10-02 05:15:01 Conexion Establecida a POP3 Server!
2022-10-02 05:15:01 PROCESO POPPER EMBLUE CONCLUIDO!
2022-10-02 05:15:01 
2022-10-02 05:30:01 ------------------------------------------------------------------------
2022-10-02 05:30:01 ---------------------INICIANDO MASTER POPPER EMBLUE---------------------
2022-10-02 05:30:01 ------------------------------------------------------------------------
2022-10-02 05:30:02 Conexion Establecida a POP3 Server!
2022-10-02 05:30:02 PROCESO POPPER EMBLUE CONCLUIDO!
2022-10-02 05:30:02 
2022-10-02 05:45:01 ------------------------------------------------------------------------
2022-10-02 05:45:01 ---------------------INICIANDO MASTER POPPER EMBLUE---------------------
2022-10-02 05:45:01 ------------------------------------------------------------------------
2022-10-02 05:45:01 Conexion Establecida a POP3 Server!
2022-10-02 05:45:01 PROCESO POPPER EMBLUE CONCLUIDO!
2022-10-02 05:45:01 
2022-10-02 06:00:01 ------------------------------------------------------------------------
2022-10-02 06:00:01 ---------------------INICIANDO MASTER POPPER EMBLUE---------------------
2022-10-02 06:00:01 ------------------------------------------------------------------------
2022-10-02 06:00:01 Conexion Establecida a POP3 Server!
2022-10-02 06:00:01 PROCESO POPPER EMBLUE CONCLUIDO!
2022-10-02 06:00:01 
2022-10-02 06:15:01 ------------------------------------------------------------------------
2022-10-02 06:15:01 ---------------------INICIANDO MASTER POPPER EMBLUE---------------------
2022-10-02 06:15:01 ------------------------------------------------------------------------
2022-10-02 06:15:01 Conexion Establecida a POP3 Server!
2022-10-02 06:15:01 PROCESO POPPER EMBLUE CONCLUIDO!
2022-10-02 06:15:01 
2022-10-02 06:30:02 ------------------------------------------------------------------------
2022-10-02 06:30:02 ---------------------INICIANDO MASTER POPPER EMBLUE---------------------
2022-10-02 06:30:02 ------------------------------------------------------------------------
2022-10-02 06:30:02 Conexion Establecida a POP3 Server!
2022-10-02 06:30:02 PROCESO POPPER EMBLUE CONCLUIDO!
2022-10-02 06:30:02 
2022-10-02 06:45:01 ------------------------------------------------------------------------
2022-10-02 06:45:01 ---------------------INICIANDO MASTER POPPER EMBLUE---------------------
2022-10-02 06:45:01 ------------------------------------------------------------------------
2022-10-02 06:45:01 Conexion Establecida a POP3 Server!
2022-10-02 06:45:01 PROCESO POPPER EMBLUE CONCLUIDO!
2022-10-02 06:45:01 
2022-10-02 07:00:01 ------------------------------------------------------------------------
2022-10-02 07:00:01 ---------------------INICIANDO MASTER POPPER EMBLUE---------------------
2022-10-02 07:00:01 ------------------------------------------------------------------------
2022-10-02 07:00:02 Conexion Establecida a POP3 Server!
2022-10-02 07:00:02 PROCESO POPPER EMBLUE CONCLUIDO!
2022-10-02 07:00:02 
2022-10-02 07:15:01 ------------------------------------------------------------------------
2022-10-02 07:15:01 ---------------------INICIANDO MASTER POPPER EMBLUE---------------------
2022-10-02 07:15:01 ------------------------------------------------------------------------
2022-10-02 07:15:01 Conexion Establecida a POP3 Server!
2022-10-02 07:15:01 PROCESO POPPER EMBLUE CONCLUIDO!
2022-10-02 07:15:01 
2022-10-02 07:30:01 ------------------------------------------------------------------------
2022-10-02 07:30:01 ---------------------INICIANDO MASTER POPPER EMBLUE---------------------
2022-10-02 07:30:01 ------------------------------------------------------------------------
2022-10-02 07:30:01 Conexion Establecida a POP3 Server!
2022-10-02 07:30:01 PROCESO POPPER EMBLUE CONCLUIDO!
2022-10-02 07:30:01 
2022-10-02 07:45:02 ------------------------------------------------------------------------
2022-10-02 07:45:02 ---------------------INICIANDO MASTER POPPER EMBLUE---------------------
2022-10-02 07:45:02 ------------------------------------------------------------------------
2022-10-02 07:45:02 Conexion Establecida a POP3 Server!
2022-10-02 07:45:02 PROCESO POPPER EMBLUE CONCLUIDO!
2022-10-02 07:45:02 
2022-10-02 08:00:01 ------------------------------------------------------------------------
2022-10-02 08:00:01 ---------------------INICIANDO MASTER POPPER EMBLUE---------------------
2022-10-02 08:00:01 ------------------------------------------------------------------------
2022-10-02 08:00:01 Conexion Establecida a POP3 Server!
2022-10-02 08:00:01 PROCESO POPPER EMBLUE CONCLUIDO!
2022-10-02 08:00:01 
2022-10-02 08:15:01 ------------------------------------------------------------------------
2022-10-02 08:15:01 ---------------------INICIANDO MASTER POPPER EMBLUE---------------------
2022-10-02 08:15:01 ------------------------------------------------------------------------
2022-10-02 08:15:01 Conexion Establecida a POP3 Server!
2022-10-02 08:15:01 PROCESO POPPER EMBLUE CONCLUIDO!
2022-10-02 08:15:01 
2022-10-02 08:30:01 ------------------------------------------------------------------------
2022-10-02 08:30:01 ---------------------INICIANDO MASTER POPPER EMBLUE---------------------
2022-10-02 08:30:01 ------------------------------------------------------------------------
2022-10-02 08:30:02 Conexion Establecida a POP3 Server!
2022-10-02 08:30:02 PROCESO POPPER EMBLUE CONCLUIDO!
2022-10-02 08:30:02 
2022-10-02 08:45:02 ------------------------------------------------------------------------
2022-10-02 08:45:02 ---------------------INICIANDO MASTER POPPER EMBLUE---------------------
2022-10-02 08:45:02 ------------------------------------------------------------------------
2022-10-02 08:45:02 Conexion Establecida a POP3 Server!
2022-10-02 08:45:02 PROCESO POPPER EMBLUE CONCLUIDO!
2022-10-02 08:45:02 
2022-10-02 09:00:01 ------------------------------------------------------------------------
2022-10-02 09:00:01 ---------------------INICIANDO MASTER POPPER EMBLUE---------------------
2022-10-02 09:00:01 ------------------------------------------------------------------------
2022-10-02 09:00:01 Conexion Establecida a POP3 Server!
2022-10-02 09:00:01 PROCESO POPPER EMBLUE CONCLUIDO!
2022-10-02 09:00:01 
2022-10-02 09:15:01 ------------------------------------------------------------------------
2022-10-02 09:15:01 ---------------------INICIANDO MASTER POPPER EMBLUE---------------------
2022-10-02 09:15:01 ------------------------------------------------------------------------
2022-10-02 09:15:01 Conexion Establecida a POP3 Server!
2022-10-02 09:15:01 PROCESO POPPER EMBLUE CONCLUIDO!
2022-10-02 09:15:01 
2022-10-02 09:30:02 ------------------------------------------------------------------------
2022-10-02 09:30:02 ---------------------INICIANDO MASTER POPPER EMBLUE---------------------
2022-10-02 09:30:02 ------------------------------------------------------------------------
2022-10-02 09:30:02 Conexion Establecida a POP3 Server!
2022-10-02 09:30:02 PROCESO POPPER EMBLUE CONCLUIDO!
2022-10-02 09:30:02 
2022-10-02 09:45:01 ------------------------------------------------------------------------
2022-10-02 09:45:01 ---------------------INICIANDO MASTER POPPER EMBLUE---------------------
2022-10-02 09:45:01 ------------------------------------------------------------------------
2022-10-02 09:45:01 Conexion Establecida a POP3 Server!
2022-10-02 09:45:01 PROCESO POPPER EMBLUE CONCLUIDO!
2022-10-02 09:45:01 
2022-10-02 10:00:01 ------------------------------------------------------------------------
2022-10-02 10:00:01 ---------------------INICIANDO MASTER POPPER EMBLUE---------------------
2022-10-02 10:00:01 ------------------------------------------------------------------------
2022-10-02 10:00:01 Conexion Establecida a POP3 Server!
2022-10-02 10:00:01 PROCESO POPPER EMBLUE CONCLUIDO!
2022-10-02 10:00:01 
2022-10-02 10:15:02 ------------------------------------------------------------------------
2022-10-02 10:15:02 ---------------------INICIANDO MASTER POPPER EMBLUE---------------------
2022-10-02 10:15:02 ------------------------------------------------------------------------
2022-10-02 10:15:02 Conexion Establecida a POP3 Server!
2022-10-02 10:15:02 PROCESO POPPER EMBLUE CONCLUIDO!
2022-10-02 10:15:02 
2022-10-02 10:30:01 ------------------------------------------------------------------------
2022-10-02 10:30:01 ---------------------INICIANDO MASTER POPPER EMBLUE---------------------
2022-10-02 10:30:01 ------------------------------------------------------------------------
2022-10-02 10:30:01 Conexion Establecida a POP3 Server!
2022-10-02 10:30:01 PROCESO POPPER EMBLUE CONCLUIDO!
2022-10-02 10:30:01 
2022-10-02 10:45:01 ------------------------------------------------------------------------
2022-10-02 10:45:01 ---------------------INICIANDO MASTER POPPER EMBLUE---------------------
2022-10-02 10:45:01 ------------------------------------------------------------------------
2022-10-02 10:45:01 Conexion Establecida a POP3 Server!
2022-10-02 10:45:01 PROCESO POPPER EMBLUE CONCLUIDO!
2022-10-02 10:45:01 
2022-10-02 11:00:01 ------------------------------------------------------------------------
2022-10-02 11:00:01 ---------------------INICIANDO MASTER POPPER EMBLUE---------------------
2022-10-02 11:00:01 ------------------------------------------------------------------------
2022-10-02 11:00:01 Conexion Establecida a POP3 Server!
2022-10-02 11:00:01 PROCESO POPPER EMBLUE CONCLUIDO!
2022-10-02 11:00:01 
2022-10-02 11:15:01 ------------------------------------------------------------------------
2022-10-02 11:15:01 ---------------------INICIANDO MASTER POPPER EMBLUE---------------------
2022-10-02 11:15:01 ------------------------------------------------------------------------
2022-10-02 11:15:01 Conexion Establecida a POP3 Server!
2022-10-02 11:15:01 PROCESO POPPER EMBLUE CONCLUIDO!
2022-10-02 11:15:01 
2022-10-02 11:30:01 ------------------------------------------------------------------------
2022-10-02 11:30:01 ---------------------INICIANDO MASTER POPPER EMBLUE---------------------
2022-10-02 11:30:01 ------------------------------------------------------------------------
2022-10-02 11:30:01 Conexion Establecida a POP3 Server!
2022-10-02 11:30:01 PROCESO POPPER EMBLUE CONCLUIDO!
2022-10-02 11:30:01 
2022-10-02 11:45:01 ------------------------------------------------------------------------
2022-10-02 11:45:01 ---------------------INICIANDO MASTER POPPER EMBLUE---------------------
2022-10-02 11:45:01 ------------------------------------------------------------------------
2022-10-02 11:45:01 Conexion Establecida a POP3 Server!
2022-10-02 11:45:01 PROCESO POPPER EMBLUE CONCLUIDO!
2022-10-02 11:45:01 
2022-10-02 12:00:02 ------------------------------------------------------------------------
2022-10-02 12:00:02 ---------------------INICIANDO MASTER POPPER EMBLUE---------------------
2022-10-02 12:00:02 ------------------------------------------------------------------------
2022-10-02 12:00:02 Conexion Establecida a POP3 Server!
2022-10-02 12:00:02 PROCESO POPPER EMBLUE CONCLUIDO!
2022-10-02 12:00:02 
2022-10-02 12:15:01 ------------------------------------------------------------------------
2022-10-02 12:15:01 ---------------------INICIANDO MASTER POPPER EMBLUE---------------------
2022-10-02 12:15:01 ------------------------------------------------------------------------
2022-10-02 12:15:01 Conexion Establecida a POP3 Server!
2022-10-02 12:15:01 PROCESO POPPER EMBLUE CONCLUIDO!
2022-10-02 12:15:01 
2022-10-02 12:30:02 ------------------------------------------------------------------------
2022-10-02 12:30:02 ---------------------INICIANDO MASTER POPPER EMBLUE---------------------
2022-10-02 12:30:02 ------------------------------------------------------------------------
2022-10-02 12:30:02 Conexion Establecida a POP3 Server!
2022-10-02 12:30:02 PROCESO POPPER EMBLUE CONCLUIDO!
2022-10-02 12:30:02 
2022-10-02 12:45:01 ------------------------------------------------------------------------
2022-10-02 12:45:01 ---------------------INICIANDO MASTER POPPER EMBLUE---------------------
2022-10-02 12:45:01 ------------------------------------------------------------------------
2022-10-02 12:45:02 Conexion Establecida a POP3 Server!
2022-10-02 12:45:02 PROCESO POPPER EMBLUE CONCLUIDO!
2022-10-02 12:45:02 
2022-10-02 13:00:02 ------------------------------------------------------------------------
2022-10-02 13:00:02 ---------------------INICIANDO MASTER POPPER EMBLUE---------------------
2022-10-02 13:00:02 ------------------------------------------------------------------------
2022-10-02 13:00:02 Conexion Establecida a POP3 Server!
2022-10-02 13:00:02 PROCESO POPPER EMBLUE CONCLUIDO!
2022-10-02 13:00:02 
2022-10-02 13:15:01 ------------------------------------------------------------------------
2022-10-02 13:15:01 ---------------------INICIANDO MASTER POPPER EMBLUE---------------------
2022-10-02 13:15:01 ------------------------------------------------------------------------
2022-10-02 13:15:01 Conexion Establecida a POP3 Server!
2022-10-02 13:15:01 PROCESO POPPER EMBLUE CONCLUIDO!
2022-10-02 13:15:01 
2022-10-02 13:30:01 ------------------------------------------------------------------------
2022-10-02 13:30:01 ---------------------INICIANDO MASTER POPPER EMBLUE---------------------
2022-10-02 13:30:01 ------------------------------------------------------------------------
2022-10-02 13:30:01 Conexion Establecida a POP3 Server!
2022-10-02 13:30:01 PROCESO POPPER EMBLUE CONCLUIDO!
2022-10-02 13:30:01 
2022-10-02 13:45:01 ------------------------------------------------------------------------
2022-10-02 13:45:01 ---------------------INICIANDO MASTER POPPER EMBLUE---------------------
2022-10-02 13:45:01 ------------------------------------------------------------------------
2022-10-02 13:45:01 Conexion Establecida a POP3 Server!
2022-10-02 13:45:01 PROCESO POPPER EMBLUE CONCLUIDO!
2022-10-02 13:45:01 
2022-10-02 14:00:01 ------------------------------------------------------------------------
2022-10-02 14:00:01 ---------------------INICIANDO MASTER POPPER EMBLUE---------------------
2022-10-02 14:00:01 ------------------------------------------------------------------------
2022-10-02 14:00:01 Conexion Establecida a POP3 Server!
2022-10-02 14:00:01 PROCESO POPPER EMBLUE CONCLUIDO!
2022-10-02 14:00:01 
2022-10-02 14:15:01 ------------------------------------------------------------------------
2022-10-02 14:15:01 ---------------------INICIANDO MASTER POPPER EMBLUE---------------------
2022-10-02 14:15:01 ------------------------------------------------------------------------
2022-10-02 14:15:01 Conexion Establecida a POP3 Server!
2022-10-02 14:15:01 PROCESO POPPER EMBLUE CONCLUIDO!
2022-10-02 14:15:01 
2022-10-02 14:30:02 ------------------------------------------------------------------------
2022-10-02 14:30:02 ---------------------INICIANDO MASTER POPPER EMBLUE---------------------
2022-10-02 14:30:02 ------------------------------------------------------------------------
2022-10-02 14:30:02 Conexion Establecida a POP3 Server!
2022-10-02 14:30:02 PROCESO POPPER EMBLUE CONCLUIDO!
2022-10-02 14:30:02 
2022-10-02 14:45:01 ------------------------------------------------------------------------
2022-10-02 14:45:01 ---------------------INICIANDO MASTER POPPER EMBLUE---------------------
2022-10-02 14:45:01 ------------------------------------------------------------------------
2022-10-02 14:45:01 Conexion Establecida a POP3 Server!
2022-10-02 14:45:01 PROCESO POPPER EMBLUE CONCLUIDO!
2022-10-02 14:45:01 
2022-10-02 15:00:01 ------------------------------------------------------------------------
2022-10-02 15:00:01 ---------------------INICIANDO MASTER POPPER EMBLUE---------------------
2022-10-02 15:00:01 ------------------------------------------------------------------------
2022-10-02 15:00:02 Conexion Establecida a POP3 Server!
2022-10-02 15:00:02 PROCESO POPPER EMBLUE CONCLUIDO!
2022-10-02 15:00:02 
2022-10-02 15:15:01 ------------------------------------------------------------------------
2022-10-02 15:15:01 ---------------------INICIANDO MASTER POPPER EMBLUE---------------------
2022-10-02 15:15:01 ------------------------------------------------------------------------
2022-10-02 15:15:01 Conexion Establecida a POP3 Server!
2022-10-02 15:15:01 PROCESO POPPER EMBLUE CONCLUIDO!
2022-10-02 15:15:01 
2022-10-02 15:30:01 ------------------------------------------------------------------------
2022-10-02 15:30:01 ---------------------INICIANDO MASTER POPPER EMBLUE---------------------
2022-10-02 15:30:01 ------------------------------------------------------------------------
2022-10-02 15:30:01 Conexion Establecida a POP3 Server!
2022-10-02 15:30:01 PROCESO POPPER EMBLUE CONCLUIDO!
2022-10-02 15:30:01 
2022-10-02 15:45:01 ------------------------------------------------------------------------
2022-10-02 15:45:01 ---------------------INICIANDO MASTER POPPER EMBLUE---------------------
2022-10-02 15:45:01 ------------------------------------------------------------------------
2022-10-02 15:45:01 Conexion Establecida a POP3 Server!
2022-10-02 15:45:01 PROCESO POPPER EMBLUE CONCLUIDO!
2022-10-02 15:45:01 
2022-10-02 16:00:02 ------------------------------------------------------------------------
2022-10-02 16:00:02 ---------------------INICIANDO MASTER POPPER EMBLUE---------------------
2022-10-02 16:00:02 ------------------------------------------------------------------------
2022-10-02 16:00:02 Conexion Establecida a POP3 Server!
2022-10-02 16:00:02 PROCESO POPPER EMBLUE CONCLUIDO!
2022-10-02 16:00:02 
2022-10-02 16:15:01 ------------------------------------------------------------------------
2022-10-02 16:15:01 ---------------------INICIANDO MASTER POPPER EMBLUE---------------------
2022-10-02 16:15:01 ------------------------------------------------------------------------
2022-10-02 16:15:01 Conexion Establecida a POP3 Server!
2022-10-02 16:15:01 PROCESO POPPER EMBLUE CONCLUIDO!
2022-10-02 16:15:01 
2022-10-02 16:30:01 ------------------------------------------------------------------------
2022-10-02 16:30:01 ---------------------INICIANDO MASTER POPPER EMBLUE---------------------
2022-10-02 16:30:01 ------------------------------------------------------------------------
2022-10-02 16:30:01 Conexion Establecida a POP3 Server!
2022-10-02 16:30:01 PROCESO POPPER EMBLUE CONCLUIDO!
2022-10-02 16:30:01 
2022-10-02 16:45:02 ------------------------------------------------------------------------
2022-10-02 16:45:02 ---------------------INICIANDO MASTER POPPER EMBLUE---------------------
2022-10-02 16:45:02 ------------------------------------------------------------------------
2022-10-02 16:45:02 Conexion Establecida a POP3 Server!
2022-10-02 16:45:02 PROCESO POPPER EMBLUE CONCLUIDO!
2022-10-02 16:45:02 
2022-10-02 17:00:01 ------------------------------------------------------------------------
2022-10-02 17:00:01 ---------------------INICIANDO MASTER POPPER EMBLUE---------------------
2022-10-02 17:00:01 ------------------------------------------------------------------------
2022-10-02 17:00:01 Conexion Establecida a POP3 Server!
2022-10-02 17:00:01 PROCESO POPPER EMBLUE CONCLUIDO!
2022-10-02 17:00:01 
2022-10-02 17:15:01 ------------------------------------------------------------------------
2022-10-02 17:15:01 ---------------------INICIANDO MASTER POPPER EMBLUE---------------------
2022-10-02 17:15:01 ------------------------------------------------------------------------
2022-10-02 17:15:01 Conexion Establecida a POP3 Server!
2022-10-02 17:15:01 PROCESO POPPER EMBLUE CONCLUIDO!
2022-10-02 17:15:01 
2022-10-02 17:30:01 ------------------------------------------------------------------------
2022-10-02 17:30:01 ---------------------INICIANDO MASTER POPPER EMBLUE---------------------
2022-10-02 17:30:01 ------------------------------------------------------------------------
2022-10-02 17:30:01 Conexion Establecida a POP3 Server!
2022-10-02 17:30:01 PROCESO POPPER EMBLUE CONCLUIDO!
2022-10-02 17:30:01 
2022-10-02 17:45:02 ------------------------------------------------------------------------
2022-10-02 17:45:02 ---------------------INICIANDO MASTER POPPER EMBLUE---------------------
2022-10-02 17:45:02 ------------------------------------------------------------------------
2022-10-02 17:45:02 Conexion Establecida a POP3 Server!
2022-10-02 17:45:02 PROCESO POPPER EMBLUE CONCLUIDO!
2022-10-02 17:45:02 
2022-10-02 18:00:01 ------------------------------------------------------------------------
2022-10-02 18:00:01 ---------------------INICIANDO MASTER POPPER EMBLUE---------------------
2022-10-02 18:00:01 ------------------------------------------------------------------------
2022-10-02 18:00:01 Conexion Establecida a POP3 Server!
2022-10-02 18:00:01 PROCESO POPPER EMBLUE CONCLUIDO!
2022-10-02 18:00:01 
2022-10-02 18:15:01 ------------------------------------------------------------------------
2022-10-02 18:15:01 ---------------------INICIANDO MASTER POPPER EMBLUE---------------------
2022-10-02 18:15:01 ------------------------------------------------------------------------
2022-10-02 18:15:02 Conexion Establecida a POP3 Server!
2022-10-02 18:15:02 PROCESO POPPER EMBLUE CONCLUIDO!
2022-10-02 18:15:02 
2022-10-02 18:30:02 ------------------------------------------------------------------------
2022-10-02 18:30:02 ---------------------INICIANDO MASTER POPPER EMBLUE---------------------
2022-10-02 18:30:02 ------------------------------------------------------------------------
2022-10-02 18:30:02 Conexion Establecida a POP3 Server!
2022-10-02 18:30:02 PROCESO POPPER EMBLUE CONCLUIDO!
2022-10-02 18:30:02 
2022-10-02 18:45:01 ------------------------------------------------------------------------
2022-10-02 18:45:01 ---------------------INICIANDO MASTER POPPER EMBLUE---------------------
2022-10-02 18:45:01 ------------------------------------------------------------------------
2022-10-02 18:45:01 Conexion Establecida a POP3 Server!
2022-10-02 18:45:01 PROCESO POPPER EMBLUE CONCLUIDO!
2022-10-02 18:45:01 
2022-10-02 19:00:01 ------------------------------------------------------------------------
2022-10-02 19:00:01 ---------------------INICIANDO MASTER POPPER EMBLUE---------------------
2022-10-02 19:00:01 ------------------------------------------------------------------------
2022-10-02 19:00:01 Conexion Establecida a POP3 Server!
2022-10-02 19:00:01 PROCESO POPPER EMBLUE CONCLUIDO!
2022-10-02 19:00:01 
2022-10-02 19:15:01 ------------------------------------------------------------------------
2022-10-02 19:15:01 ---------------------INICIANDO MASTER POPPER EMBLUE---------------------
2022-10-02 19:15:01 ------------------------------------------------------------------------
2022-10-02 19:15:01 Conexion Establecida a POP3 Server!
2022-10-02 19:15:01 PROCESO POPPER EMBLUE CONCLUIDO!
2022-10-02 19:15:01 
2022-10-02 19:30:01 ------------------------------------------------------------------------
2022-10-02 19:30:01 ---------------------INICIANDO MASTER POPPER EMBLUE---------------------
2022-10-02 19:30:01 ------------------------------------------------------------------------
2022-10-02 19:30:01 Conexion Establecida a POP3 Server!
2022-10-02 19:30:01 PROCESO POPPER EMBLUE CONCLUIDO!
2022-10-02 19:30:01 
2022-10-02 19:45:01 ------------------------------------------------------------------------
2022-10-02 19:45:01 ---------------------INICIANDO MASTER POPPER EMBLUE---------------------
2022-10-02 19:45:01 ------------------------------------------------------------------------
2022-10-02 19:45:01 Conexion Establecida a POP3 Server!
2022-10-02 19:45:01 PROCESO POPPER EMBLUE CONCLUIDO!
2022-10-02 19:45:01 
2022-10-02 20:00:01 ------------------------------------------------------------------------
2022-10-02 20:00:01 ---------------------INICIANDO MASTER POPPER EMBLUE---------------------
2022-10-02 20:00:01 ------------------------------------------------------------------------
2022-10-02 20:00:02 Conexion Establecida a POP3 Server!
2022-10-02 20:00:02 PROCESO POPPER EMBLUE CONCLUIDO!
2022-10-02 20:00:02 
2022-10-02 20:15:02 ------------------------------------------------------------------------
2022-10-02 20:15:02 ---------------------INICIANDO MASTER POPPER EMBLUE---------------------
2022-10-02 20:15:02 ------------------------------------------------------------------------
2022-10-02 20:15:02 Conexion Establecida a POP3 Server!
2022-10-02 20:15:02 PROCESO POPPER EMBLUE CONCLUIDO!
2022-10-02 20:15:02 
2022-10-02 20:30:01 ------------------------------------------------------------------------
2022-10-02 20:30:01 ---------------------INICIANDO MASTER POPPER EMBLUE---------------------
2022-10-02 20:30:01 ------------------------------------------------------------------------
2022-10-02 20:30:02 Conexion Establecida a POP3 Server!
2022-10-02 20:30:02 PROCESO POPPER EMBLUE CONCLUIDO!
2022-10-02 20:30:02 
2022-10-02 20:45:01 ------------------------------------------------------------------------
2022-10-02 20:45:01 ---------------------INICIANDO MASTER POPPER EMBLUE---------------------
2022-10-02 20:45:01 ------------------------------------------------------------------------
2022-10-02 20:45:01 Conexion Establecida a POP3 Server!
2022-10-02 20:45:01 PROCESO POPPER EMBLUE CONCLUIDO!
2022-10-02 20:45:01 
2022-10-02 21:00:01 ------------------------------------------------------------------------
2022-10-02 21:00:01 ---------------------INICIANDO MASTER POPPER EMBLUE---------------------
2022-10-02 21:00:01 ------------------------------------------------------------------------
2022-10-02 21:00:01 Conexion Establecida a POP3 Server!
2022-10-02 21:00:01 PROCESO POPPER EMBLUE CONCLUIDO!
2022-10-02 21:00:01 
2022-10-02 21:15:02 ------------------------------------------------------------------------
2022-10-02 21:15:02 ---------------------INICIANDO MASTER POPPER EMBLUE---------------------
2022-10-02 21:15:02 ------------------------------------------------------------------------
2022-10-02 21:15:02 Conexion Establecida a POP3 Server!
2022-10-02 21:15:02 PROCESO POPPER EMBLUE CONCLUIDO!
2022-10-02 21:15:02 
2022-10-02 21:30:02 ------------------------------------------------------------------------
2022-10-02 21:30:02 ---------------------INICIANDO MASTER POPPER EMBLUE---------------------
2022-10-02 21:30:02 ------------------------------------------------------------------------
2022-10-02 21:30:02 Conexion Establecida a POP3 Server!
2022-10-02 21:30:02 PROCESO POPPER EMBLUE CONCLUIDO!
2022-10-02 21:30:02 
2022-10-02 21:45:01 ------------------------------------------------------------------------
2022-10-02 21:45:01 ---------------------INICIANDO MASTER POPPER EMBLUE---------------------
2022-10-02 21:45:01 ------------------------------------------------------------------------
2022-10-02 21:45:01 Conexion Establecida a POP3 Server!
2022-10-02 21:45:01 PROCESO POPPER EMBLUE CONCLUIDO!
2022-10-02 21:45:01 
2022-10-02 22:00:01 ------------------------------------------------------------------------
2022-10-02 22:00:01 ---------------------INICIANDO MASTER POPPER EMBLUE---------------------
2022-10-02 22:00:01 ------------------------------------------------------------------------
2022-10-02 22:00:01 Conexion Establecida a POP3 Server!
2022-10-02 22:00:01 PROCESO POPPER EMBLUE CONCLUIDO!
2022-10-02 22:00:01 
2022-10-02 22:15:01 ------------------------------------------------------------------------
2022-10-02 22:15:01 ---------------------INICIANDO MASTER POPPER EMBLUE---------------------
2022-10-02 22:15:01 ------------------------------------------------------------------------
2022-10-02 22:15:01 Conexion Establecida a POP3 Server!
2022-10-02 22:15:01 PROCESO POPPER EMBLUE CONCLUIDO!
2022-10-02 22:15:01 
2022-10-02 22:30:01 ------------------------------------------------------------------------
2022-10-02 22:30:01 ---------------------INICIANDO MASTER POPPER EMBLUE---------------------
2022-10-02 22:30:01 ------------------------------------------------------------------------
2022-10-02 22:30:01 Conexion Establecida a POP3 Server!
2022-10-02 22:30:01 PROCESO POPPER EMBLUE CONCLUIDO!
2022-10-02 22:30:01 
2022-10-02 22:45:02 ------------------------------------------------------------------------
2022-10-02 22:45:02 ---------------------INICIANDO MASTER POPPER EMBLUE---------------------
2022-10-02 22:45:02 ------------------------------------------------------------------------
2022-10-02 22:45:02 Conexion Establecida a POP3 Server!
2022-10-02 22:45:02 PROCESO POPPER EMBLUE CONCLUIDO!
2022-10-02 22:45:02 
2022-10-02 23:00:01 ------------------------------------------------------------------------
2022-10-02 23:00:01 ---------------------INICIANDO MASTER POPPER EMBLUE---------------------
2022-10-02 23:00:01 ------------------------------------------------------------------------
2022-10-02 23:00:01 Conexion Establecida a POP3 Server!
2022-10-02 23:00:01 PROCESO POPPER EMBLUE CONCLUIDO!
2022-10-02 23:00:01 
2022-10-02 23:15:02 ------------------------------------------------------------------------
2022-10-02 23:15:02 ---------------------INICIANDO MASTER POPPER EMBLUE---------------------
2022-10-02 23:15:02 ------------------------------------------------------------------------
2022-10-02 23:15:02 Conexion Establecida a POP3 Server!
2022-10-02 23:15:02 PROCESO POPPER EMBLUE CONCLUIDO!
2022-10-02 23:15:02 
2022-10-02 23:30:01 ------------------------------------------------------------------------
2022-10-02 23:30:01 ---------------------INICIANDO MASTER POPPER EMBLUE---------------------
2022-10-02 23:30:01 ------------------------------------------------------------------------
2022-10-02 23:30:01 Conexion Establecida a POP3 Server!
2022-10-02 23:30:01 PROCESO POPPER EMBLUE CONCLUIDO!
2022-10-02 23:30:01 
2022-10-02 23:45:01 ------------------------------------------------------------------------
2022-10-02 23:45:01 ---------------------INICIANDO MASTER POPPER EMBLUE---------------------
2022-10-02 23:45:01 ------------------------------------------------------------------------
2022-10-02 23:45:02 Conexion Establecida a POP3 Server!
2022-10-02 23:45:02 PROCESO POPPER EMBLUE CONCLUIDO!
2022-10-02 23:45:02 
