ManagedSystem=9117-MMD-SN1076D27_P770Central,1076D27,9117-MMD
creationDate=Fri Mar 14 19:32:45 GRNLNDST 2014
1076D27,lpar_name=vios1_p770_central,lpar_id=1,slot_num=91,state=1,is_required=0,adapter_type=server,remote_lpar_id=4,remote_lpar_name=NIMCOTO,remote_slot_num=91
1076D27,lpar_name=vios1_p770_central,lpar_id=1,slot_num=90,state=1,is_required=0,adapter_type=server,remote_lpar_id=3,remote_lpar_name=GDM_P770,remote_slot_num=90
1076D27,lpar_name=GDM_P770,lpar_id=3,slot_num=90,state=1,is_required=0,adapter_type=client,remote_lpar_id=1,remote_lpar_name=vios1_p770_central,remote_slot_num=90
1076D27,lpar_name=NIMCOTO,lpar_id=4,slot_num=91,state=1,is_required=0,adapter_type=client,remote_lpar_id=1,remote_lpar_name=vios1_p770_central,remote_slot_num=91
1076D27,FC,lpar_name=vios1_p770_central,lpar_id=1,slot_num=10,adapter_type=server,state=1,is_required=0,remote_lpar_id=3,remote_lpar_name=GDM_P770,remote_slot_num=10
1076D27,FC,lpar_name=vios1_p770_central,lpar_id=1,slot_num=13,adapter_type=server,state=1,is_required=0,remote_lpar_id=4,remote_lpar_name=NIMCOTO,remote_slot_num=13
1076D27,FC,lpar_name=vios1_p770_central,lpar_id=1,slot_num=12,adapter_type=server,state=1,is_required=0,remote_lpar_id=4,remote_lpar_name=NIMCOTO,remote_slot_num=12
1076D27,FC,lpar_name=vios1_p770_central,lpar_id=1,slot_num=11,adapter_type=server,state=1,is_required=0,remote_lpar_id=3,remote_lpar_name=GDM_P770,remote_slot_num=11
1076D27,FC,lpar_name=vios2_p770_central,lpar_id=2,slot_num=21,adapter_type=server,state=1,is_required=0,remote_lpar_id=3,remote_lpar_name=GDM_P770,remote_slot_num=21
1076D27,FC,lpar_name=vios2_p770_central,lpar_id=2,slot_num=20,adapter_type=server,state=1,is_required=0,remote_lpar_id=3,remote_lpar_name=GDM_P770,remote_slot_num=20
1076D27,FC,lpar_name=vios2_p770_central,lpar_id=2,slot_num=23,adapter_type=server,state=1,is_required=0,remote_lpar_id=4,remote_lpar_name=NIMCOTO,remote_slot_num=23
1076D27,FC,lpar_name=vios2_p770_central,lpar_id=2,slot_num=22,adapter_type=server,state=1,is_required=0,remote_lpar_id=4,remote_lpar_name=NIMCOTO,remote_slot_num=22
1076D27,FC,lpar_name=GDM_P770,lpar_id=3,slot_num=10,adapter_type=client,state=1,is_required=0,remote_lpar_id=1,remote_lpar_name=vios1_p770_central,remote_slot_num=10,"wwpns=c05076075aac0002,c05076075aac0003"
1076D27,FC,lpar_name=GDM_P770,lpar_id=3,slot_num=21,adapter_type=client,state=1,is_required=0,remote_lpar_id=2,remote_lpar_name=vios2_p770_central,remote_slot_num=21,"wwpns=c05076075aac0004,c05076075aac0005"
1076D27,FC,lpar_name=GDM_P770,lpar_id=3,slot_num=20,adapter_type=client,state=1,is_required=0,remote_lpar_id=2,remote_lpar_name=vios2_p770_central,remote_slot_num=20,"wwpns=c05076075aac0000,c05076075aac0001"
1076D27,FC,lpar_name=GDM_P770,lpar_id=3,slot_num=11,adapter_type=client,state=1,is_required=0,remote_lpar_id=1,remote_lpar_name=vios1_p770_central,remote_slot_num=11,"wwpns=c05076075aac0006,c05076075aac0007"
1076D27,FC,lpar_name=NIMCOTO,lpar_id=4,slot_num=13,adapter_type=client,state=1,is_required=0,remote_lpar_id=1,remote_lpar_name=vios1_p770_central,remote_slot_num=13,"wwpns=c05076075aac000e,c05076075aac000f"
1076D27,FC,lpar_name=NIMCOTO,lpar_id=4,slot_num=12,adapter_type=client,state=1,is_required=0,remote_lpar_id=1,remote_lpar_name=vios1_p770_central,remote_slot_num=12,"wwpns=c05076075aac000a,c05076075aac000b"
1076D27,FC,lpar_name=NIMCOTO,lpar_id=4,slot_num=23,adapter_type=client,state=1,is_required=0,remote_lpar_id=2,remote_lpar_name=vios2_p770_central,remote_slot_num=23,"wwpns=c05076075aac000c,c05076075aac000d"
1076D27,FC,lpar_name=NIMCOTO,lpar_id=4,slot_num=22,adapter_type=client,state=1,is_required=0,remote_lpar_id=2,remote_lpar_name=vios2_p770_central,remote_slot_num=22,"wwpns=c05076075aac0008,c05076075aac0009"
1076D27,name=NIMCOTO,lpar_id=4,lpar_env=aixlinux
1076D27,NIMCOTO,io_adapter=No_results_were_found.
1076D27,name=GDM_P770,lpar_id=3,lpar_env=aixlinux
1076D27,GDM_P770,io_adapter=No_results_were_found.
1076D27,name=vios2_p770_central,lpar_id=2,lpar_env=vioserver
1076D27,vios2_p770_central;lsnports,fcs0,U2C4E.001.DBJM637-P2-C2-T1,1,64,62,2048,2042
1076D27,vios2_p770_central;lsnports,fcs1,U2C4E.001.DBJM637-P2-C2-T2,0,64,64,2048,2048
1076D27,vios2_p770_central;lsnports,fcs2,U2C4E.001.DBJN019-P2-C2-T1,1,64,62,2048,2046
1076D27,vios2_p770_central;lsnports,fcs3,U2C4E.001.DBJN019-P2-C2-T2,0,64,64,2048,2048
1076D27,vios2_p770_central,FC,vfchost0,U9117.MMD.1076D27-V2-C20,3,GDM_P770,Status:LOGGED_IN,name:fcs0,code:U2C4E.001.DBJM637-P2-C2-T1,in:3,Flags:a<LOGGED_IN,STRIP_MERGE>,name:fcs2,DRC:U9117.MMD.1076D27-V3-C20
1076D27,vios2_p770_central,FC,vfchost1,U9117.MMD.1076D27-V2-C21,3,GDM_P770,Status:LOGGED_IN,name:fcs2,code:U2C4E.001.DBJN019-P2-C2-T1,in:1,Flags:a<LOGGED_IN,STRIP_MERGE>,name:fcs3,DRC:U9117.MMD.1076D27-V3-C21
1076D27,vios2_p770_central,FC,vfchost2,U9117.MMD.1076D27-V2-C22,4,NIMCOTO,Status:LOGGED_IN,name:fcs0,code:U2C4E.001.DBJM637-P2-C2-T1,in:3,Flags:a<LOGGED_IN,STRIP_MERGE>,name:fcs2,DRC:U9117.MMD.1076D27-V4-C22
1076D27,vios2_p770_central,FC,vfchost3,U9117.MMD.1076D27-V2-C23,4,NIMCOTO,Status:LOGGED_IN,name:fcs2,code:U2C4E.001.DBJN019-P2-C2-T1,in:1,Flags:a<LOGGED_IN,STRIP_MERGE>,name:fcs3,DRC:U9117.MMD.1076D27-V4-C23
1076D27,vios2_p770_central,hdiskName=hdisk0,PvId=00c76d2792b82aae0000000000000000,LunId=2911350000395280B9B180AMK1401GRRB03IBMsas
1076D27,vios2_p770_central,hdiskName=hdisk1,PvId=00c76d2792b82aff0000000000000000,LunId=2911350000395280819040AMK1401GRRB03IBMsas
1076D27,vios2_p770_central,io_adapter=U2C4E.001.DBJM637-P2-C6,Ethernet_controller,io_adapter=U2C4E.001.DBJM637-P2-C2,8_Gigabit_PCI_Express_Dual_Port_Fibre_Channel_Adapter,io_adapter=U2C4E.001.DBJN019-P2-C9-T1,PCI-E_SAS_Controller,io_adapter=U2C4E.001.DBJN019-P2-C6,1_Gigabit_Ethernet_(UTP)_4_Port_Adapter_PCIE-4x/Short,io_adapter=U2C4E.001.DBJN019-P2-C2,8_Gigabit_PCI_Express_Dual_Port_Fibre_Channel_Adapter
1076D27,vios2_p770_central,DeviceName=fcs0,PhysLoc=U2C4E.001.DBJM637-P2-C2-T1,WWPN=Address.............10000090FA454C94
1076D27,vios2_p770_central,DeviceName=fcs1,PhysLoc=U2C4E.001.DBJM637-P2-C2-T2,WWPN=Address.............10000090FA454C95
1076D27,vios2_p770_central,DeviceName=fcs2,PhysLoc=U2C4E.001.DBJN019-P2-C2-T1,WWPN=Address.............10000090FA45492A
1076D27,vios2_p770_central,DeviceName=fcs3,PhysLoc=U2C4E.001.DBJN019-P2-C2-T2,WWPN=Address.............10000090FA45492B
1076D27,name=vios1_p770_central,lpar_id=1,lpar_env=vioserver
1076D27,vios1_p770_central,vhost=vhost0,vhostLoc=U9117.MMD.1076D27-V1-C90
1076D27,vios1_p770_central,vhost=vhost1,vhostLoc=U9117.MMD.1076D27-V1-C91,VTD=vtopt0,BackingDevice=/var/vio/VMLibrary/AIX_7.1_Base_Operating_System_TL_7100-03-00_DVD_1_of_2_112013.iso,size=
1076D27,vios1_p770_central;lsnports,fcs0,U2C4E.001.DBJM637-P2-C1-T1,1,64,62,2048,2046
1076D27,vios1_p770_central;lsnports,fcs1,U2C4E.001.DBJM637-P2-C1-T2,0,64,64,2048,2048
1076D27,vios1_p770_central;lsnports,fcs2,U2C4E.001.DBJN019-P2-C1-T1,1,64,62,2048,2042
1076D27,vios1_p770_central;lsnports,fcs3,U2C4E.001.DBJN019-P2-C1-T2,0,64,64,2048,2048
1076D27,vios1_p770_central,FC,vfchost0,U9117.MMD.1076D27-V1-C10,3,GDM_P770,Status:LOGGED_IN,name:fcs0,code:U2C4E.001.DBJM637-P2-C1-T1,in:1,Flags:a<LOGGED_IN,STRIP_MERGE>,name:fcs0,DRC:U9117.MMD.1076D27-V3-C10
1076D27,vios1_p770_central,FC,vfchost1,U9117.MMD.1076D27-V1-C11,3,GDM_P770,Status:LOGGED_IN,name:fcs2,code:U2C4E.001.DBJN019-P2-C1-T1,in:3,Flags:a<LOGGED_IN,STRIP_MERGE>,name:fcs1,DRC:U9117.MMD.1076D27-V3-C11
1076D27,vios1_p770_central,FC,vfchost2,U9117.MMD.1076D27-V1-C12,4,NIMCOTO,Status:LOGGED_IN,name:fcs0,code:U2C4E.001.DBJM637-P2-C1-T1,in:1,Flags:a<LOGGED_IN,STRIP_MERGE>,name:fcs0,DRC:U9117.MMD.1076D27-V4-C12
1076D27,vios1_p770_central,FC,vfchost3,U9117.MMD.1076D27-V1-C13,4,NIMCOTO,Status:LOGGED_IN,name:fcs2,code:U2C4E.001.DBJN019-P2-C1-T1,in:3,Flags:a<LOGGED_IN,STRIP_MERGE>,name:fcs1,DRC:U9117.MMD.1076D27-V4-C13
1076D27,vios1_p770_central,hdiskName=hdisk0,PvId=00c76d2792975b8c0000000000000000,LunId=391BIBMIPR-0
1076D27,vios1_p770_central,hdiskName=hdisk1,PvId=00c76d2792975d3f0000000000000000,LunId=391BIBMIPR-0
1076D27,vios1_p770_central,hdiskName=hdisk2,PvId=00c76d2792b82aae0000000000000000,LunId=2911350000395280B9B180AMK1401GRRB03IBMsas
1076D27,vios1_p770_central,hdiskName=hdisk3,PvId=00c76d2792b82aff0000000000000000,LunId=2911350000395280819040AMK1401GRRB03IBMsas
1076D27,vios1_p770_central,io_adapter=U2C4E.001.DBJM637-P2-C9-T1,PCI-E_SAS_Controller,io_adapter=U2C4E.001.DBJM637-P2-T3,RAID_Controller,io_adapter=U2C4E.001.DBJM637-P2-C3,Ethernet_controller,io_adapter=U2C4E.001.DBJM637-P2-C1,8_Gigabit_PCI_Express_Dual_Port_Fibre_Channel_Adapter,io_adapter=U2C4E.001.DBJN019-P2-C3,Ethernet_controller,io_adapter=U2C4E.001.DBJN019-P2-C1,8_Gigabit_PCI_Express_Dual_Port_Fibre_Channel_Adapter
1076D27,vios1_p770_central,DeviceName=fcs0,PhysLoc=U2C4E.001.DBJM637-P2-C1-T1,WWPN=Address.............10000090FA454252
1076D27,vios1_p770_central,DeviceName=fcs1,PhysLoc=U2C4E.001.DBJM637-P2-C1-T2,WWPN=Address.............10000090FA454253
1076D27,vios1_p770_central,DeviceName=fcs2,PhysLoc=U2C4E.001.DBJN019-P2-C1-T1,WWPN=Address.............10000090FA454970
1076D27,vios1_p770_central,DeviceName=fcs3,PhysLoc=U2C4E.001.DBJN019-P2-C1-T2,WWPN=Address.............10000090FA454971
